[ 25%] [32mBuilding CXX object CMakeFiles/server.dir/src/add_two_ints_server.cpp.o[0m
[ 50%] [32mBuilding CXX object CMakeFiles/client.dir/src/add_two_ints_client.cpp.o[0m
[ 75%] [32m[1mLinking CXX executable server[0m
[ 75%] Built target server
[100%] [32m[1mLinking CXX executable client[0m
[100%] Built target client
-- Install configuration: ""
-- Installing: /home/kelly/ros2_ws/install/cpp_srvcli/lib/cpp_srvcli/server
-- Set non-toolchain portion of runtime path of "/home/kelly/ros2_ws/install/cpp_srvcli/lib/cpp_srvcli/server" to ""
-- Installing: /home/kelly/ros2_ws/install/cpp_srvcli/lib/cpp_srvcli/client
-- Set non-toolchain portion of runtime path of "/home/kelly/ros2_ws/install/cpp_srvcli/lib/cpp_srvcli/client" to ""
-- Installing: /home/kelly/ros2_ws/install/cpp_srvcli/share/ament_index/resource_index/package_run_dependencies/cpp_srvcli
-- Installing: /home/kelly/ros2_ws/install/cpp_srvcli/share/ament_index/resource_index/parent_prefix_path/cpp_srvcli
-- Installing: /home/kelly/ros2_ws/install/cpp_srvcli/share/cpp_srvcli/environment/ament_prefix_path.sh
-- Installing: /home/kelly/ros2_ws/install/cpp_srvcli/share/cpp_srvcli/environment/ament_prefix_path.dsv
-- Installing: /home/kelly/ros2_ws/install/cpp_srvcli/share/cpp_srvcli/environment/path.sh
-- Installing: /home/kelly/ros2_ws/install/cpp_srvcli/share/cpp_srvcli/environment/path.dsv
-- Installing: /home/kelly/ros2_ws/install/cpp_srvcli/share/cpp_srvcli/local_setup.bash
-- Installing: /home/kelly/ros2_ws/install/cpp_srvcli/share/cpp_srvcli/local_setup.sh
-- Installing: /home/kelly/ros2_ws/install/cpp_srvcli/share/cpp_srvcli/local_setup.zsh
-- Installing: /home/kelly/ros2_ws/install/cpp_srvcli/share/cpp_srvcli/local_setup.dsv
-- Installing: /home/kelly/ros2_ws/install/cpp_srvcli/share/cpp_srvcli/package.dsv
-- Installing: /home/kelly/ros2_ws/install/cpp_srvcli/share/ament_index/resource_index/packages/cpp_srvcli
-- Installing: /home/kelly/ros2_ws/install/cpp_srvcli/share/cpp_srvcli/cmake/cpp_srvcliConfig.cmake
-- Installing: /home/kelly/ros2_ws/install/cpp_srvcli/share/cpp_srvcli/cmake/cpp_srvcliConfig-version.cmake
-- Installing: /home/kelly/ros2_ws/install/cpp_srvcli/share/cpp_srvcli/package.xml
