[0.008s] Invoking command in '/home/kelly/ros2_ws/build/urdf_tutorial_cpp': CMAKE_PREFIX_PATH=${CMAKE_PREFIX_PATH}:/opt/ros/jazzy DEBUGINFOD_URLS=https://debuginfod.ubuntu.com /usr/bin/cmake --build /home/kelly/ros2_ws/build/urdf_tutorial_cpp -- -j32 -l32
[0.025s] -- Found ament_cmake: 2.5.4 (/opt/ros/jazzy/share/ament_cmake/cmake)
[0.226s] -- Override CMake install command with custom implementation using symlinks instead of copying resources
[0.229s] -- Found geometry_msgs: 5.3.6 (/opt/ros/jazzy/share/geometry_msgs/cmake)
[0.242s] -- Found rosidl_generator_c: 4.6.6 (/opt/ros/jazzy/share/rosidl_generator_c/cmake)
[0.246s] -- Found rosidl_generator_cpp: 4.6.6 (/opt/ros/jazzy/share/rosidl_generator_cpp/cmake)
[0.254s] -- Using all available rosidl_typesupport_c: rosidl_typesupport_fastrtps_c;rosidl_typesupport_introspection_c
[0.260s] -- Using all available rosidl_typesupport_cpp: rosidl_typesupport_fastrtps_cpp;rosidl_typesupport_introspection_cpp
[0.285s] -- Found sensor_msgs: 5.3.6 (/opt/ros/jazzy/share/sensor_msgs/cmake)
[0.310s] -- Found tf2_ros: 0.36.14 (/opt/ros/jazzy/share/tf2_ros/cmake)
[0.356s] -- Found rmw_implementation_cmake: 7.3.2 (/opt/ros/jazzy/share/rmw_implementation_cmake/cmake)
[0.357s] -- Found rmw_fastrtps_cpp: 8.4.3 (/opt/ros/jazzy/share/rmw_fastrtps_cpp/cmake)
[0.403s] -- Using RMW implementation 'rmw_fastrtps_cpp' as default
[0.543s] -- Found tf2_geometry_msgs: 0.36.14 (/opt/ros/jazzy/share/tf2_geometry_msgs/cmake)
[0.544s] -- Found eigen3_cmake_module: 0.3.0 (/opt/ros/jazzy/share/eigen3_cmake_module/cmake)
[0.545s] -- Ensuring Eigen3 include directory is part of orocos-kdl CMake target
[0.548s] -- Found ament_cmake_ros: 0.12.0 (/opt/ros/jazzy/share/ament_cmake_ros/cmake)
[0.556s] -- Found pluginlib: 5.4.2 (/opt/ros/jazzy/share/pluginlib/cmake)
[0.560s] -- Found rviz_common: 14.1.13 (/opt/ros/jazzy/share/rviz_common/cmake)
[0.578s] -- Setting OGRE_DIR to: '/opt/ros/jazzy/share/rviz_ogre_vendor/cmake/../../../opt/rviz_ogre_vendor/lib/OGRE/cmake'
[0.580s] -- Found OGRE
[0.580s] --   static     : OFF
[0.580s] --   components : MeshLodGenerator;Overlay;Paging;Property;RTShaderSystem;Terrain;Volume
[0.580s] --   plugins    : Plugin_BSPSceneManager;Plugin_OctreeSceneManager;Plugin_PCZSceneManager;Plugin_ParticleFX;RenderSystem_GL;RenderSystem_GL3Plus;Codec_STBI
[0.580s] --   media      : /opt/ros/jazzy/opt/rviz_ogre_vendor/share/OGRE/Media
[0.580s] -- OGRE_LIBRARIES: OgreMeshLodGenerator;OgreOverlay;OgrePaging;OgreProperty;OgreRTShaderSystem;OgreTerrain;OgreVolume;OgreMain
[0.580s] -- OGRE_LIBRARY_DIRS: /opt/ros/jazzy/opt/rviz_ogre_vendor/lib
[0.580s] -- OGRE_PLUGINS: Plugin_BSPSceneManager;Plugin_OctreeSceneManager;Plugin_PCZSceneManager;Plugin_ParticleFX;RenderSystem_GL;RenderSystem_GL3Plus;Codec_STBI
[0.580s] -- OGRE_PLUGIN_DIR: /opt/ros/jazzy/opt/rviz_ogre_vendor/lib/OGRE
[0.581s] -- rviz_ogre_vendor::OgreOverlay for IMPORTED_LOCATION_RELEASE: /opt/ros/jazzy/opt/rviz_ogre_vendor/lib/libOgreOverlay.so
[0.581s] -- rviz_ogre_vendor::OgreOverlay for IMPORTED_LOCATION_DEBUG: /opt/ros/jazzy/opt/rviz_ogre_vendor/lib/libOgreOverlay.so
[0.581s] -- rviz_ogre_vendor::OgreMain for IMPORTED_LOCATION_RELEASE: /opt/ros/jazzy/opt/rviz_ogre_vendor/lib/libOgreMain.so
[0.581s] -- rviz_ogre_vendor::OgreMain for IMPORTED_LOCATION_DEBUG: /opt/ros/jazzy/opt/rviz_ogre_vendor/lib/libOgreMain.so
[0.639s] -- Found ZLIB: /usr/lib/x86_64-linux-gnu/libz.so (found version "1.3")  
[0.647s] -- Found OpenGL: /usr/lib/x86_64-linux-gnu/libOpenGL.so   
[0.792s] -- Found X11: /usr/include   
[0.793s] -- Looking for XOpenDisplay in /usr/lib/x86_64-linux-gnu/libX11.so;/usr/lib/x86_64-linux-gnu/libXext.so
[0.923s] -- Looking for XOpenDisplay in /usr/lib/x86_64-linux-gnu/libX11.so;/usr/lib/x86_64-linux-gnu/libXext.so - found
[0.923s] -- Looking for gethostbyname
[1.041s] -- Looking for gethostbyname - found
[1.041s] -- Looking for connect
[1.124s] -- Looking for connect - found
[1.124s] -- Looking for remove
[1.207s] -- Looking for remove - found
[1.207s] -- Looking for shmat
[1.320s] -- Looking for shmat - found
[1.320s] -- Looking for IceConnectionNumber in ICE
[1.424s] -- Looking for IceConnectionNumber in ICE - found
[1.465s] -- Setting yaml-cpp_DIR to: '/opt/ros/jazzy/share/yaml_cpp_vendor/cmake/../../../opt/yaml_cpp_vendor/share/cmake/yaml-cpp'
[1.488s] [31mCMake Error at CMakeLists.txt:19 (find_package):
[1.488s]   By not providing "Findrviz_plugin_tutorial_msgs.cmake" in CMAKE_MODULE_PATH
[1.488s]   this project has asked CMake to find a package configuration file provided
[1.488s]   by "rviz_plugin_tutorial_msgs", but CMake did not find one.
[1.488s] 
[1.488s]   Could not find a package configuration file provided by
[1.488s]   "rviz_plugin_tutorial_msgs" with any of the following names:
[1.488s] 
[1.488s]     rviz_plugin_tutorial_msgsConfig.cmake
[1.488s]     rviz_plugin_tutorial_msgs-config.cmake
[1.489s] 
[1.489s]   Add the installation prefix of "rviz_plugin_tutorial_msgs" to
[1.489s]   CMAKE_PREFIX_PATH or set "rviz_plugin_tutorial_msgs_DIR" to a directory
[1.489s]   containing one of the above files.  If "rviz_plugin_tutorial_msgs" provides
[1.489s]   a separate development package or SDK, be sure it has been installed.
[1.489s] 
[1.489s] [0m
[1.489s] -- Configuring incomplete, errors occurred!
[1.494s] gmake: *** [Makefile:267: cmake_check_build_system] Error 1
[1.495s] Invoked command in '/home/kelly/ros2_ws/build/urdf_tutorial_cpp' returned '2': CMAKE_PREFIX_PATH=${CMAKE_PREFIX_PATH}:/opt/ros/jazzy DEBUGINFOD_URLS=https://debuginfod.ubuntu.com /usr/bin/cmake --build /home/kelly/ros2_ws/build/urdf_tutorial_cpp -- -j32 -l32
