[0.005s] Invoking command in '/home/kelly/ros2_ws/build/more_interfaces': CMAKE_PREFIX_PATH=${CMAKE_PREFIX_PATH}:/home/kelly/ros2_ws/install/py_pubsub:/opt/ros/jazzy DEBUGINFOD_URLS=https://debuginfod.ubuntu.com /usr/bin/cmake /home/kelly/ros2_ws/src/more_interfaces -DCMAKE_INSTALL_PREFIX=/home/kelly/ros2_ws/install/more_interfaces
[0.045s] -- The C compiler identification is GNU 13.3.0
[0.077s] -- The CXX compiler identification is GNU 13.3.0
[0.086s] -- Detecting C compiler ABI info
[0.145s] -- Detecting C compiler ABI info - done
[0.150s] -- Check for working C compiler: /usr/bin/cc - skipped
[0.150s] -- Detecting C compile features
[0.150s] -- Detecting C compile features - done
[0.158s] -- Detecting CXX compiler ABI info
[0.235s] -- Detecting CXX compiler ABI info - done
[0.241s] -- Check for working CXX compiler: /usr/bin/c++ - skipped
[0.241s] -- Detecting CXX compile features
[0.241s] -- Detecting CXX compile features - done
[0.243s] -- Found ament_cmake: 2.5.4 (/opt/ros/jazzy/share/ament_cmake/cmake)
[0.344s] -- Found Python3: /usr/bin/python3 (found version "3.12.3") found components: Interpreter 
[0.402s] -- Found rosidl_default_generators: 1.6.0 (/opt/ros/jazzy/share/rosidl_default_generators/cmake)
[0.407s] -- Using all available rosidl_typesupport_c: rosidl_typesupport_fastrtps_c;rosidl_typesupport_introspection_c
[0.444s] -- Using all available rosidl_typesupport_cpp: rosidl_typesupport_fastrtps_cpp;rosidl_typesupport_introspection_cpp
[0.464s] -- Found rosidl_adapter: 4.6.6 (/opt/ros/jazzy/share/rosidl_adapter/cmake)
[0.837s] -- Found ament_cmake_ros: 0.12.0 (/opt/ros/jazzy/share/ament_cmake_ros/cmake)
[1.087s] -- Using all available rosidl_typesupport_c: rosidl_typesupport_fastrtps_c;rosidl_typesupport_introspection_c
[1.455s] -- Using all available rosidl_typesupport_cpp: rosidl_typesupport_fastrtps_cpp;rosidl_typesupport_introspection_cpp
[1.457s] -- Found python_cmake_module: 0.11.1 (/opt/ros/jazzy/share/python_cmake_module/cmake)
[1.549s] -- Found PythonExtra: /usr/bin/python3  
[1.815s] -- Found Python3: /usr/bin/python3 (found version "3.12.3") found components: Interpreter Development NumPy Development.Module Development.Embed 
[1.832s] -- Found rclcpp: 28.1.11 (/opt/ros/jazzy/share/rclcpp/cmake)
[1.895s] -- Found rmw_implementation_cmake: 7.3.2 (/opt/ros/jazzy/share/rmw_implementation_cmake/cmake)
[1.897s] -- Found rmw_fastrtps_cpp: 8.4.3 (/opt/ros/jazzy/share/rmw_fastrtps_cpp/cmake)
[1.950s] -- Found OpenSSL: /usr/lib/x86_64-linux-gnu/libcrypto.so (found version "3.0.13")  
[1.963s] -- Found FastRTPS: /opt/ros/jazzy/include (Required is at least version "2.13") 
[1.978s] -- Using RMW implementation 'rmw_fastrtps_cpp' as default
[2.018s] -- Configuring done (2.0s)
[2.033s] -- Generating done (0.0s)
[2.038s] -- Build files have been written to: /home/kelly/ros2_ws/build/more_interfaces
[2.045s] Invoked command in '/home/kelly/ros2_ws/build/more_interfaces' returned '0': CMAKE_PREFIX_PATH=${CMAKE_PREFIX_PATH}:/home/kelly/ros2_ws/install/py_pubsub:/opt/ros/jazzy DEBUGINFOD_URLS=https://debuginfod.ubuntu.com /usr/bin/cmake /home/kelly/ros2_ws/src/more_interfaces -DCMAKE_INSTALL_PREFIX=/home/kelly/ros2_ws/install/more_interfaces
[2.046s] Invoking command in '/home/kelly/ros2_ws/build/more_interfaces': CMAKE_PREFIX_PATH=${CMAKE_PREFIX_PATH}:/home/kelly/ros2_ws/install/py_pubsub:/opt/ros/jazzy DEBUGINFOD_URLS=https://debuginfod.ubuntu.com /usr/bin/cmake --build /home/kelly/ros2_ws/build/more_interfaces -- -j32 -l32
[2.083s] [  2%] [34m[1mGenerating type hashes for ROS interfaces[0m
[2.088s] [  2%] Built target ament_cmake_python_copy_more_interfaces
[2.190s] [  2%] Built target more_interfaces__rosidl_generator_type_description
[2.196s] running egg_info
[2.196s] creating more_interfaces.egg-info
[2.198s] [  5%] [34m[1mGenerating C code for ROS interfaces[0m
[2.205s] writing more_interfaces.egg-info/PKG-INFO
[2.205s] writing dependency_links to more_interfaces.egg-info/dependency_links.txt
[2.205s] writing top-level names to more_interfaces.egg-info/top_level.txt
[2.205s] writing manifest file 'more_interfaces.egg-info/SOURCES.txt'
[2.205s] [  8%] [34m[1mGenerating C++ code for ROS interfaces[0m
[2.229s] reading manifest file 'more_interfaces.egg-info/SOURCES.txt'
[2.229s] writing manifest file 'more_interfaces.egg-info/SOURCES.txt'
[2.246s] [  8%] Built target ament_cmake_python_build_more_interfaces_egg
[2.327s] [  8%] Built target more_interfaces__cpp
[2.381s] [ 16%] [32mBuilding C object CMakeFiles/more_interfaces__rosidl_generator_c.dir/rosidl_generator_c/more_interfaces/msg/detail/address_book__functions.c.o[0m
[2.381s] [ 16%] [32mBuilding C object CMakeFiles/more_interfaces__rosidl_generator_c.dir/rosidl_generator_c/more_interfaces/msg/detail/address_book__type_support.c.o[0m
[2.381s] [ 16%] [32mBuilding C object CMakeFiles/more_interfaces__rosidl_generator_c.dir/rosidl_generator_c/more_interfaces/msg/detail/address_book__description.c.o[0m
[2.405s] [ 19%] [32m[1mLinking C shared library libmore_interfaces__rosidl_generator_c.so[0m
[2.437s] [ 19%] Built target more_interfaces__rosidl_generator_c
[2.450s] [ 22%] [34m[1mGenerating C type support dispatch for ROS interfaces[0m
[2.450s] [ 25%] [34m[1mGenerating C introspection for ROS interfaces[0m
[2.450s] [ 27%] [34m[1mGenerating C++ type support for eProsima Fast-RTPS[0m
[2.451s] [ 30%] [34m[1mGenerating C++ type support dispatch for ROS interfaces[0m
[2.455s] [ 33%] [34m[1mGenerating C type support for eProsima Fast-RTPS[0m
[2.456s] [ 36%] [34m[1mGenerating C++ introspection for ROS interfaces[0m
[2.568s] [ 38%] [32mBuilding CXX object CMakeFiles/more_interfaces__rosidl_typesupport_c.dir/rosidl_typesupport_c/more_interfaces/msg/address_book__type_support.cpp.o[0m
[2.574s] [ 41%] [32mBuilding CXX object CMakeFiles/more_interfaces__rosidl_typesupport_introspection_cpp.dir/rosidl_typesupport_introspection_cpp/more_interfaces/msg/detail/address_book__type_support.cpp.o[0m
[2.581s] [ 44%] [32mBuilding CXX object CMakeFiles/more_interfaces__rosidl_typesupport_fastrtps_cpp.dir/rosidl_typesupport_fastrtps_cpp/more_interfaces/msg/detail/dds_fastrtps/address_book__type_support.cpp.o[0m
[2.587s] [ 47%] [32m[1mLinking CXX shared library libmore_interfaces__rosidl_typesupport_c.so[0m
[2.587s] [ 50%] [32mBuilding CXX object CMakeFiles/more_interfaces__rosidl_typesupport_cpp.dir/rosidl_typesupport_cpp/more_interfaces/msg/address_book__type_support.cpp.o[0m
[2.593s] [ 52%] [32mBuilding C object CMakeFiles/more_interfaces__rosidl_typesupport_introspection_c.dir/rosidl_typesupport_introspection_c/more_interfaces/msg/detail/address_book__type_support.c.o[0m
[2.601s] [ 55%] [32mBuilding CXX object CMakeFiles/more_interfaces__rosidl_typesupport_fastrtps_c.dir/rosidl_typesupport_fastrtps_c/more_interfaces/msg/detail/address_book__type_support_c.cpp.o[0m
[2.610s] [ 55%] Built target more_interfaces__rosidl_typesupport_c
[2.622s] [ 58%] [32m[1mLinking C shared library libmore_interfaces__rosidl_typesupport_introspection_c.so[0m
[2.646s] [ 58%] Built target more_interfaces__rosidl_typesupport_introspection_c
[2.716s] [ 61%] [32m[1mLinking CXX shared library libmore_interfaces__rosidl_typesupport_cpp.so[0m
[2.721s] [ 63%] [32m[1mLinking CXX shared library libmore_interfaces__rosidl_typesupport_introspection_cpp.so[0m
[2.739s] [ 63%] Built target more_interfaces__rosidl_typesupport_cpp
[2.754s] [ 66%] [32mBuilding CXX object CMakeFiles/publish_address_book.dir/src/publish_address_book.cpp.o[0m
[2.754s] [ 66%] Built target more_interfaces__rosidl_typesupport_introspection_cpp
[2.791s] [ 69%] [32m[1mLinking CXX shared library libmore_interfaces__rosidl_typesupport_fastrtps_cpp.so[0m
[2.832s] [ 72%] [32m[1mLinking CXX shared library libmore_interfaces__rosidl_typesupport_fastrtps_c.so[0m
[2.842s] [ 72%] Built target more_interfaces__rosidl_typesupport_fastrtps_cpp
[2.879s] [ 72%] Built target more_interfaces__rosidl_typesupport_fastrtps_c
[2.893s] [ 72%] Built target more_interfaces
[2.908s] [ 75%] [34m[1mGenerating Python code for ROS interfaces[0m
[3.049s] [ 75%] Built target more_interfaces__py
[3.060s] [ 77%] [32mBuilding C object CMakeFiles/more_interfaces__rosidl_generator_py.dir/rosidl_generator_py/more_interfaces/msg/_address_book_s.c.o[0m
[3.125s] [ 80%] [32m[1mLinking C shared library libmore_interfaces__rosidl_generator_py.so[0m
[3.151s] [ 80%] Built target more_interfaces__rosidl_generator_py
[3.165s] [ 88%] [32mBuilding C object CMakeFiles/more_interfaces_s__rosidl_typesupport_introspection_c.dir/rosidl_generator_py/more_interfaces/_more_interfaces_s.ep.rosidl_typesupport_introspection_c.c.o[0m
[3.166s] [ 88%] [32mBuilding C object CMakeFiles/more_interfaces_s__rosidl_typesupport_fastrtps_c.dir/rosidl_generator_py/more_interfaces/_more_interfaces_s.ep.rosidl_typesupport_fastrtps_c.c.o[0m
[3.166s] [ 88%] [32mBuilding C object CMakeFiles/more_interfaces_s__rosidl_typesupport_c.dir/rosidl_generator_py/more_interfaces/_more_interfaces_s.ep.rosidl_typesupport_c.c.o[0m
[3.212s] [ 91%] [32m[1mLinking C shared module rosidl_generator_py/more_interfaces/more_interfaces_s__rosidl_typesupport_introspection_c.so[0m
[3.213s] [ 94%] [32m[1mLinking C shared module rosidl_generator_py/more_interfaces/more_interfaces_s__rosidl_typesupport_c.so[0m
[3.214s] [ 97%] [32m[1mLinking C shared module rosidl_generator_py/more_interfaces/more_interfaces_s__rosidl_typesupport_fastrtps_c.so[0m
[3.234s] [ 97%] Built target more_interfaces_s__rosidl_typesupport_c
[3.234s] [ 97%] Built target more_interfaces_s__rosidl_typesupport_introspection_c
[3.235s] [ 97%] Built target more_interfaces_s__rosidl_typesupport_fastrtps_c
[4.806s] [100%] [32m[1mLinking CXX executable publish_address_book[0m
[4.884s] [100%] Built target publish_address_book
[4.891s] Invoked command in '/home/kelly/ros2_ws/build/more_interfaces' returned '0': CMAKE_PREFIX_PATH=${CMAKE_PREFIX_PATH}:/home/kelly/ros2_ws/install/py_pubsub:/opt/ros/jazzy DEBUGINFOD_URLS=https://debuginfod.ubuntu.com /usr/bin/cmake --build /home/kelly/ros2_ws/build/more_interfaces -- -j32 -l32
[4.897s] Invoking command in '/home/kelly/ros2_ws/build/more_interfaces': CMAKE_PREFIX_PATH=${CMAKE_PREFIX_PATH}:/home/kelly/ros2_ws/install/py_pubsub:/opt/ros/jazzy DEBUGINFOD_URLS=https://debuginfod.ubuntu.com /usr/bin/cmake --install /home/kelly/ros2_ws/build/more_interfaces
[4.906s] -- Install configuration: ""
[4.906s] -- Installing: /home/kelly/ros2_ws/install/more_interfaces/share/ament_index/resource_index/rosidl_interfaces/more_interfaces
[4.907s] -- Installing: /home/kelly/ros2_ws/install/more_interfaces/share/more_interfaces/msg/AddressBook.json
[4.907s] -- Installing: /home/kelly/ros2_ws/install/more_interfaces/include/more_interfaces/more_interfaces
[4.908s] -- Installing: /home/kelly/ros2_ws/install/more_interfaces/include/more_interfaces/more_interfaces/msg
[4.908s] -- Installing: /home/kelly/ros2_ws/install/more_interfaces/include/more_interfaces/more_interfaces/msg/detail
[4.908s] -- Installing: /home/kelly/ros2_ws/install/more_interfaces/include/more_interfaces/more_interfaces/msg/detail/address_book__type_support.h
[4.908s] -- Installing: /home/kelly/ros2_ws/install/more_interfaces/include/more_interfaces/more_interfaces/msg/detail/address_book__functions.h
[4.908s] -- Installing: /home/kelly/ros2_ws/install/more_interfaces/include/more_interfaces/more_interfaces/msg/detail/address_book__description.c
[4.908s] -- Installing: /home/kelly/ros2_ws/install/more_interfaces/include/more_interfaces/more_interfaces/msg/detail/address_book__functions.c
[4.908s] -- Installing: /home/kelly/ros2_ws/install/more_interfaces/include/more_interfaces/more_interfaces/msg/detail/address_book__struct.h
[4.909s] -- Installing: /home/kelly/ros2_ws/install/more_interfaces/include/more_interfaces/more_interfaces/msg/detail/address_book__type_support.c
[4.909s] -- Installing: /home/kelly/ros2_ws/install/more_interfaces/include/more_interfaces/more_interfaces/msg/address_book.h
[4.909s] -- Installing: /home/kelly/ros2_ws/install/more_interfaces/include/more_interfaces/more_interfaces/msg/rosidl_generator_c__visibility_control.h
[4.909s] -- Installing: /home/kelly/ros2_ws/install/more_interfaces/share/more_interfaces/environment/library_path.sh
[4.909s] -- Installing: /home/kelly/ros2_ws/install/more_interfaces/share/more_interfaces/environment/library_path.dsv
[4.910s] -- Installing: /home/kelly/ros2_ws/install/more_interfaces/lib/libmore_interfaces__rosidl_generator_c.so
[4.910s] -- Set non-toolchain portion of runtime path of "/home/kelly/ros2_ws/install/more_interfaces/lib/libmore_interfaces__rosidl_generator_c.so" to ""
[4.910s] -- Up-to-date: /home/kelly/ros2_ws/install/more_interfaces/include/more_interfaces/more_interfaces
[4.910s] -- Up-to-date: /home/kelly/ros2_ws/install/more_interfaces/include/more_interfaces/more_interfaces/msg
[4.910s] -- Up-to-date: /home/kelly/ros2_ws/install/more_interfaces/include/more_interfaces/more_interfaces/msg/detail
[4.910s] -- Installing: /home/kelly/ros2_ws/install/more_interfaces/include/more_interfaces/more_interfaces/msg/detail/address_book__rosidl_typesupport_fastrtps_c.h
[4.911s] -- Installing: /home/kelly/ros2_ws/install/more_interfaces/include/more_interfaces/more_interfaces/msg/rosidl_typesupport_fastrtps_c__visibility_control.h
[4.911s] -- Installing: /home/kelly/ros2_ws/install/more_interfaces/lib/libmore_interfaces__rosidl_typesupport_fastrtps_c.so
[4.911s] -- Set non-toolchain portion of runtime path of "/home/kelly/ros2_ws/install/more_interfaces/lib/libmore_interfaces__rosidl_typesupport_fastrtps_c.so" to ""
[4.911s] -- Up-to-date: /home/kelly/ros2_ws/install/more_interfaces/include/more_interfaces/more_interfaces
[4.912s] -- Up-to-date: /home/kelly/ros2_ws/install/more_interfaces/include/more_interfaces/more_interfaces/msg
[4.912s] -- Up-to-date: /home/kelly/ros2_ws/install/more_interfaces/include/more_interfaces/more_interfaces/msg/detail
[4.912s] -- Up-to-date: /home/kelly/ros2_ws/install/more_interfaces/include/more_interfaces/more_interfaces/msg/detail/address_book__type_support.c
[4.912s] -- Installing: /home/kelly/ros2_ws/install/more_interfaces/include/more_interfaces/more_interfaces/msg/detail/address_book__rosidl_typesupport_introspection_c.h
[4.912s] -- Installing: /home/kelly/ros2_ws/install/more_interfaces/include/more_interfaces/more_interfaces/msg/rosidl_typesupport_introspection_c__visibility_control.h
[4.912s] -- Installing: /home/kelly/ros2_ws/install/more_interfaces/lib/libmore_interfaces__rosidl_typesupport_introspection_c.so
[4.912s] -- Set non-toolchain portion of runtime path of "/home/kelly/ros2_ws/install/more_interfaces/lib/libmore_interfaces__rosidl_typesupport_introspection_c.so" to ""
[4.912s] -- Installing: /home/kelly/ros2_ws/install/more_interfaces/lib/libmore_interfaces__rosidl_typesupport_c.so
[4.913s] -- Set non-toolchain portion of runtime path of "/home/kelly/ros2_ws/install/more_interfaces/lib/libmore_interfaces__rosidl_typesupport_c.so" to ""
[4.913s] -- Up-to-date: /home/kelly/ros2_ws/install/more_interfaces/include/more_interfaces/more_interfaces
[4.913s] -- Up-to-date: /home/kelly/ros2_ws/install/more_interfaces/include/more_interfaces/more_interfaces/msg
[4.913s] -- Up-to-date: /home/kelly/ros2_ws/install/more_interfaces/include/more_interfaces/more_interfaces/msg/detail
[4.913s] -- Installing: /home/kelly/ros2_ws/install/more_interfaces/include/more_interfaces/more_interfaces/msg/detail/address_book__struct.hpp
[4.913s] -- Installing: /home/kelly/ros2_ws/install/more_interfaces/include/more_interfaces/more_interfaces/msg/detail/address_book__builder.hpp
[4.913s] -- Installing: /home/kelly/ros2_ws/install/more_interfaces/include/more_interfaces/more_interfaces/msg/detail/address_book__type_support.hpp
[4.913s] -- Installing: /home/kelly/ros2_ws/install/more_interfaces/include/more_interfaces/more_interfaces/msg/detail/address_book__traits.hpp
[4.913s] -- Installing: /home/kelly/ros2_ws/install/more_interfaces/include/more_interfaces/more_interfaces/msg/rosidl_generator_cpp__visibility_control.hpp
[4.914s] -- Installing: /home/kelly/ros2_ws/install/more_interfaces/include/more_interfaces/more_interfaces/msg/address_book.hpp
[4.914s] -- Up-to-date: /home/kelly/ros2_ws/install/more_interfaces/include/more_interfaces/more_interfaces
[4.914s] -- Up-to-date: /home/kelly/ros2_ws/install/more_interfaces/include/more_interfaces/more_interfaces/msg
[4.914s] -- Up-to-date: /home/kelly/ros2_ws/install/more_interfaces/include/more_interfaces/more_interfaces/msg/detail
[4.914s] -- Installing: /home/kelly/ros2_ws/install/more_interfaces/include/more_interfaces/more_interfaces/msg/detail/address_book__rosidl_typesupport_fastrtps_cpp.hpp
[4.914s] -- Installing: /home/kelly/ros2_ws/install/more_interfaces/include/more_interfaces/more_interfaces/msg/detail/dds_fastrtps
[4.914s] -- Installing: /home/kelly/ros2_ws/install/more_interfaces/include/more_interfaces/more_interfaces/msg/rosidl_typesupport_fastrtps_cpp__visibility_control.h
[4.914s] -- Installing: /home/kelly/ros2_ws/install/more_interfaces/lib/libmore_interfaces__rosidl_typesupport_fastrtps_cpp.so
[4.914s] -- Set non-toolchain portion of runtime path of "/home/kelly/ros2_ws/install/more_interfaces/lib/libmore_interfaces__rosidl_typesupport_fastrtps_cpp.so" to ""
[4.915s] -- Up-to-date: /home/kelly/ros2_ws/install/more_interfaces/include/more_interfaces/more_interfaces
[4.915s] -- Up-to-date: /home/kelly/ros2_ws/install/more_interfaces/include/more_interfaces/more_interfaces/msg
[4.915s] -- Up-to-date: /home/kelly/ros2_ws/install/more_interfaces/include/more_interfaces/more_interfaces/msg/detail
[4.915s] -- Installing: /home/kelly/ros2_ws/install/more_interfaces/include/more_interfaces/more_interfaces/msg/detail/address_book__type_support.cpp
[4.915s] -- Installing: /home/kelly/ros2_ws/install/more_interfaces/include/more_interfaces/more_interfaces/msg/detail/address_book__rosidl_typesupport_introspection_cpp.hpp
[4.915s] -- Installing: /home/kelly/ros2_ws/install/more_interfaces/lib/libmore_interfaces__rosidl_typesupport_introspection_cpp.so
[4.915s] -- Set non-toolchain portion of runtime path of "/home/kelly/ros2_ws/install/more_interfaces/lib/libmore_interfaces__rosidl_typesupport_introspection_cpp.so" to ""
[4.915s] -- Installing: /home/kelly/ros2_ws/install/more_interfaces/lib/libmore_interfaces__rosidl_typesupport_cpp.so
[4.916s] -- Set non-toolchain portion of runtime path of "/home/kelly/ros2_ws/install/more_interfaces/lib/libmore_interfaces__rosidl_typesupport_cpp.so" to ""
[4.916s] -- Installing: /home/kelly/ros2_ws/install/more_interfaces/share/more_interfaces/environment/pythonpath.sh
[4.916s] -- Installing: /home/kelly/ros2_ws/install/more_interfaces/share/more_interfaces/environment/pythonpath.dsv
[4.916s] -- Installing: /home/kelly/ros2_ws/install/more_interfaces/lib/python3.12/site-packages/more_interfaces-0.0.0-py3.12.egg-info
[4.916s] -- Installing: /home/kelly/ros2_ws/install/more_interfaces/lib/python3.12/site-packages/more_interfaces-0.0.0-py3.12.egg-info/dependency_links.txt
[4.916s] -- Installing: /home/kelly/ros2_ws/install/more_interfaces/lib/python3.12/site-packages/more_interfaces-0.0.0-py3.12.egg-info/top_level.txt
[4.916s] -- Installing: /home/kelly/ros2_ws/install/more_interfaces/lib/python3.12/site-packages/more_interfaces-0.0.0-py3.12.egg-info/SOURCES.txt
[4.916s] -- Installing: /home/kelly/ros2_ws/install/more_interfaces/lib/python3.12/site-packages/more_interfaces-0.0.0-py3.12.egg-info/PKG-INFO
[4.917s] -- Installing: /home/kelly/ros2_ws/install/more_interfaces/lib/python3.12/site-packages/more_interfaces
[4.917s] -- Installing: /home/kelly/ros2_ws/install/more_interfaces/lib/python3.12/site-packages/more_interfaces/_more_interfaces_s.ep.rosidl_typesupport_fastrtps_c.c
[4.917s] -- Installing: /home/kelly/ros2_ws/install/more_interfaces/lib/python3.12/site-packages/more_interfaces/_more_interfaces_s.ep.rosidl_typesupport_c.c
[4.917s] -- Installing: /home/kelly/ros2_ws/install/more_interfaces/lib/python3.12/site-packages/more_interfaces/more_interfaces_s__rosidl_typesupport_fastrtps_c.so
[4.917s] -- Installing: /home/kelly/ros2_ws/install/more_interfaces/lib/python3.12/site-packages/more_interfaces/_more_interfaces_s.ep.rosidl_typesupport_introspection_c.c
[4.917s] -- Installing: /home/kelly/ros2_ws/install/more_interfaces/lib/python3.12/site-packages/more_interfaces/more_interfaces_s__rosidl_typesupport_c.so
[4.917s] -- Installing: /home/kelly/ros2_ws/install/more_interfaces/lib/python3.12/site-packages/more_interfaces/more_interfaces_s__rosidl_typesupport_introspection_c.so
[4.917s] -- Installing: /home/kelly/ros2_ws/install/more_interfaces/lib/python3.12/site-packages/more_interfaces/__init__.py
[4.918s] -- Installing: /home/kelly/ros2_ws/install/more_interfaces/lib/python3.12/site-packages/more_interfaces/msg
[4.918s] -- Installing: /home/kelly/ros2_ws/install/more_interfaces/lib/python3.12/site-packages/more_interfaces/msg/_address_book.py
[4.918s] -- Installing: /home/kelly/ros2_ws/install/more_interfaces/lib/python3.12/site-packages/more_interfaces/msg/__init__.py
[4.918s] -- Installing: /home/kelly/ros2_ws/install/more_interfaces/lib/python3.12/site-packages/more_interfaces/msg/_address_book_s.c
[4.949s] Listing '/home/kelly/ros2_ws/install/more_interfaces/lib/python3.12/site-packages/more_interfaces'...
[4.949s] Compiling '/home/kelly/ros2_ws/install/more_interfaces/lib/python3.12/site-packages/more_interfaces/__init__.py'...
[4.949s] Listing '/home/kelly/ros2_ws/install/more_interfaces/lib/python3.12/site-packages/more_interfaces/msg'...
[4.949s] Compiling '/home/kelly/ros2_ws/install/more_interfaces/lib/python3.12/site-packages/more_interfaces/msg/__init__.py'...
[4.949s] Compiling '/home/kelly/ros2_ws/install/more_interfaces/lib/python3.12/site-packages/more_interfaces/msg/_address_book.py'...
[4.952s] -- Installing: /home/kelly/ros2_ws/install/more_interfaces/lib/python3.12/site-packages/more_interfaces/more_interfaces_s__rosidl_typesupport_fastrtps_c.so
[4.952s] -- Set non-toolchain portion of runtime path of "/home/kelly/ros2_ws/install/more_interfaces/lib/python3.12/site-packages/more_interfaces/more_interfaces_s__rosidl_typesupport_fastrtps_c.so" to ""
[4.952s] -- Installing: /home/kelly/ros2_ws/install/more_interfaces/lib/python3.12/site-packages/more_interfaces/more_interfaces_s__rosidl_typesupport_introspection_c.so
[4.952s] -- Set non-toolchain portion of runtime path of "/home/kelly/ros2_ws/install/more_interfaces/lib/python3.12/site-packages/more_interfaces/more_interfaces_s__rosidl_typesupport_introspection_c.so" to ""
[4.952s] -- Installing: /home/kelly/ros2_ws/install/more_interfaces/lib/python3.12/site-packages/more_interfaces/more_interfaces_s__rosidl_typesupport_c.so
[4.952s] -- Set non-toolchain portion of runtime path of "/home/kelly/ros2_ws/install/more_interfaces/lib/python3.12/site-packages/more_interfaces/more_interfaces_s__rosidl_typesupport_c.so" to ""
[4.952s] -- Installing: /home/kelly/ros2_ws/install/more_interfaces/lib/libmore_interfaces__rosidl_generator_py.so
[4.952s] -- Set non-toolchain portion of runtime path of "/home/kelly/ros2_ws/install/more_interfaces/lib/libmore_interfaces__rosidl_generator_py.so" to ""
[4.952s] -- Installing: /home/kelly/ros2_ws/install/more_interfaces/share/more_interfaces/msg/AddressBook.idl
[4.952s] -- Installing: /home/kelly/ros2_ws/install/more_interfaces/share/more_interfaces/msg/AddressBook.msg
[4.952s] -- Installing: /home/kelly/ros2_ws/install/more_interfaces/lib/more_interfaces/publish_address_book
[4.953s] -- Set non-toolchain portion of runtime path of "/home/kelly/ros2_ws/install/more_interfaces/lib/more_interfaces/publish_address_book" to ""
[4.953s] -- Installing: /home/kelly/ros2_ws/install/more_interfaces/share/ament_index/resource_index/package_run_dependencies/more_interfaces
[4.953s] -- Installing: /home/kelly/ros2_ws/install/more_interfaces/share/ament_index/resource_index/parent_prefix_path/more_interfaces
[4.953s] -- Installing: /home/kelly/ros2_ws/install/more_interfaces/share/more_interfaces/environment/ament_prefix_path.sh
[4.953s] -- Installing: /home/kelly/ros2_ws/install/more_interfaces/share/more_interfaces/environment/ament_prefix_path.dsv
[4.953s] -- Installing: /home/kelly/ros2_ws/install/more_interfaces/share/more_interfaces/environment/path.sh
[4.953s] -- Installing: /home/kelly/ros2_ws/install/more_interfaces/share/more_interfaces/environment/path.dsv
[4.953s] -- Installing: /home/kelly/ros2_ws/install/more_interfaces/share/more_interfaces/local_setup.bash
[4.953s] -- Installing: /home/kelly/ros2_ws/install/more_interfaces/share/more_interfaces/local_setup.sh
[4.953s] -- Installing: /home/kelly/ros2_ws/install/more_interfaces/share/more_interfaces/local_setup.zsh
[4.953s] -- Installing: /home/kelly/ros2_ws/install/more_interfaces/share/more_interfaces/local_setup.dsv
[4.953s] -- Installing: /home/kelly/ros2_ws/install/more_interfaces/share/more_interfaces/package.dsv
[4.953s] -- Installing: /home/kelly/ros2_ws/install/more_interfaces/share/ament_index/resource_index/packages/more_interfaces
[4.953s] -- Installing: /home/kelly/ros2_ws/install/more_interfaces/share/more_interfaces/cmake/export_more_interfaces__rosidl_generator_cExport.cmake
[4.953s] -- Installing: /home/kelly/ros2_ws/install/more_interfaces/share/more_interfaces/cmake/export_more_interfaces__rosidl_generator_cExport-noconfig.cmake
[4.953s] -- Installing: /home/kelly/ros2_ws/install/more_interfaces/share/more_interfaces/cmake/export_more_interfaces__rosidl_typesupport_fastrtps_cExport.cmake
[4.953s] -- Installing: /home/kelly/ros2_ws/install/more_interfaces/share/more_interfaces/cmake/export_more_interfaces__rosidl_typesupport_fastrtps_cExport-noconfig.cmake
[4.953s] -- Installing: /home/kelly/ros2_ws/install/more_interfaces/share/more_interfaces/cmake/more_interfaces__rosidl_typesupport_introspection_cExport.cmake
[4.953s] -- Installing: /home/kelly/ros2_ws/install/more_interfaces/share/more_interfaces/cmake/more_interfaces__rosidl_typesupport_introspection_cExport-noconfig.cmake
[4.953s] -- Installing: /home/kelly/ros2_ws/install/more_interfaces/share/more_interfaces/cmake/more_interfaces__rosidl_typesupport_cExport.cmake
[4.954s] -- Installing: /home/kelly/ros2_ws/install/more_interfaces/share/more_interfaces/cmake/more_interfaces__rosidl_typesupport_cExport-noconfig.cmake
[4.954s] -- Installing: /home/kelly/ros2_ws/install/more_interfaces/share/more_interfaces/cmake/export_more_interfaces__rosidl_generator_cppExport.cmake
[4.954s] -- Installing: /home/kelly/ros2_ws/install/more_interfaces/share/more_interfaces/cmake/export_more_interfaces__rosidl_typesupport_fastrtps_cppExport.cmake
[4.954s] -- Installing: /home/kelly/ros2_ws/install/more_interfaces/share/more_interfaces/cmake/export_more_interfaces__rosidl_typesupport_fastrtps_cppExport-noconfig.cmake
[4.954s] -- Installing: /home/kelly/ros2_ws/install/more_interfaces/share/more_interfaces/cmake/more_interfaces__rosidl_typesupport_introspection_cppExport.cmake
[4.954s] -- Installing: /home/kelly/ros2_ws/install/more_interfaces/share/more_interfaces/cmake/more_interfaces__rosidl_typesupport_introspection_cppExport-noconfig.cmake
[4.954s] -- Installing: /home/kelly/ros2_ws/install/more_interfaces/share/more_interfaces/cmake/more_interfaces__rosidl_typesupport_cppExport.cmake
[4.954s] -- Installing: /home/kelly/ros2_ws/install/more_interfaces/share/more_interfaces/cmake/more_interfaces__rosidl_typesupport_cppExport-noconfig.cmake
[4.954s] -- Installing: /home/kelly/ros2_ws/install/more_interfaces/share/more_interfaces/cmake/export_more_interfaces__rosidl_generator_pyExport.cmake
[4.954s] -- Installing: /home/kelly/ros2_ws/install/more_interfaces/share/more_interfaces/cmake/export_more_interfaces__rosidl_generator_pyExport-noconfig.cmake
[4.954s] -- Installing: /home/kelly/ros2_ws/install/more_interfaces/share/more_interfaces/cmake/rosidl_cmake-extras.cmake
[4.954s] -- Installing: /home/kelly/ros2_ws/install/more_interfaces/share/more_interfaces/cmake/ament_cmake_export_include_directories-extras.cmake
[4.954s] -- Installing: /home/kelly/ros2_ws/install/more_interfaces/share/more_interfaces/cmake/ament_cmake_export_libraries-extras.cmake
[4.954s] -- Installing: /home/kelly/ros2_ws/install/more_interfaces/share/more_interfaces/cmake/ament_cmake_export_targets-extras.cmake
[4.954s] -- Installing: /home/kelly/ros2_ws/install/more_interfaces/share/more_interfaces/cmake/rosidl_cmake_export_typesupport_targets-extras.cmake
[4.954s] -- Installing: /home/kelly/ros2_ws/install/more_interfaces/share/more_interfaces/cmake/ament_cmake_export_dependencies-extras.cmake
[4.954s] -- Installing: /home/kelly/ros2_ws/install/more_interfaces/share/more_interfaces/cmake/rosidl_cmake_export_typesupport_libraries-extras.cmake
[4.954s] -- Installing: /home/kelly/ros2_ws/install/more_interfaces/share/more_interfaces/cmake/more_interfacesConfig.cmake
[4.954s] -- Installing: /home/kelly/ros2_ws/install/more_interfaces/share/more_interfaces/cmake/more_interfacesConfig-version.cmake
[4.954s] -- Installing: /home/kelly/ros2_ws/install/more_interfaces/share/more_interfaces/package.xml
[4.956s] Invoked command in '/home/kelly/ros2_ws/build/more_interfaces' returned '0': CMAKE_PREFIX_PATH=${CMAKE_PREFIX_PATH}:/home/kelly/ros2_ws/install/py_pubsub:/opt/ros/jazzy DEBUGINFOD_URLS=https://debuginfod.ubuntu.com /usr/bin/cmake --install /home/kelly/ros2_ws/build/more_interfaces
