[0.008s] Invoking command in '/home/kelly/ros2_ws/build/polygon_plugins': AMENT_PREFIX_PATH=/home/kelly/ros2_ws/install/polygon_base:${AMENT_PREFIX_PATH} CMAKE_PREFIX_PATH=/home/kelly/ros2_ws/install/polygon_base:/opt/ros/jazzy/opt/sdformat_vendor:/opt/ros/jazzy/opt/gz_math_vendor:/opt/ros/jazzy/opt/gz_utils_vendor:/opt/ros/jazzy/opt/gz_tools_vendor:/opt/ros/jazzy/opt/gz_cmake_vendor:/opt/ros/jazzy DEBUGINFOD_URLS=https://debuginfod.ubuntu.com /usr/bin/cmake --build /home/kelly/ros2_ws/build/polygon_plugins -- -j32 -l32
[0.049s] [100%] Built target polygon_plugins
[0.054s] Invoked command in '/home/kelly/ros2_ws/build/polygon_plugins' returned '0': AMENT_PREFIX_PATH=/home/kelly/ros2_ws/install/polygon_base:${AMENT_PREFIX_PATH} CMAKE_PREFIX_PATH=/home/kelly/ros2_ws/install/polygon_base:/opt/ros/jazzy/opt/sdformat_vendor:/opt/ros/jazzy/opt/gz_math_vendor:/opt/ros/jazzy/opt/gz_utils_vendor:/opt/ros/jazzy/opt/gz_tools_vendor:/opt/ros/jazzy/opt/gz_cmake_vendor:/opt/ros/jazzy DEBUGINFOD_URLS=https://debuginfod.ubuntu.com /usr/bin/cmake --build /home/kelly/ros2_ws/build/polygon_plugins -- -j32 -l32
[0.057s] Invoking command in '/home/kelly/ros2_ws/build/polygon_plugins': AMENT_PREFIX_PATH=/home/kelly/ros2_ws/install/polygon_base:${AMENT_PREFIX_PATH} CMAKE_PREFIX_PATH=/home/kelly/ros2_ws/install/polygon_base:/opt/ros/jazzy/opt/sdformat_vendor:/opt/ros/jazzy/opt/gz_math_vendor:/opt/ros/jazzy/opt/gz_utils_vendor:/opt/ros/jazzy/opt/gz_tools_vendor:/opt/ros/jazzy/opt/gz_cmake_vendor:/opt/ros/jazzy DEBUGINFOD_URLS=https://debuginfod.ubuntu.com /usr/bin/cmake --install /home/kelly/ros2_ws/build/polygon_plugins
[0.062s] -- Install configuration: ""
[0.062s] -- Up-to-date: /home/kelly/ros2_ws/install/polygon_plugins/share/polygon_plugins/plugins.xml
[0.062s] -- Up-to-date: /home/kelly/ros2_ws/install/polygon_plugins/include/polygon_plugins
[0.063s] -- Up-to-date: /home/kelly/ros2_ws/install/polygon_plugins/include/polygon_plugins/polygon_plugins
[0.063s] -- Up-to-date: /home/kelly/ros2_ws/install/polygon_plugins/include/polygon_plugins/polygon_plugins/polygon_plugins.hpp
[0.063s] -- Up-to-date: /home/kelly/ros2_ws/install/polygon_plugins/include/polygon_plugins/polygon_plugins/visibility_control.h
[0.063s] -- Up-to-date: /home/kelly/ros2_ws/install/polygon_plugins/lib/libpolygon_plugins.so
[0.064s] -- Up-to-date: /home/kelly/ros2_ws/install/polygon_plugins/share/polygon_plugins/environment/library_path.sh
[0.064s] -- Up-to-date: /home/kelly/ros2_ws/install/polygon_plugins/share/polygon_plugins/environment/library_path.dsv
[0.064s] -- Up-to-date: /home/kelly/ros2_ws/install/polygon_plugins/share/ament_index/resource_index/package_run_dependencies/polygon_plugins
[0.064s] -- Up-to-date: /home/kelly/ros2_ws/install/polygon_plugins/share/ament_index/resource_index/parent_prefix_path/polygon_plugins
[0.064s] -- Up-to-date: /home/kelly/ros2_ws/install/polygon_plugins/share/polygon_plugins/environment/ament_prefix_path.sh
[0.064s] -- Up-to-date: /home/kelly/ros2_ws/install/polygon_plugins/share/polygon_plugins/environment/ament_prefix_path.dsv
[0.064s] -- Up-to-date: /home/kelly/ros2_ws/install/polygon_plugins/share/polygon_plugins/environment/path.sh
[0.064s] -- Up-to-date: /home/kelly/ros2_ws/install/polygon_plugins/share/polygon_plugins/environment/path.dsv
[0.064s] -- Up-to-date: /home/kelly/ros2_ws/install/polygon_plugins/share/polygon_plugins/local_setup.bash
[0.064s] -- Up-to-date: /home/kelly/ros2_ws/install/polygon_plugins/share/polygon_plugins/local_setup.sh
[0.064s] -- Up-to-date: /home/kelly/ros2_ws/install/polygon_plugins/share/polygon_plugins/local_setup.zsh
[0.064s] -- Up-to-date: /home/kelly/ros2_ws/install/polygon_plugins/share/polygon_plugins/local_setup.dsv
[0.064s] -- Installing: /home/kelly/ros2_ws/install/polygon_plugins/share/polygon_plugins/package.dsv
[0.065s] -- Up-to-date: /home/kelly/ros2_ws/install/polygon_plugins/share/ament_index/resource_index/packages/polygon_plugins
[0.065s] -- Up-to-date: /home/kelly/ros2_ws/install/polygon_plugins/share/ament_index/resource_index/polygon_base__pluginlib__plugin/polygon_plugins
[0.066s] -- Up-to-date: /home/kelly/ros2_ws/install/polygon_plugins/share/polygon_plugins/cmake/export_polygon_pluginsExport.cmake
[0.066s] -- Up-to-date: /home/kelly/ros2_ws/install/polygon_plugins/share/polygon_plugins/cmake/export_polygon_pluginsExport-noconfig.cmake
[0.066s] -- Up-to-date: /home/kelly/ros2_ws/install/polygon_plugins/share/polygon_plugins/cmake/ament_cmake_export_include_directories-extras.cmake
[0.066s] -- Up-to-date: /home/kelly/ros2_ws/install/polygon_plugins/share/polygon_plugins/cmake/ament_cmake_export_libraries-extras.cmake
[0.066s] -- Up-to-date: /home/kelly/ros2_ws/install/polygon_plugins/share/polygon_plugins/cmake/ament_cmake_export_targets-extras.cmake
[0.066s] -- Up-to-date: /home/kelly/ros2_ws/install/polygon_plugins/share/polygon_plugins/cmake/polygon_pluginsConfig.cmake
[0.066s] -- Up-to-date: /home/kelly/ros2_ws/install/polygon_plugins/share/polygon_plugins/cmake/polygon_pluginsConfig-version.cmake
[0.066s] -- Up-to-date: /home/kelly/ros2_ws/install/polygon_plugins/share/polygon_plugins/package.xml
[0.067s] Invoked command in '/home/kelly/ros2_ws/build/polygon_plugins' returned '0': AMENT_PREFIX_PATH=/home/kelly/ros2_ws/install/polygon_base:${AMENT_PREFIX_PATH} CMAKE_PREFIX_PATH=/home/kelly/ros2_ws/install/polygon_base:/opt/ros/jazzy/opt/sdformat_vendor:/opt/ros/jazzy/opt/gz_math_vendor:/opt/ros/jazzy/opt/gz_utils_vendor:/opt/ros/jazzy/opt/gz_tools_vendor:/opt/ros/jazzy/opt/gz_cmake_vendor:/opt/ros/jazzy DEBUGINFOD_URLS=https://debuginfod.ubuntu.com /usr/bin/cmake --install /home/kelly/ros2_ws/build/polygon_plugins
