[0.012s] Invoking command in '/home/kelly/ros2_ws/build/my_package': CMAKE_PREFIX_PATH=${CMAKE_PREFIX_PATH}:/home/kelly/ros2_ws/install/py_pubsub:/opt/ros/jazzy DEBUGINFOD_URLS=https://debuginfod.ubuntu.com /usr/bin/cmake --build /home/kelly/ros2_ws/build/my_package -- -j32 -l32
[0.191s] -- Found ament_cmake: 2.5.4 (/opt/ros/jazzy/share/ament_cmake/cmake)
[0.191s] -- Found ament_lint_auto: 0.17.3 (/opt/ros/jazzy/share/ament_lint_auto/cmake)
[0.253s] -- Added test 'cppcheck' to perform static code analysis on C / C++ code
[0.254s] -- Configured cppcheck include dirs: $<BUILD_INTERFACE:/home/kelly/ros2_ws/src/my_package/include>
[0.254s] -- Configured cppcheck exclude dirs and/or files: 
[0.254s] -- Added test 'lint_cmake' to check CMake code style
[0.254s] -- Added test 'uncrustify' to check C / C++ code style
[0.254s] -- Configured uncrustify additional arguments: 
[0.255s] -- Added test 'xmllint' to check XML markup files
[0.255s] -- Configuring done (0.2s)
[0.259s] -- Generating done (0.0s)
[0.260s] -- Build files have been written to: /home/kelly/ros2_ws/build/my_package
[0.279s] [100%] Built target my_node
[0.310s] Invoked command in '/home/kelly/ros2_ws/build/my_package' returned '0': CMAKE_PREFIX_PATH=${CMAKE_PREFIX_PATH}:/home/kelly/ros2_ws/install/py_pubsub:/opt/ros/jazzy DEBUGINFOD_URLS=https://debuginfod.ubuntu.com /usr/bin/cmake --build /home/kelly/ros2_ws/build/my_package -- -j32 -l32
[0.310s] Invoking command in '/home/kelly/ros2_ws/build/my_package': CMAKE_PREFIX_PATH=${CMAKE_PREFIX_PATH}:/home/kelly/ros2_ws/install/py_pubsub:/opt/ros/jazzy DEBUGINFOD_URLS=https://debuginfod.ubuntu.com /usr/bin/cmake --install /home/kelly/ros2_ws/build/my_package
[0.315s] -- Install configuration: ""
[0.315s] -- Up-to-date: /home/kelly/ros2_ws/install/my_package/lib/my_package/my_node
[0.316s] -- Up-to-date: /home/kelly/ros2_ws/install/my_package/share/ament_index/resource_index/package_run_dependencies/my_package
[0.316s] -- Installing: /home/kelly/ros2_ws/install/my_package/share/ament_index/resource_index/parent_prefix_path/my_package
[0.316s] -- Up-to-date: /home/kelly/ros2_ws/install/my_package/share/my_package/environment/ament_prefix_path.sh
[0.316s] -- Up-to-date: /home/kelly/ros2_ws/install/my_package/share/my_package/environment/ament_prefix_path.dsv
[0.316s] -- Up-to-date: /home/kelly/ros2_ws/install/my_package/share/my_package/environment/path.sh
[0.316s] -- Up-to-date: /home/kelly/ros2_ws/install/my_package/share/my_package/environment/path.dsv
[0.316s] -- Up-to-date: /home/kelly/ros2_ws/install/my_package/share/my_package/local_setup.bash
[0.316s] -- Up-to-date: /home/kelly/ros2_ws/install/my_package/share/my_package/local_setup.sh
[0.316s] -- Up-to-date: /home/kelly/ros2_ws/install/my_package/share/my_package/local_setup.zsh
[0.316s] -- Up-to-date: /home/kelly/ros2_ws/install/my_package/share/my_package/local_setup.dsv
[0.316s] -- Installing: /home/kelly/ros2_ws/install/my_package/share/my_package/package.dsv
[0.316s] -- Up-to-date: /home/kelly/ros2_ws/install/my_package/share/ament_index/resource_index/packages/my_package
[0.316s] -- Up-to-date: /home/kelly/ros2_ws/install/my_package/share/my_package/cmake/my_packageConfig.cmake
[0.316s] -- Up-to-date: /home/kelly/ros2_ws/install/my_package/share/my_package/cmake/my_packageConfig-version.cmake
[0.317s] -- Installing: /home/kelly/ros2_ws/install/my_package/share/my_package/package.xml
[0.317s] Invoked command in '/home/kelly/ros2_ws/build/my_package' returned '0': CMAKE_PREFIX_PATH=${CMAKE_PREFIX_PATH}:/home/kelly/ros2_ws/install/py_pubsub:/opt/ros/jazzy DEBUGINFOD_URLS=https://debuginfod.ubuntu.com /usr/bin/cmake --install /home/kelly/ros2_ws/build/my_package
