[0.005s] Invoking command in '/home/kelly/ros2_ws/build/turtlesim': CMAKE_PREFIX_PATH=${CMAKE_PREFIX_PATH}:/opt/ros/jazzy DEBUGINFOD_URLS=https://debuginfod.ubuntu.com /usr/bin/cmake /home/kelly/ros2_ws/src/ros_tutorials/turtlesim -DCMAKE_INSTALL_PREFIX=/home/kelly/ros2_ws/install/turtlesim
[0.052s] -- The C compiler identification is GNU 13.3.0
[0.106s] -- The CXX compiler identification is GNU 13.3.0
[0.134s] -- Detecting C compiler ABI info
[0.269s] -- Detecting C compiler ABI info - done
[0.283s] -- Check for working C compiler: /usr/bin/cc - skipped
[0.284s] -- Detecting C compile features
[0.285s] -- Detecting C compile features - done
[0.311s] -- Detecting CXX compiler ABI info
[0.473s] -- Detecting CXX compiler ABI info - done
[0.479s] -- Check for working CXX compiler: /usr/bin/c++ - skipped
[0.479s] -- Detecting CXX compile features
[0.479s] -- Detecting CXX compile features - done
[0.481s] -- Found ament_cmake: 2.5.4 (/opt/ros/jazzy/share/ament_cmake/cmake)
[0.591s] -- Found Python3: /usr/bin/python3 (found version "3.12.3") found components: Interpreter 
[0.654s] -- Found ament_index_cpp: 1.8.1 (/opt/ros/jazzy/share/ament_index_cpp/cmake)
[0.656s] -- Found geometry_msgs: 5.3.6 (/opt/ros/jazzy/share/geometry_msgs/cmake)
[0.680s] -- Found rosidl_generator_c: 4.6.6 (/opt/ros/jazzy/share/rosidl_generator_c/cmake)
[0.687s] -- Found rosidl_generator_cpp: 4.6.6 (/opt/ros/jazzy/share/rosidl_generator_cpp/cmake)
[0.694s] -- Using all available rosidl_typesupport_c: rosidl_typesupport_fastrtps_c;rosidl_typesupport_introspection_c
[0.701s] -- Using all available rosidl_typesupport_cpp: rosidl_typesupport_fastrtps_cpp;rosidl_typesupport_introspection_cpp
[0.727s] -- Found rcl_interfaces: 2.0.3 (/opt/ros/jazzy/share/rcl_interfaces/cmake)
[0.745s] -- Found rclcpp: 28.1.11 (/opt/ros/jazzy/share/rclcpp/cmake)
[0.755s] -- Found rmw_implementation_cmake: 7.3.2 (/opt/ros/jazzy/share/rmw_implementation_cmake/cmake)
[0.756s] -- Found rmw_fastrtps_cpp: 8.4.3 (/opt/ros/jazzy/share/rmw_fastrtps_cpp/cmake)
[0.821s] -- Found OpenSSL: /usr/lib/x86_64-linux-gnu/libcrypto.so (found version "3.0.13")  
[0.836s] -- Found FastRTPS: /opt/ros/jazzy/include (Required is at least version "2.13") 
[0.872s] -- Using RMW implementation 'rmw_fastrtps_cpp' as default
[0.909s] -- Found rclcpp_action: 28.1.11 (/opt/ros/jazzy/share/rclcpp_action/cmake)
[0.929s] -- Found rosidl_default_generators: 1.6.0 (/opt/ros/jazzy/share/rosidl_default_generators/cmake)
[0.935s] -- Found rosidl_adapter: 4.6.6 (/opt/ros/jazzy/share/rosidl_adapter/cmake)
[0.936s] -- Found std_srvs: 5.3.6 (/opt/ros/jazzy/share/std_srvs/cmake)
[1.365s] -- Found ament_cmake_ros: 0.12.0 (/opt/ros/jazzy/share/ament_cmake_ros/cmake)
[2.038s] -- Using all available rosidl_typesupport_c: rosidl_typesupport_fastrtps_c;rosidl_typesupport_introspection_c
[2.281s] -- Using all available rosidl_typesupport_cpp: rosidl_typesupport_fastrtps_cpp;rosidl_typesupport_introspection_cpp
[2.284s] -- Found python_cmake_module: 0.11.1 (/opt/ros/jazzy/share/python_cmake_module/cmake)
[2.435s] -- Found PythonExtra: /usr/bin/python3  
[2.738s] -- Found Python3: /usr/bin/python3 (found version "3.12.3") found components: Interpreter Development NumPy Development.Module Development.Embed 
[2.764s] -- Found ament_lint_auto: 0.17.3 (/opt/ros/jazzy/share/ament_lint_auto/cmake)
[2.778s] -- Added test 'copyright' to check source files copyright and LICENSE
[2.779s] -- Added test 'cppcheck' to perform static code analysis on C / C++ code
[2.780s] -- Configured cppcheck include dirs: /home/kelly/ros2_ws/src/ros_tutorials/turtlesim/include
[2.780s] -- Configured cppcheck exclude dirs and/or files: 
[2.781s] -- Added test 'cpplint' to check C / C++ code against the Google style
[2.781s] -- Configured cpplint exclude dirs and/or files: 
[2.781s] -- Added test 'flake8' to check Python code syntax and style conventions
[2.781s] -- Configured 'flake8' exclude dirs and/or files: 
[2.781s] -- Added test 'lint_cmake' to check CMake code style
[2.782s] -- Added test 'pep257' to check Python code against some of the docstring style conventions in PEP 257
[2.783s] -- Added test 'uncrustify' to check C / C++ code style
[2.783s] -- Configured uncrustify additional arguments: 
[2.783s] -- Added test 'xmllint' to check XML markup files
[2.784s] -- Configuring done (2.8s)
[2.818s] -- Generating done (0.0s)
[2.827s] -- Build files have been written to: /home/kelly/ros2_ws/build/turtlesim
[2.835s] Invoked command in '/home/kelly/ros2_ws/build/turtlesim' returned '0': CMAKE_PREFIX_PATH=${CMAKE_PREFIX_PATH}:/opt/ros/jazzy DEBUGINFOD_URLS=https://debuginfod.ubuntu.com /usr/bin/cmake /home/kelly/ros2_ws/src/ros_tutorials/turtlesim -DCMAKE_INSTALL_PREFIX=/home/kelly/ros2_ws/install/turtlesim
[2.835s] Invoking command in '/home/kelly/ros2_ws/build/turtlesim': CMAKE_PREFIX_PATH=${CMAKE_PREFIX_PATH}:/opt/ros/jazzy DEBUGINFOD_URLS=https://debuginfod.ubuntu.com /usr/bin/cmake --build /home/kelly/ros2_ws/build/turtlesim -- -j32 -l32
[2.878s] [  0%] [34m[1mGenerating type hashes for ROS interfaces[0m
[2.887s] [  0%] Built target ament_cmake_python_copy_turtlesim
[2.979s] running egg_info
[2.980s] creating turtlesim.egg-info
[2.987s] writing turtlesim.egg-info/PKG-INFO
[2.987s] writing dependency_links to turtlesim.egg-info/dependency_links.txt
[2.987s] writing top-level names to turtlesim.egg-info/top_level.txt
[2.987s] writing manifest file 'turtlesim.egg-info/SOURCES.txt'
[3.011s] reading manifest file 'turtlesim.egg-info/SOURCES.txt'
[3.011s] writing manifest file 'turtlesim.egg-info/SOURCES.txt'
[3.022s] [  0%] Built target turtlesim__rosidl_generator_type_description
[3.025s] [  0%] Built target ament_cmake_python_build_turtlesim_egg
[3.029s] [  1%] [34m[1mGenerating C code for ROS interfaces[0m
[3.034s] [  2%] [34m[1mGenerating C++ code for ROS interfaces[0m
[3.384s] [  2%] Built target turtlesim__cpp
[3.439s] [  3%] [32mBuilding C object CMakeFiles/turtlesim__rosidl_generator_c.dir/rosidl_generator_c/turtlesim/action/detail/rotate_absolute__description.c.o[0m
[3.439s] [  4%] [32mBuilding C object CMakeFiles/turtlesim__rosidl_generator_c.dir/rosidl_generator_c/turtlesim/msg/detail/color__description.c.o[0m
[3.440s] [  5%] [32mBuilding C object CMakeFiles/turtlesim__rosidl_generator_c.dir/rosidl_generator_c/turtlesim/msg/detail/pose__functions.c.o[0m
[3.442s] [  6%] [32mBuilding C object CMakeFiles/turtlesim__rosidl_generator_c.dir/rosidl_generator_c/turtlesim/msg/detail/pose__type_support.c.o[0m
[3.442s] [  7%] [32mBuilding C object CMakeFiles/turtlesim__rosidl_generator_c.dir/rosidl_generator_c/turtlesim/srv/detail/kill__description.c.o[0m
[3.442s] [  8%] [32mBuilding C object CMakeFiles/turtlesim__rosidl_generator_c.dir/rosidl_generator_c/turtlesim/action/detail/rotate_absolute__functions.c.o[0m
[3.442s] [  9%] [32mBuilding C object CMakeFiles/turtlesim__rosidl_generator_c.dir/rosidl_generator_c/turtlesim/action/detail/rotate_absolute__type_support.c.o[0m
[3.442s] [ 10%] [32mBuilding C object CMakeFiles/turtlesim__rosidl_generator_c.dir/rosidl_generator_c/turtlesim/srv/detail/kill__functions.c.o[0m
[3.443s] [ 11%] [32mBuilding C object CMakeFiles/turtlesim__rosidl_generator_c.dir/rosidl_generator_c/turtlesim/msg/detail/color__functions.c.o[0m
[3.443s] [ 12%] [32mBuilding C object CMakeFiles/turtlesim__rosidl_generator_c.dir/rosidl_generator_c/turtlesim/msg/detail/color__type_support.c.o[0m
[3.443s] [ 12%] [32mBuilding C object CMakeFiles/turtlesim__rosidl_generator_c.dir/rosidl_generator_c/turtlesim/srv/detail/kill__type_support.c.o[0m
[3.443s] [ 13%] [32mBuilding C object CMakeFiles/turtlesim__rosidl_generator_c.dir/rosidl_generator_c/turtlesim/msg/detail/pose__description.c.o[0m
[3.443s] [ 14%] [32mBuilding C object CMakeFiles/turtlesim__rosidl_generator_c.dir/rosidl_generator_c/turtlesim/srv/detail/spawn__description.c.o[0m
[3.444s] [ 15%] [32mBuilding C object CMakeFiles/turtlesim__rosidl_generator_c.dir/rosidl_generator_c/turtlesim/srv/detail/spawn__functions.c.o[0m
[3.444s] [ 15%] [32mBuilding C object CMakeFiles/turtlesim__rosidl_generator_c.dir/rosidl_generator_c/turtlesim/srv/detail/teleport_absolute__type_support.c.o[0m
[3.444s] [ 16%] [32mBuilding C object CMakeFiles/turtlesim__rosidl_generator_c.dir/rosidl_generator_c/turtlesim/srv/detail/teleport_relative__description.c.o[0m
[3.444s] [ 17%] [32mBuilding C object CMakeFiles/turtlesim__rosidl_generator_c.dir/rosidl_generator_c/turtlesim/srv/detail/teleport_relative__type_support.c.o[0m
[3.444s] [ 17%] [32mBuilding C object CMakeFiles/turtlesim__rosidl_generator_c.dir/rosidl_generator_c/turtlesim/srv/detail/set_pen__description.c.o[0m
[3.445s] [ 18%] [32mBuilding C object CMakeFiles/turtlesim__rosidl_generator_c.dir/rosidl_generator_c/turtlesim/srv/detail/set_pen__functions.c.o[0m
[3.445s] [ 19%] [32mBuilding C object CMakeFiles/turtlesim__rosidl_generator_c.dir/rosidl_generator_c/turtlesim/srv/detail/teleport_relative__functions.c.o[0m
[3.445s] [ 20%] [32mBuilding C object CMakeFiles/turtlesim__rosidl_generator_c.dir/rosidl_generator_c/turtlesim/srv/detail/set_pen__type_support.c.o[0m
[3.446s] [ 21%] [32mBuilding C object CMakeFiles/turtlesim__rosidl_generator_c.dir/rosidl_generator_c/turtlesim/srv/detail/spawn__type_support.c.o[0m
[3.446s] [ 22%] [32mBuilding C object CMakeFiles/turtlesim__rosidl_generator_c.dir/rosidl_generator_c/turtlesim/srv/detail/teleport_absolute__description.c.o[0m
[3.446s] [ 23%] [32mBuilding C object CMakeFiles/turtlesim__rosidl_generator_c.dir/rosidl_generator_c/turtlesim/srv/detail/teleport_absolute__functions.c.o[0m
[3.538s] [ 24%] [32m[1mLinking C shared library libturtlesim__rosidl_generator_c.so[0m
[3.590s] [ 24%] Built target turtlesim__rosidl_generator_c
[3.602s] [ 26%] [34m[1mGenerating C++ type support for eProsima Fast-RTPS[0m
[3.602s] [ 26%] [34m[1mGenerating C type support for eProsima Fast-RTPS[0m
[3.602s] [ 27%] [34m[1mGenerating C++ type support dispatch for ROS interfaces[0m
[3.602s] [ 28%] [34m[1mGenerating C introspection for ROS interfaces[0m
[3.602s] [ 29%] [34m[1mGenerating C++ introspection for ROS interfaces[0m
[3.602s] [ 29%] [34m[1mGenerating C type support dispatch for ROS interfaces[0m
[3.805s] [ 30%] [32mBuilding CXX object CMakeFiles/turtlesim__rosidl_typesupport_c.dir/rosidl_typesupport_c/turtlesim/srv/teleport_relative__type_support.cpp.o[0m
[3.805s] [ 31%] [32mBuilding CXX object CMakeFiles/turtlesim__rosidl_typesupport_c.dir/rosidl_typesupport_c/turtlesim/action/rotate_absolute__type_support.cpp.o[0m
[3.805s] [ 32%] [32mBuilding CXX object CMakeFiles/turtlesim__rosidl_typesupport_c.dir/rosidl_typesupport_c/turtlesim/msg/color__type_support.cpp.o[0m
[3.805s] [ 33%] [32mBuilding CXX object CMakeFiles/turtlesim__rosidl_typesupport_c.dir/rosidl_typesupport_c/turtlesim/msg/pose__type_support.cpp.o[0m
[3.805s] [ 34%] [32mBuilding CXX object CMakeFiles/turtlesim__rosidl_typesupport_c.dir/rosidl_typesupport_c/turtlesim/srv/kill__type_support.cpp.o[0m
[3.806s] [ 35%] [32mBuilding CXX object CMakeFiles/turtlesim__rosidl_typesupport_c.dir/rosidl_typesupport_c/turtlesim/srv/set_pen__type_support.cpp.o[0m
[3.806s] [ 35%] [32mBuilding CXX object CMakeFiles/turtlesim__rosidl_typesupport_c.dir/rosidl_typesupport_c/turtlesim/srv/spawn__type_support.cpp.o[0m
[3.806s] [ 36%] [32mBuilding CXX object CMakeFiles/turtlesim__rosidl_typesupport_c.dir/rosidl_typesupport_c/turtlesim/srv/teleport_absolute__type_support.cpp.o[0m
[3.810s] [ 38%] [32mBuilding CXX object CMakeFiles/turtlesim__rosidl_typesupport_cpp.dir/rosidl_typesupport_cpp/turtlesim/msg/pose__type_support.cpp.o[0m
[3.811s] [ 38%] [32mBuilding CXX object CMakeFiles/turtlesim__rosidl_typesupport_cpp.dir/rosidl_typesupport_cpp/turtlesim/srv/kill__type_support.cpp.o[0m
[3.811s] [ 38%] [32mBuilding CXX object CMakeFiles/turtlesim__rosidl_typesupport_cpp.dir/rosidl_typesupport_cpp/turtlesim/msg/color__type_support.cpp.o[0m
[3.812s] [ 39%] [32mBuilding CXX object CMakeFiles/turtlesim__rosidl_typesupport_cpp.dir/rosidl_typesupport_cpp/turtlesim/action/rotate_absolute__type_support.cpp.o[0m
[3.812s] [ 40%] [32mBuilding CXX object CMakeFiles/turtlesim__rosidl_typesupport_cpp.dir/rosidl_typesupport_cpp/turtlesim/srv/teleport_absolute__type_support.cpp.o[0m
[3.813s] [ 42%] [32mBuilding CXX object CMakeFiles/turtlesim__rosidl_typesupport_cpp.dir/rosidl_typesupport_cpp/turtlesim/srv/set_pen__type_support.cpp.o[0m
[3.813s] [ 42%] [32mBuilding CXX object CMakeFiles/turtlesim__rosidl_typesupport_cpp.dir/rosidl_typesupport_cpp/turtlesim/srv/spawn__type_support.cpp.o[0m
[3.813s] [ 43%] [32mBuilding CXX object CMakeFiles/turtlesim__rosidl_typesupport_cpp.dir/rosidl_typesupport_cpp/turtlesim/srv/teleport_relative__type_support.cpp.o[0m
[3.848s] [ 44%] [32m[1mLinking CXX shared library libturtlesim__rosidl_typesupport_c.so[0m
[3.862s] [ 45%] [32mBuilding CXX object CMakeFiles/turtlesim__rosidl_typesupport_introspection_cpp.dir/rosidl_typesupport_introspection_cpp/turtlesim/action/detail/rotate_absolute__type_support.cpp.o[0m
[3.864s] [ 49%] [32mBuilding CXX object CMakeFiles/turtlesim__rosidl_typesupport_introspection_cpp.dir/rosidl_typesupport_introspection_cpp/turtlesim/msg/detail/pose__type_support.cpp.o[0m
[3.864s] [ 49%] [32mBuilding CXX object CMakeFiles/turtlesim__rosidl_typesupport_introspection_cpp.dir/rosidl_typesupport_introspection_cpp/turtlesim/srv/detail/set_pen__type_support.cpp.o[0m
[3.864s] [ 49%] [32mBuilding CXX object CMakeFiles/turtlesim__rosidl_typesupport_introspection_cpp.dir/rosidl_typesupport_introspection_cpp/turtlesim/srv/detail/kill__type_support.cpp.o[0m
[3.864s] [ 50%] [32mBuilding CXX object CMakeFiles/turtlesim__rosidl_typesupport_introspection_cpp.dir/rosidl_typesupport_introspection_cpp/turtlesim/srv/detail/spawn__type_support.cpp.o[0m
[3.864s] [ 50%] [32mBuilding CXX object CMakeFiles/turtlesim__rosidl_typesupport_introspection_cpp.dir/rosidl_typesupport_introspection_cpp/turtlesim/srv/detail/teleport_absolute__type_support.cpp.o[0m
[3.864s] [ 49%] [32mBuilding CXX object CMakeFiles/turtlesim__rosidl_typesupport_introspection_cpp.dir/rosidl_typesupport_introspection_cpp/turtlesim/msg/detail/color__type_support.cpp.o[0m
[3.864s] [ 51%] [32mBuilding CXX object CMakeFiles/turtlesim__rosidl_typesupport_introspection_cpp.dir/rosidl_typesupport_introspection_cpp/turtlesim/srv/detail/teleport_relative__type_support.cpp.o[0m
[3.871s] [ 51%] Built target turtlesim__rosidl_typesupport_c
[3.892s] [ 52%] [32mBuilding C object CMakeFiles/turtlesim__rosidl_typesupport_introspection_c.dir/rosidl_typesupport_introspection_c/turtlesim/srv/detail/teleport_relative__type_support.c.o[0m
[3.892s] [ 53%] [32mBuilding C object CMakeFiles/turtlesim__rosidl_typesupport_introspection_c.dir/rosidl_typesupport_introspection_c/turtlesim/srv/detail/spawn__type_support.c.o[0m
[3.892s] [ 54%] [32mBuilding C object CMakeFiles/turtlesim__rosidl_typesupport_introspection_c.dir/rosidl_typesupport_introspection_c/turtlesim/srv/detail/teleport_absolute__type_support.c.o[0m
[3.892s] [ 57%] [32mBuilding C object CMakeFiles/turtlesim__rosidl_typesupport_introspection_c.dir/rosidl_typesupport_introspection_c/turtlesim/msg/detail/pose__type_support.c.o[0m
[3.892s] [ 57%] [32mBuilding C object CMakeFiles/turtlesim__rosidl_typesupport_introspection_c.dir/rosidl_typesupport_introspection_c/turtlesim/action/detail/rotate_absolute__type_support.c.o[0m
[3.892s] [ 57%] [32mBuilding C object CMakeFiles/turtlesim__rosidl_typesupport_introspection_c.dir/rosidl_typesupport_introspection_c/turtlesim/msg/detail/color__type_support.c.o[0m
[3.892s] [ 58%] [32mBuilding C object CMakeFiles/turtlesim__rosidl_typesupport_introspection_c.dir/rosidl_typesupport_introspection_c/turtlesim/srv/detail/kill__type_support.c.o[0m
[3.892s] [ 58%] [32mBuilding C object CMakeFiles/turtlesim__rosidl_typesupport_introspection_c.dir/rosidl_typesupport_introspection_c/turtlesim/srv/detail/set_pen__type_support.c.o[0m
[3.935s] [ 59%] [32m[1mLinking C shared library libturtlesim__rosidl_typesupport_introspection_c.so[0m
[3.959s] [ 59%] Built target turtlesim__rosidl_typesupport_introspection_c
[4.050s] [ 60%] [32mBuilding CXX object CMakeFiles/turtlesim__rosidl_typesupport_fastrtps_c.dir/rosidl_typesupport_fastrtps_c/turtlesim/srv/detail/kill__type_support_c.cpp.o[0m
[4.050s] [ 61%] [32mBuilding CXX object CMakeFiles/turtlesim__rosidl_typesupport_fastrtps_c.dir/rosidl_typesupport_fastrtps_c/turtlesim/srv/detail/spawn__type_support_c.cpp.o[0m
[4.051s] [ 60%] [32mBuilding CXX object CMakeFiles/turtlesim__rosidl_typesupport_fastrtps_c.dir/rosidl_typesupport_fastrtps_c/turtlesim/srv/detail/teleport_relative__type_support_c.cpp.o[0m
[4.051s] [ 61%] [32mBuilding CXX object CMakeFiles/turtlesim__rosidl_typesupport_fastrtps_c.dir/rosidl_typesupport_fastrtps_c/turtlesim/action/detail/rotate_absolute__type_support_c.cpp.o[0m
[4.051s] [ 62%] [32mBuilding CXX object CMakeFiles/turtlesim__rosidl_typesupport_fastrtps_c.dir/rosidl_typesupport_fastrtps_c/turtlesim/msg/detail/pose__type_support_c.cpp.o[0m
[4.051s] [ 63%] [32mBuilding CXX object CMakeFiles/turtlesim__rosidl_typesupport_fastrtps_c.dir/rosidl_typesupport_fastrtps_c/turtlesim/msg/detail/color__type_support_c.cpp.o[0m
[4.052s] [ 64%] [32mBuilding CXX object CMakeFiles/turtlesim__rosidl_typesupport_fastrtps_c.dir/rosidl_typesupport_fastrtps_c/turtlesim/srv/detail/teleport_absolute__type_support_c.cpp.o[0m
[4.052s] [ 65%] [32mBuilding CXX object CMakeFiles/turtlesim__rosidl_typesupport_fastrtps_c.dir/rosidl_typesupport_fastrtps_c/turtlesim/srv/detail/set_pen__type_support_c.cpp.o[0m
[4.078s] [ 66%] [32mBuilding CXX object CMakeFiles/turtlesim__rosidl_typesupport_fastrtps_cpp.dir/rosidl_typesupport_fastrtps_cpp/turtlesim/msg/detail/dds_fastrtps/pose__type_support.cpp.o[0m
[4.079s] [ 67%] [32mBuilding CXX object CMakeFiles/turtlesim__rosidl_typesupport_fastrtps_cpp.dir/rosidl_typesupport_fastrtps_cpp/turtlesim/srv/detail/dds_fastrtps/kill__type_support.cpp.o[0m
[4.079s] [ 68%] [32mBuilding CXX object CMakeFiles/turtlesim__rosidl_typesupport_fastrtps_cpp.dir/rosidl_typesupport_fastrtps_cpp/turtlesim/srv/detail/dds_fastrtps/teleport_relative__type_support.cpp.o[0m
[4.079s] [ 69%] [32mBuilding CXX object CMakeFiles/turtlesim__rosidl_typesupport_fastrtps_cpp.dir/rosidl_typesupport_fastrtps_cpp/turtlesim/action/detail/dds_fastrtps/rotate_absolute__type_support.cpp.o[0m
[4.079s] [ 71%] [32mBuilding CXX object CMakeFiles/turtlesim__rosidl_typesupport_fastrtps_cpp.dir/rosidl_typesupport_fastrtps_cpp/turtlesim/msg/detail/dds_fastrtps/color__type_support.cpp.o[0m
[4.079s] [ 71%] [32mBuilding CXX object CMakeFiles/turtlesim__rosidl_typesupport_fastrtps_cpp.dir/rosidl_typesupport_fastrtps_cpp/turtlesim/srv/detail/dds_fastrtps/teleport_absolute__type_support.cpp.o[0m
[4.079s] [ 72%] [32mBuilding CXX object CMakeFiles/turtlesim__rosidl_typesupport_fastrtps_cpp.dir/rosidl_typesupport_fastrtps_cpp/turtlesim/srv/detail/dds_fastrtps/spawn__type_support.cpp.o[0m
[4.080s] [ 72%] [32mBuilding CXX object CMakeFiles/turtlesim__rosidl_typesupport_fastrtps_cpp.dir/rosidl_typesupport_fastrtps_cpp/turtlesim/srv/detail/dds_fastrtps/set_pen__type_support.cpp.o[0m
[4.173s] [ 73%] [32m[1mLinking CXX shared library libturtlesim__rosidl_typesupport_cpp.so[0m
[4.191s] [ 74%] [32m[1mLinking CXX shared library libturtlesim__rosidl_typesupport_introspection_cpp.so[0m
[4.239s] [ 74%] Built target turtlesim__rosidl_typesupport_introspection_cpp
[4.240s] [ 74%] Built target turtlesim__rosidl_typesupport_cpp
[4.248s] [ 75%] [34m[1mGenerating include/turtlesim/moc_turtle_frame.cpp[0m
[4.251s] [ 76%] [32mBuilding CXX object CMakeFiles/turtle_teleop_key.dir/tutorials/teleop_turtle_key.cpp.o[0m
[4.255s] [ 77%] [32mBuilding CXX object CMakeFiles/draw_square.dir/tutorials/draw_square.cpp.o[0m
[4.255s] [ 77%] [32mBuilding CXX object CMakeFiles/mimic.dir/tutorials/mimic.cpp.o[0m
[4.300s] [ 80%] [32mBuilding CXX object CMakeFiles/turtlesim_node.dir/include/turtlesim/moc_turtle_frame.cpp.o[0m
[4.300s] [ 80%] [32mBuilding CXX object CMakeFiles/turtlesim_node.dir/src/turtlesim.cpp.o[0m
[4.300s] [ 80%] [32mBuilding CXX object CMakeFiles/turtlesim_node.dir/src/turtle_frame.cpp.o[0m
[4.300s] [ 80%] [32mBuilding CXX object CMakeFiles/turtlesim_node.dir/src/turtle.cpp.o[0m
[4.511s] [ 81%] [32m[1mLinking CXX shared library libturtlesim__rosidl_typesupport_fastrtps_c.so[0m
[4.552s] [ 82%] [32m[1mLinking CXX shared library libturtlesim__rosidl_typesupport_fastrtps_cpp.so[0m
[4.568s] [ 82%] Built target turtlesim__rosidl_typesupport_fastrtps_c
[4.600s] [ 82%] Built target turtlesim__rosidl_typesupport_fastrtps_cpp
[4.614s] [ 82%] Built target turtlesim
[4.628s] [ 82%] [34m[1mGenerating Python code for ROS interfaces[0m
[5.262s] [ 82%] Built target turtlesim__py
[5.277s] [ 83%] [32mBuilding C object CMakeFiles/turtlesim__rosidl_generator_py.dir/rosidl_generator_py/turtlesim/srv/_teleport_absolute_s.c.o[0m
[5.278s] [ 85%] [32mBuilding C object CMakeFiles/turtlesim__rosidl_generator_py.dir/rosidl_generator_py/turtlesim/action/_rotate_absolute_s.c.o[0m
[5.278s] [ 85%] [32mBuilding C object CMakeFiles/turtlesim__rosidl_generator_py.dir/rosidl_generator_py/turtlesim/msg/_pose_s.c.o[0m
[5.278s] [ 85%] [32mBuilding C object CMakeFiles/turtlesim__rosidl_generator_py.dir/rosidl_generator_py/turtlesim/msg/_color_s.c.o[0m
[5.278s] [ 86%] [32mBuilding C object CMakeFiles/turtlesim__rosidl_generator_py.dir/rosidl_generator_py/turtlesim/srv/_kill_s.c.o[0m
[5.278s] [ 87%] [32mBuilding C object CMakeFiles/turtlesim__rosidl_generator_py.dir/rosidl_generator_py/turtlesim/srv/_set_pen_s.c.o[0m
[5.278s] [ 88%] [32mBuilding C object CMakeFiles/turtlesim__rosidl_generator_py.dir/rosidl_generator_py/turtlesim/srv/_spawn_s.c.o[0m
[5.279s] [ 89%] [32mBuilding C object CMakeFiles/turtlesim__rosidl_generator_py.dir/rosidl_generator_py/turtlesim/srv/_teleport_relative_s.c.o[0m
[5.393s] [ 90%] [32m[1mLinking C shared library libturtlesim__rosidl_generator_py.so[0m
[5.423s] [ 90%] Built target turtlesim__rosidl_generator_py
[5.438s] [ 93%] [32mBuilding C object CMakeFiles/turtlesim_s__rosidl_typesupport_fastrtps_c.dir/rosidl_generator_py/turtlesim/_turtlesim_s.ep.rosidl_typesupport_fastrtps_c.c.o[0m
[5.438s] [ 93%] [32mBuilding C object CMakeFiles/turtlesim_s__rosidl_typesupport_introspection_c.dir/rosidl_generator_py/turtlesim/_turtlesim_s.ep.rosidl_typesupport_introspection_c.c.o[0m
[5.438s] [ 93%] [32mBuilding C object CMakeFiles/turtlesim_s__rosidl_typesupport_c.dir/rosidl_generator_py/turtlesim/_turtlesim_s.ep.rosidl_typesupport_c.c.o[0m
[5.538s] [ 94%] [32m[1mLinking C shared module rosidl_generator_py/turtlesim/turtlesim_s__rosidl_typesupport_introspection_c.so[0m
[5.564s] [ 94%] Built target turtlesim_s__rosidl_typesupport_introspection_c
[5.576s] [ 95%] [32m[1mLinking C shared module rosidl_generator_py/turtlesim/turtlesim_s__rosidl_typesupport_c.so[0m
[5.578s] [ 96%] [32m[1mLinking C shared module rosidl_generator_py/turtlesim/turtlesim_s__rosidl_typesupport_fastrtps_c.so[0m
[5.600s] [ 96%] Built target turtlesim_s__rosidl_typesupport_fastrtps_c
[5.600s] [ 96%] Built target turtlesim_s__rosidl_typesupport_c
[6.849s] [ 97%] [32m[1mLinking CXX executable turtle_teleop_key[0m
[6.955s] [ 97%] Built target turtle_teleop_key
[7.858s] [ 98%] [32m[1mLinking CXX executable mimic[0m
[7.992s] [ 98%] Built target mimic
[8.197s] [ 99%] [32m[1mLinking CXX executable draw_square[0m
[8.347s] [ 99%] Built target draw_square
[9.704s] [100%] [32m[1mLinking CXX executable turtlesim_node[0m
[10.413s] [100%] Built target turtlesim_node
[10.421s] Invoked command in '/home/kelly/ros2_ws/build/turtlesim' returned '0': CMAKE_PREFIX_PATH=${CMAKE_PREFIX_PATH}:/opt/ros/jazzy DEBUGINFOD_URLS=https://debuginfod.ubuntu.com /usr/bin/cmake --build /home/kelly/ros2_ws/build/turtlesim -- -j32 -l32
[10.426s] Invoking command in '/home/kelly/ros2_ws/build/turtlesim': CMAKE_PREFIX_PATH=${CMAKE_PREFIX_PATH}:/opt/ros/jazzy DEBUGINFOD_URLS=https://debuginfod.ubuntu.com /usr/bin/cmake --install /home/kelly/ros2_ws/build/turtlesim
[10.432s] -- Install configuration: ""
[10.433s] -- Installing: /home/kelly/ros2_ws/install/turtlesim/share/ament_index/resource_index/rosidl_interfaces/turtlesim
[10.433s] -- Installing: /home/kelly/ros2_ws/install/turtlesim/share/turtlesim/action/RotateAbsolute.json
[10.433s] -- Installing: /home/kelly/ros2_ws/install/turtlesim/share/turtlesim/msg/Color.json
[10.433s] -- Installing: /home/kelly/ros2_ws/install/turtlesim/share/turtlesim/msg/Pose.json
[10.433s] -- Installing: /home/kelly/ros2_ws/install/turtlesim/share/turtlesim/srv/Kill.json
[10.433s] -- Installing: /home/kelly/ros2_ws/install/turtlesim/share/turtlesim/srv/SetPen.json
[10.433s] -- Installing: /home/kelly/ros2_ws/install/turtlesim/share/turtlesim/srv/Spawn.json
[10.433s] -- Installing: /home/kelly/ros2_ws/install/turtlesim/share/turtlesim/srv/TeleportAbsolute.json
[10.433s] -- Installing: /home/kelly/ros2_ws/install/turtlesim/share/turtlesim/srv/TeleportRelative.json
[10.433s] -- Installing: /home/kelly/ros2_ws/install/turtlesim/include/turtlesim/turtlesim
[10.433s] -- Installing: /home/kelly/ros2_ws/install/turtlesim/include/turtlesim/turtlesim/action
[10.433s] -- Installing: /home/kelly/ros2_ws/install/turtlesim/include/turtlesim/turtlesim/action/detail
[10.433s] -- Installing: /home/kelly/ros2_ws/install/turtlesim/include/turtlesim/turtlesim/action/detail/rotate_absolute__functions.c
[10.434s] -- Installing: /home/kelly/ros2_ws/install/turtlesim/include/turtlesim/turtlesim/action/detail/rotate_absolute__description.c
[10.434s] -- Installing: /home/kelly/ros2_ws/install/turtlesim/include/turtlesim/turtlesim/action/detail/rotate_absolute__functions.h
[10.434s] -- Installing: /home/kelly/ros2_ws/install/turtlesim/include/turtlesim/turtlesim/action/detail/rotate_absolute__type_support.c
[10.434s] -- Installing: /home/kelly/ros2_ws/install/turtlesim/include/turtlesim/turtlesim/action/detail/rotate_absolute__struct.h
[10.434s] -- Installing: /home/kelly/ros2_ws/install/turtlesim/include/turtlesim/turtlesim/action/detail/rotate_absolute__type_support.h
[10.434s] -- Installing: /home/kelly/ros2_ws/install/turtlesim/include/turtlesim/turtlesim/action/rotate_absolute.h
[10.434s] -- Installing: /home/kelly/ros2_ws/install/turtlesim/include/turtlesim/turtlesim/srv
[10.434s] -- Installing: /home/kelly/ros2_ws/install/turtlesim/include/turtlesim/turtlesim/srv/detail
[10.434s] -- Installing: /home/kelly/ros2_ws/install/turtlesim/include/turtlesim/turtlesim/srv/detail/spawn__functions.h
[10.434s] -- Installing: /home/kelly/ros2_ws/install/turtlesim/include/turtlesim/turtlesim/srv/detail/teleport_relative__type_support.c
[10.434s] -- Installing: /home/kelly/ros2_ws/install/turtlesim/include/turtlesim/turtlesim/srv/detail/teleport_relative__type_support.h
[10.434s] -- Installing: /home/kelly/ros2_ws/install/turtlesim/include/turtlesim/turtlesim/srv/detail/teleport_relative__functions.c
[10.434s] -- Installing: /home/kelly/ros2_ws/install/turtlesim/include/turtlesim/turtlesim/srv/detail/set_pen__functions.c
[10.435s] -- Installing: /home/kelly/ros2_ws/install/turtlesim/include/turtlesim/turtlesim/srv/detail/set_pen__functions.h
[10.435s] -- Installing: /home/kelly/ros2_ws/install/turtlesim/include/turtlesim/turtlesim/srv/detail/teleport_absolute__type_support.c
[10.435s] -- Installing: /home/kelly/ros2_ws/install/turtlesim/include/turtlesim/turtlesim/srv/detail/set_pen__struct.h
[10.435s] -- Installing: /home/kelly/ros2_ws/install/turtlesim/include/turtlesim/turtlesim/srv/detail/teleport_relative__struct.h
[10.435s] -- Installing: /home/kelly/ros2_ws/install/turtlesim/include/turtlesim/turtlesim/srv/detail/teleport_absolute__functions.c
[10.435s] -- Installing: /home/kelly/ros2_ws/install/turtlesim/include/turtlesim/turtlesim/srv/detail/kill__type_support.h
[10.435s] -- Installing: /home/kelly/ros2_ws/install/turtlesim/include/turtlesim/turtlesim/srv/detail/set_pen__type_support.c
[10.435s] -- Installing: /home/kelly/ros2_ws/install/turtlesim/include/turtlesim/turtlesim/srv/detail/teleport_relative__description.c
[10.435s] -- Installing: /home/kelly/ros2_ws/install/turtlesim/include/turtlesim/turtlesim/srv/detail/kill__struct.h
[10.435s] -- Installing: /home/kelly/ros2_ws/install/turtlesim/include/turtlesim/turtlesim/srv/detail/teleport_absolute__struct.h
[10.435s] -- Installing: /home/kelly/ros2_ws/install/turtlesim/include/turtlesim/turtlesim/srv/detail/teleport_absolute__type_support.h
[10.435s] -- Installing: /home/kelly/ros2_ws/install/turtlesim/include/turtlesim/turtlesim/srv/detail/teleport_absolute__description.c
[10.435s] -- Installing: /home/kelly/ros2_ws/install/turtlesim/include/turtlesim/turtlesim/srv/detail/set_pen__type_support.h
[10.435s] -- Installing: /home/kelly/ros2_ws/install/turtlesim/include/turtlesim/turtlesim/srv/detail/kill__description.c
[10.435s] -- Installing: /home/kelly/ros2_ws/install/turtlesim/include/turtlesim/turtlesim/srv/detail/spawn__functions.c
[10.436s] -- Installing: /home/kelly/ros2_ws/install/turtlesim/include/turtlesim/turtlesim/srv/detail/kill__functions.c
[10.436s] -- Installing: /home/kelly/ros2_ws/install/turtlesim/include/turtlesim/turtlesim/srv/detail/kill__type_support.c
[10.436s] -- Installing: /home/kelly/ros2_ws/install/turtlesim/include/turtlesim/turtlesim/srv/detail/teleport_absolute__functions.h
[10.436s] -- Installing: /home/kelly/ros2_ws/install/turtlesim/include/turtlesim/turtlesim/srv/detail/set_pen__description.c
[10.436s] -- Installing: /home/kelly/ros2_ws/install/turtlesim/include/turtlesim/turtlesim/srv/detail/spawn__type_support.c
[10.436s] -- Installing: /home/kelly/ros2_ws/install/turtlesim/include/turtlesim/turtlesim/srv/detail/spawn__struct.h
[10.436s] -- Installing: /home/kelly/ros2_ws/install/turtlesim/include/turtlesim/turtlesim/srv/detail/spawn__type_support.h
[10.436s] -- Installing: /home/kelly/ros2_ws/install/turtlesim/include/turtlesim/turtlesim/srv/detail/teleport_relative__functions.h
[10.436s] -- Installing: /home/kelly/ros2_ws/install/turtlesim/include/turtlesim/turtlesim/srv/detail/kill__functions.h
[10.436s] -- Installing: /home/kelly/ros2_ws/install/turtlesim/include/turtlesim/turtlesim/srv/detail/spawn__description.c
[10.436s] -- Installing: /home/kelly/ros2_ws/install/turtlesim/include/turtlesim/turtlesim/srv/teleport_absolute.h
[10.436s] -- Installing: /home/kelly/ros2_ws/install/turtlesim/include/turtlesim/turtlesim/srv/spawn.h
[10.436s] -- Installing: /home/kelly/ros2_ws/install/turtlesim/include/turtlesim/turtlesim/srv/teleport_relative.h
[10.437s] -- Installing: /home/kelly/ros2_ws/install/turtlesim/include/turtlesim/turtlesim/srv/set_pen.h
[10.437s] -- Installing: /home/kelly/ros2_ws/install/turtlesim/include/turtlesim/turtlesim/srv/kill.h
[10.437s] -- Installing: /home/kelly/ros2_ws/install/turtlesim/include/turtlesim/turtlesim/msg
[10.437s] -- Installing: /home/kelly/ros2_ws/install/turtlesim/include/turtlesim/turtlesim/msg/detail
[10.437s] -- Installing: /home/kelly/ros2_ws/install/turtlesim/include/turtlesim/turtlesim/msg/detail/pose__struct.h
[10.437s] -- Installing: /home/kelly/ros2_ws/install/turtlesim/include/turtlesim/turtlesim/msg/detail/color__struct.h
[10.437s] -- Installing: /home/kelly/ros2_ws/install/turtlesim/include/turtlesim/turtlesim/msg/detail/color__type_support.h
[10.437s] -- Installing: /home/kelly/ros2_ws/install/turtlesim/include/turtlesim/turtlesim/msg/detail/color__type_support.c
[10.437s] -- Installing: /home/kelly/ros2_ws/install/turtlesim/include/turtlesim/turtlesim/msg/detail/pose__type_support.h
[10.437s] -- Installing: /home/kelly/ros2_ws/install/turtlesim/include/turtlesim/turtlesim/msg/detail/pose__functions.h
[10.437s] -- Installing: /home/kelly/ros2_ws/install/turtlesim/include/turtlesim/turtlesim/msg/detail/color__functions.c
[10.437s] -- Installing: /home/kelly/ros2_ws/install/turtlesim/include/turtlesim/turtlesim/msg/detail/pose__functions.c
[10.437s] -- Installing: /home/kelly/ros2_ws/install/turtlesim/include/turtlesim/turtlesim/msg/detail/pose__description.c
[10.437s] -- Installing: /home/kelly/ros2_ws/install/turtlesim/include/turtlesim/turtlesim/msg/detail/color__functions.h
[10.438s] -- Installing: /home/kelly/ros2_ws/install/turtlesim/include/turtlesim/turtlesim/msg/detail/pose__type_support.c
[10.438s] -- Installing: /home/kelly/ros2_ws/install/turtlesim/include/turtlesim/turtlesim/msg/detail/color__description.c
[10.438s] -- Installing: /home/kelly/ros2_ws/install/turtlesim/include/turtlesim/turtlesim/msg/pose.h
[10.438s] -- Installing: /home/kelly/ros2_ws/install/turtlesim/include/turtlesim/turtlesim/msg/rosidl_generator_c__visibility_control.h
[10.438s] -- Installing: /home/kelly/ros2_ws/install/turtlesim/include/turtlesim/turtlesim/msg/color.h
[10.438s] -- Installing: /home/kelly/ros2_ws/install/turtlesim/share/turtlesim/environment/library_path.sh
[10.438s] -- Installing: /home/kelly/ros2_ws/install/turtlesim/share/turtlesim/environment/library_path.dsv
[10.438s] -- Installing: /home/kelly/ros2_ws/install/turtlesim/lib/libturtlesim__rosidl_generator_c.so
[10.438s] -- Set non-toolchain portion of runtime path of "/home/kelly/ros2_ws/install/turtlesim/lib/libturtlesim__rosidl_generator_c.so" to ""
[10.438s] -- Up-to-date: /home/kelly/ros2_ws/install/turtlesim/include/turtlesim/turtlesim
[10.438s] -- Up-to-date: /home/kelly/ros2_ws/install/turtlesim/include/turtlesim/turtlesim/action
[10.438s] -- Up-to-date: /home/kelly/ros2_ws/install/turtlesim/include/turtlesim/turtlesim/action/detail
[10.439s] -- Installing: /home/kelly/ros2_ws/install/turtlesim/include/turtlesim/turtlesim/action/detail/rotate_absolute__rosidl_typesupport_fastrtps_c.h
[10.439s] -- Up-to-date: /home/kelly/ros2_ws/install/turtlesim/include/turtlesim/turtlesim/srv
[10.439s] -- Up-to-date: /home/kelly/ros2_ws/install/turtlesim/include/turtlesim/turtlesim/srv/detail
[10.439s] -- Installing: /home/kelly/ros2_ws/install/turtlesim/include/turtlesim/turtlesim/srv/detail/teleport_relative__rosidl_typesupport_fastrtps_c.h
[10.439s] -- Installing: /home/kelly/ros2_ws/install/turtlesim/include/turtlesim/turtlesim/srv/detail/kill__rosidl_typesupport_fastrtps_c.h
[10.439s] -- Installing: /home/kelly/ros2_ws/install/turtlesim/include/turtlesim/turtlesim/srv/detail/teleport_absolute__rosidl_typesupport_fastrtps_c.h
[10.439s] -- Installing: /home/kelly/ros2_ws/install/turtlesim/include/turtlesim/turtlesim/srv/detail/set_pen__rosidl_typesupport_fastrtps_c.h
[10.439s] -- Installing: /home/kelly/ros2_ws/install/turtlesim/include/turtlesim/turtlesim/srv/detail/spawn__rosidl_typesupport_fastrtps_c.h
[10.439s] -- Up-to-date: /home/kelly/ros2_ws/install/turtlesim/include/turtlesim/turtlesim/msg
[10.439s] -- Up-to-date: /home/kelly/ros2_ws/install/turtlesim/include/turtlesim/turtlesim/msg/detail
[10.439s] -- Installing: /home/kelly/ros2_ws/install/turtlesim/include/turtlesim/turtlesim/msg/detail/pose__rosidl_typesupport_fastrtps_c.h
[10.439s] -- Installing: /home/kelly/ros2_ws/install/turtlesim/include/turtlesim/turtlesim/msg/detail/color__rosidl_typesupport_fastrtps_c.h
[10.439s] -- Installing: /home/kelly/ros2_ws/install/turtlesim/include/turtlesim/turtlesim/msg/rosidl_typesupport_fastrtps_c__visibility_control.h
[10.440s] -- Installing: /home/kelly/ros2_ws/install/turtlesim/lib/libturtlesim__rosidl_typesupport_fastrtps_c.so
[10.440s] -- Set non-toolchain portion of runtime path of "/home/kelly/ros2_ws/install/turtlesim/lib/libturtlesim__rosidl_typesupport_fastrtps_c.so" to ""
[10.440s] -- Up-to-date: /home/kelly/ros2_ws/install/turtlesim/include/turtlesim/turtlesim
[10.440s] -- Up-to-date: /home/kelly/ros2_ws/install/turtlesim/include/turtlesim/turtlesim/action
[10.440s] -- Up-to-date: /home/kelly/ros2_ws/install/turtlesim/include/turtlesim/turtlesim/action/detail
[10.440s] -- Installing: /home/kelly/ros2_ws/install/turtlesim/include/turtlesim/turtlesim/action/detail/rotate_absolute__traits.hpp
[10.440s] -- Installing: /home/kelly/ros2_ws/install/turtlesim/include/turtlesim/turtlesim/action/detail/rotate_absolute__struct.hpp
[10.440s] -- Installing: /home/kelly/ros2_ws/install/turtlesim/include/turtlesim/turtlesim/action/detail/rotate_absolute__type_support.hpp
[10.440s] -- Installing: /home/kelly/ros2_ws/install/turtlesim/include/turtlesim/turtlesim/action/detail/rotate_absolute__builder.hpp
[10.440s] -- Installing: /home/kelly/ros2_ws/install/turtlesim/include/turtlesim/turtlesim/action/rotate_absolute.hpp
[10.440s] -- Up-to-date: /home/kelly/ros2_ws/install/turtlesim/include/turtlesim/turtlesim/srv
[10.440s] -- Installing: /home/kelly/ros2_ws/install/turtlesim/include/turtlesim/turtlesim/srv/set_pen.hpp
[10.440s] -- Installing: /home/kelly/ros2_ws/install/turtlesim/include/turtlesim/turtlesim/srv/teleport_relative.hpp
[10.440s] -- Up-to-date: /home/kelly/ros2_ws/install/turtlesim/include/turtlesim/turtlesim/srv/detail
[10.440s] -- Installing: /home/kelly/ros2_ws/install/turtlesim/include/turtlesim/turtlesim/srv/detail/teleport_absolute__struct.hpp
[10.440s] -- Installing: /home/kelly/ros2_ws/install/turtlesim/include/turtlesim/turtlesim/srv/detail/set_pen__builder.hpp
[10.440s] -- Installing: /home/kelly/ros2_ws/install/turtlesim/include/turtlesim/turtlesim/srv/detail/set_pen__type_support.hpp
[10.441s] -- Installing: /home/kelly/ros2_ws/install/turtlesim/include/turtlesim/turtlesim/srv/detail/spawn__builder.hpp
[10.441s] -- Installing: /home/kelly/ros2_ws/install/turtlesim/include/turtlesim/turtlesim/srv/detail/teleport_absolute__type_support.hpp
[10.441s] -- Installing: /home/kelly/ros2_ws/install/turtlesim/include/turtlesim/turtlesim/srv/detail/spawn__type_support.hpp
[10.441s] -- Installing: /home/kelly/ros2_ws/install/turtlesim/include/turtlesim/turtlesim/srv/detail/kill__builder.hpp
[10.441s] -- Installing: /home/kelly/ros2_ws/install/turtlesim/include/turtlesim/turtlesim/srv/detail/kill__struct.hpp
[10.441s] -- Installing: /home/kelly/ros2_ws/install/turtlesim/include/turtlesim/turtlesim/srv/detail/set_pen__traits.hpp
[10.441s] -- Installing: /home/kelly/ros2_ws/install/turtlesim/include/turtlesim/turtlesim/srv/detail/spawn__struct.hpp
[10.441s] -- Installing: /home/kelly/ros2_ws/install/turtlesim/include/turtlesim/turtlesim/srv/detail/teleport_absolute__builder.hpp
[10.441s] -- Installing: /home/kelly/ros2_ws/install/turtlesim/include/turtlesim/turtlesim/srv/detail/kill__type_support.hpp
[10.441s] -- Installing: /home/kelly/ros2_ws/install/turtlesim/include/turtlesim/turtlesim/srv/detail/teleport_relative__builder.hpp
[10.441s] -- Installing: /home/kelly/ros2_ws/install/turtlesim/include/turtlesim/turtlesim/srv/detail/teleport_relative__traits.hpp
[10.441s] -- Installing: /home/kelly/ros2_ws/install/turtlesim/include/turtlesim/turtlesim/srv/detail/spawn__traits.hpp
[10.441s] -- Installing: /home/kelly/ros2_ws/install/turtlesim/include/turtlesim/turtlesim/srv/detail/teleport_relative__struct.hpp
[10.441s] -- Installing: /home/kelly/ros2_ws/install/turtlesim/include/turtlesim/turtlesim/srv/detail/teleport_absolute__traits.hpp
[10.441s] -- Installing: /home/kelly/ros2_ws/install/turtlesim/include/turtlesim/turtlesim/srv/detail/kill__traits.hpp
[10.441s] -- Installing: /home/kelly/ros2_ws/install/turtlesim/include/turtlesim/turtlesim/srv/detail/set_pen__struct.hpp
[10.441s] -- Installing: /home/kelly/ros2_ws/install/turtlesim/include/turtlesim/turtlesim/srv/detail/teleport_relative__type_support.hpp
[10.441s] -- Installing: /home/kelly/ros2_ws/install/turtlesim/include/turtlesim/turtlesim/srv/teleport_absolute.hpp
[10.442s] -- Installing: /home/kelly/ros2_ws/install/turtlesim/include/turtlesim/turtlesim/srv/spawn.hpp
[10.442s] -- Installing: /home/kelly/ros2_ws/install/turtlesim/include/turtlesim/turtlesim/srv/kill.hpp
[10.442s] -- Up-to-date: /home/kelly/ros2_ws/install/turtlesim/include/turtlesim/turtlesim/msg
[10.442s] -- Up-to-date: /home/kelly/ros2_ws/install/turtlesim/include/turtlesim/turtlesim/msg/detail
[10.442s] -- Installing: /home/kelly/ros2_ws/install/turtlesim/include/turtlesim/turtlesim/msg/detail/color__struct.hpp
[10.442s] -- Installing: /home/kelly/ros2_ws/install/turtlesim/include/turtlesim/turtlesim/msg/detail/pose__builder.hpp
[10.442s] -- Installing: /home/kelly/ros2_ws/install/turtlesim/include/turtlesim/turtlesim/msg/detail/color__traits.hpp
[10.442s] -- Installing: /home/kelly/ros2_ws/install/turtlesim/include/turtlesim/turtlesim/msg/detail/pose__type_support.hpp
[10.442s] -- Installing: /home/kelly/ros2_ws/install/turtlesim/include/turtlesim/turtlesim/msg/detail/color__type_support.hpp
[10.442s] -- Installing: /home/kelly/ros2_ws/install/turtlesim/include/turtlesim/turtlesim/msg/detail/color__builder.hpp
[10.442s] -- Installing: /home/kelly/ros2_ws/install/turtlesim/include/turtlesim/turtlesim/msg/detail/pose__struct.hpp
[10.442s] -- Installing: /home/kelly/ros2_ws/install/turtlesim/include/turtlesim/turtlesim/msg/detail/pose__traits.hpp
[10.442s] -- Installing: /home/kelly/ros2_ws/install/turtlesim/include/turtlesim/turtlesim/msg/rosidl_generator_cpp__visibility_control.hpp
[10.442s] -- Installing: /home/kelly/ros2_ws/install/turtlesim/include/turtlesim/turtlesim/msg/pose.hpp
[10.442s] -- Installing: /home/kelly/ros2_ws/install/turtlesim/include/turtlesim/turtlesim/msg/color.hpp
[10.442s] -- Up-to-date: /home/kelly/ros2_ws/install/turtlesim/include/turtlesim/turtlesim
[10.442s] -- Up-to-date: /home/kelly/ros2_ws/install/turtlesim/include/turtlesim/turtlesim/action
[10.442s] -- Up-to-date: /home/kelly/ros2_ws/install/turtlesim/include/turtlesim/turtlesim/action/detail
[10.442s] -- Installing: /home/kelly/ros2_ws/install/turtlesim/include/turtlesim/turtlesim/action/detail/rotate_absolute__rosidl_typesupport_fastrtps_cpp.hpp
[10.443s] -- Installing: /home/kelly/ros2_ws/install/turtlesim/include/turtlesim/turtlesim/action/detail/dds_fastrtps
[10.443s] -- Up-to-date: /home/kelly/ros2_ws/install/turtlesim/include/turtlesim/turtlesim/srv
[10.443s] -- Up-to-date: /home/kelly/ros2_ws/install/turtlesim/include/turtlesim/turtlesim/srv/detail
[10.443s] -- Installing: /home/kelly/ros2_ws/install/turtlesim/include/turtlesim/turtlesim/srv/detail/set_pen__rosidl_typesupport_fastrtps_cpp.hpp
[10.443s] -- Installing: /home/kelly/ros2_ws/install/turtlesim/include/turtlesim/turtlesim/srv/detail/kill__rosidl_typesupport_fastrtps_cpp.hpp
[10.443s] -- Installing: /home/kelly/ros2_ws/install/turtlesim/include/turtlesim/turtlesim/srv/detail/teleport_relative__rosidl_typesupport_fastrtps_cpp.hpp
[10.443s] -- Installing: /home/kelly/ros2_ws/install/turtlesim/include/turtlesim/turtlesim/srv/detail/spawn__rosidl_typesupport_fastrtps_cpp.hpp
[10.443s] -- Installing: /home/kelly/ros2_ws/install/turtlesim/include/turtlesim/turtlesim/srv/detail/teleport_absolute__rosidl_typesupport_fastrtps_cpp.hpp
[10.443s] -- Installing: /home/kelly/ros2_ws/install/turtlesim/include/turtlesim/turtlesim/srv/detail/dds_fastrtps
[10.443s] -- Up-to-date: /home/kelly/ros2_ws/install/turtlesim/include/turtlesim/turtlesim/msg
[10.443s] -- Up-to-date: /home/kelly/ros2_ws/install/turtlesim/include/turtlesim/turtlesim/msg/detail
[10.443s] -- Installing: /home/kelly/ros2_ws/install/turtlesim/include/turtlesim/turtlesim/msg/detail/color__rosidl_typesupport_fastrtps_cpp.hpp
[10.443s] -- Installing: /home/kelly/ros2_ws/install/turtlesim/include/turtlesim/turtlesim/msg/detail/pose__rosidl_typesupport_fastrtps_cpp.hpp
[10.443s] -- Installing: /home/kelly/ros2_ws/install/turtlesim/include/turtlesim/turtlesim/msg/detail/dds_fastrtps
[10.443s] -- Installing: /home/kelly/ros2_ws/install/turtlesim/include/turtlesim/turtlesim/msg/rosidl_typesupport_fastrtps_cpp__visibility_control.h
[10.443s] -- Installing: /home/kelly/ros2_ws/install/turtlesim/lib/libturtlesim__rosidl_typesupport_fastrtps_cpp.so
[10.443s] -- Set non-toolchain portion of runtime path of "/home/kelly/ros2_ws/install/turtlesim/lib/libturtlesim__rosidl_typesupport_fastrtps_cpp.so" to ""
[10.443s] -- Up-to-date: /home/kelly/ros2_ws/install/turtlesim/include/turtlesim/turtlesim
[10.443s] -- Up-to-date: /home/kelly/ros2_ws/install/turtlesim/include/turtlesim/turtlesim/action
[10.443s] -- Up-to-date: /home/kelly/ros2_ws/install/turtlesim/include/turtlesim/turtlesim/action/detail
[10.444s] -- Up-to-date: /home/kelly/ros2_ws/install/turtlesim/include/turtlesim/turtlesim/action/detail/rotate_absolute__type_support.c
[10.444s] -- Installing: /home/kelly/ros2_ws/install/turtlesim/include/turtlesim/turtlesim/action/detail/rotate_absolute__rosidl_typesupport_introspection_c.h
[10.444s] -- Up-to-date: /home/kelly/ros2_ws/install/turtlesim/include/turtlesim/turtlesim/srv
[10.444s] -- Up-to-date: /home/kelly/ros2_ws/install/turtlesim/include/turtlesim/turtlesim/srv/detail
[10.444s] -- Installing: /home/kelly/ros2_ws/install/turtlesim/include/turtlesim/turtlesim/srv/detail/teleport_absolute__rosidl_typesupport_introspection_c.h
[10.444s] -- Up-to-date: /home/kelly/ros2_ws/install/turtlesim/include/turtlesim/turtlesim/srv/detail/teleport_relative__type_support.c
[10.444s] -- Installing: /home/kelly/ros2_ws/install/turtlesim/include/turtlesim/turtlesim/srv/detail/teleport_relative__rosidl_typesupport_introspection_c.h
[10.444s] -- Installing: /home/kelly/ros2_ws/install/turtlesim/include/turtlesim/turtlesim/srv/detail/spawn__rosidl_typesupport_introspection_c.h
[10.444s] -- Up-to-date: /home/kelly/ros2_ws/install/turtlesim/include/turtlesim/turtlesim/srv/detail/teleport_absolute__type_support.c
[10.444s] -- Installing: /home/kelly/ros2_ws/install/turtlesim/include/turtlesim/turtlesim/srv/detail/set_pen__rosidl_typesupport_introspection_c.h
[10.444s] -- Up-to-date: /home/kelly/ros2_ws/install/turtlesim/include/turtlesim/turtlesim/srv/detail/set_pen__type_support.c
[10.444s] -- Up-to-date: /home/kelly/ros2_ws/install/turtlesim/include/turtlesim/turtlesim/srv/detail/kill__type_support.c
[10.444s] -- Up-to-date: /home/kelly/ros2_ws/install/turtlesim/include/turtlesim/turtlesim/srv/detail/spawn__type_support.c
[10.444s] -- Installing: /home/kelly/ros2_ws/install/turtlesim/include/turtlesim/turtlesim/srv/detail/kill__rosidl_typesupport_introspection_c.h
[10.444s] -- Up-to-date: /home/kelly/ros2_ws/install/turtlesim/include/turtlesim/turtlesim/msg
[10.444s] -- Up-to-date: /home/kelly/ros2_ws/install/turtlesim/include/turtlesim/turtlesim/msg/detail
[10.444s] -- Up-to-date: /home/kelly/ros2_ws/install/turtlesim/include/turtlesim/turtlesim/msg/detail/color__type_support.c
[10.444s] -- Installing: /home/kelly/ros2_ws/install/turtlesim/include/turtlesim/turtlesim/msg/detail/pose__rosidl_typesupport_introspection_c.h
[10.444s] -- Installing: /home/kelly/ros2_ws/install/turtlesim/include/turtlesim/turtlesim/msg/detail/color__rosidl_typesupport_introspection_c.h
[10.444s] -- Up-to-date: /home/kelly/ros2_ws/install/turtlesim/include/turtlesim/turtlesim/msg/detail/pose__type_support.c
[10.444s] -- Installing: /home/kelly/ros2_ws/install/turtlesim/include/turtlesim/turtlesim/msg/rosidl_typesupport_introspection_c__visibility_control.h
[10.444s] -- Installing: /home/kelly/ros2_ws/install/turtlesim/lib/libturtlesim__rosidl_typesupport_introspection_c.so
[10.444s] -- Set non-toolchain portion of runtime path of "/home/kelly/ros2_ws/install/turtlesim/lib/libturtlesim__rosidl_typesupport_introspection_c.so" to ""
[10.444s] -- Installing: /home/kelly/ros2_ws/install/turtlesim/lib/libturtlesim__rosidl_typesupport_c.so
[10.445s] -- Set non-toolchain portion of runtime path of "/home/kelly/ros2_ws/install/turtlesim/lib/libturtlesim__rosidl_typesupport_c.so" to ""
[10.445s] -- Up-to-date: /home/kelly/ros2_ws/install/turtlesim/include/turtlesim/turtlesim
[10.445s] -- Up-to-date: /home/kelly/ros2_ws/install/turtlesim/include/turtlesim/turtlesim/action
[10.445s] -- Up-to-date: /home/kelly/ros2_ws/install/turtlesim/include/turtlesim/turtlesim/action/detail
[10.445s] -- Installing: /home/kelly/ros2_ws/install/turtlesim/include/turtlesim/turtlesim/action/detail/rotate_absolute__type_support.cpp
[10.445s] -- Installing: /home/kelly/ros2_ws/install/turtlesim/include/turtlesim/turtlesim/action/detail/rotate_absolute__rosidl_typesupport_introspection_cpp.hpp
[10.445s] -- Up-to-date: /home/kelly/ros2_ws/install/turtlesim/include/turtlesim/turtlesim/srv
[10.445s] -- Up-to-date: /home/kelly/ros2_ws/install/turtlesim/include/turtlesim/turtlesim/srv/detail
[10.445s] -- Installing: /home/kelly/ros2_ws/install/turtlesim/include/turtlesim/turtlesim/srv/detail/spawn__type_support.cpp
[10.445s] -- Installing: /home/kelly/ros2_ws/install/turtlesim/include/turtlesim/turtlesim/srv/detail/spawn__rosidl_typesupport_introspection_cpp.hpp
[10.445s] -- Installing: /home/kelly/ros2_ws/install/turtlesim/include/turtlesim/turtlesim/srv/detail/set_pen__rosidl_typesupport_introspection_cpp.hpp
[10.445s] -- Installing: /home/kelly/ros2_ws/install/turtlesim/include/turtlesim/turtlesim/srv/detail/teleport_absolute__rosidl_typesupport_introspection_cpp.hpp
[10.445s] -- Installing: /home/kelly/ros2_ws/install/turtlesim/include/turtlesim/turtlesim/srv/detail/kill__rosidl_typesupport_introspection_cpp.hpp
[10.445s] -- Installing: /home/kelly/ros2_ws/install/turtlesim/include/turtlesim/turtlesim/srv/detail/kill__type_support.cpp
[10.445s] -- Installing: /home/kelly/ros2_ws/install/turtlesim/include/turtlesim/turtlesim/srv/detail/teleport_absolute__type_support.cpp
[10.445s] -- Installing: /home/kelly/ros2_ws/install/turtlesim/include/turtlesim/turtlesim/srv/detail/set_pen__type_support.cpp
[10.445s] -- Installing: /home/kelly/ros2_ws/install/turtlesim/include/turtlesim/turtlesim/srv/detail/teleport_relative__type_support.cpp
[10.445s] -- Installing: /home/kelly/ros2_ws/install/turtlesim/include/turtlesim/turtlesim/srv/detail/teleport_relative__rosidl_typesupport_introspection_cpp.hpp
[10.445s] -- Up-to-date: /home/kelly/ros2_ws/install/turtlesim/include/turtlesim/turtlesim/msg
[10.445s] -- Up-to-date: /home/kelly/ros2_ws/install/turtlesim/include/turtlesim/turtlesim/msg/detail
[10.445s] -- Installing: /home/kelly/ros2_ws/install/turtlesim/include/turtlesim/turtlesim/msg/detail/pose__rosidl_typesupport_introspection_cpp.hpp
[10.445s] -- Installing: /home/kelly/ros2_ws/install/turtlesim/include/turtlesim/turtlesim/msg/detail/color__rosidl_typesupport_introspection_cpp.hpp
[10.445s] -- Installing: /home/kelly/ros2_ws/install/turtlesim/include/turtlesim/turtlesim/msg/detail/pose__type_support.cpp
[10.445s] -- Installing: /home/kelly/ros2_ws/install/turtlesim/include/turtlesim/turtlesim/msg/detail/color__type_support.cpp
[10.445s] -- Installing: /home/kelly/ros2_ws/install/turtlesim/lib/libturtlesim__rosidl_typesupport_introspection_cpp.so
[10.445s] -- Set non-toolchain portion of runtime path of "/home/kelly/ros2_ws/install/turtlesim/lib/libturtlesim__rosidl_typesupport_introspection_cpp.so" to ""
[10.445s] -- Installing: /home/kelly/ros2_ws/install/turtlesim/lib/libturtlesim__rosidl_typesupport_cpp.so
[10.445s] -- Set non-toolchain portion of runtime path of "/home/kelly/ros2_ws/install/turtlesim/lib/libturtlesim__rosidl_typesupport_cpp.so" to ""
[10.445s] -- Installing: /home/kelly/ros2_ws/install/turtlesim/share/turtlesim/environment/pythonpath.sh
[10.445s] -- Installing: /home/kelly/ros2_ws/install/turtlesim/share/turtlesim/environment/pythonpath.dsv
[10.445s] -- Installing: /home/kelly/ros2_ws/install/turtlesim/lib/python3.12/site-packages/turtlesim-1.8.3-py3.12.egg-info
[10.445s] -- Installing: /home/kelly/ros2_ws/install/turtlesim/lib/python3.12/site-packages/turtlesim-1.8.3-py3.12.egg-info/dependency_links.txt
[10.445s] -- Installing: /home/kelly/ros2_ws/install/turtlesim/lib/python3.12/site-packages/turtlesim-1.8.3-py3.12.egg-info/top_level.txt
[10.445s] -- Installing: /home/kelly/ros2_ws/install/turtlesim/lib/python3.12/site-packages/turtlesim-1.8.3-py3.12.egg-info/SOURCES.txt
[10.446s] -- Installing: /home/kelly/ros2_ws/install/turtlesim/lib/python3.12/site-packages/turtlesim-1.8.3-py3.12.egg-info/PKG-INFO
[10.446s] -- Installing: /home/kelly/ros2_ws/install/turtlesim/lib/python3.12/site-packages/turtlesim
[10.446s] -- Installing: /home/kelly/ros2_ws/install/turtlesim/lib/python3.12/site-packages/turtlesim/turtlesim_s__rosidl_typesupport_fastrtps_c.so
[10.446s] -- Installing: /home/kelly/ros2_ws/install/turtlesim/lib/python3.12/site-packages/turtlesim/action
[10.446s] -- Installing: /home/kelly/ros2_ws/install/turtlesim/lib/python3.12/site-packages/turtlesim/action/_rotate_absolute.py
[10.446s] -- Installing: /home/kelly/ros2_ws/install/turtlesim/lib/python3.12/site-packages/turtlesim/action/_rotate_absolute_s.c
[10.446s] -- Installing: /home/kelly/ros2_ws/install/turtlesim/lib/python3.12/site-packages/turtlesim/action/__init__.py
[10.446s] -- Installing: /home/kelly/ros2_ws/install/turtlesim/lib/python3.12/site-packages/turtlesim/_turtlesim_s.ep.rosidl_typesupport_c.c
[10.446s] -- Installing: /home/kelly/ros2_ws/install/turtlesim/lib/python3.12/site-packages/turtlesim/_turtlesim_s.ep.rosidl_typesupport_fastrtps_c.c
[10.446s] -- Installing: /home/kelly/ros2_ws/install/turtlesim/lib/python3.12/site-packages/turtlesim/_turtlesim_s.ep.rosidl_typesupport_introspection_c.c
[10.446s] -- Installing: /home/kelly/ros2_ws/install/turtlesim/lib/python3.12/site-packages/turtlesim/turtlesim_s__rosidl_typesupport_introspection_c.so
[10.446s] -- Installing: /home/kelly/ros2_ws/install/turtlesim/lib/python3.12/site-packages/turtlesim/__init__.py
[10.446s] -- Installing: /home/kelly/ros2_ws/install/turtlesim/lib/python3.12/site-packages/turtlesim/turtlesim_s__rosidl_typesupport_c.so
[10.446s] -- Installing: /home/kelly/ros2_ws/install/turtlesim/lib/python3.12/site-packages/turtlesim/srv
[10.446s] -- Installing: /home/kelly/ros2_ws/install/turtlesim/lib/python3.12/site-packages/turtlesim/srv/_kill.py
[10.446s] -- Installing: /home/kelly/ros2_ws/install/turtlesim/lib/python3.12/site-packages/turtlesim/srv/_spawn.py
[10.446s] -- Installing: /home/kelly/ros2_ws/install/turtlesim/lib/python3.12/site-packages/turtlesim/srv/_set_pen_s.c
[10.446s] -- Installing: /home/kelly/ros2_ws/install/turtlesim/lib/python3.12/site-packages/turtlesim/srv/_set_pen.py
[10.446s] -- Installing: /home/kelly/ros2_ws/install/turtlesim/lib/python3.12/site-packages/turtlesim/srv/_kill_s.c
[10.446s] -- Installing: /home/kelly/ros2_ws/install/turtlesim/lib/python3.12/site-packages/turtlesim/srv/_teleport_absolute.py
[10.446s] -- Installing: /home/kelly/ros2_ws/install/turtlesim/lib/python3.12/site-packages/turtlesim/srv/_teleport_relative.py
[10.446s] -- Installing: /home/kelly/ros2_ws/install/turtlesim/lib/python3.12/site-packages/turtlesim/srv/_spawn_s.c
[10.446s] -- Installing: /home/kelly/ros2_ws/install/turtlesim/lib/python3.12/site-packages/turtlesim/srv/_teleport_absolute_s.c
[10.446s] -- Installing: /home/kelly/ros2_ws/install/turtlesim/lib/python3.12/site-packages/turtlesim/srv/__init__.py
[10.446s] -- Installing: /home/kelly/ros2_ws/install/turtlesim/lib/python3.12/site-packages/turtlesim/srv/_teleport_relative_s.c
[10.446s] -- Installing: /home/kelly/ros2_ws/install/turtlesim/lib/python3.12/site-packages/turtlesim/msg
[10.446s] -- Installing: /home/kelly/ros2_ws/install/turtlesim/lib/python3.12/site-packages/turtlesim/msg/_pose_s.c
[10.446s] -- Installing: /home/kelly/ros2_ws/install/turtlesim/lib/python3.12/site-packages/turtlesim/msg/_color_s.c
[10.446s] -- Installing: /home/kelly/ros2_ws/install/turtlesim/lib/python3.12/site-packages/turtlesim/msg/_color.py
[10.446s] -- Installing: /home/kelly/ros2_ws/install/turtlesim/lib/python3.12/site-packages/turtlesim/msg/_pose.py
[10.446s] -- Installing: /home/kelly/ros2_ws/install/turtlesim/lib/python3.12/site-packages/turtlesim/msg/__init__.py
[10.488s] Listing '/home/kelly/ros2_ws/install/turtlesim/lib/python3.12/site-packages/turtlesim'...
[10.488s] Compiling '/home/kelly/ros2_ws/install/turtlesim/lib/python3.12/site-packages/turtlesim/__init__.py'...
[10.488s] Listing '/home/kelly/ros2_ws/install/turtlesim/lib/python3.12/site-packages/turtlesim/action'...
[10.488s] Compiling '/home/kelly/ros2_ws/install/turtlesim/lib/python3.12/site-packages/turtlesim/action/__init__.py'...
[10.488s] Compiling '/home/kelly/ros2_ws/install/turtlesim/lib/python3.12/site-packages/turtlesim/action/_rotate_absolute.py'...
[10.488s] Listing '/home/kelly/ros2_ws/install/turtlesim/lib/python3.12/site-packages/turtlesim/msg'...
[10.488s] Compiling '/home/kelly/ros2_ws/install/turtlesim/lib/python3.12/site-packages/turtlesim/msg/__init__.py'...
[10.488s] Compiling '/home/kelly/ros2_ws/install/turtlesim/lib/python3.12/site-packages/turtlesim/msg/_color.py'...
[10.488s] Compiling '/home/kelly/ros2_ws/install/turtlesim/lib/python3.12/site-packages/turtlesim/msg/_pose.py'...
[10.488s] Listing '/home/kelly/ros2_ws/install/turtlesim/lib/python3.12/site-packages/turtlesim/srv'...
[10.488s] Compiling '/home/kelly/ros2_ws/install/turtlesim/lib/python3.12/site-packages/turtlesim/srv/__init__.py'...
[10.488s] Compiling '/home/kelly/ros2_ws/install/turtlesim/lib/python3.12/site-packages/turtlesim/srv/_kill.py'...
[10.488s] Compiling '/home/kelly/ros2_ws/install/turtlesim/lib/python3.12/site-packages/turtlesim/srv/_set_pen.py'...
[10.488s] Compiling '/home/kelly/ros2_ws/install/turtlesim/lib/python3.12/site-packages/turtlesim/srv/_spawn.py'...
[10.488s] Compiling '/home/kelly/ros2_ws/install/turtlesim/lib/python3.12/site-packages/turtlesim/srv/_teleport_absolute.py'...
[10.488s] Compiling '/home/kelly/ros2_ws/install/turtlesim/lib/python3.12/site-packages/turtlesim/srv/_teleport_relative.py'...
[10.491s] -- Installing: /home/kelly/ros2_ws/install/turtlesim/lib/python3.12/site-packages/turtlesim/turtlesim_s__rosidl_typesupport_fastrtps_c.so
[10.491s] -- Set non-toolchain portion of runtime path of "/home/kelly/ros2_ws/install/turtlesim/lib/python3.12/site-packages/turtlesim/turtlesim_s__rosidl_typesupport_fastrtps_c.so" to ""
[10.491s] -- Installing: /home/kelly/ros2_ws/install/turtlesim/lib/python3.12/site-packages/turtlesim/turtlesim_s__rosidl_typesupport_introspection_c.so
[10.491s] -- Set non-toolchain portion of runtime path of "/home/kelly/ros2_ws/install/turtlesim/lib/python3.12/site-packages/turtlesim/turtlesim_s__rosidl_typesupport_introspection_c.so" to ""
[10.491s] -- Installing: /home/kelly/ros2_ws/install/turtlesim/lib/python3.12/site-packages/turtlesim/turtlesim_s__rosidl_typesupport_c.so
[10.491s] -- Set non-toolchain portion of runtime path of "/home/kelly/ros2_ws/install/turtlesim/lib/python3.12/site-packages/turtlesim/turtlesim_s__rosidl_typesupport_c.so" to ""
[10.491s] -- Installing: /home/kelly/ros2_ws/install/turtlesim/lib/libturtlesim__rosidl_generator_py.so
[10.491s] -- Set non-toolchain portion of runtime path of "/home/kelly/ros2_ws/install/turtlesim/lib/libturtlesim__rosidl_generator_py.so" to ""
[10.491s] -- Installing: /home/kelly/ros2_ws/install/turtlesim/share/turtlesim/action/RotateAbsolute.idl
[10.491s] -- Installing: /home/kelly/ros2_ws/install/turtlesim/share/turtlesim/msg/Color.idl
[10.491s] -- Installing: /home/kelly/ros2_ws/install/turtlesim/share/turtlesim/msg/Pose.idl
[10.491s] -- Installing: /home/kelly/ros2_ws/install/turtlesim/share/turtlesim/srv/Kill.idl
[10.491s] -- Installing: /home/kelly/ros2_ws/install/turtlesim/share/turtlesim/srv/SetPen.idl
[10.491s] -- Installing: /home/kelly/ros2_ws/install/turtlesim/share/turtlesim/srv/Spawn.idl
[10.491s] -- Installing: /home/kelly/ros2_ws/install/turtlesim/share/turtlesim/srv/TeleportAbsolute.idl
[10.491s] -- Installing: /home/kelly/ros2_ws/install/turtlesim/share/turtlesim/srv/TeleportRelative.idl
[10.491s] -- Installing: /home/kelly/ros2_ws/install/turtlesim/share/turtlesim/action/RotateAbsolute.action
[10.491s] -- Installing: /home/kelly/ros2_ws/install/turtlesim/share/turtlesim/msg/Color.msg
[10.491s] -- Installing: /home/kelly/ros2_ws/install/turtlesim/share/turtlesim/msg/Pose.msg
[10.491s] -- Installing: /home/kelly/ros2_ws/install/turtlesim/share/turtlesim/srv/Kill.srv
[10.491s] -- Installing: /home/kelly/ros2_ws/install/turtlesim/share/turtlesim/srv/SetPen.srv
[10.491s] -- Installing: /home/kelly/ros2_ws/install/turtlesim/share/turtlesim/srv/Spawn.srv
[10.491s] -- Installing: /home/kelly/ros2_ws/install/turtlesim/share/turtlesim/srv/TeleportAbsolute.srv
[10.492s] -- Installing: /home/kelly/ros2_ws/install/turtlesim/share/turtlesim/srv/TeleportRelative.srv
[10.492s] -- Installing: /home/kelly/ros2_ws/install/turtlesim/lib/turtlesim/turtlesim_node
[10.495s] -- Set non-toolchain portion of runtime path of "/home/kelly/ros2_ws/install/turtlesim/lib/turtlesim/turtlesim_node" to ""
[10.495s] -- Installing: /home/kelly/ros2_ws/install/turtlesim/lib/turtlesim/turtle_teleop_key
[10.496s] -- Set non-toolchain portion of runtime path of "/home/kelly/ros2_ws/install/turtlesim/lib/turtlesim/turtle_teleop_key" to ""
[10.496s] -- Installing: /home/kelly/ros2_ws/install/turtlesim/lib/turtlesim/draw_square
[10.498s] -- Set non-toolchain portion of runtime path of "/home/kelly/ros2_ws/install/turtlesim/lib/turtlesim/draw_square" to ""
[10.498s] -- Installing: /home/kelly/ros2_ws/install/turtlesim/lib/turtlesim/mimic
[10.499s] -- Set non-toolchain portion of runtime path of "/home/kelly/ros2_ws/install/turtlesim/lib/turtlesim/mimic" to ""
[10.500s] -- Installing: /home/kelly/ros2_ws/install/turtlesim/share/turtlesim/images
[10.500s] -- Installing: /home/kelly/ros2_ws/install/turtlesim/share/turtlesim/images/dashing.png
[10.500s] -- Installing: /home/kelly/ros2_ws/install/turtlesim/share/turtlesim/images/foxy.png
[10.500s] -- Installing: /home/kelly/ros2_ws/install/turtlesim/share/turtlesim/images/crystal.png
[10.500s] -- Installing: /home/kelly/ros2_ws/install/turtlesim/share/turtlesim/images/jazzy.png
[10.500s] -- Installing: /home/kelly/ros2_ws/install/turtlesim/share/turtlesim/images/bouncy.png
[10.500s] -- Installing: /home/kelly/ros2_ws/install/turtlesim/share/turtlesim/images/eloquent.png
[10.500s] -- Installing: /home/kelly/ros2_ws/install/turtlesim/share/turtlesim/images/ardent.png
[10.500s] -- Installing: /home/kelly/ros2_ws/install/turtlesim/share/turtlesim/images/iron.png
[10.500s] -- Installing: /home/kelly/ros2_ws/install/turtlesim/share/turtlesim/images/galactic.png
[10.500s] -- Installing: /home/kelly/ros2_ws/install/turtlesim/share/turtlesim/images/rolling.png
[10.500s] -- Installing: /home/kelly/ros2_ws/install/turtlesim/share/turtlesim/images/humble.png
[10.500s] -- Installing: /home/kelly/ros2_ws/install/turtlesim/share/turtlesim/launch
[10.500s] -- Installing: /home/kelly/ros2_ws/install/turtlesim/share/turtlesim/launch/multisim.launch.py
[10.500s] -- Installing: /home/kelly/ros2_ws/install/turtlesim/share/ament_index/resource_index/package_run_dependencies/turtlesim
[10.500s] -- Installing: /home/kelly/ros2_ws/install/turtlesim/share/ament_index/resource_index/parent_prefix_path/turtlesim
[10.500s] -- Installing: /home/kelly/ros2_ws/install/turtlesim/share/turtlesim/environment/ament_prefix_path.sh
[10.500s] -- Installing: /home/kelly/ros2_ws/install/turtlesim/share/turtlesim/environment/ament_prefix_path.dsv
[10.500s] -- Installing: /home/kelly/ros2_ws/install/turtlesim/share/turtlesim/environment/path.sh
[10.500s] -- Installing: /home/kelly/ros2_ws/install/turtlesim/share/turtlesim/environment/path.dsv
[10.500s] -- Installing: /home/kelly/ros2_ws/install/turtlesim/share/turtlesim/local_setup.bash
[10.500s] -- Installing: /home/kelly/ros2_ws/install/turtlesim/share/turtlesim/local_setup.sh
[10.500s] -- Installing: /home/kelly/ros2_ws/install/turtlesim/share/turtlesim/local_setup.zsh
[10.500s] -- Installing: /home/kelly/ros2_ws/install/turtlesim/share/turtlesim/local_setup.dsv
[10.500s] -- Installing: /home/kelly/ros2_ws/install/turtlesim/share/turtlesim/package.dsv
[10.500s] -- Installing: /home/kelly/ros2_ws/install/turtlesim/share/ament_index/resource_index/packages/turtlesim
[10.500s] -- Installing: /home/kelly/ros2_ws/install/turtlesim/share/turtlesim/cmake/export_turtlesim__rosidl_generator_cExport.cmake
[10.500s] -- Installing: /home/kelly/ros2_ws/install/turtlesim/share/turtlesim/cmake/export_turtlesim__rosidl_generator_cExport-noconfig.cmake
[10.500s] -- Installing: /home/kelly/ros2_ws/install/turtlesim/share/turtlesim/cmake/export_turtlesim__rosidl_typesupport_fastrtps_cExport.cmake
[10.500s] -- Installing: /home/kelly/ros2_ws/install/turtlesim/share/turtlesim/cmake/export_turtlesim__rosidl_typesupport_fastrtps_cExport-noconfig.cmake
[10.500s] -- Installing: /home/kelly/ros2_ws/install/turtlesim/share/turtlesim/cmake/export_turtlesim__rosidl_generator_cppExport.cmake
[10.501s] -- Installing: /home/kelly/ros2_ws/install/turtlesim/share/turtlesim/cmake/export_turtlesim__rosidl_typesupport_fastrtps_cppExport.cmake
[10.501s] -- Installing: /home/kelly/ros2_ws/install/turtlesim/share/turtlesim/cmake/export_turtlesim__rosidl_typesupport_fastrtps_cppExport-noconfig.cmake
[10.501s] -- Installing: /home/kelly/ros2_ws/install/turtlesim/share/turtlesim/cmake/turtlesim__rosidl_typesupport_introspection_cExport.cmake
[10.501s] -- Installing: /home/kelly/ros2_ws/install/turtlesim/share/turtlesim/cmake/turtlesim__rosidl_typesupport_introspection_cExport-noconfig.cmake
[10.501s] -- Installing: /home/kelly/ros2_ws/install/turtlesim/share/turtlesim/cmake/turtlesim__rosidl_typesupport_cExport.cmake
[10.501s] -- Installing: /home/kelly/ros2_ws/install/turtlesim/share/turtlesim/cmake/turtlesim__rosidl_typesupport_cExport-noconfig.cmake
[10.501s] -- Installing: /home/kelly/ros2_ws/install/turtlesim/share/turtlesim/cmake/turtlesim__rosidl_typesupport_introspection_cppExport.cmake
[10.501s] -- Installing: /home/kelly/ros2_ws/install/turtlesim/share/turtlesim/cmake/turtlesim__rosidl_typesupport_introspection_cppExport-noconfig.cmake
[10.501s] -- Installing: /home/kelly/ros2_ws/install/turtlesim/share/turtlesim/cmake/turtlesim__rosidl_typesupport_cppExport.cmake
[10.501s] -- Installing: /home/kelly/ros2_ws/install/turtlesim/share/turtlesim/cmake/turtlesim__rosidl_typesupport_cppExport-noconfig.cmake
[10.501s] -- Installing: /home/kelly/ros2_ws/install/turtlesim/share/turtlesim/cmake/export_turtlesim__rosidl_generator_pyExport.cmake
[10.501s] -- Installing: /home/kelly/ros2_ws/install/turtlesim/share/turtlesim/cmake/export_turtlesim__rosidl_generator_pyExport-noconfig.cmake
[10.501s] -- Installing: /home/kelly/ros2_ws/install/turtlesim/share/turtlesim/cmake/rosidl_cmake-extras.cmake
[10.501s] -- Installing: /home/kelly/ros2_ws/install/turtlesim/share/turtlesim/cmake/ament_cmake_export_dependencies-extras.cmake
[10.501s] -- Installing: /home/kelly/ros2_ws/install/turtlesim/share/turtlesim/cmake/ament_cmake_export_include_directories-extras.cmake
[10.501s] -- Installing: /home/kelly/ros2_ws/install/turtlesim/share/turtlesim/cmake/ament_cmake_export_libraries-extras.cmake
[10.501s] -- Installing: /home/kelly/ros2_ws/install/turtlesim/share/turtlesim/cmake/ament_cmake_export_targets-extras.cmake
[10.501s] -- Installing: /home/kelly/ros2_ws/install/turtlesim/share/turtlesim/cmake/rosidl_cmake_export_typesupport_targets-extras.cmake
[10.501s] -- Installing: /home/kelly/ros2_ws/install/turtlesim/share/turtlesim/cmake/rosidl_cmake_export_typesupport_libraries-extras.cmake
[10.501s] -- Installing: /home/kelly/ros2_ws/install/turtlesim/share/turtlesim/cmake/turtlesimConfig.cmake
[10.501s] -- Installing: /home/kelly/ros2_ws/install/turtlesim/share/turtlesim/cmake/turtlesimConfig-version.cmake
[10.501s] -- Installing: /home/kelly/ros2_ws/install/turtlesim/share/turtlesim/package.xml
[10.503s] Invoked command in '/home/kelly/ros2_ws/build/turtlesim' returned '0': CMAKE_PREFIX_PATH=${CMAKE_PREFIX_PATH}:/opt/ros/jazzy DEBUGINFOD_URLS=https://debuginfod.ubuntu.com /usr/bin/cmake --install /home/kelly/ros2_ws/build/turtlesim
