[ 33%] Built target talker
[ 50%] [32mBuilding CXX object CMakeFiles/listener_with_topic_statistics.dir/src/member_function_with_topic_statistics.cpp.o[0m
[ 83%] Built target listener
[100%] [32m[1mLinking CXX executable listener_with_topic_statistics[0m
[100%] Built target listener_with_topic_statistics
-- Install configuration: ""
-- Up-to-date: /home/kelly/ros2_ws/install/cpp_pubsub/lib/cpp_pubsub/talker
-- Up-to-date: /home/kelly/ros2_ws/install/cpp_pubsub/lib/cpp_pubsub/listener
-- Installing: /home/kelly/ros2_ws/install/cpp_pubsub/lib/cpp_pubsub/listener_with_topic_statistics
-- Set non-toolchain portion of runtime path of "/home/kelly/ros2_ws/install/cpp_pubsub/lib/cpp_pubsub/listener_with_topic_statistics" to ""
-- Up-to-date: /home/kelly/ros2_ws/install/cpp_pubsub/share/ament_index/resource_index/package_run_dependencies/cpp_pubsub
-- Up-to-date: /home/kelly/ros2_ws/install/cpp_pubsub/share/ament_index/resource_index/parent_prefix_path/cpp_pubsub
-- Up-to-date: /home/kelly/ros2_ws/install/cpp_pubsub/share/cpp_pubsub/environment/ament_prefix_path.sh
-- Up-to-date: /home/kelly/ros2_ws/install/cpp_pubsub/share/cpp_pubsub/environment/ament_prefix_path.dsv
-- Up-to-date: /home/kelly/ros2_ws/install/cpp_pubsub/share/cpp_pubsub/environment/path.sh
-- Up-to-date: /home/kelly/ros2_ws/install/cpp_pubsub/share/cpp_pubsub/environment/path.dsv
-- Up-to-date: /home/kelly/ros2_ws/install/cpp_pubsub/share/cpp_pubsub/local_setup.bash
-- Up-to-date: /home/kelly/ros2_ws/install/cpp_pubsub/share/cpp_pubsub/local_setup.sh
-- Up-to-date: /home/kelly/ros2_ws/install/cpp_pubsub/share/cpp_pubsub/local_setup.zsh
-- Up-to-date: /home/kelly/ros2_ws/install/cpp_pubsub/share/cpp_pubsub/local_setup.dsv
-- Installing: /home/kelly/ros2_ws/install/cpp_pubsub/share/cpp_pubsub/package.dsv
-- Up-to-date: /home/kelly/ros2_ws/install/cpp_pubsub/share/ament_index/resource_index/packages/cpp_pubsub
-- Up-to-date: /home/kelly/ros2_ws/install/cpp_pubsub/share/cpp_pubsub/cmake/cpp_pubsubConfig.cmake
-- Up-to-date: /home/kelly/ros2_ws/install/cpp_pubsub/share/cpp_pubsub/cmake/cpp_pubsubConfig-version.cmake
-- Up-to-date: /home/kelly/ros2_ws/install/cpp_pubsub/share/cpp_pubsub/package.xml
