[0.007s] Invoking command in '/home/kelly/ros2_ws/build/cpp_pubsub': AMENT_PREFIX_PATH=/home/kelly/ros2_ws/install/tutorial_interfaces:${AMENT_PREFIX_PATH} CMAKE_PREFIX_PATH=/home/kelly/ros2_ws/install/tutorial_interfaces:/opt/ros/jazzy/opt/sdformat_vendor:/opt/ros/jazzy/opt/gz_math_vendor:/opt/ros/jazzy/opt/gz_utils_vendor:/opt/ros/jazzy/opt/gz_tools_vendor:/opt/ros/jazzy/opt/gz_cmake_vendor:/opt/ros/jazzy DEBUGINFOD_URLS=https://debuginfod.ubuntu.com LD_LIBRARY_PATH=/home/kelly/ros2_ws/install/tutorial_interfaces/lib:${LD_LIBRARY_PATH} PYTHONPATH=/home/kelly/ros2_ws/install/tutorial_interfaces/lib/python3.12/site-packages:${PYTHONPATH} /usr/bin/cmake --build /home/kelly/ros2_ws/build/cpp_pubsub -- -j32 -l32
[0.046s] [ 33%] Built target talker
[0.046s] [ 50%] [32mBuilding CXX object CMakeFiles/listener_with_topic_statistics.dir/src/member_function_with_topic_statistics.cpp.o[0m
[0.046s] [ 83%] Built target listener
[2.950s] [100%] [32m[1mLinking CXX executable listener_with_topic_statistics[0m
[3.067s] [100%] Built target listener_with_topic_statistics
[3.075s] Invoked command in '/home/kelly/ros2_ws/build/cpp_pubsub' returned '0': AMENT_PREFIX_PATH=/home/kelly/ros2_ws/install/tutorial_interfaces:${AMENT_PREFIX_PATH} CMAKE_PREFIX_PATH=/home/kelly/ros2_ws/install/tutorial_interfaces:/opt/ros/jazzy/opt/sdformat_vendor:/opt/ros/jazzy/opt/gz_math_vendor:/opt/ros/jazzy/opt/gz_utils_vendor:/opt/ros/jazzy/opt/gz_tools_vendor:/opt/ros/jazzy/opt/gz_cmake_vendor:/opt/ros/jazzy DEBUGINFOD_URLS=https://debuginfod.ubuntu.com LD_LIBRARY_PATH=/home/kelly/ros2_ws/install/tutorial_interfaces/lib:${LD_LIBRARY_PATH} PYTHONPATH=/home/kelly/ros2_ws/install/tutorial_interfaces/lib/python3.12/site-packages:${PYTHONPATH} /usr/bin/cmake --build /home/kelly/ros2_ws/build/cpp_pubsub -- -j32 -l32
[3.081s] Invoking command in '/home/kelly/ros2_ws/build/cpp_pubsub': AMENT_PREFIX_PATH=/home/kelly/ros2_ws/install/tutorial_interfaces:${AMENT_PREFIX_PATH} CMAKE_PREFIX_PATH=/home/kelly/ros2_ws/install/tutorial_interfaces:/opt/ros/jazzy/opt/sdformat_vendor:/opt/ros/jazzy/opt/gz_math_vendor:/opt/ros/jazzy/opt/gz_utils_vendor:/opt/ros/jazzy/opt/gz_tools_vendor:/opt/ros/jazzy/opt/gz_cmake_vendor:/opt/ros/jazzy DEBUGINFOD_URLS=https://debuginfod.ubuntu.com LD_LIBRARY_PATH=/home/kelly/ros2_ws/install/tutorial_interfaces/lib:${LD_LIBRARY_PATH} PYTHONPATH=/home/kelly/ros2_ws/install/tutorial_interfaces/lib/python3.12/site-packages:${PYTHONPATH} /usr/bin/cmake --install /home/kelly/ros2_ws/build/cpp_pubsub
[3.091s] -- Install configuration: ""
[3.092s] -- Up-to-date: /home/kelly/ros2_ws/install/cpp_pubsub/lib/cpp_pubsub/talker
[3.092s] -- Up-to-date: /home/kelly/ros2_ws/install/cpp_pubsub/lib/cpp_pubsub/listener
[3.092s] -- Installing: /home/kelly/ros2_ws/install/cpp_pubsub/lib/cpp_pubsub/listener_with_topic_statistics
[3.096s] -- Set non-toolchain portion of runtime path of "/home/kelly/ros2_ws/install/cpp_pubsub/lib/cpp_pubsub/listener_with_topic_statistics" to ""
[3.096s] -- Up-to-date: /home/kelly/ros2_ws/install/cpp_pubsub/share/ament_index/resource_index/package_run_dependencies/cpp_pubsub
[3.096s] -- Up-to-date: /home/kelly/ros2_ws/install/cpp_pubsub/share/ament_index/resource_index/parent_prefix_path/cpp_pubsub
[3.096s] -- Up-to-date: /home/kelly/ros2_ws/install/cpp_pubsub/share/cpp_pubsub/environment/ament_prefix_path.sh
[3.096s] -- Up-to-date: /home/kelly/ros2_ws/install/cpp_pubsub/share/cpp_pubsub/environment/ament_prefix_path.dsv
[3.096s] -- Up-to-date: /home/kelly/ros2_ws/install/cpp_pubsub/share/cpp_pubsub/environment/path.sh
[3.096s] -- Up-to-date: /home/kelly/ros2_ws/install/cpp_pubsub/share/cpp_pubsub/environment/path.dsv
[3.096s] -- Up-to-date: /home/kelly/ros2_ws/install/cpp_pubsub/share/cpp_pubsub/local_setup.bash
[3.097s] -- Up-to-date: /home/kelly/ros2_ws/install/cpp_pubsub/share/cpp_pubsub/local_setup.sh
[3.097s] -- Up-to-date: /home/kelly/ros2_ws/install/cpp_pubsub/share/cpp_pubsub/local_setup.zsh
[3.097s] -- Up-to-date: /home/kelly/ros2_ws/install/cpp_pubsub/share/cpp_pubsub/local_setup.dsv
[3.097s] -- Installing: /home/kelly/ros2_ws/install/cpp_pubsub/share/cpp_pubsub/package.dsv
[3.097s] -- Up-to-date: /home/kelly/ros2_ws/install/cpp_pubsub/share/ament_index/resource_index/packages/cpp_pubsub
[3.097s] -- Up-to-date: /home/kelly/ros2_ws/install/cpp_pubsub/share/cpp_pubsub/cmake/cpp_pubsubConfig.cmake
[3.097s] -- Up-to-date: /home/kelly/ros2_ws/install/cpp_pubsub/share/cpp_pubsub/cmake/cpp_pubsubConfig-version.cmake
[3.097s] -- Up-to-date: /home/kelly/ros2_ws/install/cpp_pubsub/share/cpp_pubsub/package.xml
[3.099s] Invoked command in '/home/kelly/ros2_ws/build/cpp_pubsub' returned '0': AMENT_PREFIX_PATH=/home/kelly/ros2_ws/install/tutorial_interfaces:${AMENT_PREFIX_PATH} CMAKE_PREFIX_PATH=/home/kelly/ros2_ws/install/tutorial_interfaces:/opt/ros/jazzy/opt/sdformat_vendor:/opt/ros/jazzy/opt/gz_math_vendor:/opt/ros/jazzy/opt/gz_utils_vendor:/opt/ros/jazzy/opt/gz_tools_vendor:/opt/ros/jazzy/opt/gz_cmake_vendor:/opt/ros/jazzy DEBUGINFOD_URLS=https://debuginfod.ubuntu.com LD_LIBRARY_PATH=/home/kelly/ros2_ws/install/tutorial_interfaces/lib:${LD_LIBRARY_PATH} PYTHONPATH=/home/kelly/ros2_ws/install/tutorial_interfaces/lib/python3.12/site-packages:${PYTHONPATH} /usr/bin/cmake --install /home/kelly/ros2_ws/build/cpp_pubsub
