[0.013s] Invoking command in '/home/kelly/ros2_ws/build/more_interfaces': CMAKE_PREFIX_PATH=${CMAKE_PREFIX_PATH}:/home/kelly/ros2_ws/install/py_pubsub:/opt/ros/jazzy DEBUGINFOD_URLS=https://debuginfod.ubuntu.com /usr/bin/cmake --build /home/kelly/ros2_ws/build/more_interfaces -- -j32 -l32
[0.153s] [  2%] Built target more_interfaces__rosidl_generator_type_description
[0.153s] [  2%] Built target ament_cmake_python_copy_more_interfaces
[0.153s] [ 16%] Built target more_interfaces__rosidl_generator_c
[0.153s] [ 19%] Built target more_interfaces__cpp
[0.153s] [ 27%] Built target more_interfaces__rosidl_typesupport_introspection_c
[0.153s] [ 36%] Built target more_interfaces__rosidl_typesupport_c
[0.153s] [ 44%] Built target more_interfaces__rosidl_typesupport_introspection_cpp
[0.153s] [ 52%] Built target more_interfaces__rosidl_typesupport_fastrtps_c
[0.153s] [ 61%] Built target more_interfaces__rosidl_typesupport_cpp
[0.153s] [ 69%] Built target more_interfaces__rosidl_typesupport_fastrtps_cpp
[0.154s] [ 69%] Built target more_interfaces
[0.154s] [ 75%] Built target publish_address_book
[0.154s] [ 77%] Built target more_interfaces__py
[0.154s] [ 83%] Built target more_interfaces__rosidl_generator_py
[0.154s] [ 88%] Built target more_interfaces_s__rosidl_typesupport_introspection_c
[0.154s] [ 97%] Built target more_interfaces_s__rosidl_typesupport_fastrtps_c
[0.154s] [100%] Built target more_interfaces_s__rosidl_typesupport_c
[0.166s] running egg_info
[0.173s] writing more_interfaces.egg-info/PKG-INFO
[0.173s] writing dependency_links to more_interfaces.egg-info/dependency_links.txt
[0.173s] writing top-level names to more_interfaces.egg-info/top_level.txt
[0.198s] reading manifest file 'more_interfaces.egg-info/SOURCES.txt'
[0.198s] writing manifest file 'more_interfaces.egg-info/SOURCES.txt'
[0.214s] [100%] Built target ament_cmake_python_build_more_interfaces_egg
[0.221s] Invoked command in '/home/kelly/ros2_ws/build/more_interfaces' returned '0': CMAKE_PREFIX_PATH=${CMAKE_PREFIX_PATH}:/home/kelly/ros2_ws/install/py_pubsub:/opt/ros/jazzy DEBUGINFOD_URLS=https://debuginfod.ubuntu.com /usr/bin/cmake --build /home/kelly/ros2_ws/build/more_interfaces -- -j32 -l32
[0.222s] Invoking command in '/home/kelly/ros2_ws/build/more_interfaces': CMAKE_PREFIX_PATH=${CMAKE_PREFIX_PATH}:/home/kelly/ros2_ws/install/py_pubsub:/opt/ros/jazzy DEBUGINFOD_URLS=https://debuginfod.ubuntu.com /usr/bin/cmake --install /home/kelly/ros2_ws/build/more_interfaces
[0.228s] -- Install configuration: ""
[0.228s] -- Up-to-date: /home/kelly/ros2_ws/install/more_interfaces/share/ament_index/resource_index/rosidl_interfaces/more_interfaces
[0.229s] -- Up-to-date: /home/kelly/ros2_ws/install/more_interfaces/share/more_interfaces/msg/AddressBook.json
[0.229s] -- Up-to-date: /home/kelly/ros2_ws/install/more_interfaces/include/more_interfaces/more_interfaces
[0.229s] -- Up-to-date: /home/kelly/ros2_ws/install/more_interfaces/include/more_interfaces/more_interfaces/msg
[0.229s] -- Up-to-date: /home/kelly/ros2_ws/install/more_interfaces/include/more_interfaces/more_interfaces/msg/detail
[0.229s] -- Up-to-date: /home/kelly/ros2_ws/install/more_interfaces/include/more_interfaces/more_interfaces/msg/detail/address_book__type_support.h
[0.229s] -- Up-to-date: /home/kelly/ros2_ws/install/more_interfaces/include/more_interfaces/more_interfaces/msg/detail/address_book__functions.h
[0.229s] -- Up-to-date: /home/kelly/ros2_ws/install/more_interfaces/include/more_interfaces/more_interfaces/msg/detail/address_book__description.c
[0.229s] -- Up-to-date: /home/kelly/ros2_ws/install/more_interfaces/include/more_interfaces/more_interfaces/msg/detail/address_book__functions.c
[0.229s] -- Up-to-date: /home/kelly/ros2_ws/install/more_interfaces/include/more_interfaces/more_interfaces/msg/detail/address_book__struct.h
[0.229s] -- Up-to-date: /home/kelly/ros2_ws/install/more_interfaces/include/more_interfaces/more_interfaces/msg/detail/address_book__type_support.c
[0.229s] -- Up-to-date: /home/kelly/ros2_ws/install/more_interfaces/include/more_interfaces/more_interfaces/msg/address_book.h
[0.229s] -- Up-to-date: /home/kelly/ros2_ws/install/more_interfaces/include/more_interfaces/more_interfaces/msg/rosidl_generator_c__visibility_control.h
[0.229s] -- Up-to-date: /home/kelly/ros2_ws/install/more_interfaces/share/more_interfaces/environment/library_path.sh
[0.229s] -- Up-to-date: /home/kelly/ros2_ws/install/more_interfaces/share/more_interfaces/environment/library_path.dsv
[0.230s] -- Up-to-date: /home/kelly/ros2_ws/install/more_interfaces/lib/libmore_interfaces__rosidl_generator_c.so
[0.230s] -- Up-to-date: /home/kelly/ros2_ws/install/more_interfaces/include/more_interfaces/more_interfaces
[0.230s] -- Up-to-date: /home/kelly/ros2_ws/install/more_interfaces/include/more_interfaces/more_interfaces/msg
[0.230s] -- Up-to-date: /home/kelly/ros2_ws/install/more_interfaces/include/more_interfaces/more_interfaces/msg/detail
[0.230s] -- Up-to-date: /home/kelly/ros2_ws/install/more_interfaces/include/more_interfaces/more_interfaces/msg/detail/address_book__rosidl_typesupport_fastrtps_c.h
[0.230s] -- Up-to-date: /home/kelly/ros2_ws/install/more_interfaces/include/more_interfaces/more_interfaces/msg/rosidl_typesupport_fastrtps_c__visibility_control.h
[0.230s] -- Up-to-date: /home/kelly/ros2_ws/install/more_interfaces/lib/libmore_interfaces__rosidl_typesupport_fastrtps_c.so
[0.230s] -- Up-to-date: /home/kelly/ros2_ws/install/more_interfaces/include/more_interfaces/more_interfaces
[0.230s] -- Up-to-date: /home/kelly/ros2_ws/install/more_interfaces/include/more_interfaces/more_interfaces/msg
[0.230s] -- Up-to-date: /home/kelly/ros2_ws/install/more_interfaces/include/more_interfaces/more_interfaces/msg/detail
[0.230s] -- Up-to-date: /home/kelly/ros2_ws/install/more_interfaces/include/more_interfaces/more_interfaces/msg/detail/address_book__type_support.c
[0.230s] -- Up-to-date: /home/kelly/ros2_ws/install/more_interfaces/include/more_interfaces/more_interfaces/msg/detail/address_book__rosidl_typesupport_introspection_c.h
[0.230s] -- Up-to-date: /home/kelly/ros2_ws/install/more_interfaces/include/more_interfaces/more_interfaces/msg/rosidl_typesupport_introspection_c__visibility_control.h
[0.230s] -- Up-to-date: /home/kelly/ros2_ws/install/more_interfaces/lib/libmore_interfaces__rosidl_typesupport_introspection_c.so
[0.231s] -- Up-to-date: /home/kelly/ros2_ws/install/more_interfaces/lib/libmore_interfaces__rosidl_typesupport_c.so
[0.231s] -- Up-to-date: /home/kelly/ros2_ws/install/more_interfaces/include/more_interfaces/more_interfaces
[0.231s] -- Up-to-date: /home/kelly/ros2_ws/install/more_interfaces/include/more_interfaces/more_interfaces/msg
[0.231s] -- Up-to-date: /home/kelly/ros2_ws/install/more_interfaces/include/more_interfaces/more_interfaces/msg/detail
[0.231s] -- Up-to-date: /home/kelly/ros2_ws/install/more_interfaces/include/more_interfaces/more_interfaces/msg/detail/address_book__struct.hpp
[0.231s] -- Up-to-date: /home/kelly/ros2_ws/install/more_interfaces/include/more_interfaces/more_interfaces/msg/detail/address_book__builder.hpp
[0.231s] -- Up-to-date: /home/kelly/ros2_ws/install/more_interfaces/include/more_interfaces/more_interfaces/msg/detail/address_book__type_support.hpp
[0.231s] -- Up-to-date: /home/kelly/ros2_ws/install/more_interfaces/include/more_interfaces/more_interfaces/msg/detail/address_book__traits.hpp
[0.231s] -- Up-to-date: /home/kelly/ros2_ws/install/more_interfaces/include/more_interfaces/more_interfaces/msg/rosidl_generator_cpp__visibility_control.hpp
[0.231s] -- Up-to-date: /home/kelly/ros2_ws/install/more_interfaces/include/more_interfaces/more_interfaces/msg/address_book.hpp
[0.231s] -- Up-to-date: /home/kelly/ros2_ws/install/more_interfaces/include/more_interfaces/more_interfaces
[0.231s] -- Up-to-date: /home/kelly/ros2_ws/install/more_interfaces/include/more_interfaces/more_interfaces/msg
[0.231s] -- Up-to-date: /home/kelly/ros2_ws/install/more_interfaces/include/more_interfaces/more_interfaces/msg/detail
[0.231s] -- Up-to-date: /home/kelly/ros2_ws/install/more_interfaces/include/more_interfaces/more_interfaces/msg/detail/address_book__rosidl_typesupport_fastrtps_cpp.hpp
[0.231s] -- Up-to-date: /home/kelly/ros2_ws/install/more_interfaces/include/more_interfaces/more_interfaces/msg/detail/dds_fastrtps
[0.232s] -- Up-to-date: /home/kelly/ros2_ws/install/more_interfaces/include/more_interfaces/more_interfaces/msg/rosidl_typesupport_fastrtps_cpp__visibility_control.h
[0.232s] -- Up-to-date: /home/kelly/ros2_ws/install/more_interfaces/lib/libmore_interfaces__rosidl_typesupport_fastrtps_cpp.so
[0.232s] -- Up-to-date: /home/kelly/ros2_ws/install/more_interfaces/include/more_interfaces/more_interfaces
[0.232s] -- Up-to-date: /home/kelly/ros2_ws/install/more_interfaces/include/more_interfaces/more_interfaces/msg
[0.232s] -- Up-to-date: /home/kelly/ros2_ws/install/more_interfaces/include/more_interfaces/more_interfaces/msg/detail
[0.232s] -- Up-to-date: /home/kelly/ros2_ws/install/more_interfaces/include/more_interfaces/more_interfaces/msg/detail/address_book__type_support.cpp
[0.232s] -- Up-to-date: /home/kelly/ros2_ws/install/more_interfaces/include/more_interfaces/more_interfaces/msg/detail/address_book__rosidl_typesupport_introspection_cpp.hpp
[0.232s] -- Up-to-date: /home/kelly/ros2_ws/install/more_interfaces/lib/libmore_interfaces__rosidl_typesupport_introspection_cpp.so
[0.232s] -- Up-to-date: /home/kelly/ros2_ws/install/more_interfaces/lib/libmore_interfaces__rosidl_typesupport_cpp.so
[0.233s] -- Up-to-date: /home/kelly/ros2_ws/install/more_interfaces/share/more_interfaces/environment/pythonpath.sh
[0.233s] -- Up-to-date: /home/kelly/ros2_ws/install/more_interfaces/share/more_interfaces/environment/pythonpath.dsv
[0.233s] -- Up-to-date: /home/kelly/ros2_ws/install/more_interfaces/lib/python3.12/site-packages/more_interfaces-0.0.0-py3.12.egg-info
[0.233s] -- Installing: /home/kelly/ros2_ws/install/more_interfaces/lib/python3.12/site-packages/more_interfaces-0.0.0-py3.12.egg-info/dependency_links.txt
[0.233s] -- Installing: /home/kelly/ros2_ws/install/more_interfaces/lib/python3.12/site-packages/more_interfaces-0.0.0-py3.12.egg-info/top_level.txt
[0.233s] -- Installing: /home/kelly/ros2_ws/install/more_interfaces/lib/python3.12/site-packages/more_interfaces-0.0.0-py3.12.egg-info/SOURCES.txt
[0.233s] -- Installing: /home/kelly/ros2_ws/install/more_interfaces/lib/python3.12/site-packages/more_interfaces-0.0.0-py3.12.egg-info/PKG-INFO
[0.233s] -- Up-to-date: /home/kelly/ros2_ws/install/more_interfaces/lib/python3.12/site-packages/more_interfaces
[0.233s] -- Up-to-date: /home/kelly/ros2_ws/install/more_interfaces/lib/python3.12/site-packages/more_interfaces/_more_interfaces_s.ep.rosidl_typesupport_fastrtps_c.c
[0.233s] -- Up-to-date: /home/kelly/ros2_ws/install/more_interfaces/lib/python3.12/site-packages/more_interfaces/_more_interfaces_s.ep.rosidl_typesupport_c.c
[0.233s] -- Up-to-date: /home/kelly/ros2_ws/install/more_interfaces/lib/python3.12/site-packages/more_interfaces/more_interfaces_s__rosidl_typesupport_fastrtps_c.so
[0.233s] -- Up-to-date: /home/kelly/ros2_ws/install/more_interfaces/lib/python3.12/site-packages/more_interfaces/_more_interfaces_s.ep.rosidl_typesupport_introspection_c.c
[0.233s] -- Up-to-date: /home/kelly/ros2_ws/install/more_interfaces/lib/python3.12/site-packages/more_interfaces/more_interfaces_s__rosidl_typesupport_c.so
[0.233s] -- Up-to-date: /home/kelly/ros2_ws/install/more_interfaces/lib/python3.12/site-packages/more_interfaces/more_interfaces_s__rosidl_typesupport_introspection_c.so
[0.233s] -- Up-to-date: /home/kelly/ros2_ws/install/more_interfaces/lib/python3.12/site-packages/more_interfaces/__init__.py
[0.234s] -- Up-to-date: /home/kelly/ros2_ws/install/more_interfaces/lib/python3.12/site-packages/more_interfaces/msg
[0.234s] -- Up-to-date: /home/kelly/ros2_ws/install/more_interfaces/lib/python3.12/site-packages/more_interfaces/msg/_address_book.py
[0.234s] -- Up-to-date: /home/kelly/ros2_ws/install/more_interfaces/lib/python3.12/site-packages/more_interfaces/msg/__init__.py
[0.234s] -- Up-to-date: /home/kelly/ros2_ws/install/more_interfaces/lib/python3.12/site-packages/more_interfaces/msg/_address_book_s.c
[0.259s] Listing '/home/kelly/ros2_ws/install/more_interfaces/lib/python3.12/site-packages/more_interfaces'...
[0.259s] Listing '/home/kelly/ros2_ws/install/more_interfaces/lib/python3.12/site-packages/more_interfaces/msg'...
[0.263s] -- Up-to-date: /home/kelly/ros2_ws/install/more_interfaces/lib/python3.12/site-packages/more_interfaces/more_interfaces_s__rosidl_typesupport_fastrtps_c.so
[0.263s] -- Up-to-date: /home/kelly/ros2_ws/install/more_interfaces/lib/python3.12/site-packages/more_interfaces/more_interfaces_s__rosidl_typesupport_introspection_c.so
[0.263s] -- Up-to-date: /home/kelly/ros2_ws/install/more_interfaces/lib/python3.12/site-packages/more_interfaces/more_interfaces_s__rosidl_typesupport_c.so
[0.264s] -- Up-to-date: /home/kelly/ros2_ws/install/more_interfaces/lib/libmore_interfaces__rosidl_generator_py.so
[0.264s] -- Up-to-date: /home/kelly/ros2_ws/install/more_interfaces/share/more_interfaces/msg/AddressBook.idl
[0.264s] -- Up-to-date: /home/kelly/ros2_ws/install/more_interfaces/share/more_interfaces/msg/AddressBook.msg
[0.264s] -- Up-to-date: /home/kelly/ros2_ws/install/more_interfaces/lib/more_interfaces/publish_address_book
[0.264s] -- Up-to-date: /home/kelly/ros2_ws/install/more_interfaces/share/ament_index/resource_index/package_run_dependencies/more_interfaces
[0.264s] -- Up-to-date: /home/kelly/ros2_ws/install/more_interfaces/share/ament_index/resource_index/parent_prefix_path/more_interfaces
[0.264s] -- Up-to-date: /home/kelly/ros2_ws/install/more_interfaces/share/more_interfaces/environment/ament_prefix_path.sh
[0.264s] -- Up-to-date: /home/kelly/ros2_ws/install/more_interfaces/share/more_interfaces/environment/ament_prefix_path.dsv
[0.264s] -- Up-to-date: /home/kelly/ros2_ws/install/more_interfaces/share/more_interfaces/environment/path.sh
[0.264s] -- Up-to-date: /home/kelly/ros2_ws/install/more_interfaces/share/more_interfaces/environment/path.dsv
[0.264s] -- Up-to-date: /home/kelly/ros2_ws/install/more_interfaces/share/more_interfaces/local_setup.bash
[0.264s] -- Up-to-date: /home/kelly/ros2_ws/install/more_interfaces/share/more_interfaces/local_setup.sh
[0.264s] -- Up-to-date: /home/kelly/ros2_ws/install/more_interfaces/share/more_interfaces/local_setup.zsh
[0.264s] -- Up-to-date: /home/kelly/ros2_ws/install/more_interfaces/share/more_interfaces/local_setup.dsv
[0.264s] -- Installing: /home/kelly/ros2_ws/install/more_interfaces/share/more_interfaces/package.dsv
[0.264s] -- Up-to-date: /home/kelly/ros2_ws/install/more_interfaces/share/ament_index/resource_index/packages/more_interfaces
[0.264s] -- Up-to-date: /home/kelly/ros2_ws/install/more_interfaces/share/more_interfaces/cmake/export_more_interfaces__rosidl_generator_cExport.cmake
[0.264s] -- Up-to-date: /home/kelly/ros2_ws/install/more_interfaces/share/more_interfaces/cmake/export_more_interfaces__rosidl_generator_cExport-noconfig.cmake
[0.264s] -- Up-to-date: /home/kelly/ros2_ws/install/more_interfaces/share/more_interfaces/cmake/export_more_interfaces__rosidl_typesupport_fastrtps_cExport.cmake
[0.264s] -- Up-to-date: /home/kelly/ros2_ws/install/more_interfaces/share/more_interfaces/cmake/export_more_interfaces__rosidl_typesupport_fastrtps_cExport-noconfig.cmake
[0.264s] -- Up-to-date: /home/kelly/ros2_ws/install/more_interfaces/share/more_interfaces/cmake/more_interfaces__rosidl_typesupport_introspection_cExport.cmake
[0.264s] -- Up-to-date: /home/kelly/ros2_ws/install/more_interfaces/share/more_interfaces/cmake/more_interfaces__rosidl_typesupport_introspection_cExport-noconfig.cmake
[0.264s] -- Up-to-date: /home/kelly/ros2_ws/install/more_interfaces/share/more_interfaces/cmake/more_interfaces__rosidl_typesupport_cExport.cmake
[0.264s] -- Up-to-date: /home/kelly/ros2_ws/install/more_interfaces/share/more_interfaces/cmake/more_interfaces__rosidl_typesupport_cExport-noconfig.cmake
[0.265s] -- Up-to-date: /home/kelly/ros2_ws/install/more_interfaces/share/more_interfaces/cmake/export_more_interfaces__rosidl_generator_cppExport.cmake
[0.265s] -- Up-to-date: /home/kelly/ros2_ws/install/more_interfaces/share/more_interfaces/cmake/export_more_interfaces__rosidl_typesupport_fastrtps_cppExport.cmake
[0.265s] -- Up-to-date: /home/kelly/ros2_ws/install/more_interfaces/share/more_interfaces/cmake/export_more_interfaces__rosidl_typesupport_fastrtps_cppExport-noconfig.cmake
[0.265s] -- Up-to-date: /home/kelly/ros2_ws/install/more_interfaces/share/more_interfaces/cmake/more_interfaces__rosidl_typesupport_introspection_cppExport.cmake
[0.265s] -- Up-to-date: /home/kelly/ros2_ws/install/more_interfaces/share/more_interfaces/cmake/more_interfaces__rosidl_typesupport_introspection_cppExport-noconfig.cmake
[0.265s] -- Up-to-date: /home/kelly/ros2_ws/install/more_interfaces/share/more_interfaces/cmake/more_interfaces__rosidl_typesupport_cppExport.cmake
[0.265s] -- Up-to-date: /home/kelly/ros2_ws/install/more_interfaces/share/more_interfaces/cmake/more_interfaces__rosidl_typesupport_cppExport-noconfig.cmake
[0.265s] -- Up-to-date: /home/kelly/ros2_ws/install/more_interfaces/share/more_interfaces/cmake/export_more_interfaces__rosidl_generator_pyExport.cmake
[0.265s] -- Up-to-date: /home/kelly/ros2_ws/install/more_interfaces/share/more_interfaces/cmake/export_more_interfaces__rosidl_generator_pyExport-noconfig.cmake
[0.265s] -- Up-to-date: /home/kelly/ros2_ws/install/more_interfaces/share/more_interfaces/cmake/rosidl_cmake-extras.cmake
[0.265s] -- Up-to-date: /home/kelly/ros2_ws/install/more_interfaces/share/more_interfaces/cmake/ament_cmake_export_include_directories-extras.cmake
[0.265s] -- Up-to-date: /home/kelly/ros2_ws/install/more_interfaces/share/more_interfaces/cmake/ament_cmake_export_libraries-extras.cmake
[0.265s] -- Up-to-date: /home/kelly/ros2_ws/install/more_interfaces/share/more_interfaces/cmake/ament_cmake_export_targets-extras.cmake
[0.265s] -- Up-to-date: /home/kelly/ros2_ws/install/more_interfaces/share/more_interfaces/cmake/rosidl_cmake_export_typesupport_targets-extras.cmake
[0.265s] -- Up-to-date: /home/kelly/ros2_ws/install/more_interfaces/share/more_interfaces/cmake/ament_cmake_export_dependencies-extras.cmake
[0.265s] -- Up-to-date: /home/kelly/ros2_ws/install/more_interfaces/share/more_interfaces/cmake/rosidl_cmake_export_typesupport_libraries-extras.cmake
[0.265s] -- Up-to-date: /home/kelly/ros2_ws/install/more_interfaces/share/more_interfaces/cmake/more_interfacesConfig.cmake
[0.265s] -- Up-to-date: /home/kelly/ros2_ws/install/more_interfaces/share/more_interfaces/cmake/more_interfacesConfig-version.cmake
[0.265s] -- Up-to-date: /home/kelly/ros2_ws/install/more_interfaces/share/more_interfaces/package.xml
[0.265s] Invoked command in '/home/kelly/ros2_ws/build/more_interfaces' returned '0': CMAKE_PREFIX_PATH=${CMAKE_PREFIX_PATH}:/home/kelly/ros2_ws/install/py_pubsub:/opt/ros/jazzy DEBUGINFOD_URLS=https://debuginfod.ubuntu.com /usr/bin/cmake --install /home/kelly/ros2_ws/build/more_interfaces
