[0.004s] Invoking command in '/home/kelly/launch_ws/build/cpp_launch_example': CMAKE_PREFIX_PATH=${CMAKE_PREFIX_PATH}:/opt/ros/jazzy DEBUGINFOD_URLS=https://debuginfod.ubuntu.com /usr/bin/cmake /home/kelly/launch_ws/src/cpp_launch_example -DCMAKE_INSTALL_PREFIX=/home/kelly/launch_ws/install/cpp_launch_example
[0.083s] -- The C compiler identification is GNU 13.3.0
[0.187s] -- The CXX compiler identification is GNU 13.3.0
[0.197s] -- Detecting C compiler ABI info
[0.280s] -- Detecting C compiler ABI info - done
[0.299s] -- Check for working C compiler: /usr/bin/cc - skipped
[0.299s] -- Detecting C compile features
[0.299s] -- Detecting C compile features - done
[0.316s] -- Detecting CXX compiler ABI info
[0.479s] -- Detecting CXX compiler ABI info - done
[0.490s] -- Check for working CXX compiler: /usr/bin/c++ - skipped
[0.491s] -- Detecting CXX compile features
[0.491s] -- Detecting CXX compile features - done
[0.494s] -- Found ament_cmake: 2.5.4 (/opt/ros/jazzy/share/ament_cmake/cmake)
[0.627s] -- Found Python3: /usr/bin/python3 (found version "3.12.3") found components: Interpreter 
[0.691s] -- Found ament_lint_auto: 0.17.3 (/opt/ros/jazzy/share/ament_lint_auto/cmake)
[0.745s] -- Added test 'lint_cmake' to check CMake code style
[0.746s] -- Added test 'xmllint' to check XML markup files
[0.746s] -- Configuring done (0.7s)
[0.747s] -- Generating done (0.0s)
[0.748s] -- Build files have been written to: /home/kelly/launch_ws/build/cpp_launch_example
[0.751s] Invoked command in '/home/kelly/launch_ws/build/cpp_launch_example' returned '0': CMAKE_PREFIX_PATH=${CMAKE_PREFIX_PATH}:/opt/ros/jazzy DEBUGINFOD_URLS=https://debuginfod.ubuntu.com /usr/bin/cmake /home/kelly/launch_ws/src/cpp_launch_example -DCMAKE_INSTALL_PREFIX=/home/kelly/launch_ws/install/cpp_launch_example
[0.752s] Invoking command in '/home/kelly/launch_ws/build/cpp_launch_example': CMAKE_PREFIX_PATH=${CMAKE_PREFIX_PATH}:/opt/ros/jazzy DEBUGINFOD_URLS=https://debuginfod.ubuntu.com /usr/bin/cmake --build /home/kelly/launch_ws/build/cpp_launch_example -- -j32 -l32
[0.804s] Invoked command in '/home/kelly/launch_ws/build/cpp_launch_example' returned '0': CMAKE_PREFIX_PATH=${CMAKE_PREFIX_PATH}:/opt/ros/jazzy DEBUGINFOD_URLS=https://debuginfod.ubuntu.com /usr/bin/cmake --build /home/kelly/launch_ws/build/cpp_launch_example -- -j32 -l32
[0.815s] Invoking command in '/home/kelly/launch_ws/build/cpp_launch_example': CMAKE_PREFIX_PATH=${CMAKE_PREFIX_PATH}:/opt/ros/jazzy DEBUGINFOD_URLS=https://debuginfod.ubuntu.com /usr/bin/cmake --install /home/kelly/launch_ws/build/cpp_launch_example
[0.824s] -- Install configuration: ""
[0.824s] -- Installing: /home/kelly/launch_ws/install/cpp_launch_example/share/cpp_launch_example//launch
[0.824s] -- Installing: /home/kelly/launch_ws/install/cpp_launch_example/share/cpp_launch_example//launch/my_script_launch.yaml
[0.825s] -- Installing: /home/kelly/launch_ws/install/cpp_launch_example/share/ament_index/resource_index/package_run_dependencies/cpp_launch_example
[0.825s] -- Installing: /home/kelly/launch_ws/install/cpp_launch_example/share/ament_index/resource_index/parent_prefix_path/cpp_launch_example
[0.825s] -- Installing: /home/kelly/launch_ws/install/cpp_launch_example/share/cpp_launch_example/environment/ament_prefix_path.sh
[0.825s] -- Installing: /home/kelly/launch_ws/install/cpp_launch_example/share/cpp_launch_example/environment/ament_prefix_path.dsv
[0.825s] -- Installing: /home/kelly/launch_ws/install/cpp_launch_example/share/cpp_launch_example/environment/path.sh
[0.825s] -- Installing: /home/kelly/launch_ws/install/cpp_launch_example/share/cpp_launch_example/environment/path.dsv
[0.825s] -- Installing: /home/kelly/launch_ws/install/cpp_launch_example/share/cpp_launch_example/local_setup.bash
[0.825s] -- Installing: /home/kelly/launch_ws/install/cpp_launch_example/share/cpp_launch_example/local_setup.sh
[0.825s] -- Installing: /home/kelly/launch_ws/install/cpp_launch_example/share/cpp_launch_example/local_setup.zsh
[0.825s] -- Installing: /home/kelly/launch_ws/install/cpp_launch_example/share/cpp_launch_example/local_setup.dsv
[0.825s] -- Installing: /home/kelly/launch_ws/install/cpp_launch_example/share/cpp_launch_example/package.dsv
[0.825s] -- Installing: /home/kelly/launch_ws/install/cpp_launch_example/share/ament_index/resource_index/packages/cpp_launch_example
[0.825s] -- Installing: /home/kelly/launch_ws/install/cpp_launch_example/share/cpp_launch_example/cmake/cpp_launch_exampleConfig.cmake
[0.826s] -- Installing: /home/kelly/launch_ws/install/cpp_launch_example/share/cpp_launch_example/cmake/cpp_launch_exampleConfig-version.cmake
[0.826s] -- Installing: /home/kelly/launch_ws/install/cpp_launch_example/share/cpp_launch_example/package.xml
[0.827s] Invoked command in '/home/kelly/launch_ws/build/cpp_launch_example' returned '0': CMAKE_PREFIX_PATH=${CMAKE_PREFIX_PATH}:/opt/ros/jazzy DEBUGINFOD_URLS=https://debuginfod.ubuntu.com /usr/bin/cmake --install /home/kelly/launch_ws/build/cpp_launch_example
