[0.043s] DEBUG:colcon:Command line arguments: ['/usr/bin/colcon', 'build']
[0.043s] DEBUG:colcon:Parsed command line arguments: Namespace(log_base=None, log_level=None, verb_name='build', build_base='build', install_base='install', merge_install=False, symlink_install=False, test_result_base=None, continue_on_error=False, executor='parallel', parallel_workers=32, event_handlers=None, ignore_user_meta=False, metas=['./colcon.meta'], base_paths=['.'], packages_ignore=None, packages_ignore_regex=None, paths=None, packages_up_to=None, packages_up_to_regex=None, packages_above=None, packages_above_and_dependencies=None, packages_above_depth=None, packages_select_by_dep=None, packages_skip_by_dep=None, packages_skip_up_to=None, packages_select_build_failed=False, packages_skip_build_finished=False, packages_select_test_failures=False, packages_skip_test_passed=False, packages_select=None, packages_skip=None, packages_select_regex=None, packages_skip_regex=None, packages_start=None, packages_end=None, allow_overriding=[], cmake_args=None, cmake_target=None, cmake_target_skip_unavailable=False, cmake_clean_cache=False, cmake_clean_first=False, cmake_force_configure=False, ament_cmake_args=None, catkin_cmake_args=None, catkin_skip_building_tests=False, mixin_files=None, mixin=None, verb_parser=<colcon_mixin.mixin.mixin_argument.MixinArgumentDecorator object at 0x763e8fb903e0>, verb_extension=<colcon_core.verb.build.BuildVerb object at 0x763e8fcb4b30>, main=<bound method BuildVerb.main of <colcon_core.verb.build.BuildVerb object at 0x763e8fcb4b30>>, mixin_verb=('build',))
[0.059s] Level 1:colcon.colcon_core.package_discovery:discover_packages(colcon_meta) check parameters
[0.059s] Level 1:colcon.colcon_core.package_discovery:discover_packages(recursive) check parameters
[0.059s] Level 1:colcon.colcon_core.package_discovery:discover_packages(ignore) check parameters
[0.059s] Level 1:colcon.colcon_core.package_discovery:discover_packages(path) check parameters
[0.059s] Level 1:colcon.colcon_core.package_discovery:discover_packages(colcon_meta) discover
[0.059s] Level 1:colcon.colcon_core.package_discovery:discover_packages(recursive) discover
[0.059s] INFO:colcon.colcon_core.package_discovery:Crawling recursively for packages in '/home/kelly/launch_ws'
[0.059s] Level 1:colcon.colcon_core.package_identification:_identify(.) by extensions ['ignore', 'ignore_ament_install']
[0.059s] Level 1:colcon.colcon_core.package_identification:_identify(.) by extension 'ignore'
[0.059s] Level 1:colcon.colcon_core.package_identification:_identify(.) by extension 'ignore_ament_install'
[0.059s] Level 1:colcon.colcon_core.package_identification:_identify(.) by extensions ['colcon_pkg']
[0.059s] Level 1:colcon.colcon_core.package_identification:_identify(.) by extension 'colcon_pkg'
[0.059s] Level 1:colcon.colcon_core.package_identification:_identify(.) by extensions ['colcon_meta']
[0.059s] Level 1:colcon.colcon_core.package_identification:_identify(.) by extension 'colcon_meta'
[0.059s] Level 1:colcon.colcon_core.package_identification:_identify(.) by extensions ['ros']
[0.059s] Level 1:colcon.colcon_core.package_identification:_identify(.) by extension 'ros'
[0.070s] Level 1:colcon.colcon_core.package_identification:_identify(.) by extensions ['cmake', 'python']
[0.070s] Level 1:colcon.colcon_core.package_identification:_identify(.) by extension 'cmake'
[0.070s] Level 1:colcon.colcon_core.package_identification:_identify(.) by extension 'python'
[0.070s] Level 1:colcon.colcon_core.package_identification:_identify(.) by extensions ['python_setup_py']
[0.070s] Level 1:colcon.colcon_core.package_identification:_identify(.) by extension 'python_setup_py'
[0.070s] Level 1:colcon.colcon_core.package_identification:_identify(build) by extensions ['ignore', 'ignore_ament_install']
[0.070s] Level 1:colcon.colcon_core.package_identification:_identify(build) by extension 'ignore'
[0.070s] Level 1:colcon.colcon_core.package_identification:_identify(build) ignored
[0.070s] Level 1:colcon.colcon_core.package_identification:_identify(install) by extensions ['ignore', 'ignore_ament_install']
[0.070s] Level 1:colcon.colcon_core.package_identification:_identify(install) by extension 'ignore'
[0.070s] Level 1:colcon.colcon_core.package_identification:_identify(install) ignored
[0.070s] Level 1:colcon.colcon_core.package_identification:_identify(log) by extensions ['ignore', 'ignore_ament_install']
[0.071s] Level 1:colcon.colcon_core.package_identification:_identify(log) by extension 'ignore'
[0.071s] Level 1:colcon.colcon_core.package_identification:_identify(log) ignored
[0.071s] Level 1:colcon.colcon_core.package_identification:_identify(src) by extensions ['ignore', 'ignore_ament_install']
[0.071s] Level 1:colcon.colcon_core.package_identification:_identify(src) by extension 'ignore'
[0.071s] Level 1:colcon.colcon_core.package_identification:_identify(src) by extension 'ignore_ament_install'
[0.071s] Level 1:colcon.colcon_core.package_identification:_identify(src) by extensions ['colcon_pkg']
[0.071s] Level 1:colcon.colcon_core.package_identification:_identify(src) by extension 'colcon_pkg'
[0.071s] Level 1:colcon.colcon_core.package_identification:_identify(src) by extensions ['colcon_meta']
[0.071s] Level 1:colcon.colcon_core.package_identification:_identify(src) by extension 'colcon_meta'
[0.071s] Level 1:colcon.colcon_core.package_identification:_identify(src) by extensions ['ros']
[0.071s] Level 1:colcon.colcon_core.package_identification:_identify(src) by extension 'ros'
[0.071s] Level 1:colcon.colcon_core.package_identification:_identify(src) by extensions ['cmake', 'python']
[0.071s] Level 1:colcon.colcon_core.package_identification:_identify(src) by extension 'cmake'
[0.071s] Level 1:colcon.colcon_core.package_identification:_identify(src) by extension 'python'
[0.071s] Level 1:colcon.colcon_core.package_identification:_identify(src) by extensions ['python_setup_py']
[0.071s] Level 1:colcon.colcon_core.package_identification:_identify(src) by extension 'python_setup_py'
[0.071s] Level 1:colcon.colcon_core.package_identification:_identify(src/cpp_launch_example) by extensions ['ignore', 'ignore_ament_install']
[0.071s] Level 1:colcon.colcon_core.package_identification:_identify(src/cpp_launch_example) by extension 'ignore'
[0.071s] Level 1:colcon.colcon_core.package_identification:_identify(src/cpp_launch_example) by extension 'ignore_ament_install'
[0.071s] Level 1:colcon.colcon_core.package_identification:_identify(src/cpp_launch_example) by extensions ['colcon_pkg']
[0.071s] Level 1:colcon.colcon_core.package_identification:_identify(src/cpp_launch_example) by extension 'colcon_pkg'
[0.071s] Level 1:colcon.colcon_core.package_identification:_identify(src/cpp_launch_example) by extensions ['colcon_meta']
[0.071s] Level 1:colcon.colcon_core.package_identification:_identify(src/cpp_launch_example) by extension 'colcon_meta'
[0.071s] Level 1:colcon.colcon_core.package_identification:_identify(src/cpp_launch_example) by extensions ['ros']
[0.071s] Level 1:colcon.colcon_core.package_identification:_identify(src/cpp_launch_example) by extension 'ros'
[0.072s] DEBUG:colcon.colcon_core.package_identification:Package 'src/cpp_launch_example' with type 'ros.ament_cmake' and name 'cpp_launch_example'
[0.072s] Level 1:colcon.colcon_core.package_identification:_identify(src/launch_tutorial) by extensions ['ignore', 'ignore_ament_install']
[0.072s] Level 1:colcon.colcon_core.package_identification:_identify(src/launch_tutorial) by extension 'ignore'
[0.072s] Level 1:colcon.colcon_core.package_identification:_identify(src/launch_tutorial) by extension 'ignore_ament_install'
[0.072s] Level 1:colcon.colcon_core.package_identification:_identify(src/launch_tutorial) by extensions ['colcon_pkg']
[0.072s] Level 1:colcon.colcon_core.package_identification:_identify(src/launch_tutorial) by extension 'colcon_pkg'
[0.072s] Level 1:colcon.colcon_core.package_identification:_identify(src/launch_tutorial) by extensions ['colcon_meta']
[0.072s] Level 1:colcon.colcon_core.package_identification:_identify(src/launch_tutorial) by extension 'colcon_meta'
[0.072s] Level 1:colcon.colcon_core.package_identification:_identify(src/launch_tutorial) by extensions ['ros']
[0.072s] Level 1:colcon.colcon_core.package_identification:_identify(src/launch_tutorial) by extension 'ros'
[0.072s] DEBUG:colcon.colcon_core.package_identification:Package 'src/launch_tutorial' with type 'ros.ament_python' and name 'launch_tutorial'
[0.072s] Level 1:colcon.colcon_core.package_identification:_identify(src/launch_tutorial_cpp) by extensions ['ignore', 'ignore_ament_install']
[0.072s] Level 1:colcon.colcon_core.package_identification:_identify(src/launch_tutorial_cpp) by extension 'ignore'
[0.072s] Level 1:colcon.colcon_core.package_identification:_identify(src/launch_tutorial_cpp) by extension 'ignore_ament_install'
[0.072s] Level 1:colcon.colcon_core.package_identification:_identify(src/launch_tutorial_cpp) by extensions ['colcon_pkg']
[0.072s] Level 1:colcon.colcon_core.package_identification:_identify(src/launch_tutorial_cpp) by extension 'colcon_pkg'
[0.072s] Level 1:colcon.colcon_core.package_identification:_identify(src/launch_tutorial_cpp) by extensions ['colcon_meta']
[0.072s] Level 1:colcon.colcon_core.package_identification:_identify(src/launch_tutorial_cpp) by extension 'colcon_meta'
[0.073s] Level 1:colcon.colcon_core.package_identification:_identify(src/launch_tutorial_cpp) by extensions ['ros']
[0.073s] Level 1:colcon.colcon_core.package_identification:_identify(src/launch_tutorial_cpp) by extension 'ros'
[0.073s] DEBUG:colcon.colcon_core.package_identification:Package 'src/launch_tutorial_cpp' with type 'ros.ament_cmake' and name 'launch_tutorial'
[0.073s] Level 1:colcon.colcon_core.package_discovery:discover_packages(recursive) using defaults
[0.073s] Level 1:colcon.colcon_core.package_discovery:discover_packages(ignore) discover
[0.073s] Level 1:colcon.colcon_core.package_discovery:discover_packages(ignore) using defaults
[0.073s] Level 1:colcon.colcon_core.package_discovery:discover_packages(path) discover
[0.073s] Level 1:colcon.colcon_core.package_discovery:discover_packages(path) using defaults
[0.081s] Level 1:colcon.colcon_core.package_discovery:discover_packages(prefix_path) check parameters
[0.081s] Level 1:colcon.colcon_core.package_discovery:discover_packages(prefix_path) discover
[0.082s] DEBUG:colcon.colcon_installed_package_information.package_discovery:Found 318 installed packages in /opt/ros/jazzy
[0.082s] Level 1:colcon.colcon_core.package_discovery:discover_packages(prefix_path) using defaults
[0.100s] ERROR:colcon:colcon build: Duplicate package names not supported:
- launch_tutorial:
  - src/launch_tutorial
  - src/launch_tutorial_cpp
