[0.023s] Invoking command in '/home/kelly/ros2_ws/build/cpp_parameters': CMAKE_PREFIX_PATH=${CMAKE_PREFIX_PATH}:/home/kelly/ros2_ws/install/py_pubsub:/opt/ros/jazzy DEBUGINFOD_URLS=https://debuginfod.ubuntu.com /usr/bin/cmake --build /home/kelly/ros2_ws/build/cpp_parameters -- -j32 -l32
[0.165s] [100%] Built target minimal_param_node
[0.175s] Invoked command in '/home/kelly/ros2_ws/build/cpp_parameters' returned '0': CMAKE_PREFIX_PATH=${CMAKE_PREFIX_PATH}:/home/kelly/ros2_ws/install/py_pubsub:/opt/ros/jazzy DEBUGINFOD_URLS=https://debuginfod.ubuntu.com /usr/bin/cmake --build /home/kelly/ros2_ws/build/cpp_parameters -- -j32 -l32
[0.176s] Invoking command in '/home/kelly/ros2_ws/build/cpp_parameters': CMAKE_PREFIX_PATH=${CMAKE_PREFIX_PATH}:/home/kelly/ros2_ws/install/py_pubsub:/opt/ros/jazzy DEBUGINFOD_URLS=https://debuginfod.ubuntu.com /usr/bin/cmake --install /home/kelly/ros2_ws/build/cpp_parameters
[0.181s] -- Install configuration: ""
[0.181s] -- Up-to-date: /home/kelly/ros2_ws/install/cpp_parameters/lib/cpp_parameters/minimal_param_node
[0.182s] -- Up-to-date: /home/kelly/ros2_ws/install/cpp_parameters/share/cpp_parameters/launch
[0.182s] -- Up-to-date: /home/kelly/ros2_ws/install/cpp_parameters/share/cpp_parameters/launch/cpp_parameters_launch.py
[0.182s] -- Up-to-date: /home/kelly/ros2_ws/install/cpp_parameters/share/ament_index/resource_index/package_run_dependencies/cpp_parameters
[0.182s] -- Up-to-date: /home/kelly/ros2_ws/install/cpp_parameters/share/ament_index/resource_index/parent_prefix_path/cpp_parameters
[0.182s] -- Up-to-date: /home/kelly/ros2_ws/install/cpp_parameters/share/cpp_parameters/environment/ament_prefix_path.sh
[0.182s] -- Up-to-date: /home/kelly/ros2_ws/install/cpp_parameters/share/cpp_parameters/environment/ament_prefix_path.dsv
[0.182s] -- Up-to-date: /home/kelly/ros2_ws/install/cpp_parameters/share/cpp_parameters/environment/path.sh
[0.182s] -- Up-to-date: /home/kelly/ros2_ws/install/cpp_parameters/share/cpp_parameters/environment/path.dsv
[0.182s] -- Up-to-date: /home/kelly/ros2_ws/install/cpp_parameters/share/cpp_parameters/local_setup.bash
[0.182s] -- Up-to-date: /home/kelly/ros2_ws/install/cpp_parameters/share/cpp_parameters/local_setup.sh
[0.182s] -- Up-to-date: /home/kelly/ros2_ws/install/cpp_parameters/share/cpp_parameters/local_setup.zsh
[0.182s] -- Up-to-date: /home/kelly/ros2_ws/install/cpp_parameters/share/cpp_parameters/local_setup.dsv
[0.182s] -- Installing: /home/kelly/ros2_ws/install/cpp_parameters/share/cpp_parameters/package.dsv
[0.182s] -- Up-to-date: /home/kelly/ros2_ws/install/cpp_parameters/share/ament_index/resource_index/packages/cpp_parameters
[0.182s] -- Up-to-date: /home/kelly/ros2_ws/install/cpp_parameters/share/cpp_parameters/cmake/cpp_parametersConfig.cmake
[0.182s] -- Up-to-date: /home/kelly/ros2_ws/install/cpp_parameters/share/cpp_parameters/cmake/cpp_parametersConfig-version.cmake
[0.182s] -- Up-to-date: /home/kelly/ros2_ws/install/cpp_parameters/share/cpp_parameters/package.xml
[0.196s] Invoked command in '/home/kelly/ros2_ws/build/cpp_parameters' returned '0': CMAKE_PREFIX_PATH=${CMAKE_PREFIX_PATH}:/home/kelly/ros2_ws/install/py_pubsub:/opt/ros/jazzy DEBUGINFOD_URLS=https://debuginfod.ubuntu.com /usr/bin/cmake --install /home/kelly/ros2_ws/build/cpp_parameters
