[0.005s] Invoking command in '/home/kelly/ros2_ws/build/cpp_pubsub': CMAKE_PREFIX_PATH=${CMAKE_PREFIX_PATH}:/opt/ros/jazzy DEBUGINFOD_URLS=https://debuginfod.ubuntu.com /usr/bin/cmake /home/kelly/ros2_ws/src/cpp_pubsub -DCMAKE_INSTALL_PREFIX=/home/kelly/ros2_ws/install/cpp_pubsub
[0.047s] -- The C compiler identification is GNU 13.3.0
[0.104s] -- The CXX compiler identification is GNU 13.3.0
[0.124s] -- Detecting C compiler ABI info
[0.269s] -- Detecting C compiler ABI info - done
[0.275s] -- Check for working C compiler: /usr/bin/cc - skipped
[0.275s] -- Detecting C compile features
[0.276s] -- Detecting C compile features - done
[0.282s] -- Detecting CXX compiler ABI info
[0.413s] -- Detecting CXX compiler ABI info - done
[0.420s] -- Check for working CXX compiler: /usr/bin/c++ - skipped
[0.420s] -- Detecting CXX compile features
[0.421s] -- Detecting CXX compile features - done
[0.422s] -- Found ament_cmake: 2.5.4 (/opt/ros/jazzy/share/ament_cmake/cmake)
[0.549s] -- Found Python3: /usr/bin/python3 (found version "3.12.3") found components: Interpreter 
[0.610s] -- Found rclcpp: 28.1.11 (/opt/ros/jazzy/share/rclcpp/cmake)
[0.639s] -- Found rosidl_generator_c: 4.6.6 (/opt/ros/jazzy/share/rosidl_generator_c/cmake)
[0.646s] -- Found rosidl_generator_cpp: 4.6.6 (/opt/ros/jazzy/share/rosidl_generator_cpp/cmake)
[0.656s] -- Using all available rosidl_typesupport_c: rosidl_typesupport_fastrtps_c;rosidl_typesupport_introspection_c
[0.666s] -- Using all available rosidl_typesupport_cpp: rosidl_typesupport_fastrtps_cpp;rosidl_typesupport_introspection_cpp
[0.710s] -- Found rmw_implementation_cmake: 7.3.2 (/opt/ros/jazzy/share/rmw_implementation_cmake/cmake)
[0.712s] -- Found rmw_fastrtps_cpp: 8.4.3 (/opt/ros/jazzy/share/rmw_fastrtps_cpp/cmake)
[0.821s] -- Found OpenSSL: /usr/lib/x86_64-linux-gnu/libcrypto.so (found version "3.0.13")  
[0.854s] -- Found FastRTPS: /opt/ros/jazzy/include (Required is at least version "2.13") 
[0.871s] -- Using RMW implementation 'rmw_fastrtps_cpp' as default
[0.920s] -- Found std_msgs: 5.3.6 (/opt/ros/jazzy/share/std_msgs/cmake)
[0.970s] -- Configuring done (1.0s)
[0.976s] -- Generating done (0.0s)
[0.978s] -- Build files have been written to: /home/kelly/ros2_ws/build/cpp_pubsub
[0.983s] Invoked command in '/home/kelly/ros2_ws/build/cpp_pubsub' returned '0': CMAKE_PREFIX_PATH=${CMAKE_PREFIX_PATH}:/opt/ros/jazzy DEBUGINFOD_URLS=https://debuginfod.ubuntu.com /usr/bin/cmake /home/kelly/ros2_ws/src/cpp_pubsub -DCMAKE_INSTALL_PREFIX=/home/kelly/ros2_ws/install/cpp_pubsub
[0.984s] Invoking command in '/home/kelly/ros2_ws/build/cpp_pubsub': CMAKE_PREFIX_PATH=${CMAKE_PREFIX_PATH}:/opt/ros/jazzy DEBUGINFOD_URLS=https://debuginfod.ubuntu.com /usr/bin/cmake --build /home/kelly/ros2_ws/build/cpp_pubsub -- -j32 -l32
[1.020s] [ 25%] [32mBuilding CXX object CMakeFiles/talker.dir/src/publisher_lambda_function.cpp.o[0m
[1.020s] [ 50%] [32mBuilding CXX object CMakeFiles/listener.dir/src/subscriber_lambda_function.cpp.o[0m
[2.853s] [ 75%] [32m[1mLinking CXX executable talker[0m
[2.949s] [ 75%] Built target talker
[4.106s] [100%] [32m[1mLinking CXX executable listener[0m
[4.222s] [100%] Built target listener
[4.229s] Invoked command in '/home/kelly/ros2_ws/build/cpp_pubsub' returned '0': CMAKE_PREFIX_PATH=${CMAKE_PREFIX_PATH}:/opt/ros/jazzy DEBUGINFOD_URLS=https://debuginfod.ubuntu.com /usr/bin/cmake --build /home/kelly/ros2_ws/build/cpp_pubsub -- -j32 -l32
[4.235s] Invoking command in '/home/kelly/ros2_ws/build/cpp_pubsub': CMAKE_PREFIX_PATH=${CMAKE_PREFIX_PATH}:/opt/ros/jazzy DEBUGINFOD_URLS=https://debuginfod.ubuntu.com /usr/bin/cmake --install /home/kelly/ros2_ws/build/cpp_pubsub
[4.243s] -- Install configuration: ""
[4.243s] -- Installing: /home/kelly/ros2_ws/install/cpp_pubsub/lib/cpp_pubsub/talker
[4.244s] -- Set non-toolchain portion of runtime path of "/home/kelly/ros2_ws/install/cpp_pubsub/lib/cpp_pubsub/talker" to ""
[4.244s] -- Installing: /home/kelly/ros2_ws/install/cpp_pubsub/lib/cpp_pubsub/listener
[4.247s] -- Set non-toolchain portion of runtime path of "/home/kelly/ros2_ws/install/cpp_pubsub/lib/cpp_pubsub/listener" to ""
[4.247s] -- Installing: /home/kelly/ros2_ws/install/cpp_pubsub/share/ament_index/resource_index/package_run_dependencies/cpp_pubsub
[4.247s] -- Installing: /home/kelly/ros2_ws/install/cpp_pubsub/share/ament_index/resource_index/parent_prefix_path/cpp_pubsub
[4.247s] -- Installing: /home/kelly/ros2_ws/install/cpp_pubsub/share/cpp_pubsub/environment/ament_prefix_path.sh
[4.247s] -- Installing: /home/kelly/ros2_ws/install/cpp_pubsub/share/cpp_pubsub/environment/ament_prefix_path.dsv
[4.247s] -- Installing: /home/kelly/ros2_ws/install/cpp_pubsub/share/cpp_pubsub/environment/path.sh
[4.247s] -- Installing: /home/kelly/ros2_ws/install/cpp_pubsub/share/cpp_pubsub/environment/path.dsv
[4.247s] -- Installing: /home/kelly/ros2_ws/install/cpp_pubsub/share/cpp_pubsub/local_setup.bash
[4.247s] -- Installing: /home/kelly/ros2_ws/install/cpp_pubsub/share/cpp_pubsub/local_setup.sh
[4.247s] -- Installing: /home/kelly/ros2_ws/install/cpp_pubsub/share/cpp_pubsub/local_setup.zsh
[4.247s] -- Installing: /home/kelly/ros2_ws/install/cpp_pubsub/share/cpp_pubsub/local_setup.dsv
[4.247s] -- Installing: /home/kelly/ros2_ws/install/cpp_pubsub/share/cpp_pubsub/package.dsv
[4.247s] -- Installing: /home/kelly/ros2_ws/install/cpp_pubsub/share/ament_index/resource_index/packages/cpp_pubsub
[4.247s] -- Installing: /home/kelly/ros2_ws/install/cpp_pubsub/share/cpp_pubsub/cmake/cpp_pubsubConfig.cmake
[4.247s] -- Installing: /home/kelly/ros2_ws/install/cpp_pubsub/share/cpp_pubsub/cmake/cpp_pubsubConfig-version.cmake
[4.247s] -- Installing: /home/kelly/ros2_ws/install/cpp_pubsub/share/cpp_pubsub/package.xml
[4.248s] Invoked command in '/home/kelly/ros2_ws/build/cpp_pubsub' returned '0': CMAKE_PREFIX_PATH=${CMAKE_PREFIX_PATH}:/opt/ros/jazzy DEBUGINFOD_URLS=https://debuginfod.ubuntu.com /usr/bin/cmake --install /home/kelly/ros2_ws/build/cpp_pubsub
