[0.006s] Invoking command in '/home/kelly/ros2_ws/build/cpp_parameters': CMAKE_PREFIX_PATH=${CMAKE_PREFIX_PATH}:/home/kelly/ros2_ws/install/py_pubsub:/opt/ros/jazzy DEBUGINFOD_URLS=https://debuginfod.ubuntu.com /usr/bin/cmake --build /home/kelly/ros2_ws/build/cpp_parameters -- -j32 -l32
[0.020s] -- Found ament_cmake: 2.5.4 (/opt/ros/jazzy/share/ament_cmake/cmake)
[0.142s] -- Found rclcpp: 28.1.11 (/opt/ros/jazzy/share/rclcpp/cmake)
[0.155s] -- Found rosidl_generator_c: 4.6.6 (/opt/ros/jazzy/share/rosidl_generator_c/cmake)
[0.159s] -- Found rosidl_generator_cpp: 4.6.6 (/opt/ros/jazzy/share/rosidl_generator_cpp/cmake)
[0.164s] -- Using all available rosidl_typesupport_c: rosidl_typesupport_fastrtps_c;rosidl_typesupport_introspection_c
[0.170s] -- Using all available rosidl_typesupport_cpp: rosidl_typesupport_fastrtps_cpp;rosidl_typesupport_introspection_cpp
[0.206s] -- Found rmw_implementation_cmake: 7.3.2 (/opt/ros/jazzy/share/rmw_implementation_cmake/cmake)
[0.206s] -- Found rmw_fastrtps_cpp: 8.4.3 (/opt/ros/jazzy/share/rmw_fastrtps_cpp/cmake)
[0.251s] -- Using RMW implementation 'rmw_fastrtps_cpp' as default
[0.292s] -- Found ament_lint_auto: 0.17.3 (/opt/ros/jazzy/share/ament_lint_auto/cmake)
[0.344s] -- Added test 'cppcheck' to perform static code analysis on C / C++ code
[0.344s] -- Configured cppcheck include dirs: 
[0.344s] -- Configured cppcheck exclude dirs and/or files: 
[0.344s] -- Added test 'flake8' to check Python code syntax and style conventions
[0.344s] -- Configured 'flake8' exclude dirs and/or files: 
[0.344s] -- Added test 'lint_cmake' to check CMake code style
[0.345s] -- Added test 'pep257' to check Python code against some of the docstring style conventions in PEP 257
[0.345s] -- Added test 'uncrustify' to check C / C++ code style
[0.345s] -- Configured uncrustify additional arguments: 
[0.345s] -- Added test 'xmllint' to check XML markup files
[0.345s] -- Configuring done (0.3s)
[0.349s] -- Generating done (0.0s)
[0.351s] -- Build files have been written to: /home/kelly/ros2_ws/build/cpp_parameters
[0.379s] [100%] Built target minimal_param_node
[0.388s] Invoked command in '/home/kelly/ros2_ws/build/cpp_parameters' returned '0': CMAKE_PREFIX_PATH=${CMAKE_PREFIX_PATH}:/home/kelly/ros2_ws/install/py_pubsub:/opt/ros/jazzy DEBUGINFOD_URLS=https://debuginfod.ubuntu.com /usr/bin/cmake --build /home/kelly/ros2_ws/build/cpp_parameters -- -j32 -l32
[0.402s] Invoking command in '/home/kelly/ros2_ws/build/cpp_parameters': CMAKE_PREFIX_PATH=${CMAKE_PREFIX_PATH}:/home/kelly/ros2_ws/install/py_pubsub:/opt/ros/jazzy DEBUGINFOD_URLS=https://debuginfod.ubuntu.com /usr/bin/cmake --install /home/kelly/ros2_ws/build/cpp_parameters
[0.419s] -- Install configuration: ""
[0.419s] -- Up-to-date: /home/kelly/ros2_ws/install/cpp_parameters/lib/cpp_parameters/minimal_param_node
[0.420s] -- Installing: /home/kelly/ros2_ws/install/cpp_parameters/share/cpp_parameters/launch
[0.420s] -- Installing: /home/kelly/ros2_ws/install/cpp_parameters/share/cpp_parameters/launch/cpp_parameters_launch.py
[0.420s] -- Up-to-date: /home/kelly/ros2_ws/install/cpp_parameters/share/ament_index/resource_index/package_run_dependencies/cpp_parameters
[0.420s] -- Up-to-date: /home/kelly/ros2_ws/install/cpp_parameters/share/ament_index/resource_index/parent_prefix_path/cpp_parameters
[0.420s] -- Up-to-date: /home/kelly/ros2_ws/install/cpp_parameters/share/cpp_parameters/environment/ament_prefix_path.sh
[0.420s] -- Up-to-date: /home/kelly/ros2_ws/install/cpp_parameters/share/cpp_parameters/environment/ament_prefix_path.dsv
[0.420s] -- Up-to-date: /home/kelly/ros2_ws/install/cpp_parameters/share/cpp_parameters/environment/path.sh
[0.420s] -- Up-to-date: /home/kelly/ros2_ws/install/cpp_parameters/share/cpp_parameters/environment/path.dsv
[0.420s] -- Up-to-date: /home/kelly/ros2_ws/install/cpp_parameters/share/cpp_parameters/local_setup.bash
[0.420s] -- Up-to-date: /home/kelly/ros2_ws/install/cpp_parameters/share/cpp_parameters/local_setup.sh
[0.420s] -- Up-to-date: /home/kelly/ros2_ws/install/cpp_parameters/share/cpp_parameters/local_setup.zsh
[0.421s] -- Up-to-date: /home/kelly/ros2_ws/install/cpp_parameters/share/cpp_parameters/local_setup.dsv
[0.421s] -- Installing: /home/kelly/ros2_ws/install/cpp_parameters/share/cpp_parameters/package.dsv
[0.421s] -- Up-to-date: /home/kelly/ros2_ws/install/cpp_parameters/share/ament_index/resource_index/packages/cpp_parameters
[0.421s] -- Up-to-date: /home/kelly/ros2_ws/install/cpp_parameters/share/cpp_parameters/cmake/cpp_parametersConfig.cmake
[0.421s] -- Up-to-date: /home/kelly/ros2_ws/install/cpp_parameters/share/cpp_parameters/cmake/cpp_parametersConfig-version.cmake
[0.421s] -- Up-to-date: /home/kelly/ros2_ws/install/cpp_parameters/share/cpp_parameters/package.xml
[0.422s] Invoked command in '/home/kelly/ros2_ws/build/cpp_parameters' returned '0': CMAKE_PREFIX_PATH=${CMAKE_PREFIX_PATH}:/home/kelly/ros2_ws/install/py_pubsub:/opt/ros/jazzy DEBUGINFOD_URLS=https://debuginfod.ubuntu.com /usr/bin/cmake --install /home/kelly/ros2_ws/build/cpp_parameters
