[0.013s] Invoking command in '/home/kelly/ros2_ws/build/turtlesim': CMAKE_PREFIX_PATH=${CMAKE_PREFIX_PATH}:/opt/ros/jazzy DEBUGINFOD_URLS=https://debuginfod.ubuntu.com /usr/bin/cmake --build /home/kelly/ros2_ws/build/turtlesim -- -j32 -l32
[0.050s] [  0%] Built target turtlesim__rosidl_generator_type_description
[0.063s] [  0%] Built target ament_cmake_python_copy_turtlesim
[0.072s] [  1%] Built target turtlesim__cpp
[0.075s] [ 24%] Built target turtlesim__rosidl_generator_c
[0.090s] [ 33%] Built target turtlesim__rosidl_typesupport_cpp
[0.091s] [ 42%] Built target turtlesim__rosidl_typesupport_fastrtps_cpp
[0.091s] [ 50%] Built target turtlesim__rosidl_typesupport_introspection_cpp
[0.091s] [ 60%] Built target turtlesim__rosidl_typesupport_c
[0.091s] [ 67%] Built target turtlesim__rosidl_typesupport_fastrtps_c
[0.092s] [ 76%] Built target turtlesim__rosidl_typesupport_introspection_c
[0.101s] [ 76%] Built target turtlesim
[0.106s] [ 78%] Built target mimic
[0.106s] [ 80%] Built target turtle_teleop_key
[0.106s] [ 81%] Built target draw_square
[0.113s] [ 81%] Built target turtlesim__py
[0.113s] [ 82%] [32mBuilding CXX object CMakeFiles/turtlesim_node.dir/src/turtle_frame.cpp.o[0m
[0.129s] [ 90%] Built target turtlesim__rosidl_generator_py
[0.142s] [ 92%] Built target turtlesim_s__rosidl_typesupport_fastrtps_c
[0.143s] [ 94%] Built target turtlesim_s__rosidl_typesupport_introspection_c
[0.144s] [ 96%] Built target turtlesim_s__rosidl_typesupport_c
[0.169s] running egg_info
[0.177s] writing turtlesim.egg-info/PKG-INFO
[0.177s] writing dependency_links to turtlesim.egg-info/dependency_links.txt
[0.177s] writing top-level names to turtlesim.egg-info/top_level.txt
[0.200s] reading manifest file 'turtlesim.egg-info/SOURCES.txt'
[0.201s] writing manifest file 'turtlesim.egg-info/SOURCES.txt'
[0.216s] [ 96%] Built target ament_cmake_python_build_turtlesim_egg
[4.344s] [ 97%] [32m[1mLinking CXX executable turtlesim_node[0m
[5.037s] [100%] Built target turtlesim_node
[5.044s] Invoked command in '/home/kelly/ros2_ws/build/turtlesim' returned '0': CMAKE_PREFIX_PATH=${CMAKE_PREFIX_PATH}:/opt/ros/jazzy DEBUGINFOD_URLS=https://debuginfod.ubuntu.com /usr/bin/cmake --build /home/kelly/ros2_ws/build/turtlesim -- -j32 -l32
[5.044s] Invoking command in '/home/kelly/ros2_ws/build/turtlesim': CMAKE_PREFIX_PATH=${CMAKE_PREFIX_PATH}:/opt/ros/jazzy DEBUGINFOD_URLS=https://debuginfod.ubuntu.com /usr/bin/cmake --install /home/kelly/ros2_ws/build/turtlesim
[5.051s] -- Install configuration: ""
[5.051s] -- Up-to-date: /home/kelly/ros2_ws/install/turtlesim/share/ament_index/resource_index/rosidl_interfaces/turtlesim
[5.051s] -- Up-to-date: /home/kelly/ros2_ws/install/turtlesim/share/turtlesim/action/RotateAbsolute.json
[5.051s] -- Up-to-date: /home/kelly/ros2_ws/install/turtlesim/share/turtlesim/msg/Color.json
[5.052s] -- Up-to-date: /home/kelly/ros2_ws/install/turtlesim/share/turtlesim/msg/Pose.json
[5.052s] -- Up-to-date: /home/kelly/ros2_ws/install/turtlesim/share/turtlesim/srv/Kill.json
[5.052s] -- Up-to-date: /home/kelly/ros2_ws/install/turtlesim/share/turtlesim/srv/SetPen.json
[5.052s] -- Up-to-date: /home/kelly/ros2_ws/install/turtlesim/share/turtlesim/srv/Spawn.json
[5.052s] -- Up-to-date: /home/kelly/ros2_ws/install/turtlesim/share/turtlesim/srv/TeleportAbsolute.json
[5.052s] -- Up-to-date: /home/kelly/ros2_ws/install/turtlesim/share/turtlesim/srv/TeleportRelative.json
[5.052s] -- Up-to-date: /home/kelly/ros2_ws/install/turtlesim/include/turtlesim/turtlesim
[5.052s] -- Up-to-date: /home/kelly/ros2_ws/install/turtlesim/include/turtlesim/turtlesim/action
[5.052s] -- Up-to-date: /home/kelly/ros2_ws/install/turtlesim/include/turtlesim/turtlesim/action/detail
[5.052s] -- Up-to-date: /home/kelly/ros2_ws/install/turtlesim/include/turtlesim/turtlesim/action/detail/rotate_absolute__functions.c
[5.052s] -- Up-to-date: /home/kelly/ros2_ws/install/turtlesim/include/turtlesim/turtlesim/action/detail/rotate_absolute__description.c
[5.052s] -- Up-to-date: /home/kelly/ros2_ws/install/turtlesim/include/turtlesim/turtlesim/action/detail/rotate_absolute__functions.h
[5.052s] -- Up-to-date: /home/kelly/ros2_ws/install/turtlesim/include/turtlesim/turtlesim/action/detail/rotate_absolute__type_support.c
[5.052s] -- Up-to-date: /home/kelly/ros2_ws/install/turtlesim/include/turtlesim/turtlesim/action/detail/rotate_absolute__struct.h
[5.052s] -- Up-to-date: /home/kelly/ros2_ws/install/turtlesim/include/turtlesim/turtlesim/action/detail/rotate_absolute__type_support.h
[5.052s] -- Up-to-date: /home/kelly/ros2_ws/install/turtlesim/include/turtlesim/turtlesim/action/rotate_absolute.h
[5.052s] -- Up-to-date: /home/kelly/ros2_ws/install/turtlesim/include/turtlesim/turtlesim/srv
[5.052s] -- Up-to-date: /home/kelly/ros2_ws/install/turtlesim/include/turtlesim/turtlesim/srv/detail
[5.052s] -- Up-to-date: /home/kelly/ros2_ws/install/turtlesim/include/turtlesim/turtlesim/srv/detail/spawn__functions.h
[5.052s] -- Up-to-date: /home/kelly/ros2_ws/install/turtlesim/include/turtlesim/turtlesim/srv/detail/teleport_relative__type_support.c
[5.052s] -- Up-to-date: /home/kelly/ros2_ws/install/turtlesim/include/turtlesim/turtlesim/srv/detail/teleport_relative__type_support.h
[5.052s] -- Up-to-date: /home/kelly/ros2_ws/install/turtlesim/include/turtlesim/turtlesim/srv/detail/teleport_relative__functions.c
[5.052s] -- Up-to-date: /home/kelly/ros2_ws/install/turtlesim/include/turtlesim/turtlesim/srv/detail/set_pen__functions.c
[5.052s] -- Up-to-date: /home/kelly/ros2_ws/install/turtlesim/include/turtlesim/turtlesim/srv/detail/set_pen__functions.h
[5.053s] -- Up-to-date: /home/kelly/ros2_ws/install/turtlesim/include/turtlesim/turtlesim/srv/detail/teleport_absolute__type_support.c
[5.053s] -- Up-to-date: /home/kelly/ros2_ws/install/turtlesim/include/turtlesim/turtlesim/srv/detail/set_pen__struct.h
[5.053s] -- Up-to-date: /home/kelly/ros2_ws/install/turtlesim/include/turtlesim/turtlesim/srv/detail/teleport_relative__struct.h
[5.053s] -- Up-to-date: /home/kelly/ros2_ws/install/turtlesim/include/turtlesim/turtlesim/srv/detail/teleport_absolute__functions.c
[5.053s] -- Up-to-date: /home/kelly/ros2_ws/install/turtlesim/include/turtlesim/turtlesim/srv/detail/kill__type_support.h
[5.053s] -- Up-to-date: /home/kelly/ros2_ws/install/turtlesim/include/turtlesim/turtlesim/srv/detail/set_pen__type_support.c
[5.053s] -- Up-to-date: /home/kelly/ros2_ws/install/turtlesim/include/turtlesim/turtlesim/srv/detail/teleport_relative__description.c
[5.053s] -- Up-to-date: /home/kelly/ros2_ws/install/turtlesim/include/turtlesim/turtlesim/srv/detail/kill__struct.h
[5.053s] -- Up-to-date: /home/kelly/ros2_ws/install/turtlesim/include/turtlesim/turtlesim/srv/detail/teleport_absolute__struct.h
[5.053s] -- Up-to-date: /home/kelly/ros2_ws/install/turtlesim/include/turtlesim/turtlesim/srv/detail/teleport_absolute__type_support.h
[5.053s] -- Up-to-date: /home/kelly/ros2_ws/install/turtlesim/include/turtlesim/turtlesim/srv/detail/teleport_absolute__description.c
[5.053s] -- Up-to-date: /home/kelly/ros2_ws/install/turtlesim/include/turtlesim/turtlesim/srv/detail/set_pen__type_support.h
[5.053s] -- Up-to-date: /home/kelly/ros2_ws/install/turtlesim/include/turtlesim/turtlesim/srv/detail/kill__description.c
[5.053s] -- Up-to-date: /home/kelly/ros2_ws/install/turtlesim/include/turtlesim/turtlesim/srv/detail/spawn__functions.c
[5.053s] -- Up-to-date: /home/kelly/ros2_ws/install/turtlesim/include/turtlesim/turtlesim/srv/detail/kill__functions.c
[5.053s] -- Up-to-date: /home/kelly/ros2_ws/install/turtlesim/include/turtlesim/turtlesim/srv/detail/kill__type_support.c
[5.053s] -- Up-to-date: /home/kelly/ros2_ws/install/turtlesim/include/turtlesim/turtlesim/srv/detail/teleport_absolute__functions.h
[5.053s] -- Up-to-date: /home/kelly/ros2_ws/install/turtlesim/include/turtlesim/turtlesim/srv/detail/set_pen__description.c
[5.053s] -- Up-to-date: /home/kelly/ros2_ws/install/turtlesim/include/turtlesim/turtlesim/srv/detail/spawn__type_support.c
[5.054s] -- Up-to-date: /home/kelly/ros2_ws/install/turtlesim/include/turtlesim/turtlesim/srv/detail/spawn__struct.h
[5.054s] -- Up-to-date: /home/kelly/ros2_ws/install/turtlesim/include/turtlesim/turtlesim/srv/detail/spawn__type_support.h
[5.054s] -- Up-to-date: /home/kelly/ros2_ws/install/turtlesim/include/turtlesim/turtlesim/srv/detail/teleport_relative__functions.h
[5.054s] -- Up-to-date: /home/kelly/ros2_ws/install/turtlesim/include/turtlesim/turtlesim/srv/detail/kill__functions.h
[5.054s] -- Up-to-date: /home/kelly/ros2_ws/install/turtlesim/include/turtlesim/turtlesim/srv/detail/spawn__description.c
[5.054s] -- Up-to-date: /home/kelly/ros2_ws/install/turtlesim/include/turtlesim/turtlesim/srv/teleport_absolute.h
[5.054s] -- Up-to-date: /home/kelly/ros2_ws/install/turtlesim/include/turtlesim/turtlesim/srv/spawn.h
[5.054s] -- Up-to-date: /home/kelly/ros2_ws/install/turtlesim/include/turtlesim/turtlesim/srv/teleport_relative.h
[5.054s] -- Up-to-date: /home/kelly/ros2_ws/install/turtlesim/include/turtlesim/turtlesim/srv/set_pen.h
[5.054s] -- Up-to-date: /home/kelly/ros2_ws/install/turtlesim/include/turtlesim/turtlesim/srv/kill.h
[5.054s] -- Up-to-date: /home/kelly/ros2_ws/install/turtlesim/include/turtlesim/turtlesim/msg
[5.054s] -- Up-to-date: /home/kelly/ros2_ws/install/turtlesim/include/turtlesim/turtlesim/msg/detail
[5.054s] -- Up-to-date: /home/kelly/ros2_ws/install/turtlesim/include/turtlesim/turtlesim/msg/detail/pose__struct.h
[5.054s] -- Up-to-date: /home/kelly/ros2_ws/install/turtlesim/include/turtlesim/turtlesim/msg/detail/color__struct.h
[5.054s] -- Up-to-date: /home/kelly/ros2_ws/install/turtlesim/include/turtlesim/turtlesim/msg/detail/color__type_support.h
[5.054s] -- Up-to-date: /home/kelly/ros2_ws/install/turtlesim/include/turtlesim/turtlesim/msg/detail/color__type_support.c
[5.054s] -- Up-to-date: /home/kelly/ros2_ws/install/turtlesim/include/turtlesim/turtlesim/msg/detail/pose__type_support.h
[5.054s] -- Up-to-date: /home/kelly/ros2_ws/install/turtlesim/include/turtlesim/turtlesim/msg/detail/pose__functions.h
[5.054s] -- Up-to-date: /home/kelly/ros2_ws/install/turtlesim/include/turtlesim/turtlesim/msg/detail/color__functions.c
[5.054s] -- Up-to-date: /home/kelly/ros2_ws/install/turtlesim/include/turtlesim/turtlesim/msg/detail/pose__functions.c
[5.054s] -- Up-to-date: /home/kelly/ros2_ws/install/turtlesim/include/turtlesim/turtlesim/msg/detail/pose__description.c
[5.054s] -- Up-to-date: /home/kelly/ros2_ws/install/turtlesim/include/turtlesim/turtlesim/msg/detail/color__functions.h
[5.054s] -- Up-to-date: /home/kelly/ros2_ws/install/turtlesim/include/turtlesim/turtlesim/msg/detail/pose__type_support.c
[5.054s] -- Up-to-date: /home/kelly/ros2_ws/install/turtlesim/include/turtlesim/turtlesim/msg/detail/color__description.c
[5.055s] -- Up-to-date: /home/kelly/ros2_ws/install/turtlesim/include/turtlesim/turtlesim/msg/pose.h
[5.055s] -- Up-to-date: /home/kelly/ros2_ws/install/turtlesim/include/turtlesim/turtlesim/msg/rosidl_generator_c__visibility_control.h
[5.055s] -- Up-to-date: /home/kelly/ros2_ws/install/turtlesim/include/turtlesim/turtlesim/msg/color.h
[5.055s] -- Up-to-date: /home/kelly/ros2_ws/install/turtlesim/share/turtlesim/environment/library_path.sh
[5.055s] -- Up-to-date: /home/kelly/ros2_ws/install/turtlesim/share/turtlesim/environment/library_path.dsv
[5.055s] -- Up-to-date: /home/kelly/ros2_ws/install/turtlesim/lib/libturtlesim__rosidl_generator_c.so
[5.055s] -- Up-to-date: /home/kelly/ros2_ws/install/turtlesim/include/turtlesim/turtlesim
[5.055s] -- Up-to-date: /home/kelly/ros2_ws/install/turtlesim/include/turtlesim/turtlesim/action
[5.055s] -- Up-to-date: /home/kelly/ros2_ws/install/turtlesim/include/turtlesim/turtlesim/action/detail
[5.055s] -- Up-to-date: /home/kelly/ros2_ws/install/turtlesim/include/turtlesim/turtlesim/action/detail/rotate_absolute__rosidl_typesupport_fastrtps_c.h
[5.055s] -- Up-to-date: /home/kelly/ros2_ws/install/turtlesim/include/turtlesim/turtlesim/srv
[5.055s] -- Up-to-date: /home/kelly/ros2_ws/install/turtlesim/include/turtlesim/turtlesim/srv/detail
[5.055s] -- Up-to-date: /home/kelly/ros2_ws/install/turtlesim/include/turtlesim/turtlesim/srv/detail/teleport_relative__rosidl_typesupport_fastrtps_c.h
[5.055s] -- Up-to-date: /home/kelly/ros2_ws/install/turtlesim/include/turtlesim/turtlesim/srv/detail/kill__rosidl_typesupport_fastrtps_c.h
[5.055s] -- Up-to-date: /home/kelly/ros2_ws/install/turtlesim/include/turtlesim/turtlesim/srv/detail/teleport_absolute__rosidl_typesupport_fastrtps_c.h
[5.055s] -- Up-to-date: /home/kelly/ros2_ws/install/turtlesim/include/turtlesim/turtlesim/srv/detail/set_pen__rosidl_typesupport_fastrtps_c.h
[5.055s] -- Up-to-date: /home/kelly/ros2_ws/install/turtlesim/include/turtlesim/turtlesim/srv/detail/spawn__rosidl_typesupport_fastrtps_c.h
[5.055s] -- Up-to-date: /home/kelly/ros2_ws/install/turtlesim/include/turtlesim/turtlesim/msg
[5.055s] -- Up-to-date: /home/kelly/ros2_ws/install/turtlesim/include/turtlesim/turtlesim/msg/detail
[5.055s] -- Up-to-date: /home/kelly/ros2_ws/install/turtlesim/include/turtlesim/turtlesim/msg/detail/pose__rosidl_typesupport_fastrtps_c.h
[5.055s] -- Up-to-date: /home/kelly/ros2_ws/install/turtlesim/include/turtlesim/turtlesim/msg/detail/color__rosidl_typesupport_fastrtps_c.h
[5.055s] -- Up-to-date: /home/kelly/ros2_ws/install/turtlesim/include/turtlesim/turtlesim/msg/rosidl_typesupport_fastrtps_c__visibility_control.h
[5.055s] -- Up-to-date: /home/kelly/ros2_ws/install/turtlesim/lib/libturtlesim__rosidl_typesupport_fastrtps_c.so
[5.055s] -- Up-to-date: /home/kelly/ros2_ws/install/turtlesim/include/turtlesim/turtlesim
[5.056s] -- Up-to-date: /home/kelly/ros2_ws/install/turtlesim/include/turtlesim/turtlesim/action
[5.056s] -- Up-to-date: /home/kelly/ros2_ws/install/turtlesim/include/turtlesim/turtlesim/action/detail
[5.056s] -- Up-to-date: /home/kelly/ros2_ws/install/turtlesim/include/turtlesim/turtlesim/action/detail/rotate_absolute__traits.hpp
[5.056s] -- Up-to-date: /home/kelly/ros2_ws/install/turtlesim/include/turtlesim/turtlesim/action/detail/rotate_absolute__struct.hpp
[5.056s] -- Up-to-date: /home/kelly/ros2_ws/install/turtlesim/include/turtlesim/turtlesim/action/detail/rotate_absolute__type_support.hpp
[5.056s] -- Up-to-date: /home/kelly/ros2_ws/install/turtlesim/include/turtlesim/turtlesim/action/detail/rotate_absolute__builder.hpp
[5.056s] -- Up-to-date: /home/kelly/ros2_ws/install/turtlesim/include/turtlesim/turtlesim/action/rotate_absolute.hpp
[5.056s] -- Up-to-date: /home/kelly/ros2_ws/install/turtlesim/include/turtlesim/turtlesim/srv
[5.056s] -- Up-to-date: /home/kelly/ros2_ws/install/turtlesim/include/turtlesim/turtlesim/srv/set_pen.hpp
[5.056s] -- Up-to-date: /home/kelly/ros2_ws/install/turtlesim/include/turtlesim/turtlesim/srv/teleport_relative.hpp
[5.056s] -- Up-to-date: /home/kelly/ros2_ws/install/turtlesim/include/turtlesim/turtlesim/srv/detail
[5.056s] -- Up-to-date: /home/kelly/ros2_ws/install/turtlesim/include/turtlesim/turtlesim/srv/detail/teleport_absolute__struct.hpp
[5.056s] -- Up-to-date: /home/kelly/ros2_ws/install/turtlesim/include/turtlesim/turtlesim/srv/detail/set_pen__builder.hpp
[5.056s] -- Up-to-date: /home/kelly/ros2_ws/install/turtlesim/include/turtlesim/turtlesim/srv/detail/set_pen__type_support.hpp
[5.056s] -- Up-to-date: /home/kelly/ros2_ws/install/turtlesim/include/turtlesim/turtlesim/srv/detail/spawn__builder.hpp
[5.056s] -- Up-to-date: /home/kelly/ros2_ws/install/turtlesim/include/turtlesim/turtlesim/srv/detail/teleport_absolute__type_support.hpp
[5.056s] -- Up-to-date: /home/kelly/ros2_ws/install/turtlesim/include/turtlesim/turtlesim/srv/detail/spawn__type_support.hpp
[5.056s] -- Up-to-date: /home/kelly/ros2_ws/install/turtlesim/include/turtlesim/turtlesim/srv/detail/kill__builder.hpp
[5.056s] -- Up-to-date: /home/kelly/ros2_ws/install/turtlesim/include/turtlesim/turtlesim/srv/detail/kill__struct.hpp
[5.056s] -- Up-to-date: /home/kelly/ros2_ws/install/turtlesim/include/turtlesim/turtlesim/srv/detail/set_pen__traits.hpp
[5.057s] -- Up-to-date: /home/kelly/ros2_ws/install/turtlesim/include/turtlesim/turtlesim/srv/detail/spawn__struct.hpp
[5.057s] -- Up-to-date: /home/kelly/ros2_ws/install/turtlesim/include/turtlesim/turtlesim/srv/detail/teleport_absolute__builder.hpp
[5.057s] -- Up-to-date: /home/kelly/ros2_ws/install/turtlesim/include/turtlesim/turtlesim/srv/detail/kill__type_support.hpp
[5.057s] -- Up-to-date: /home/kelly/ros2_ws/install/turtlesim/include/turtlesim/turtlesim/srv/detail/teleport_relative__builder.hpp
[5.057s] -- Up-to-date: /home/kelly/ros2_ws/install/turtlesim/include/turtlesim/turtlesim/srv/detail/teleport_relative__traits.hpp
[5.057s] -- Up-to-date: /home/kelly/ros2_ws/install/turtlesim/include/turtlesim/turtlesim/srv/detail/spawn__traits.hpp
[5.057s] -- Up-to-date: /home/kelly/ros2_ws/install/turtlesim/include/turtlesim/turtlesim/srv/detail/teleport_relative__struct.hpp
[5.057s] -- Up-to-date: /home/kelly/ros2_ws/install/turtlesim/include/turtlesim/turtlesim/srv/detail/teleport_absolute__traits.hpp
[5.057s] -- Up-to-date: /home/kelly/ros2_ws/install/turtlesim/include/turtlesim/turtlesim/srv/detail/kill__traits.hpp
[5.057s] -- Up-to-date: /home/kelly/ros2_ws/install/turtlesim/include/turtlesim/turtlesim/srv/detail/set_pen__struct.hpp
[5.057s] -- Up-to-date: /home/kelly/ros2_ws/install/turtlesim/include/turtlesim/turtlesim/srv/detail/teleport_relative__type_support.hpp
[5.057s] -- Up-to-date: /home/kelly/ros2_ws/install/turtlesim/include/turtlesim/turtlesim/srv/teleport_absolute.hpp
[5.057s] -- Up-to-date: /home/kelly/ros2_ws/install/turtlesim/include/turtlesim/turtlesim/srv/spawn.hpp
[5.057s] -- Up-to-date: /home/kelly/ros2_ws/install/turtlesim/include/turtlesim/turtlesim/srv/kill.hpp
[5.057s] -- Up-to-date: /home/kelly/ros2_ws/install/turtlesim/include/turtlesim/turtlesim/msg
[5.057s] -- Up-to-date: /home/kelly/ros2_ws/install/turtlesim/include/turtlesim/turtlesim/msg/detail
[5.057s] -- Up-to-date: /home/kelly/ros2_ws/install/turtlesim/include/turtlesim/turtlesim/msg/detail/color__struct.hpp
[5.057s] -- Up-to-date: /home/kelly/ros2_ws/install/turtlesim/include/turtlesim/turtlesim/msg/detail/pose__builder.hpp
[5.057s] -- Up-to-date: /home/kelly/ros2_ws/install/turtlesim/include/turtlesim/turtlesim/msg/detail/color__traits.hpp
[5.057s] -- Up-to-date: /home/kelly/ros2_ws/install/turtlesim/include/turtlesim/turtlesim/msg/detail/pose__type_support.hpp
[5.057s] -- Up-to-date: /home/kelly/ros2_ws/install/turtlesim/include/turtlesim/turtlesim/msg/detail/color__type_support.hpp
[5.058s] -- Up-to-date: /home/kelly/ros2_ws/install/turtlesim/include/turtlesim/turtlesim/msg/detail/color__builder.hpp
[5.058s] -- Up-to-date: /home/kelly/ros2_ws/install/turtlesim/include/turtlesim/turtlesim/msg/detail/pose__struct.hpp
[5.058s] -- Up-to-date: /home/kelly/ros2_ws/install/turtlesim/include/turtlesim/turtlesim/msg/detail/pose__traits.hpp
[5.058s] -- Up-to-date: /home/kelly/ros2_ws/install/turtlesim/include/turtlesim/turtlesim/msg/rosidl_generator_cpp__visibility_control.hpp
[5.058s] -- Up-to-date: /home/kelly/ros2_ws/install/turtlesim/include/turtlesim/turtlesim/msg/pose.hpp
[5.058s] -- Up-to-date: /home/kelly/ros2_ws/install/turtlesim/include/turtlesim/turtlesim/msg/color.hpp
[5.058s] -- Up-to-date: /home/kelly/ros2_ws/install/turtlesim/include/turtlesim/turtlesim
[5.058s] -- Up-to-date: /home/kelly/ros2_ws/install/turtlesim/include/turtlesim/turtlesim/action
[5.058s] -- Up-to-date: /home/kelly/ros2_ws/install/turtlesim/include/turtlesim/turtlesim/action/detail
[5.058s] -- Up-to-date: /home/kelly/ros2_ws/install/turtlesim/include/turtlesim/turtlesim/action/detail/rotate_absolute__rosidl_typesupport_fastrtps_cpp.hpp
[5.058s] -- Up-to-date: /home/kelly/ros2_ws/install/turtlesim/include/turtlesim/turtlesim/action/detail/dds_fastrtps
[5.058s] -- Up-to-date: /home/kelly/ros2_ws/install/turtlesim/include/turtlesim/turtlesim/srv
[5.058s] -- Up-to-date: /home/kelly/ros2_ws/install/turtlesim/include/turtlesim/turtlesim/srv/detail
[5.058s] -- Up-to-date: /home/kelly/ros2_ws/install/turtlesim/include/turtlesim/turtlesim/srv/detail/set_pen__rosidl_typesupport_fastrtps_cpp.hpp
[5.058s] -- Up-to-date: /home/kelly/ros2_ws/install/turtlesim/include/turtlesim/turtlesim/srv/detail/kill__rosidl_typesupport_fastrtps_cpp.hpp
[5.058s] -- Up-to-date: /home/kelly/ros2_ws/install/turtlesim/include/turtlesim/turtlesim/srv/detail/teleport_relative__rosidl_typesupport_fastrtps_cpp.hpp
[5.058s] -- Up-to-date: /home/kelly/ros2_ws/install/turtlesim/include/turtlesim/turtlesim/srv/detail/spawn__rosidl_typesupport_fastrtps_cpp.hpp
[5.058s] -- Up-to-date: /home/kelly/ros2_ws/install/turtlesim/include/turtlesim/turtlesim/srv/detail/teleport_absolute__rosidl_typesupport_fastrtps_cpp.hpp
[5.058s] -- Up-to-date: /home/kelly/ros2_ws/install/turtlesim/include/turtlesim/turtlesim/srv/detail/dds_fastrtps
[5.058s] -- Up-to-date: /home/kelly/ros2_ws/install/turtlesim/include/turtlesim/turtlesim/msg
[5.058s] -- Up-to-date: /home/kelly/ros2_ws/install/turtlesim/include/turtlesim/turtlesim/msg/detail
[5.058s] -- Up-to-date: /home/kelly/ros2_ws/install/turtlesim/include/turtlesim/turtlesim/msg/detail/color__rosidl_typesupport_fastrtps_cpp.hpp
[5.058s] -- Up-to-date: /home/kelly/ros2_ws/install/turtlesim/include/turtlesim/turtlesim/msg/detail/pose__rosidl_typesupport_fastrtps_cpp.hpp
[5.058s] -- Up-to-date: /home/kelly/ros2_ws/install/turtlesim/include/turtlesim/turtlesim/msg/detail/dds_fastrtps
[5.058s] -- Up-to-date: /home/kelly/ros2_ws/install/turtlesim/include/turtlesim/turtlesim/msg/rosidl_typesupport_fastrtps_cpp__visibility_control.h
[5.059s] -- Up-to-date: /home/kelly/ros2_ws/install/turtlesim/lib/libturtlesim__rosidl_typesupport_fastrtps_cpp.so
[5.059s] -- Up-to-date: /home/kelly/ros2_ws/install/turtlesim/include/turtlesim/turtlesim
[5.059s] -- Up-to-date: /home/kelly/ros2_ws/install/turtlesim/include/turtlesim/turtlesim/action
[5.059s] -- Up-to-date: /home/kelly/ros2_ws/install/turtlesim/include/turtlesim/turtlesim/action/detail
[5.059s] -- Up-to-date: /home/kelly/ros2_ws/install/turtlesim/include/turtlesim/turtlesim/action/detail/rotate_absolute__type_support.c
[5.059s] -- Up-to-date: /home/kelly/ros2_ws/install/turtlesim/include/turtlesim/turtlesim/action/detail/rotate_absolute__rosidl_typesupport_introspection_c.h
[5.059s] -- Up-to-date: /home/kelly/ros2_ws/install/turtlesim/include/turtlesim/turtlesim/srv
[5.059s] -- Up-to-date: /home/kelly/ros2_ws/install/turtlesim/include/turtlesim/turtlesim/srv/detail
[5.059s] -- Up-to-date: /home/kelly/ros2_ws/install/turtlesim/include/turtlesim/turtlesim/srv/detail/teleport_absolute__rosidl_typesupport_introspection_c.h
[5.059s] -- Up-to-date: /home/kelly/ros2_ws/install/turtlesim/include/turtlesim/turtlesim/srv/detail/teleport_relative__type_support.c
[5.059s] -- Up-to-date: /home/kelly/ros2_ws/install/turtlesim/include/turtlesim/turtlesim/srv/detail/teleport_relative__rosidl_typesupport_introspection_c.h
[5.059s] -- Up-to-date: /home/kelly/ros2_ws/install/turtlesim/include/turtlesim/turtlesim/srv/detail/spawn__rosidl_typesupport_introspection_c.h
[5.059s] -- Up-to-date: /home/kelly/ros2_ws/install/turtlesim/include/turtlesim/turtlesim/srv/detail/teleport_absolute__type_support.c
[5.059s] -- Up-to-date: /home/kelly/ros2_ws/install/turtlesim/include/turtlesim/turtlesim/srv/detail/set_pen__rosidl_typesupport_introspection_c.h
[5.059s] -- Up-to-date: /home/kelly/ros2_ws/install/turtlesim/include/turtlesim/turtlesim/srv/detail/set_pen__type_support.c
[5.059s] -- Up-to-date: /home/kelly/ros2_ws/install/turtlesim/include/turtlesim/turtlesim/srv/detail/kill__type_support.c
[5.059s] -- Up-to-date: /home/kelly/ros2_ws/install/turtlesim/include/turtlesim/turtlesim/srv/detail/spawn__type_support.c
[5.059s] -- Up-to-date: /home/kelly/ros2_ws/install/turtlesim/include/turtlesim/turtlesim/srv/detail/kill__rosidl_typesupport_introspection_c.h
[5.059s] -- Up-to-date: /home/kelly/ros2_ws/install/turtlesim/include/turtlesim/turtlesim/msg
[5.059s] -- Up-to-date: /home/kelly/ros2_ws/install/turtlesim/include/turtlesim/turtlesim/msg/detail
[5.059s] -- Up-to-date: /home/kelly/ros2_ws/install/turtlesim/include/turtlesim/turtlesim/msg/detail/color__type_support.c
[5.059s] -- Up-to-date: /home/kelly/ros2_ws/install/turtlesim/include/turtlesim/turtlesim/msg/detail/pose__rosidl_typesupport_introspection_c.h
[5.059s] -- Up-to-date: /home/kelly/ros2_ws/install/turtlesim/include/turtlesim/turtlesim/msg/detail/color__rosidl_typesupport_introspection_c.h
[5.059s] -- Up-to-date: /home/kelly/ros2_ws/install/turtlesim/include/turtlesim/turtlesim/msg/detail/pose__type_support.c
[5.059s] -- Up-to-date: /home/kelly/ros2_ws/install/turtlesim/include/turtlesim/turtlesim/msg/rosidl_typesupport_introspection_c__visibility_control.h
[5.059s] -- Up-to-date: /home/kelly/ros2_ws/install/turtlesim/lib/libturtlesim__rosidl_typesupport_introspection_c.so
[5.059s] -- Up-to-date: /home/kelly/ros2_ws/install/turtlesim/lib/libturtlesim__rosidl_typesupport_c.so
[5.059s] -- Up-to-date: /home/kelly/ros2_ws/install/turtlesim/include/turtlesim/turtlesim
[5.059s] -- Up-to-date: /home/kelly/ros2_ws/install/turtlesim/include/turtlesim/turtlesim/action
[5.059s] -- Up-to-date: /home/kelly/ros2_ws/install/turtlesim/include/turtlesim/turtlesim/action/detail
[5.059s] -- Up-to-date: /home/kelly/ros2_ws/install/turtlesim/include/turtlesim/turtlesim/action/detail/rotate_absolute__type_support.cpp
[5.059s] -- Up-to-date: /home/kelly/ros2_ws/install/turtlesim/include/turtlesim/turtlesim/action/detail/rotate_absolute__rosidl_typesupport_introspection_cpp.hpp
[5.059s] -- Up-to-date: /home/kelly/ros2_ws/install/turtlesim/include/turtlesim/turtlesim/srv
[5.059s] -- Up-to-date: /home/kelly/ros2_ws/install/turtlesim/include/turtlesim/turtlesim/srv/detail
[5.059s] -- Up-to-date: /home/kelly/ros2_ws/install/turtlesim/include/turtlesim/turtlesim/srv/detail/spawn__type_support.cpp
[5.059s] -- Up-to-date: /home/kelly/ros2_ws/install/turtlesim/include/turtlesim/turtlesim/srv/detail/spawn__rosidl_typesupport_introspection_cpp.hpp
[5.059s] -- Up-to-date: /home/kelly/ros2_ws/install/turtlesim/include/turtlesim/turtlesim/srv/detail/set_pen__rosidl_typesupport_introspection_cpp.hpp
[5.059s] -- Up-to-date: /home/kelly/ros2_ws/install/turtlesim/include/turtlesim/turtlesim/srv/detail/teleport_absolute__rosidl_typesupport_introspection_cpp.hpp
[5.059s] -- Up-to-date: /home/kelly/ros2_ws/install/turtlesim/include/turtlesim/turtlesim/srv/detail/kill__rosidl_typesupport_introspection_cpp.hpp
[5.059s] -- Up-to-date: /home/kelly/ros2_ws/install/turtlesim/include/turtlesim/turtlesim/srv/detail/kill__type_support.cpp
[5.059s] -- Up-to-date: /home/kelly/ros2_ws/install/turtlesim/include/turtlesim/turtlesim/srv/detail/teleport_absolute__type_support.cpp
[5.059s] -- Up-to-date: /home/kelly/ros2_ws/install/turtlesim/include/turtlesim/turtlesim/srv/detail/set_pen__type_support.cpp
[5.059s] -- Up-to-date: /home/kelly/ros2_ws/install/turtlesim/include/turtlesim/turtlesim/srv/detail/teleport_relative__type_support.cpp
[5.059s] -- Up-to-date: /home/kelly/ros2_ws/install/turtlesim/include/turtlesim/turtlesim/srv/detail/teleport_relative__rosidl_typesupport_introspection_cpp.hpp
[5.059s] -- Up-to-date: /home/kelly/ros2_ws/install/turtlesim/include/turtlesim/turtlesim/msg
[5.059s] -- Up-to-date: /home/kelly/ros2_ws/install/turtlesim/include/turtlesim/turtlesim/msg/detail
[5.060s] -- Up-to-date: /home/kelly/ros2_ws/install/turtlesim/include/turtlesim/turtlesim/msg/detail/pose__rosidl_typesupport_introspection_cpp.hpp
[5.060s] -- Up-to-date: /home/kelly/ros2_ws/install/turtlesim/include/turtlesim/turtlesim/msg/detail/color__rosidl_typesupport_introspection_cpp.hpp
[5.060s] -- Up-to-date: /home/kelly/ros2_ws/install/turtlesim/include/turtlesim/turtlesim/msg/detail/pose__type_support.cpp
[5.060s] -- Up-to-date: /home/kelly/ros2_ws/install/turtlesim/include/turtlesim/turtlesim/msg/detail/color__type_support.cpp
[5.060s] -- Up-to-date: /home/kelly/ros2_ws/install/turtlesim/lib/libturtlesim__rosidl_typesupport_introspection_cpp.so
[5.060s] -- Up-to-date: /home/kelly/ros2_ws/install/turtlesim/lib/libturtlesim__rosidl_typesupport_cpp.so
[5.060s] -- Up-to-date: /home/kelly/ros2_ws/install/turtlesim/share/turtlesim/environment/pythonpath.sh
[5.060s] -- Up-to-date: /home/kelly/ros2_ws/install/turtlesim/share/turtlesim/environment/pythonpath.dsv
[5.060s] -- Up-to-date: /home/kelly/ros2_ws/install/turtlesim/lib/python3.12/site-packages/turtlesim-1.8.3-py3.12.egg-info
[5.060s] -- Installing: /home/kelly/ros2_ws/install/turtlesim/lib/python3.12/site-packages/turtlesim-1.8.3-py3.12.egg-info/dependency_links.txt
[5.060s] -- Installing: /home/kelly/ros2_ws/install/turtlesim/lib/python3.12/site-packages/turtlesim-1.8.3-py3.12.egg-info/top_level.txt
[5.060s] -- Installing: /home/kelly/ros2_ws/install/turtlesim/lib/python3.12/site-packages/turtlesim-1.8.3-py3.12.egg-info/SOURCES.txt
[5.060s] -- Installing: /home/kelly/ros2_ws/install/turtlesim/lib/python3.12/site-packages/turtlesim-1.8.3-py3.12.egg-info/PKG-INFO
[5.060s] -- Up-to-date: /home/kelly/ros2_ws/install/turtlesim/lib/python3.12/site-packages/turtlesim
[5.060s] -- Up-to-date: /home/kelly/ros2_ws/install/turtlesim/lib/python3.12/site-packages/turtlesim/turtlesim_s__rosidl_typesupport_fastrtps_c.so
[5.060s] -- Up-to-date: /home/kelly/ros2_ws/install/turtlesim/lib/python3.12/site-packages/turtlesim/action
[5.060s] -- Up-to-date: /home/kelly/ros2_ws/install/turtlesim/lib/python3.12/site-packages/turtlesim/action/_rotate_absolute.py
[5.060s] -- Up-to-date: /home/kelly/ros2_ws/install/turtlesim/lib/python3.12/site-packages/turtlesim/action/_rotate_absolute_s.c
[5.060s] -- Up-to-date: /home/kelly/ros2_ws/install/turtlesim/lib/python3.12/site-packages/turtlesim/action/__init__.py
[5.060s] -- Up-to-date: /home/kelly/ros2_ws/install/turtlesim/lib/python3.12/site-packages/turtlesim/_turtlesim_s.ep.rosidl_typesupport_c.c
[5.060s] -- Up-to-date: /home/kelly/ros2_ws/install/turtlesim/lib/python3.12/site-packages/turtlesim/_turtlesim_s.ep.rosidl_typesupport_fastrtps_c.c
[5.060s] -- Up-to-date: /home/kelly/ros2_ws/install/turtlesim/lib/python3.12/site-packages/turtlesim/_turtlesim_s.ep.rosidl_typesupport_introspection_c.c
[5.060s] -- Up-to-date: /home/kelly/ros2_ws/install/turtlesim/lib/python3.12/site-packages/turtlesim/turtlesim_s__rosidl_typesupport_introspection_c.so
[5.060s] -- Up-to-date: /home/kelly/ros2_ws/install/turtlesim/lib/python3.12/site-packages/turtlesim/__init__.py
[5.060s] -- Up-to-date: /home/kelly/ros2_ws/install/turtlesim/lib/python3.12/site-packages/turtlesim/turtlesim_s__rosidl_typesupport_c.so
[5.060s] -- Up-to-date: /home/kelly/ros2_ws/install/turtlesim/lib/python3.12/site-packages/turtlesim/srv
[5.060s] -- Up-to-date: /home/kelly/ros2_ws/install/turtlesim/lib/python3.12/site-packages/turtlesim/srv/_kill.py
[5.060s] -- Up-to-date: /home/kelly/ros2_ws/install/turtlesim/lib/python3.12/site-packages/turtlesim/srv/_spawn.py
[5.060s] -- Up-to-date: /home/kelly/ros2_ws/install/turtlesim/lib/python3.12/site-packages/turtlesim/srv/_set_pen_s.c
[5.061s] -- Up-to-date: /home/kelly/ros2_ws/install/turtlesim/lib/python3.12/site-packages/turtlesim/srv/_set_pen.py
[5.061s] -- Up-to-date: /home/kelly/ros2_ws/install/turtlesim/lib/python3.12/site-packages/turtlesim/srv/_kill_s.c
[5.061s] -- Up-to-date: /home/kelly/ros2_ws/install/turtlesim/lib/python3.12/site-packages/turtlesim/srv/_teleport_absolute.py
[5.061s] -- Up-to-date: /home/kelly/ros2_ws/install/turtlesim/lib/python3.12/site-packages/turtlesim/srv/_teleport_relative.py
[5.061s] -- Up-to-date: /home/kelly/ros2_ws/install/turtlesim/lib/python3.12/site-packages/turtlesim/srv/_spawn_s.c
[5.061s] -- Up-to-date: /home/kelly/ros2_ws/install/turtlesim/lib/python3.12/site-packages/turtlesim/srv/_teleport_absolute_s.c
[5.061s] -- Up-to-date: /home/kelly/ros2_ws/install/turtlesim/lib/python3.12/site-packages/turtlesim/srv/__init__.py
[5.061s] -- Up-to-date: /home/kelly/ros2_ws/install/turtlesim/lib/python3.12/site-packages/turtlesim/srv/_teleport_relative_s.c
[5.061s] -- Up-to-date: /home/kelly/ros2_ws/install/turtlesim/lib/python3.12/site-packages/turtlesim/msg
[5.061s] -- Up-to-date: /home/kelly/ros2_ws/install/turtlesim/lib/python3.12/site-packages/turtlesim/msg/_pose_s.c
[5.061s] -- Up-to-date: /home/kelly/ros2_ws/install/turtlesim/lib/python3.12/site-packages/turtlesim/msg/_color_s.c
[5.061s] -- Up-to-date: /home/kelly/ros2_ws/install/turtlesim/lib/python3.12/site-packages/turtlesim/msg/_color.py
[5.061s] -- Up-to-date: /home/kelly/ros2_ws/install/turtlesim/lib/python3.12/site-packages/turtlesim/msg/_pose.py
[5.061s] -- Up-to-date: /home/kelly/ros2_ws/install/turtlesim/lib/python3.12/site-packages/turtlesim/msg/__init__.py
[5.078s] Listing '/home/kelly/ros2_ws/install/turtlesim/lib/python3.12/site-packages/turtlesim'...
[5.078s] Listing '/home/kelly/ros2_ws/install/turtlesim/lib/python3.12/site-packages/turtlesim/action'...
[5.078s] Listing '/home/kelly/ros2_ws/install/turtlesim/lib/python3.12/site-packages/turtlesim/msg'...
[5.078s] Listing '/home/kelly/ros2_ws/install/turtlesim/lib/python3.12/site-packages/turtlesim/srv'...
[5.081s] -- Up-to-date: /home/kelly/ros2_ws/install/turtlesim/lib/python3.12/site-packages/turtlesim/turtlesim_s__rosidl_typesupport_fastrtps_c.so
[5.081s] -- Up-to-date: /home/kelly/ros2_ws/install/turtlesim/lib/python3.12/site-packages/turtlesim/turtlesim_s__rosidl_typesupport_introspection_c.so
[5.081s] -- Up-to-date: /home/kelly/ros2_ws/install/turtlesim/lib/python3.12/site-packages/turtlesim/turtlesim_s__rosidl_typesupport_c.so
[5.081s] -- Up-to-date: /home/kelly/ros2_ws/install/turtlesim/lib/libturtlesim__rosidl_generator_py.so
[5.081s] -- Up-to-date: /home/kelly/ros2_ws/install/turtlesim/share/turtlesim/action/RotateAbsolute.idl
[5.081s] -- Up-to-date: /home/kelly/ros2_ws/install/turtlesim/share/turtlesim/msg/Color.idl
[5.081s] -- Up-to-date: /home/kelly/ros2_ws/install/turtlesim/share/turtlesim/msg/Pose.idl
[5.081s] -- Up-to-date: /home/kelly/ros2_ws/install/turtlesim/share/turtlesim/srv/Kill.idl
[5.081s] -- Up-to-date: /home/kelly/ros2_ws/install/turtlesim/share/turtlesim/srv/SetPen.idl
[5.082s] -- Up-to-date: /home/kelly/ros2_ws/install/turtlesim/share/turtlesim/srv/Spawn.idl
[5.082s] -- Up-to-date: /home/kelly/ros2_ws/install/turtlesim/share/turtlesim/srv/TeleportAbsolute.idl
[5.082s] -- Up-to-date: /home/kelly/ros2_ws/install/turtlesim/share/turtlesim/srv/TeleportRelative.idl
[5.082s] -- Up-to-date: /home/kelly/ros2_ws/install/turtlesim/share/turtlesim/action/RotateAbsolute.action
[5.082s] -- Up-to-date: /home/kelly/ros2_ws/install/turtlesim/share/turtlesim/msg/Color.msg
[5.082s] -- Up-to-date: /home/kelly/ros2_ws/install/turtlesim/share/turtlesim/msg/Pose.msg
[5.082s] -- Up-to-date: /home/kelly/ros2_ws/install/turtlesim/share/turtlesim/srv/Kill.srv
[5.082s] -- Up-to-date: /home/kelly/ros2_ws/install/turtlesim/share/turtlesim/srv/SetPen.srv
[5.082s] -- Up-to-date: /home/kelly/ros2_ws/install/turtlesim/share/turtlesim/srv/Spawn.srv
[5.082s] -- Up-to-date: /home/kelly/ros2_ws/install/turtlesim/share/turtlesim/srv/TeleportAbsolute.srv
[5.082s] -- Up-to-date: /home/kelly/ros2_ws/install/turtlesim/share/turtlesim/srv/TeleportRelative.srv
[5.082s] -- Installing: /home/kelly/ros2_ws/install/turtlesim/lib/turtlesim/turtlesim_node
[5.085s] -- Set non-toolchain portion of runtime path of "/home/kelly/ros2_ws/install/turtlesim/lib/turtlesim/turtlesim_node" to ""
[5.086s] -- Up-to-date: /home/kelly/ros2_ws/install/turtlesim/lib/turtlesim/turtle_teleop_key
[5.086s] -- Up-to-date: /home/kelly/ros2_ws/install/turtlesim/lib/turtlesim/draw_square
[5.086s] -- Up-to-date: /home/kelly/ros2_ws/install/turtlesim/lib/turtlesim/mimic
[5.086s] -- Up-to-date: /home/kelly/ros2_ws/install/turtlesim/share/turtlesim/images
[5.086s] -- Up-to-date: /home/kelly/ros2_ws/install/turtlesim/share/turtlesim/images/dashing.png
[5.086s] -- Up-to-date: /home/kelly/ros2_ws/install/turtlesim/share/turtlesim/images/foxy.png
[5.086s] -- Up-to-date: /home/kelly/ros2_ws/install/turtlesim/share/turtlesim/images/crystal.png
[5.086s] -- Up-to-date: /home/kelly/ros2_ws/install/turtlesim/share/turtlesim/images/jazzy.png
[5.086s] -- Up-to-date: /home/kelly/ros2_ws/install/turtlesim/share/turtlesim/images/bouncy.png
[5.086s] -- Up-to-date: /home/kelly/ros2_ws/install/turtlesim/share/turtlesim/images/eloquent.png
[5.086s] -- Up-to-date: /home/kelly/ros2_ws/install/turtlesim/share/turtlesim/images/ardent.png
[5.086s] -- Up-to-date: /home/kelly/ros2_ws/install/turtlesim/share/turtlesim/images/iron.png
[5.086s] -- Up-to-date: /home/kelly/ros2_ws/install/turtlesim/share/turtlesim/images/galactic.png
[5.086s] -- Up-to-date: /home/kelly/ros2_ws/install/turtlesim/share/turtlesim/images/rolling.png
[5.086s] -- Up-to-date: /home/kelly/ros2_ws/install/turtlesim/share/turtlesim/images/humble.png
[5.086s] -- Up-to-date: /home/kelly/ros2_ws/install/turtlesim/share/turtlesim/launch
[5.086s] -- Up-to-date: /home/kelly/ros2_ws/install/turtlesim/share/turtlesim/launch/multisim.launch.py
[5.086s] -- Up-to-date: /home/kelly/ros2_ws/install/turtlesim/share/ament_index/resource_index/package_run_dependencies/turtlesim
[5.086s] -- Up-to-date: /home/kelly/ros2_ws/install/turtlesim/share/ament_index/resource_index/parent_prefix_path/turtlesim
[5.086s] -- Up-to-date: /home/kelly/ros2_ws/install/turtlesim/share/turtlesim/environment/ament_prefix_path.sh
[5.086s] -- Up-to-date: /home/kelly/ros2_ws/install/turtlesim/share/turtlesim/environment/ament_prefix_path.dsv
[5.086s] -- Up-to-date: /home/kelly/ros2_ws/install/turtlesim/share/turtlesim/environment/path.sh
[5.086s] -- Up-to-date: /home/kelly/ros2_ws/install/turtlesim/share/turtlesim/environment/path.dsv
[5.086s] -- Up-to-date: /home/kelly/ros2_ws/install/turtlesim/share/turtlesim/local_setup.bash
[5.086s] -- Up-to-date: /home/kelly/ros2_ws/install/turtlesim/share/turtlesim/local_setup.sh
[5.086s] -- Up-to-date: /home/kelly/ros2_ws/install/turtlesim/share/turtlesim/local_setup.zsh
[5.087s] -- Up-to-date: /home/kelly/ros2_ws/install/turtlesim/share/turtlesim/local_setup.dsv
[5.087s] -- Installing: /home/kelly/ros2_ws/install/turtlesim/share/turtlesim/package.dsv
[5.087s] -- Up-to-date: /home/kelly/ros2_ws/install/turtlesim/share/ament_index/resource_index/packages/turtlesim
[5.087s] -- Up-to-date: /home/kelly/ros2_ws/install/turtlesim/share/turtlesim/cmake/export_turtlesim__rosidl_generator_cExport.cmake
[5.087s] -- Up-to-date: /home/kelly/ros2_ws/install/turtlesim/share/turtlesim/cmake/export_turtlesim__rosidl_generator_cExport-noconfig.cmake
[5.087s] -- Up-to-date: /home/kelly/ros2_ws/install/turtlesim/share/turtlesim/cmake/export_turtlesim__rosidl_typesupport_fastrtps_cExport.cmake
[5.087s] -- Up-to-date: /home/kelly/ros2_ws/install/turtlesim/share/turtlesim/cmake/export_turtlesim__rosidl_typesupport_fastrtps_cExport-noconfig.cmake
[5.087s] -- Up-to-date: /home/kelly/ros2_ws/install/turtlesim/share/turtlesim/cmake/export_turtlesim__rosidl_generator_cppExport.cmake
[5.087s] -- Up-to-date: /home/kelly/ros2_ws/install/turtlesim/share/turtlesim/cmake/export_turtlesim__rosidl_typesupport_fastrtps_cppExport.cmake
[5.087s] -- Up-to-date: /home/kelly/ros2_ws/install/turtlesim/share/turtlesim/cmake/export_turtlesim__rosidl_typesupport_fastrtps_cppExport-noconfig.cmake
[5.087s] -- Up-to-date: /home/kelly/ros2_ws/install/turtlesim/share/turtlesim/cmake/turtlesim__rosidl_typesupport_introspection_cExport.cmake
[5.087s] -- Up-to-date: /home/kelly/ros2_ws/install/turtlesim/share/turtlesim/cmake/turtlesim__rosidl_typesupport_introspection_cExport-noconfig.cmake
[5.087s] -- Up-to-date: /home/kelly/ros2_ws/install/turtlesim/share/turtlesim/cmake/turtlesim__rosidl_typesupport_cExport.cmake
[5.087s] -- Up-to-date: /home/kelly/ros2_ws/install/turtlesim/share/turtlesim/cmake/turtlesim__rosidl_typesupport_cExport-noconfig.cmake
[5.087s] -- Up-to-date: /home/kelly/ros2_ws/install/turtlesim/share/turtlesim/cmake/turtlesim__rosidl_typesupport_introspection_cppExport.cmake
[5.087s] -- Up-to-date: /home/kelly/ros2_ws/install/turtlesim/share/turtlesim/cmake/turtlesim__rosidl_typesupport_introspection_cppExport-noconfig.cmake
[5.087s] -- Up-to-date: /home/kelly/ros2_ws/install/turtlesim/share/turtlesim/cmake/turtlesim__rosidl_typesupport_cppExport.cmake
[5.087s] -- Up-to-date: /home/kelly/ros2_ws/install/turtlesim/share/turtlesim/cmake/turtlesim__rosidl_typesupport_cppExport-noconfig.cmake
[5.087s] -- Up-to-date: /home/kelly/ros2_ws/install/turtlesim/share/turtlesim/cmake/export_turtlesim__rosidl_generator_pyExport.cmake
[5.088s] -- Up-to-date: /home/kelly/ros2_ws/install/turtlesim/share/turtlesim/cmake/export_turtlesim__rosidl_generator_pyExport-noconfig.cmake
[5.088s] -- Up-to-date: /home/kelly/ros2_ws/install/turtlesim/share/turtlesim/cmake/rosidl_cmake-extras.cmake
[5.088s] -- Up-to-date: /home/kelly/ros2_ws/install/turtlesim/share/turtlesim/cmake/ament_cmake_export_dependencies-extras.cmake
[5.088s] -- Up-to-date: /home/kelly/ros2_ws/install/turtlesim/share/turtlesim/cmake/ament_cmake_export_include_directories-extras.cmake
[5.088s] -- Up-to-date: /home/kelly/ros2_ws/install/turtlesim/share/turtlesim/cmake/ament_cmake_export_libraries-extras.cmake
[5.088s] -- Up-to-date: /home/kelly/ros2_ws/install/turtlesim/share/turtlesim/cmake/ament_cmake_export_targets-extras.cmake
[5.088s] -- Up-to-date: /home/kelly/ros2_ws/install/turtlesim/share/turtlesim/cmake/rosidl_cmake_export_typesupport_targets-extras.cmake
[5.088s] -- Up-to-date: /home/kelly/ros2_ws/install/turtlesim/share/turtlesim/cmake/rosidl_cmake_export_typesupport_libraries-extras.cmake
[5.088s] -- Up-to-date: /home/kelly/ros2_ws/install/turtlesim/share/turtlesim/cmake/turtlesimConfig.cmake
[5.088s] -- Up-to-date: /home/kelly/ros2_ws/install/turtlesim/share/turtlesim/cmake/turtlesimConfig-version.cmake
[5.088s] -- Up-to-date: /home/kelly/ros2_ws/install/turtlesim/share/turtlesim/package.xml
[5.089s] Invoked command in '/home/kelly/ros2_ws/build/turtlesim' returned '0': CMAKE_PREFIX_PATH=${CMAKE_PREFIX_PATH}:/opt/ros/jazzy DEBUGINFOD_URLS=https://debuginfod.ubuntu.com /usr/bin/cmake --install /home/kelly/ros2_ws/build/turtlesim
