[0.019s] Invoking command in '/home/kelly/ros2_ws/build/custom_action_cpp': AMENT_PREFIX_PATH=/home/kelly/ros2_ws/install/custom_action_interfaces:${AMENT_PREFIX_PATH} CMAKE_PREFIX_PATH=/home/kelly/ros2_ws/install/custom_action_interfaces:/opt/ros/jazzy/opt/sdformat_vendor:/opt/ros/jazzy/opt/gz_math_vendor:/opt/ros/jazzy/opt/gz_utils_vendor:/opt/ros/jazzy/opt/gz_tools_vendor:/opt/ros/jazzy/opt/gz_cmake_vendor:/opt/ros/jazzy DEBUGINFOD_URLS=https://debuginfod.ubuntu.com LD_LIBRARY_PATH=/home/kelly/ros2_ws/install/custom_action_interfaces/lib:${LD_LIBRARY_PATH} PYTHONPATH=/home/kelly/ros2_ws/install/custom_action_interfaces/lib/python3.12/site-packages:${PYTHONPATH} /usr/bin/cmake --build /home/kelly/ros2_ws/build/custom_action_cpp -- -j32 -l32
[0.056s] [ 25%] Built target fibonacci_action_client
[0.056s] [ 50%] Built target action_client
[0.058s] [ 75%] Built target action_server
[0.058s] [100%] Built target fibonacci_action_server
[0.065s] Invoked command in '/home/kelly/ros2_ws/build/custom_action_cpp' returned '0': AMENT_PREFIX_PATH=/home/kelly/ros2_ws/install/custom_action_interfaces:${AMENT_PREFIX_PATH} CMAKE_PREFIX_PATH=/home/kelly/ros2_ws/install/custom_action_interfaces:/opt/ros/jazzy/opt/sdformat_vendor:/opt/ros/jazzy/opt/gz_math_vendor:/opt/ros/jazzy/opt/gz_utils_vendor:/opt/ros/jazzy/opt/gz_tools_vendor:/opt/ros/jazzy/opt/gz_cmake_vendor:/opt/ros/jazzy DEBUGINFOD_URLS=https://debuginfod.ubuntu.com LD_LIBRARY_PATH=/home/kelly/ros2_ws/install/custom_action_interfaces/lib:${LD_LIBRARY_PATH} PYTHONPATH=/home/kelly/ros2_ws/install/custom_action_interfaces/lib/python3.12/site-packages:${PYTHONPATH} /usr/bin/cmake --build /home/kelly/ros2_ws/build/custom_action_cpp -- -j32 -l32
[0.066s] Invoking command in '/home/kelly/ros2_ws/build/custom_action_cpp': AMENT_PREFIX_PATH=/home/kelly/ros2_ws/install/custom_action_interfaces:${AMENT_PREFIX_PATH} CMAKE_PREFIX_PATH=/home/kelly/ros2_ws/install/custom_action_interfaces:/opt/ros/jazzy/opt/sdformat_vendor:/opt/ros/jazzy/opt/gz_math_vendor:/opt/ros/jazzy/opt/gz_utils_vendor:/opt/ros/jazzy/opt/gz_tools_vendor:/opt/ros/jazzy/opt/gz_cmake_vendor:/opt/ros/jazzy DEBUGINFOD_URLS=https://debuginfod.ubuntu.com LD_LIBRARY_PATH=/home/kelly/ros2_ws/install/custom_action_interfaces/lib:${LD_LIBRARY_PATH} PYTHONPATH=/home/kelly/ros2_ws/install/custom_action_interfaces/lib/python3.12/site-packages:${PYTHONPATH} /usr/bin/cmake --install /home/kelly/ros2_ws/build/custom_action_cpp
[0.070s] -- Install configuration: ""
[0.070s] -- Up-to-date: /home/kelly/ros2_ws/install/custom_action_cpp/lib/custom_action_cpp/fibonacci_action_server
[0.071s] -- Up-to-date: /home/kelly/ros2_ws/install/custom_action_cpp/lib/libaction_server.so
[0.071s] -- Up-to-date: /home/kelly/ros2_ws/install/custom_action_cpp/lib/custom_action_cpp/fibonacci_action_client
[0.072s] -- Up-to-date: /home/kelly/ros2_ws/install/custom_action_cpp/lib/libaction_client.so
[0.072s] -- Up-to-date: /home/kelly/ros2_ws/install/custom_action_cpp/share/ament_index/resource_index/package_run_dependencies/custom_action_cpp
[0.072s] -- Up-to-date: /home/kelly/ros2_ws/install/custom_action_cpp/share/ament_index/resource_index/parent_prefix_path/custom_action_cpp
[0.073s] -- Up-to-date: /home/kelly/ros2_ws/install/custom_action_cpp/share/custom_action_cpp/environment/ament_prefix_path.sh
[0.073s] -- Up-to-date: /home/kelly/ros2_ws/install/custom_action_cpp/share/custom_action_cpp/environment/ament_prefix_path.dsv
[0.073s] -- Up-to-date: /home/kelly/ros2_ws/install/custom_action_cpp/share/custom_action_cpp/environment/path.sh
[0.073s] -- Up-to-date: /home/kelly/ros2_ws/install/custom_action_cpp/share/custom_action_cpp/environment/path.dsv
[0.073s] -- Up-to-date: /home/kelly/ros2_ws/install/custom_action_cpp/share/custom_action_cpp/local_setup.bash
[0.073s] -- Up-to-date: /home/kelly/ros2_ws/install/custom_action_cpp/share/custom_action_cpp/local_setup.sh
[0.073s] -- Up-to-date: /home/kelly/ros2_ws/install/custom_action_cpp/share/custom_action_cpp/local_setup.zsh
[0.073s] -- Up-to-date: /home/kelly/ros2_ws/install/custom_action_cpp/share/custom_action_cpp/local_setup.dsv
[0.073s] -- Installing: /home/kelly/ros2_ws/install/custom_action_cpp/share/custom_action_cpp/package.dsv
[0.073s] -- Up-to-date: /home/kelly/ros2_ws/install/custom_action_cpp/share/ament_index/resource_index/packages/custom_action_cpp
[0.073s] -- Up-to-date: /home/kelly/ros2_ws/install/custom_action_cpp/share/ament_index/resource_index/rclcpp_components/custom_action_cpp
[0.074s] -- Up-to-date: /home/kelly/ros2_ws/install/custom_action_cpp/share/custom_action_cpp/cmake/custom_action_cppConfig.cmake
[0.074s] -- Up-to-date: /home/kelly/ros2_ws/install/custom_action_cpp/share/custom_action_cpp/cmake/custom_action_cppConfig-version.cmake
[0.074s] -- Up-to-date: /home/kelly/ros2_ws/install/custom_action_cpp/share/custom_action_cpp/package.xml
[0.080s] Invoked command in '/home/kelly/ros2_ws/build/custom_action_cpp' returned '0': AMENT_PREFIX_PATH=/home/kelly/ros2_ws/install/custom_action_interfaces:${AMENT_PREFIX_PATH} CMAKE_PREFIX_PATH=/home/kelly/ros2_ws/install/custom_action_interfaces:/opt/ros/jazzy/opt/sdformat_vendor:/opt/ros/jazzy/opt/gz_math_vendor:/opt/ros/jazzy/opt/gz_utils_vendor:/opt/ros/jazzy/opt/gz_tools_vendor:/opt/ros/jazzy/opt/gz_cmake_vendor:/opt/ros/jazzy DEBUGINFOD_URLS=https://debuginfod.ubuntu.com LD_LIBRARY_PATH=/home/kelly/ros2_ws/install/custom_action_interfaces/lib:${LD_LIBRARY_PATH} PYTHONPATH=/home/kelly/ros2_ws/install/custom_action_interfaces/lib/python3.12/site-packages:${PYTHONPATH} /usr/bin/cmake --install /home/kelly/ros2_ws/build/custom_action_cpp
