[0.012s] Invoking command in '/home/kelly/project_ws/build/ros_gz_example_gazebo': AMENT_PREFIX_PATH=/home/kelly/project_ws/install/ros_gz_example_description:${AMENT_PREFIX_PATH} CMAKE_PREFIX_PATH=/home/kelly/project_ws/install/ros_gz_example_description:/opt/ros/jazzy/opt/gz_sim_vendor:/opt/ros/jazzy/opt/gz_sensors_vendor:/opt/ros/jazzy/opt/gz_physics_vendor:/opt/ros/jazzy/opt/sdformat_vendor:/opt/ros/jazzy/opt/gz_gui_vendor:/opt/ros/jazzy/opt/gz_transport_vendor:/opt/ros/jazzy/opt/gz_rendering_vendor:/opt/ros/jazzy/opt/gz_plugin_vendor:/opt/ros/jazzy/opt/gz_fuel_tools_vendor:/opt/ros/jazzy/opt/gz_msgs_vendor:/opt/ros/jazzy/opt/gz_common_vendor:/opt/ros/jazzy/opt/gz_math_vendor:/opt/ros/jazzy/opt/gz_utils_vendor:/opt/ros/jazzy/opt/gz_tools_vendor:/opt/ros/jazzy/opt/gz_ogre_next_vendor:/opt/ros/jazzy/opt/gz_dartsim_vendor:/opt/ros/jazzy/opt/gz_cmake_vendor:/opt/ros/jazzy DEBUGINFOD_URLS=https://debuginfod.ubuntu.com GZ_SIM_RESOURCE_PATH=/home/kelly/project_ws/install/ros_gz_example_description/share/ros_gz_example_description/models:${GZ_SIM_RESOURCE_PATH} /usr/bin/cmake /home/kelly/project_ws/src/ros_gz_project_template/ros_gz_example_gazebo -DBUILD_TESTING=ON -DCMAKE_INSTALL_PREFIX=/home/kelly/project_ws/install/ros_gz_example_gazebo
[0.082s] -- The C compiler identification is GNU 13.3.0
[0.141s] -- The CXX compiler identification is GNU 13.3.0
[0.156s] -- Detecting C compiler ABI info
[0.320s] -- Detecting C compiler ABI info - done
[0.334s] -- Check for working C compiler: /usr/bin/cc - skipped
[0.334s] -- Detecting C compile features
[0.334s] -- Detecting C compile features - done
[0.342s] -- Detecting CXX compiler ABI info
[0.493s] -- Detecting CXX compiler ABI info - done
[0.503s] -- Check for working CXX compiler: /usr/bin/c++ - skipped
[0.503s] -- Detecting CXX compile features
[0.504s] -- Detecting CXX compile features - done
[0.506s] -- Found ament_cmake: 2.5.4 (/opt/ros/jazzy/share/ament_cmake/cmake)
[0.616s] -- Found Python3: /usr/bin/python3 (found version "3.12.3") found components: Interpreter 
[0.681s] -- Found ros_gz_example_description: 0.0.0 (/home/kelly/project_ws/install/ros_gz_example_description/share/ros_gz_example_description/cmake)
[0.697s] -- Looking for gz-plugin2 -- found version 2.0.4
[0.697s] -- Searching for dependencies of gz-plugin2
[0.699s] -- Looking for gz-utils2 -- found version 2.2.1
[0.700s] -- Searching for dependencies of gz-utils2
[0.701s] -- Searching for <gz-utils2> component [cli]
[0.703s] -- Looking for gz-utils2-cli -- found version 2.2.1
[0.703s] -- Searching for dependencies of gz-utils2-cli
[0.705s] -- Searching for <gz-plugin2> component [register]
[0.706s] -- Looking for gz-plugin2-register -- found version 2.0.4
[0.706s] -- Searching for dependencies of gz-plugin2-register
[0.708s] -- Looking for gz-common5 -- found version 5.7.1
[0.709s] -- Searching for dependencies of gz-common5
[0.709s] -- Looking for gz-utils2 -- found version 2.2.1
[0.711s] -- Looking for dlfcn.h - found
[0.716s] -- Looking for libdl - found
[0.717s] -- Found DL: TRUE  
[0.720s] -- Checking for module 'uuid'
[0.738s] --   Found uuid, version 2.39.3
[0.823s] -- Found UUID: TRUE  
[0.825s] -- Searching for <gz-common5> component [profiler]
[0.829s] -- Looking for gz-common5-profiler -- found version 5.7.1
[0.830s] -- Searching for dependencies of gz-common5-profiler
[0.838s] -- Looking for gz-sim8 -- found version 8.9.0
[0.839s] -- Searching for dependencies of gz-sim8
[0.841s] -- Looking for sdformat14 -- found version 14.8.0
[0.841s] -- Searching for dependencies of sdformat14
[0.849s] -- Checking for module 'tinyxml2'
[0.879s] --   Found tinyxml2, version 10.0.0
[0.967s] -- Looking for gz-math7 -- found version 7.5.2
[0.968s] -- Searching for dependencies of gz-math7
[0.968s] -- Looking for gz-utils2 -- found version 2.2.1
[0.970s] -- Looking for gz-utils2 -- found version 2.2.1
[0.971s] -- Looking for gz-plugin2 -- found version 2.0.4
[0.971s] -- Searching for dependencies of gz-plugin2
[0.971s] -- Looking for gz-utils2 -- found version 2.2.1
[0.972s] -- Searching for <gz-plugin2> component [loader]
[0.973s] -- Looking for gz-plugin2-loader -- found version 2.0.4
[0.973s] -- Searching for dependencies of gz-plugin2-loader
[0.973s] -- Searching for <gz-plugin2> component [register]
[0.975s] -- Looking for gz-transport13 -- found version 13.4.1
[0.975s] -- Searching for dependencies of gz-transport13
[1.063s] -- Found Protobuf: /usr/lib/x86_64-linux-gnu/libprotobuf.so (found version "3.21.12") 
[1.074s] -- Config-file not installed for ZeroMQ -- checking for pkg-config
[1.078s] -- Checking for module 'libzmq >= 4'
[1.090s] --   Found libzmq, version 4.3.5
[1.122s] -- Found ZeroMQ: TRUE (Required is at least version "4") 
[1.131s] -- Looking for gz-utils2 -- found version 2.2.1
[1.133s] -- Looking for gz-msgs10 -- found version 10.3.2
[1.133s] -- Searching for dependencies of gz-msgs10
[1.154s] -- Looking for gz-utils2 -- found version 2.2.1
[1.154s] -- Looking for gz-math7 -- found version 7.5.2
[1.159s] -- Searching for <gz-transport13> component [log]
[1.160s] -- Looking for gz-transport13-log -- found version 13.4.1
[1.160s] -- Searching for dependencies of gz-transport13-log
[1.161s] -- Searching for <gz-transport13> component [parameters]
[1.162s] -- Looking for gz-transport13-parameters -- found version 13.4.1
[1.162s] -- Searching for dependencies of gz-transport13-parameters
[1.163s] -- Looking for gz-msgs10 -- found version 10.3.2
[1.163s] -- Looking for gz-common5 -- found version 5.7.1
[1.164s] -- Searching for dependencies of gz-common5
[1.164s] -- Looking for gz-utils2 -- found version 2.2.1
[1.164s] -- Looking for dlfcn.h - found
[1.164s] -- Looking for libdl - found
[1.175s] -- Searching for <gz-common5> component [av]
[1.178s] -- Looking for gz-common5-av -- found version 5.7.1
[1.178s] -- Searching for dependencies of gz-common5-av
[1.184s] -- Checking for module 'libswscale'
[1.195s] --   Found libswscale, version 7.5.100
[1.282s] -- Found SWSCALE: TRUE  
[1.296s] -- Checking for module 'libavdevice >= 56.4.100'
[1.325s] --   Found libavdevice, version 60.3.100
[1.450s] -- Found AVDEVICE: TRUE (Required is at least version "56.4.100") 
[1.460s] -- Checking for module 'libavformat'
[1.496s] --   Found libavformat, version 60.16.100
[1.599s] -- Found AVFORMAT: TRUE  
[1.614s] -- Checking for module 'libavcodec'
[1.658s] --   Found libavcodec, version 60.31.102
[1.758s] -- Found AVCODEC: TRUE  
[1.773s] -- Checking for module 'libavutil'
[1.818s] --   Found libavutil, version 58.29.100
[1.919s] -- Found AVUTIL: TRUE  
[1.923s] -- Searching for <gz-common5> component [events]
[1.929s] -- Looking for gz-common5-events -- found version 5.7.1
[1.929s] -- Searching for dependencies of gz-common5-events
[1.930s] -- Looking for gz-math7 -- found version 7.5.2
[1.931s] -- Searching for <gz-common5> component [graphics]
[1.935s] -- Looking for gz-common5-graphics -- found version 5.7.1
[1.935s] -- Searching for dependencies of gz-common5-graphics
[1.935s] -- Looking for gz-math7 -- found version 7.5.2
[1.943s] -- Found GzAssimp: TRUE (found version "5.3.0") 
[1.945s] -- Searching for <gz-common5> component [io]
[1.949s] -- Looking for gz-common5-io -- found version 5.7.1
[1.949s] -- Searching for dependencies of gz-common5-io
[1.950s] -- Searching for <gz-common5> component [profiler]
[1.953s] -- Looking for gz-fuel_tools9 -- found version 9.1.1
[1.953s] -- Searching for dependencies of gz-fuel_tools9
[2.134s] -- Found CURL: /usr/lib/x86_64-linux-gnu/libcurl.so (found version "8.5.0")  
[2.140s] -- Checking for module 'jsoncpp'
[2.153s] --   Found jsoncpp, version 1.9.5
[2.237s] -- Found JSONCPP: TRUE  
[2.270s] -- Checking for module 'yaml-0.1'
[2.310s] --   Found yaml-0.1, version 0.2.5
[2.406s] -- Found YAML: TRUE  
[2.414s] -- Checking for module 'libzip'
[2.433s] --   Found libzip, version 1.7.3
[2.530s] -- Found ZIP: TRUE  
[2.530s] -- Looking for gz-utils2 -- found version 2.2.1
[2.530s] -- Looking for gz-common5 -- found version 5.7.1
[2.531s] -- Searching for dependencies of gz-common5
[2.531s] -- Looking for gz-utils2 -- found version 2.2.1
[2.531s] -- Looking for dlfcn.h - found
[2.531s] -- Looking for libdl - found
[2.542s] -- Searching for <gz-common5> component [testing]
[2.546s] -- Looking for gz-common5-testing -- found version 5.7.1
[2.546s] -- Searching for dependencies of gz-common5-testing
[2.548s] -- Looking for gz-math7 -- found version 7.5.2
[2.548s] -- Looking for gz-msgs10 -- found version 10.3.2
[2.551s] -- Looking for gz-gui8 -- found version 8.4.0
[2.552s] -- Searching for dependencies of gz-gui8
[2.575s] -- Looking for gz-utils2 -- found version 2.2.1
[2.575s] -- Looking for gz-math7 -- found version 7.5.2
[2.575s] -- Looking for gz-common5 -- found version 5.7.1
[2.576s] -- Looking for gz-plugin2 -- found version 2.0.4
[2.576s] -- Looking for gz-transport13 -- found version 13.4.1
[2.578s] -- Looking for gz-rendering8 -- found version 8.2.2
[2.578s] -- Searching for dependencies of gz-rendering8
[2.579s] -- Looking for gz-math7 -- found version 7.5.2
[2.579s] -- Searching for dependencies of gz-math7
[2.580s] -- Looking for gz-utils2 -- found version 2.2.1
[2.580s] -- Searching for <gz-math7> component [eigen3]
[2.583s] -- Looking for gz-math7-eigen3 -- found version 7.5.2
[2.584s] -- Searching for dependencies of gz-math7-eigen3
[2.601s] -- Looking for gz-common5 -- found version 5.7.1
[2.601s] -- Searching for dependencies of gz-common5
[2.601s] -- Looking for gz-utils2 -- found version 2.2.1
[2.601s] -- Looking for dlfcn.h - found
[2.601s] -- Looking for libdl - found
[2.608s] -- Searching for <gz-common5> component [graphics]
[2.608s] -- Searching for <gz-common5> component [events]
[2.608s] -- Searching for <gz-common5> component [geospatial]
[2.610s] -- Looking for gz-common5-geospatial -- found version 5.7.1
[2.611s] -- Searching for dependencies of gz-common5-geospatial
[2.611s] -- Looking for gz-math7 -- found version 7.5.2
[2.611s] -- Looking for gz-common5 -- found version 5.7.1
[2.613s] -- Looking for gz-plugin2 -- found version 2.0.4
[2.613s] -- Searching for dependencies of gz-plugin2
[2.614s] -- Looking for gz-utils2 -- found version 2.2.1
[2.614s] -- Searching for <gz-plugin2> component [all]
[2.617s] -- Looking for all libraries of gz-plugin2 -- found version 2.0.4
[2.618s] -- Looking for gz-plugin2 -- found version 2.0.4
[2.620s] -- Looking for gz-utils2 -- found version 2.2.1
[2.633s] -- Found OpenGL: /usr/lib/x86_64-linux-gnu/libOpenGL.so  found components: OpenGL 
[2.634s] -- Looking for gz-msgs10 -- found version 10.3.2
[2.656s] -- Looking for gz-physics7 -- found version 7.5.0
[2.656s] -- Searching for dependencies of gz-physics7
[2.656s] -- Looking for gz-common5 -- found version 5.7.1
[2.656s] -- Looking for gz-math7 -- found version 7.5.2
[2.656s] -- Looking for gz-plugin2 -- found version 2.0.4
[2.657s] -- Looking for gz-utils2 -- found version 2.2.1
[2.657s] -- Searching for <gz-physics7> component [heightmap]
[2.658s] -- Looking for gz-physics7-heightmap -- found version 7.5.0
[2.658s] -- Searching for dependencies of gz-physics7-heightmap
[2.659s] -- Looking for gz-common5 -- found version 5.7.1
[2.659s] -- Searching for <gz-physics7> component [mesh]
[2.660s] -- Looking for gz-physics7-mesh -- found version 7.5.0
[2.660s] -- Searching for dependencies of gz-physics7-mesh
[2.660s] -- Looking for gz-common5 -- found version 5.7.1
[2.660s] -- Searching for <gz-physics7> component [sdf]
[2.661s] -- Looking for gz-physics7-sdf -- found version 7.5.0
[2.661s] -- Searching for dependencies of gz-physics7-sdf
[2.661s] -- Looking for sdformat14 -- found version 14.8.0
[2.663s] -- Looking for gz-sensors8 -- found version 8.2.2
[2.663s] -- Searching for dependencies of gz-sensors8
[2.674s] -- Looking for gz-math7 -- found version 7.5.2
[2.674s] -- Looking for gz-common5 -- found version 5.7.1
[2.674s] -- Looking for gz-transport13 -- found version 13.4.1
[2.675s] -- Looking for gz-rendering8 -- found version 8.2.2
[2.675s] -- Looking for gz-msgs10 -- found version 10.3.2
[2.675s] -- Looking for sdformat14 -- found version 14.8.0
[2.676s] -- Searching for <gz-sensors8> component [air_pressure]
[2.676s] -- Looking for gz-sensors8-air_pressure -- found version 8.2.2
[2.676s] -- Searching for dependencies of gz-sensors8-air_pressure
[2.677s] -- Searching for <gz-sensors8> component [air_speed]
[2.678s] -- Looking for gz-sensors8-air_speed -- found version 8.2.2
[2.678s] -- Searching for dependencies of gz-sensors8-air_speed
[2.678s] -- Searching for <gz-sensors8> component [altimeter]
[2.679s] -- Looking for gz-sensors8-altimeter -- found version 8.2.2
[2.679s] -- Searching for dependencies of gz-sensors8-altimeter
[2.679s] -- Searching for <gz-sensors8> component [imu]
[2.680s] -- Looking for gz-sensors8-imu -- found version 8.2.2
[2.680s] -- Searching for dependencies of gz-sensors8-imu
[2.680s] -- Searching for <gz-sensors8> component [force_torque]
[2.681s] -- Looking for gz-sensors8-force_torque -- found version 8.2.2
[2.681s] -- Searching for dependencies of gz-sensors8-force_torque
[2.682s] -- Searching for <gz-sensors8> component [logical_camera]
[2.682s] -- Looking for gz-sensors8-logical_camera -- found version 8.2.2
[2.682s] -- Searching for dependencies of gz-sensors8-logical_camera
[2.683s] -- Searching for <gz-sensors8> component [magnetometer]
[2.684s] -- Looking for gz-sensors8-magnetometer -- found version 8.2.2
[2.684s] -- Searching for dependencies of gz-sensors8-magnetometer
[2.684s] -- Searching for <gz-sensors8> component [navsat]
[2.685s] -- Looking for gz-sensors8-navsat -- found version 8.2.2
[2.685s] -- Searching for dependencies of gz-sensors8-navsat
[2.686s] -- Searching for <gz-sensors8> component [dvl]
[2.687s] -- Looking for gz-sensors8-dvl -- found version 8.2.2
[2.687s] -- Searching for dependencies of gz-sensors8-dvl
[2.687s] -- Looking for gz-sensors8 -- found version 8.2.2
[2.687s] -- Searching for dependencies of gz-sensors8
[2.700s] -- Looking for gz-math7 -- found version 7.5.2
[2.700s] -- Looking for gz-common5 -- found version 5.7.1
[2.700s] -- Looking for gz-transport13 -- found version 13.4.1
[2.701s] -- Looking for gz-rendering8 -- found version 8.2.2
[2.701s] -- Looking for gz-msgs10 -- found version 10.3.2
[2.701s] -- Looking for sdformat14 -- found version 14.8.0
[2.701s] -- Searching for <gz-sensors8> component [rendering]
[2.702s] -- Looking for gz-sensors8-rendering -- found version 8.2.2
[2.702s] -- Searching for dependencies of gz-sensors8-rendering
[2.703s] -- Searching for <gz-sensors8> component [rendering]
[2.704s] -- Searching for <gz-sensors8> component [lidar]
[2.704s] -- Looking for gz-sensors8-lidar -- found version 8.2.2
[2.704s] -- Searching for dependencies of gz-sensors8-lidar
[2.705s] -- Looking for gz-sensors8 -- found version 8.2.2
[2.705s] -- Searching for <gz-sensors8> component [gpu_lidar]
[2.706s] -- Looking for gz-sensors8-gpu_lidar -- found version 8.2.2
[2.706s] -- Searching for dependencies of gz-sensors8-gpu_lidar
[2.707s] -- Looking for gz-sensors8 -- found version 8.2.2
[2.707s] -- Searching for <gz-sensors8> component [camera]
[2.708s] -- Looking for gz-sensors8-camera -- found version 8.2.2
[2.709s] -- Searching for dependencies of gz-sensors8-camera
[2.709s] -- Looking for gz-sensors8 -- found version 8.2.2
[2.709s] -- Searching for <gz-sensors8> component [boundingbox_camera]
[2.710s] -- Looking for gz-sensors8-boundingbox_camera -- found version 8.2.2
[2.711s] -- Searching for dependencies of gz-sensors8-boundingbox_camera
[2.711s] -- Searching for <gz-sensors8> component [segmentation_camera]
[2.712s] -- Looking for gz-sensors8-segmentation_camera -- found version 8.2.2
[2.712s] -- Searching for dependencies of gz-sensors8-segmentation_camera
[2.713s] -- Searching for <gz-sensors8> component [depth_camera]
[2.713s] -- Looking for gz-sensors8-depth_camera -- found version 8.2.2
[2.713s] -- Searching for dependencies of gz-sensors8-depth_camera
[2.714s] -- Looking for gz-sensors8 -- found version 8.2.2
[2.714s] -- Searching for <gz-sensors8> component [rgbd_camera]
[2.715s] -- Looking for gz-sensors8-rgbd_camera -- found version 8.2.2
[2.715s] -- Searching for dependencies of gz-sensors8-rgbd_camera
[2.715s] -- Looking for gz-sensors8 -- found version 8.2.2
[2.716s] -- Searching for <gz-sensors8> component [thermal_camera]
[2.716s] -- Looking for gz-sensors8-thermal_camera -- found version 8.2.2
[2.717s] -- Searching for dependencies of gz-sensors8-thermal_camera
[2.717s] -- Looking for gz-sensors8 -- found version 8.2.2
[2.717s] -- Searching for <gz-sensors8> component [wide_angle_camera]
[2.718s] -- Looking for gz-sensors8-wide_angle_camera -- found version 8.2.2
[2.718s] -- Searching for dependencies of gz-sensors8-wide_angle_camera
[2.719s] -- Looking for gz-rendering8 -- found version 8.2.2
[2.719s] -- Looking for gz-math7 -- found version 7.5.2
[2.719s] -- Looking for gz-utils2 -- found version 2.2.1
[2.729s] -- Compiling against Gazebo Harmonic
[2.730s] -- Found ament_lint_auto: 0.17.3 (/opt/ros/jazzy/share/ament_lint_auto/cmake)
[2.773s] -- Configuring done (2.7s)
[2.783s] -- Generating done (0.0s)
[2.785s] -- Build files have been written to: /home/kelly/project_ws/build/ros_gz_example_gazebo
[2.792s] Invoked command in '/home/kelly/project_ws/build/ros_gz_example_gazebo' returned '0': AMENT_PREFIX_PATH=/home/kelly/project_ws/install/ros_gz_example_description:${AMENT_PREFIX_PATH} CMAKE_PREFIX_PATH=/home/kelly/project_ws/install/ros_gz_example_description:/opt/ros/jazzy/opt/gz_sim_vendor:/opt/ros/jazzy/opt/gz_sensors_vendor:/opt/ros/jazzy/opt/gz_physics_vendor:/opt/ros/jazzy/opt/sdformat_vendor:/opt/ros/jazzy/opt/gz_gui_vendor:/opt/ros/jazzy/opt/gz_transport_vendor:/opt/ros/jazzy/opt/gz_rendering_vendor:/opt/ros/jazzy/opt/gz_plugin_vendor:/opt/ros/jazzy/opt/gz_fuel_tools_vendor:/opt/ros/jazzy/opt/gz_msgs_vendor:/opt/ros/jazzy/opt/gz_common_vendor:/opt/ros/jazzy/opt/gz_math_vendor:/opt/ros/jazzy/opt/gz_utils_vendor:/opt/ros/jazzy/opt/gz_tools_vendor:/opt/ros/jazzy/opt/gz_ogre_next_vendor:/opt/ros/jazzy/opt/gz_dartsim_vendor:/opt/ros/jazzy/opt/gz_cmake_vendor:/opt/ros/jazzy DEBUGINFOD_URLS=https://debuginfod.ubuntu.com GZ_SIM_RESOURCE_PATH=/home/kelly/project_ws/install/ros_gz_example_description/share/ros_gz_example_description/models:${GZ_SIM_RESOURCE_PATH} /usr/bin/cmake /home/kelly/project_ws/src/ros_gz_project_template/ros_gz_example_gazebo -DBUILD_TESTING=ON -DCMAKE_INSTALL_PREFIX=/home/kelly/project_ws/install/ros_gz_example_gazebo
[2.792s] Invoking command in '/home/kelly/project_ws/build/ros_gz_example_gazebo': AMENT_PREFIX_PATH=/home/kelly/project_ws/install/ros_gz_example_description:${AMENT_PREFIX_PATH} CMAKE_PREFIX_PATH=/home/kelly/project_ws/install/ros_gz_example_description:/opt/ros/jazzy/opt/gz_sim_vendor:/opt/ros/jazzy/opt/gz_sensors_vendor:/opt/ros/jazzy/opt/gz_physics_vendor:/opt/ros/jazzy/opt/sdformat_vendor:/opt/ros/jazzy/opt/gz_gui_vendor:/opt/ros/jazzy/opt/gz_transport_vendor:/opt/ros/jazzy/opt/gz_rendering_vendor:/opt/ros/jazzy/opt/gz_plugin_vendor:/opt/ros/jazzy/opt/gz_fuel_tools_vendor:/opt/ros/jazzy/opt/gz_msgs_vendor:/opt/ros/jazzy/opt/gz_common_vendor:/opt/ros/jazzy/opt/gz_math_vendor:/opt/ros/jazzy/opt/gz_utils_vendor:/opt/ros/jazzy/opt/gz_tools_vendor:/opt/ros/jazzy/opt/gz_ogre_next_vendor:/opt/ros/jazzy/opt/gz_dartsim_vendor:/opt/ros/jazzy/opt/gz_cmake_vendor:/opt/ros/jazzy DEBUGINFOD_URLS=https://debuginfod.ubuntu.com GZ_SIM_RESOURCE_PATH=/home/kelly/project_ws/install/ros_gz_example_description/share/ros_gz_example_description/models:${GZ_SIM_RESOURCE_PATH} /usr/bin/cmake --build /home/kelly/project_ws/build/ros_gz_example_gazebo -- -j32 -l32
[2.846s] [ 25%] [32mBuilding CXX object CMakeFiles/FullSystem.dir/src/FullSystem.cc.o[0m
[2.846s] [ 50%] [32mBuilding CXX object CMakeFiles/BasicSystem.dir/src/BasicSystem.cc.o[0m
[3.658s] [ 75%] [32m[1mLinking CXX shared library libBasicSystem.so[0m
[3.712s] [100%] [32m[1mLinking CXX shared library libFullSystem.so[0m
[3.735s] [100%] Built target BasicSystem
[3.790s] [100%] Built target FullSystem
[3.796s] Invoked command in '/home/kelly/project_ws/build/ros_gz_example_gazebo' returned '0': AMENT_PREFIX_PATH=/home/kelly/project_ws/install/ros_gz_example_description:${AMENT_PREFIX_PATH} CMAKE_PREFIX_PATH=/home/kelly/project_ws/install/ros_gz_example_description:/opt/ros/jazzy/opt/gz_sim_vendor:/opt/ros/jazzy/opt/gz_sensors_vendor:/opt/ros/jazzy/opt/gz_physics_vendor:/opt/ros/jazzy/opt/sdformat_vendor:/opt/ros/jazzy/opt/gz_gui_vendor:/opt/ros/jazzy/opt/gz_transport_vendor:/opt/ros/jazzy/opt/gz_rendering_vendor:/opt/ros/jazzy/opt/gz_plugin_vendor:/opt/ros/jazzy/opt/gz_fuel_tools_vendor:/opt/ros/jazzy/opt/gz_msgs_vendor:/opt/ros/jazzy/opt/gz_common_vendor:/opt/ros/jazzy/opt/gz_math_vendor:/opt/ros/jazzy/opt/gz_utils_vendor:/opt/ros/jazzy/opt/gz_tools_vendor:/opt/ros/jazzy/opt/gz_ogre_next_vendor:/opt/ros/jazzy/opt/gz_dartsim_vendor:/opt/ros/jazzy/opt/gz_cmake_vendor:/opt/ros/jazzy DEBUGINFOD_URLS=https://debuginfod.ubuntu.com GZ_SIM_RESOURCE_PATH=/home/kelly/project_ws/install/ros_gz_example_description/share/ros_gz_example_description/models:${GZ_SIM_RESOURCE_PATH} /usr/bin/cmake --build /home/kelly/project_ws/build/ros_gz_example_gazebo -- -j32 -l32
[3.797s] Invoking command in '/home/kelly/project_ws/build/ros_gz_example_gazebo': AMENT_PREFIX_PATH=/home/kelly/project_ws/install/ros_gz_example_description:${AMENT_PREFIX_PATH} CMAKE_PREFIX_PATH=/home/kelly/project_ws/install/ros_gz_example_description:/opt/ros/jazzy/opt/gz_sim_vendor:/opt/ros/jazzy/opt/gz_sensors_vendor:/opt/ros/jazzy/opt/gz_physics_vendor:/opt/ros/jazzy/opt/sdformat_vendor:/opt/ros/jazzy/opt/gz_gui_vendor:/opt/ros/jazzy/opt/gz_transport_vendor:/opt/ros/jazzy/opt/gz_rendering_vendor:/opt/ros/jazzy/opt/gz_plugin_vendor:/opt/ros/jazzy/opt/gz_fuel_tools_vendor:/opt/ros/jazzy/opt/gz_msgs_vendor:/opt/ros/jazzy/opt/gz_common_vendor:/opt/ros/jazzy/opt/gz_math_vendor:/opt/ros/jazzy/opt/gz_utils_vendor:/opt/ros/jazzy/opt/gz_tools_vendor:/opt/ros/jazzy/opt/gz_ogre_next_vendor:/opt/ros/jazzy/opt/gz_dartsim_vendor:/opt/ros/jazzy/opt/gz_cmake_vendor:/opt/ros/jazzy DEBUGINFOD_URLS=https://debuginfod.ubuntu.com GZ_SIM_RESOURCE_PATH=/home/kelly/project_ws/install/ros_gz_example_description/share/ros_gz_example_description/models:${GZ_SIM_RESOURCE_PATH} /usr/bin/cmake --install /home/kelly/project_ws/build/ros_gz_example_gazebo
[3.801s] -- Install configuration: ""
[3.801s] -- Installing: /home/kelly/project_ws/install/ros_gz_example_gazebo/lib/ros_gz_example_gazebo/libBasicSystem.so
[3.801s] -- Set non-toolchain portion of runtime path of "/home/kelly/project_ws/install/ros_gz_example_gazebo/lib/ros_gz_example_gazebo/libBasicSystem.so" to ""
[3.801s] -- Installing: /home/kelly/project_ws/install/ros_gz_example_gazebo/lib/ros_gz_example_gazebo/libFullSystem.so
[3.801s] -- Set non-toolchain portion of runtime path of "/home/kelly/project_ws/install/ros_gz_example_gazebo/lib/ros_gz_example_gazebo/libFullSystem.so" to ""
[3.801s] -- Installing: /home/kelly/project_ws/install/ros_gz_example_gazebo/share/ros_gz_example_gazebo/worlds
[3.801s] -- Installing: /home/kelly/project_ws/install/ros_gz_example_gazebo/share/ros_gz_example_gazebo/worlds/diff_drive.sdf
[3.801s] -- Installing: /home/kelly/project_ws/install/ros_gz_example_gazebo/share/ros_gz_example_gazebo/environment/ros_gz_example_gazebo.dsv
[3.801s] -- Installing: /home/kelly/project_ws/install/ros_gz_example_gazebo/share/ros_gz_example_gazebo/environment/ros_gz_example_gazebo.sh
[3.802s] -- Installing: /home/kelly/project_ws/install/ros_gz_example_gazebo/share/ament_index/resource_index/package_run_dependencies/ros_gz_example_gazebo
[3.802s] -- Installing: /home/kelly/project_ws/install/ros_gz_example_gazebo/share/ament_index/resource_index/parent_prefix_path/ros_gz_example_gazebo
[3.802s] -- Installing: /home/kelly/project_ws/install/ros_gz_example_gazebo/share/ros_gz_example_gazebo/environment/ament_prefix_path.sh
[3.802s] -- Installing: /home/kelly/project_ws/install/ros_gz_example_gazebo/share/ros_gz_example_gazebo/environment/ament_prefix_path.dsv
[3.802s] -- Installing: /home/kelly/project_ws/install/ros_gz_example_gazebo/share/ros_gz_example_gazebo/environment/path.sh
[3.802s] -- Installing: /home/kelly/project_ws/install/ros_gz_example_gazebo/share/ros_gz_example_gazebo/environment/path.dsv
[3.802s] -- Installing: /home/kelly/project_ws/install/ros_gz_example_gazebo/share/ros_gz_example_gazebo/local_setup.bash
[3.802s] -- Installing: /home/kelly/project_ws/install/ros_gz_example_gazebo/share/ros_gz_example_gazebo/local_setup.sh
[3.802s] -- Installing: /home/kelly/project_ws/install/ros_gz_example_gazebo/share/ros_gz_example_gazebo/local_setup.zsh
[3.802s] -- Installing: /home/kelly/project_ws/install/ros_gz_example_gazebo/share/ros_gz_example_gazebo/local_setup.dsv
[3.802s] -- Installing: /home/kelly/project_ws/install/ros_gz_example_gazebo/share/ros_gz_example_gazebo/package.dsv
[3.802s] -- Installing: /home/kelly/project_ws/install/ros_gz_example_gazebo/share/ament_index/resource_index/packages/ros_gz_example_gazebo
[3.802s] -- Installing: /home/kelly/project_ws/install/ros_gz_example_gazebo/share/ros_gz_example_gazebo/cmake/ros_gz_example_gazeboConfig.cmake
[3.802s] -- Installing: /home/kelly/project_ws/install/ros_gz_example_gazebo/share/ros_gz_example_gazebo/cmake/ros_gz_example_gazeboConfig-version.cmake
[3.803s] -- Installing: /home/kelly/project_ws/install/ros_gz_example_gazebo/share/ros_gz_example_gazebo/package.xml
[3.803s] Invoked command in '/home/kelly/project_ws/build/ros_gz_example_gazebo' returned '0': AMENT_PREFIX_PATH=/home/kelly/project_ws/install/ros_gz_example_description:${AMENT_PREFIX_PATH} CMAKE_PREFIX_PATH=/home/kelly/project_ws/install/ros_gz_example_description:/opt/ros/jazzy/opt/gz_sim_vendor:/opt/ros/jazzy/opt/gz_sensors_vendor:/opt/ros/jazzy/opt/gz_physics_vendor:/opt/ros/jazzy/opt/sdformat_vendor:/opt/ros/jazzy/opt/gz_gui_vendor:/opt/ros/jazzy/opt/gz_transport_vendor:/opt/ros/jazzy/opt/gz_rendering_vendor:/opt/ros/jazzy/opt/gz_plugin_vendor:/opt/ros/jazzy/opt/gz_fuel_tools_vendor:/opt/ros/jazzy/opt/gz_msgs_vendor:/opt/ros/jazzy/opt/gz_common_vendor:/opt/ros/jazzy/opt/gz_math_vendor:/opt/ros/jazzy/opt/gz_utils_vendor:/opt/ros/jazzy/opt/gz_tools_vendor:/opt/ros/jazzy/opt/gz_ogre_next_vendor:/opt/ros/jazzy/opt/gz_dartsim_vendor:/opt/ros/jazzy/opt/gz_cmake_vendor:/opt/ros/jazzy DEBUGINFOD_URLS=https://debuginfod.ubuntu.com GZ_SIM_RESOURCE_PATH=/home/kelly/project_ws/install/ros_gz_example_description/share/ros_gz_example_description/models:${GZ_SIM_RESOURCE_PATH} /usr/bin/cmake --install /home/kelly/project_ws/build/ros_gz_example_gazebo
