[0.013s] Invoking command in '/home/kelly/ros2_ws/build/polygon_base': CMAKE_PREFIX_PATH=${CMAKE_PREFIX_PATH}:/opt/ros/jazzy DEBUGINFOD_URLS=https://debuginfod.ubuntu.com /usr/bin/cmake --build /home/kelly/ros2_ws/build/polygon_base -- -j32 -l32
[0.042s] [100%] Built target area_node
[0.141s] Invoked command in '/home/kelly/ros2_ws/build/polygon_base' returned '0': CMAKE_PREFIX_PATH=${CMAKE_PREFIX_PATH}:/opt/ros/jazzy DEBUGINFOD_URLS=https://debuginfod.ubuntu.com /usr/bin/cmake --build /home/kelly/ros2_ws/build/polygon_base -- -j32 -l32
[0.147s] Invoking command in '/home/kelly/ros2_ws/build/polygon_base': CMAKE_PREFIX_PATH=${CMAKE_PREFIX_PATH}:/opt/ros/jazzy DEBUGINFOD_URLS=https://debuginfod.ubuntu.com /usr/bin/cmake --install /home/kelly/ros2_ws/build/polygon_base
[0.152s] -- Install configuration: ""
[0.152s] -- Up-to-date: /home/kelly/ros2_ws/install/polygon_base/lib/polygon_base/area_node
[0.152s] -- Up-to-date: /home/kelly/ros2_ws/install/polygon_base/include
[0.152s] -- Up-to-date: /home/kelly/ros2_ws/install/polygon_base/include/polygon_base
[0.152s] -- Up-to-date: /home/kelly/ros2_ws/install/polygon_base/include/polygon_base/regular_polygon.hpp
[0.152s] -- Up-to-date: /home/kelly/ros2_ws/install/polygon_base/share/ament_index/resource_index/package_run_dependencies/polygon_base
[0.152s] -- Up-to-date: /home/kelly/ros2_ws/install/polygon_base/share/ament_index/resource_index/parent_prefix_path/polygon_base
[0.153s] -- Up-to-date: /home/kelly/ros2_ws/install/polygon_base/share/polygon_base/environment/ament_prefix_path.sh
[0.153s] -- Up-to-date: /home/kelly/ros2_ws/install/polygon_base/share/polygon_base/environment/ament_prefix_path.dsv
[0.153s] -- Up-to-date: /home/kelly/ros2_ws/install/polygon_base/share/polygon_base/environment/path.sh
[0.153s] -- Up-to-date: /home/kelly/ros2_ws/install/polygon_base/share/polygon_base/environment/path.dsv
[0.153s] -- Up-to-date: /home/kelly/ros2_ws/install/polygon_base/share/polygon_base/local_setup.bash
[0.153s] -- Up-to-date: /home/kelly/ros2_ws/install/polygon_base/share/polygon_base/local_setup.sh
[0.153s] -- Up-to-date: /home/kelly/ros2_ws/install/polygon_base/share/polygon_base/local_setup.zsh
[0.153s] -- Up-to-date: /home/kelly/ros2_ws/install/polygon_base/share/polygon_base/local_setup.dsv
[0.153s] -- Installing: /home/kelly/ros2_ws/install/polygon_base/share/polygon_base/package.dsv
[0.153s] -- Up-to-date: /home/kelly/ros2_ws/install/polygon_base/share/ament_index/resource_index/packages/polygon_base
[0.153s] -- Up-to-date: /home/kelly/ros2_ws/install/polygon_base/share/polygon_base/cmake/ament_cmake_export_include_directories-extras.cmake
[0.153s] -- Up-to-date: /home/kelly/ros2_ws/install/polygon_base/share/polygon_base/cmake/polygon_baseConfig.cmake
[0.153s] -- Up-to-date: /home/kelly/ros2_ws/install/polygon_base/share/polygon_base/cmake/polygon_baseConfig-version.cmake
[0.154s] -- Up-to-date: /home/kelly/ros2_ws/install/polygon_base/share/polygon_base/package.xml
[0.157s] Invoked command in '/home/kelly/ros2_ws/build/polygon_base' returned '0': CMAKE_PREFIX_PATH=${CMAKE_PREFIX_PATH}:/opt/ros/jazzy DEBUGINFOD_URLS=https://debuginfod.ubuntu.com /usr/bin/cmake --install /home/kelly/ros2_ws/build/polygon_base
