running egg_info
creating ../../build/launch_tutorial/launch_tutorial.egg-info
writing ../../build/launch_tutorial/launch_tutorial.egg-info/PKG-INFO
writing dependency_links to ../../build/launch_tutorial/launch_tutorial.egg-info/dependency_links.txt
writing requirements to ../../build/launch_tutorial/launch_tutorial.egg-info/requires.txt
writing top-level names to ../../build/launch_tutorial/launch_tutorial.egg-info/top_level.txt
writing manifest file '../../build/launch_tutorial/launch_tutorial.egg-info/SOURCES.txt'
reading manifest file '../../build/launch_tutorial/launch_tutorial.egg-info/SOURCES.txt'
adding license file 'LICENSE'
writing manifest file '../../build/launch_tutorial/launch_tutorial.egg-info/SOURCES.txt'
running build
running build_py
creating /home/kelly/launch_ws/build/launch_tutorial/build
creating /home/kelly/launch_ws/build/launch_tutorial/build/lib
creating /home/kelly/launch_ws/build/launch_tutorial/build/lib/launch_tutorial
copying launch_tutorial/__init__.py -> /home/kelly/launch_ws/build/launch_tutorial/build/lib/launch_tutorial
running install
running install_lib
creating /home/kelly/launch_ws/install/launch_tutorial/lib/python3.12/site-packages/launch_tutorial
copying /home/kelly/launch_ws/build/launch_tutorial/build/lib/launch_tutorial/__init__.py -> /home/kelly/launch_ws/install/launch_tutorial/lib/python3.12/site-packages/launch_tutorial
byte-compiling /home/kelly/launch_ws/install/launch_tutorial/lib/python3.12/site-packages/launch_tutorial/__init__.py to __init__.cpython-312.pyc
running install_data
copying resource/launch_tutorial -> /home/kelly/launch_ws/install/launch_tutorial/share/ament_index/resource_index/packages
copying package.xml -> /home/kelly/launch_ws/install/launch_tutorial/share/launch_tutorial
copying launch/broadcaster_listener_launch.py -> /home/kelly/launch_ws/install/launch_tutorial/share/launch_tutorial/launch
copying launch/turtlesim_world_3_launch.py -> /home/kelly/launch_ws/install/launch_tutorial/share/launch_tutorial/launch
copying launch/launch_turtlesim_launch.py -> /home/kelly/launch_ws/install/launch_tutorial/share/launch_tutorial/launch
copying launch/turtlesim_world_1_launch.py -> /home/kelly/launch_ws/install/launch_tutorial/share/launch_tutorial/launch
copying launch/turtlesim_rviz_launch.py -> /home/kelly/launch_ws/install/launch_tutorial/share/launch_tutorial/launch
copying launch/mimic_launch.py -> /home/kelly/launch_ws/install/launch_tutorial/share/launch_tutorial/launch
copying launch/turtlesim_world_2_launch.py -> /home/kelly/launch_ws/install/launch_tutorial/share/launch_tutorial/launch
copying launch/fixed_broadcaster_launch.py -> /home/kelly/launch_ws/install/launch_tutorial/share/launch_tutorial/launch
creating /home/kelly/launch_ws/install/launch_tutorial/share/launch_tutorial/config
copying config/turtlesim.yaml -> /home/kelly/launch_ws/install/launch_tutorial/share/launch_tutorial/config
creating /home/kelly/launch_ws/install/launch_tutorial/share/launch_tutorial/rviz
running install_egg_info
Copying ../../build/launch_tutorial/launch_tutorial.egg-info to /home/kelly/launch_ws/install/launch_tutorial/lib/python3.12/site-packages/launch_tutorial-0.0.0-py3.12.egg-info
running install_scripts
writing list of installed files to '/home/kelly/launch_ws/build/launch_tutorial/install.log'
