[0.403s] Invoking command in '/home/kelly/launch_ws/src/launch_tutorial': DEBUGINFOD_URLS=https://debuginfod.ubuntu.com PYTHONPATH=/home/kelly/launch_ws/build/launch_tutorial/prefix_override:/usr/lib/python3/dist-packages/colcon_core/task/python/colcon_distutils_commands:/home/kelly/launch_ws/install/launch_tutorial/lib/python3.12/site-packages:${PYTHONPATH} /usr/bin/python3 -W ignore:setup.py install is deprecated -W ignore:easy_install command is deprecated setup.py egg_info --egg-base ../../build/launch_tutorial build --build-base /home/kelly/launch_ws/build/launch_tutorial/build install --record /home/kelly/launch_ws/build/launch_tutorial/install.log --single-version-externally-managed install_data
[0.515s] running egg_info
[0.515s] creating ../../build/launch_tutorial/launch_tutorial.egg-info
[0.522s] writing ../../build/launch_tutorial/launch_tutorial.egg-info/PKG-INFO
[0.522s] writing dependency_links to ../../build/launch_tutorial/launch_tutorial.egg-info/dependency_links.txt
[0.522s] writing requirements to ../../build/launch_tutorial/launch_tutorial.egg-info/requires.txt
[0.522s] writing top-level names to ../../build/launch_tutorial/launch_tutorial.egg-info/top_level.txt
[0.522s] writing manifest file '../../build/launch_tutorial/launch_tutorial.egg-info/SOURCES.txt'
[0.537s] reading manifest file '../../build/launch_tutorial/launch_tutorial.egg-info/SOURCES.txt'
[0.537s] adding license file 'LICENSE'
[0.537s] writing manifest file '../../build/launch_tutorial/launch_tutorial.egg-info/SOURCES.txt'
[0.537s] running build
[0.537s] running build_py
[0.537s] creating /home/kelly/launch_ws/build/launch_tutorial/build
[0.537s] creating /home/kelly/launch_ws/build/launch_tutorial/build/lib
[0.537s] creating /home/kelly/launch_ws/build/launch_tutorial/build/lib/launch_tutorial
[0.537s] copying launch_tutorial/__init__.py -> /home/kelly/launch_ws/build/launch_tutorial/build/lib/launch_tutorial
[0.537s] running install
[0.540s] running install_lib
[0.547s] creating /home/kelly/launch_ws/install/launch_tutorial/lib/python3.12/site-packages/launch_tutorial
[0.547s] copying /home/kelly/launch_ws/build/launch_tutorial/build/lib/launch_tutorial/__init__.py -> /home/kelly/launch_ws/install/launch_tutorial/lib/python3.12/site-packages/launch_tutorial
[0.547s] byte-compiling /home/kelly/launch_ws/install/launch_tutorial/lib/python3.12/site-packages/launch_tutorial/__init__.py to __init__.cpython-312.pyc
[0.548s] running install_data
[0.548s] copying resource/launch_tutorial -> /home/kelly/launch_ws/install/launch_tutorial/share/ament_index/resource_index/packages
[0.548s] copying package.xml -> /home/kelly/launch_ws/install/launch_tutorial/share/launch_tutorial
[0.548s] copying launch/broadcaster_listener_launch.py -> /home/kelly/launch_ws/install/launch_tutorial/share/launch_tutorial/launch
[0.548s] copying launch/turtlesim_world_3_launch.py -> /home/kelly/launch_ws/install/launch_tutorial/share/launch_tutorial/launch
[0.548s] copying launch/launch_turtlesim_launch.py -> /home/kelly/launch_ws/install/launch_tutorial/share/launch_tutorial/launch
[0.548s] copying launch/turtlesim_world_1_launch.py -> /home/kelly/launch_ws/install/launch_tutorial/share/launch_tutorial/launch
[0.548s] copying launch/turtlesim_rviz_launch.py -> /home/kelly/launch_ws/install/launch_tutorial/share/launch_tutorial/launch
[0.548s] copying launch/mimic_launch.py -> /home/kelly/launch_ws/install/launch_tutorial/share/launch_tutorial/launch
[0.548s] copying launch/turtlesim_world_2_launch.py -> /home/kelly/launch_ws/install/launch_tutorial/share/launch_tutorial/launch
[0.548s] copying launch/fixed_broadcaster_launch.py -> /home/kelly/launch_ws/install/launch_tutorial/share/launch_tutorial/launch
[0.548s] creating /home/kelly/launch_ws/install/launch_tutorial/share/launch_tutorial/config
[0.548s] copying config/turtlesim.yaml -> /home/kelly/launch_ws/install/launch_tutorial/share/launch_tutorial/config
[0.548s] creating /home/kelly/launch_ws/install/launch_tutorial/share/launch_tutorial/rviz
[0.548s] running install_egg_info
[0.556s] Copying ../../build/launch_tutorial/launch_tutorial.egg-info to /home/kelly/launch_ws/install/launch_tutorial/lib/python3.12/site-packages/launch_tutorial-0.0.0-py3.12.egg-info
[0.556s] running install_scripts
[0.609s] writing list of installed files to '/home/kelly/launch_ws/build/launch_tutorial/install.log'
[0.620s] Invoked command in '/home/kelly/launch_ws/src/launch_tutorial' returned '0': DEBUGINFOD_URLS=https://debuginfod.ubuntu.com PYTHONPATH=/home/kelly/launch_ws/build/launch_tutorial/prefix_override:/usr/lib/python3/dist-packages/colcon_core/task/python/colcon_distutils_commands:/home/kelly/launch_ws/install/launch_tutorial/lib/python3.12/site-packages:${PYTHONPATH} /usr/bin/python3 -W ignore:setup.py install is deprecated -W ignore:easy_install command is deprecated setup.py egg_info --egg-base ../../build/launch_tutorial build --build-base /home/kelly/launch_ws/build/launch_tutorial/build install --record /home/kelly/launch_ws/build/launch_tutorial/install.log --single-version-externally-managed install_data
