[0.006s] Invoking command in '/home/kelly/ros2_ws/build/bag_recorder_nodes': CMAKE_PREFIX_PATH=${CMAKE_PREFIX_PATH}:/home/kelly/ros2_ws/install/py_pubsub:/opt/ros/jazzy DEBUGINFOD_URLS=https://debuginfod.ubuntu.com /usr/bin/cmake --build /home/kelly/ros2_ws/build/bag_recorder_nodes -- -j32 -l32
[0.024s] -- Found ament_cmake: 2.5.4 (/opt/ros/jazzy/share/ament_cmake/cmake)
[0.194s] -- Found example_interfaces: 0.12.0 (/opt/ros/jazzy/share/example_interfaces/cmake)
[0.206s] -- Found rosidl_generator_c: 4.6.6 (/opt/ros/jazzy/share/rosidl_generator_c/cmake)
[0.210s] -- Found rosidl_generator_cpp: 4.6.6 (/opt/ros/jazzy/share/rosidl_generator_cpp/cmake)
[0.215s] -- Using all available rosidl_typesupport_c: rosidl_typesupport_fastrtps_c;rosidl_typesupport_introspection_c
[0.221s] -- Using all available rosidl_typesupport_cpp: rosidl_typesupport_fastrtps_cpp;rosidl_typesupport_introspection_cpp
[0.256s] -- Found rclcpp: 28.1.11 (/opt/ros/jazzy/share/rclcpp/cmake)
[0.272s] -- Found rmw_implementation_cmake: 7.3.2 (/opt/ros/jazzy/share/rmw_implementation_cmake/cmake)
[0.273s] -- Found rmw_fastrtps_cpp: 8.4.3 (/opt/ros/jazzy/share/rmw_fastrtps_cpp/cmake)
[0.314s] -- Using RMW implementation 'rmw_fastrtps_cpp' as default
[0.353s] -- Found rosbag2_cpp: 0.26.9 (/opt/ros/jazzy/share/rosbag2_cpp/cmake)
[0.359s] -- Setting yaml-cpp_DIR to: '/opt/ros/jazzy/share/yaml_cpp_vendor/cmake/../../../opt/yaml_cpp_vendor/share/cmake/yaml-cpp'
[0.360s] -- Found std_msgs: 5.3.6 (/opt/ros/jazzy/share/std_msgs/cmake)
[0.368s] -- Found ament_lint_auto: 0.17.3 (/opt/ros/jazzy/share/ament_lint_auto/cmake)
[0.412s] -- Added test 'cppcheck' to perform static code analysis on C / C++ code
[0.412s] -- Configured cppcheck include dirs: 
[0.412s] -- Configured cppcheck exclude dirs and/or files: 
[0.412s] -- Added test 'lint_cmake' to check CMake code style
[0.413s] -- Added test 'uncrustify' to check C / C++ code style
[0.413s] -- Configured uncrustify additional arguments: 
[0.413s] -- Added test 'xmllint' to check XML markup files
[0.413s] -- Configuring done (0.4s)
[0.419s] -- Generating done (0.0s)
[0.422s] -- Build files have been written to: /home/kelly/ros2_ws/build/bag_recorder_nodes
[0.443s] [ 25%] [32mBuilding CXX object CMakeFiles/data_generator_node.dir/src/data_generator_node.cpp.o[0m
[0.448s] [ 75%] Built target simple_bag_recorder
[1.909s] [100%] [32m[1mLinking CXX executable data_generator_node[0m
[2.005s] [100%] Built target data_generator_node
[2.016s] Invoked command in '/home/kelly/ros2_ws/build/bag_recorder_nodes' returned '0': CMAKE_PREFIX_PATH=${CMAKE_PREFIX_PATH}:/home/kelly/ros2_ws/install/py_pubsub:/opt/ros/jazzy DEBUGINFOD_URLS=https://debuginfod.ubuntu.com /usr/bin/cmake --build /home/kelly/ros2_ws/build/bag_recorder_nodes -- -j32 -l32
[2.032s] Invoking command in '/home/kelly/ros2_ws/build/bag_recorder_nodes': CMAKE_PREFIX_PATH=${CMAKE_PREFIX_PATH}:/home/kelly/ros2_ws/install/py_pubsub:/opt/ros/jazzy DEBUGINFOD_URLS=https://debuginfod.ubuntu.com /usr/bin/cmake --install /home/kelly/ros2_ws/build/bag_recorder_nodes
[2.050s] -- Install configuration: ""
[2.050s] -- Up-to-date: /home/kelly/ros2_ws/install/bag_recorder_nodes/lib/bag_recorder_nodes/simple_bag_recorder
[2.051s] -- Installing: /home/kelly/ros2_ws/install/bag_recorder_nodes/lib/bag_recorder_nodes/data_generator_node
[2.052s] -- Set non-toolchain portion of runtime path of "/home/kelly/ros2_ws/install/bag_recorder_nodes/lib/bag_recorder_nodes/data_generator_node" to ""
[2.052s] -- Up-to-date: /home/kelly/ros2_ws/install/bag_recorder_nodes/share/ament_index/resource_index/package_run_dependencies/bag_recorder_nodes
[2.052s] -- Installing: /home/kelly/ros2_ws/install/bag_recorder_nodes/share/ament_index/resource_index/parent_prefix_path/bag_recorder_nodes
[2.053s] -- Up-to-date: /home/kelly/ros2_ws/install/bag_recorder_nodes/share/bag_recorder_nodes/environment/ament_prefix_path.sh
[2.053s] -- Up-to-date: /home/kelly/ros2_ws/install/bag_recorder_nodes/share/bag_recorder_nodes/environment/ament_prefix_path.dsv
[2.053s] -- Up-to-date: /home/kelly/ros2_ws/install/bag_recorder_nodes/share/bag_recorder_nodes/environment/path.sh
[2.053s] -- Up-to-date: /home/kelly/ros2_ws/install/bag_recorder_nodes/share/bag_recorder_nodes/environment/path.dsv
[2.053s] -- Up-to-date: /home/kelly/ros2_ws/install/bag_recorder_nodes/share/bag_recorder_nodes/local_setup.bash
[2.053s] -- Up-to-date: /home/kelly/ros2_ws/install/bag_recorder_nodes/share/bag_recorder_nodes/local_setup.sh
[2.054s] -- Up-to-date: /home/kelly/ros2_ws/install/bag_recorder_nodes/share/bag_recorder_nodes/local_setup.zsh
[2.054s] -- Up-to-date: /home/kelly/ros2_ws/install/bag_recorder_nodes/share/bag_recorder_nodes/local_setup.dsv
[2.054s] -- Installing: /home/kelly/ros2_ws/install/bag_recorder_nodes/share/bag_recorder_nodes/package.dsv
[2.054s] -- Up-to-date: /home/kelly/ros2_ws/install/bag_recorder_nodes/share/ament_index/resource_index/packages/bag_recorder_nodes
[2.054s] -- Up-to-date: /home/kelly/ros2_ws/install/bag_recorder_nodes/share/bag_recorder_nodes/cmake/bag_recorder_nodesConfig.cmake
[2.054s] -- Up-to-date: /home/kelly/ros2_ws/install/bag_recorder_nodes/share/bag_recorder_nodes/cmake/bag_recorder_nodesConfig-version.cmake
[2.054s] -- Up-to-date: /home/kelly/ros2_ws/install/bag_recorder_nodes/share/bag_recorder_nodes/package.xml
[2.055s] Invoked command in '/home/kelly/ros2_ws/build/bag_recorder_nodes' returned '0': CMAKE_PREFIX_PATH=${CMAKE_PREFIX_PATH}:/home/kelly/ros2_ws/install/py_pubsub:/opt/ros/jazzy DEBUGINFOD_URLS=https://debuginfod.ubuntu.com /usr/bin/cmake --install /home/kelly/ros2_ws/build/bag_recorder_nodes
