[0.004s] Invoking command in '/home/kelly/project_ws/build/ros_gz_example_application': CMAKE_PREFIX_PATH=${CMAKE_PREFIX_PATH}:/opt/ros/jazzy DEBUGINFOD_URLS=https://debuginfod.ubuntu.com /usr/bin/cmake /home/kelly/project_ws/src/ros_gz_project_template/ros_gz_example_application -DBUILD_TESTING=ON -DCMAKE_INSTALL_PREFIX=/home/kelly/project_ws/install/ros_gz_example_application
[0.040s] -- The C compiler identification is GNU 13.3.0
[0.076s] -- The CXX compiler identification is GNU 13.3.0
[0.089s] -- Detecting C compiler ABI info
[0.206s] -- Detecting C compiler ABI info - done
[0.214s] -- Check for working C compiler: /usr/bin/cc - skipped
[0.214s] -- Detecting C compile features
[0.214s] -- Detecting C compile features - done
[0.223s] -- Detecting CXX compiler ABI info
[0.343s] -- Detecting CXX compiler ABI info - done
[0.351s] -- Check for working CXX compiler: /usr/bin/c++ - skipped
[0.351s] -- Detecting CXX compile features
[0.351s] -- Detecting CXX compile features - done
[0.357s] -- Found ament_cmake: 2.5.4 (/opt/ros/jazzy/share/ament_cmake/cmake)
[0.447s] -- Found Python3: /usr/bin/python3 (found version "3.12.3") found components: Interpreter 
[0.564s] -- Configuring done (0.6s)
[0.565s] -- Generating done (0.0s)
[0.565s] -- Build files have been written to: /home/kelly/project_ws/build/ros_gz_example_application
[0.569s] Invoked command in '/home/kelly/project_ws/build/ros_gz_example_application' returned '0': CMAKE_PREFIX_PATH=${CMAKE_PREFIX_PATH}:/opt/ros/jazzy DEBUGINFOD_URLS=https://debuginfod.ubuntu.com /usr/bin/cmake /home/kelly/project_ws/src/ros_gz_project_template/ros_gz_example_application -DBUILD_TESTING=ON -DCMAKE_INSTALL_PREFIX=/home/kelly/project_ws/install/ros_gz_example_application
[0.569s] Invoking command in '/home/kelly/project_ws/build/ros_gz_example_application': CMAKE_PREFIX_PATH=${CMAKE_PREFIX_PATH}:/opt/ros/jazzy DEBUGINFOD_URLS=https://debuginfod.ubuntu.com /usr/bin/cmake --build /home/kelly/project_ws/build/ros_gz_example_application -- -j32 -l32
[0.590s] Invoked command in '/home/kelly/project_ws/build/ros_gz_example_application' returned '0': CMAKE_PREFIX_PATH=${CMAKE_PREFIX_PATH}:/opt/ros/jazzy DEBUGINFOD_URLS=https://debuginfod.ubuntu.com /usr/bin/cmake --build /home/kelly/project_ws/build/ros_gz_example_application -- -j32 -l32
[0.598s] Invoking command in '/home/kelly/project_ws/build/ros_gz_example_application': CMAKE_PREFIX_PATH=${CMAKE_PREFIX_PATH}:/opt/ros/jazzy DEBUGINFOD_URLS=https://debuginfod.ubuntu.com /usr/bin/cmake --install /home/kelly/project_ws/build/ros_gz_example_application
[0.604s] -- Install configuration: ""
[0.604s] -- Installing: /home/kelly/project_ws/install/ros_gz_example_application/share/ament_index/resource_index/package_run_dependencies/ros_gz_example_application
[0.604s] -- Installing: /home/kelly/project_ws/install/ros_gz_example_application/share/ament_index/resource_index/parent_prefix_path/ros_gz_example_application
[0.604s] -- Installing: /home/kelly/project_ws/install/ros_gz_example_application/share/ros_gz_example_application/environment/ament_prefix_path.sh
[0.604s] -- Installing: /home/kelly/project_ws/install/ros_gz_example_application/share/ros_gz_example_application/environment/ament_prefix_path.dsv
[0.604s] -- Installing: /home/kelly/project_ws/install/ros_gz_example_application/share/ros_gz_example_application/environment/path.sh
[0.604s] -- Installing: /home/kelly/project_ws/install/ros_gz_example_application/share/ros_gz_example_application/environment/path.dsv
[0.604s] -- Installing: /home/kelly/project_ws/install/ros_gz_example_application/share/ros_gz_example_application/local_setup.bash
[0.604s] -- Installing: /home/kelly/project_ws/install/ros_gz_example_application/share/ros_gz_example_application/local_setup.sh
[0.604s] -- Installing: /home/kelly/project_ws/install/ros_gz_example_application/share/ros_gz_example_application/local_setup.zsh
[0.604s] -- Installing: /home/kelly/project_ws/install/ros_gz_example_application/share/ros_gz_example_application/local_setup.dsv
[0.604s] -- Installing: /home/kelly/project_ws/install/ros_gz_example_application/share/ros_gz_example_application/package.dsv
[0.604s] -- Installing: /home/kelly/project_ws/install/ros_gz_example_application/share/ament_index/resource_index/packages/ros_gz_example_application
[0.604s] -- Installing: /home/kelly/project_ws/install/ros_gz_example_application/share/ros_gz_example_application/cmake/ros_gz_example_applicationConfig.cmake
[0.604s] -- Installing: /home/kelly/project_ws/install/ros_gz_example_application/share/ros_gz_example_application/cmake/ros_gz_example_applicationConfig-version.cmake
[0.604s] -- Installing: /home/kelly/project_ws/install/ros_gz_example_application/share/ros_gz_example_application/package.xml
[0.606s] Invoked command in '/home/kelly/project_ws/build/ros_gz_example_application' returned '0': CMAKE_PREFIX_PATH=${CMAKE_PREFIX_PATH}:/opt/ros/jazzy DEBUGINFOD_URLS=https://debuginfod.ubuntu.com /usr/bin/cmake --install /home/kelly/project_ws/build/ros_gz_example_application
