[0.006s] Invoking command in '/home/kelly/ros2_ws/build/my_package': CMAKE_PREFIX_PATH=${CMAKE_PREFIX_PATH}:/opt/ros/jazzy DEBUGINFOD_URLS=https://debuginfod.ubuntu.com /usr/bin/cmake /home/kelly/ros2_ws/src/my_package -DCMAKE_INSTALL_PREFIX=/home/kelly/ros2_ws/install/my_package
[0.110s] -- The C compiler identification is GNU 13.3.0
[0.166s] -- The CXX compiler identification is GNU 13.3.0
[0.178s] -- Detecting C compiler ABI info
[0.229s] -- Detecting C compiler ABI info - done
[0.235s] -- Check for working C compiler: /usr/bin/cc - skipped
[0.235s] -- Detecting C compile features
[0.236s] -- Detecting C compile features - done
[0.242s] -- Detecting CXX compiler ABI info
[0.299s] -- Detecting CXX compiler ABI info - done
[0.304s] -- Check for working CXX compiler: /usr/bin/c++ - skipped
[0.305s] -- Detecting CXX compile features
[0.305s] -- Detecting CXX compile features - done
[0.306s] -- Found ament_cmake: 2.5.4 (/opt/ros/jazzy/share/ament_cmake/cmake)
[0.410s] -- Found Python3: /usr/bin/python3 (found version "3.12.3") found components: Interpreter 
[0.492s] -- Found ament_lint_auto: 0.17.3 (/opt/ros/jazzy/share/ament_lint_auto/cmake)
[0.546s] -- Added test 'cppcheck' to perform static code analysis on C / C++ code
[0.546s] -- Configured cppcheck include dirs: $<BUILD_INTERFACE:/home/kelly/ros2_ws/src/my_package/include>
[0.546s] -- Configured cppcheck exclude dirs and/or files: 
[0.546s] -- Added test 'lint_cmake' to check CMake code style
[0.547s] -- Added test 'uncrustify' to check C / C++ code style
[0.547s] -- Configured uncrustify additional arguments: 
[0.547s] -- Added test 'xmllint' to check XML markup files
[0.548s] -- Configuring done (0.5s)
[0.549s] -- Generating done (0.0s)
[0.550s] -- Build files have been written to: /home/kelly/ros2_ws/build/my_package
[0.553s] Invoked command in '/home/kelly/ros2_ws/build/my_package' returned '0': CMAKE_PREFIX_PATH=${CMAKE_PREFIX_PATH}:/opt/ros/jazzy DEBUGINFOD_URLS=https://debuginfod.ubuntu.com /usr/bin/cmake /home/kelly/ros2_ws/src/my_package -DCMAKE_INSTALL_PREFIX=/home/kelly/ros2_ws/install/my_package
[0.553s] Invoking command in '/home/kelly/ros2_ws/build/my_package': CMAKE_PREFIX_PATH=${CMAKE_PREFIX_PATH}:/opt/ros/jazzy DEBUGINFOD_URLS=https://debuginfod.ubuntu.com /usr/bin/cmake --build /home/kelly/ros2_ws/build/my_package -- -j32 -l32
[0.594s] [ 50%] [32mBuilding CXX object CMakeFiles/my_node.dir/src/my_node.cpp.o[0m
[0.636s] [100%] [32m[1mLinking CXX executable my_node[0m
[0.699s] [100%] Built target my_node
[0.713s] Invoked command in '/home/kelly/ros2_ws/build/my_package' returned '0': CMAKE_PREFIX_PATH=${CMAKE_PREFIX_PATH}:/opt/ros/jazzy DEBUGINFOD_URLS=https://debuginfod.ubuntu.com /usr/bin/cmake --build /home/kelly/ros2_ws/build/my_package -- -j32 -l32
[0.714s] Invoking command in '/home/kelly/ros2_ws/build/my_package': CMAKE_PREFIX_PATH=${CMAKE_PREFIX_PATH}:/opt/ros/jazzy DEBUGINFOD_URLS=https://debuginfod.ubuntu.com /usr/bin/cmake --install /home/kelly/ros2_ws/build/my_package
[0.723s] -- Install configuration: ""
[0.724s] -- Installing: /home/kelly/ros2_ws/install/my_package/lib/my_package/my_node
[0.724s] -- Installing: /home/kelly/ros2_ws/install/my_package/share/ament_index/resource_index/package_run_dependencies/my_package
[0.724s] -- Installing: /home/kelly/ros2_ws/install/my_package/share/ament_index/resource_index/parent_prefix_path/my_package
[0.724s] -- Installing: /home/kelly/ros2_ws/install/my_package/share/my_package/environment/ament_prefix_path.sh
[0.724s] -- Installing: /home/kelly/ros2_ws/install/my_package/share/my_package/environment/ament_prefix_path.dsv
[0.724s] -- Installing: /home/kelly/ros2_ws/install/my_package/share/my_package/environment/path.sh
[0.725s] -- Installing: /home/kelly/ros2_ws/install/my_package/share/my_package/environment/path.dsv
[0.725s] -- Installing: /home/kelly/ros2_ws/install/my_package/share/my_package/local_setup.bash
[0.725s] -- Installing: /home/kelly/ros2_ws/install/my_package/share/my_package/local_setup.sh
[0.725s] -- Installing: /home/kelly/ros2_ws/install/my_package/share/my_package/local_setup.zsh
[0.725s] -- Installing: /home/kelly/ros2_ws/install/my_package/share/my_package/local_setup.dsv
[0.725s] -- Installing: /home/kelly/ros2_ws/install/my_package/share/my_package/package.dsv
[0.725s] -- Installing: /home/kelly/ros2_ws/install/my_package/share/ament_index/resource_index/packages/my_package
[0.726s] -- Installing: /home/kelly/ros2_ws/install/my_package/share/my_package/cmake/my_packageConfig.cmake
[0.726s] -- Installing: /home/kelly/ros2_ws/install/my_package/share/my_package/cmake/my_packageConfig-version.cmake
[0.726s] -- Installing: /home/kelly/ros2_ws/install/my_package/share/my_package/package.xml
[0.727s] Invoked command in '/home/kelly/ros2_ws/build/my_package' returned '0': CMAKE_PREFIX_PATH=${CMAKE_PREFIX_PATH}:/opt/ros/jazzy DEBUGINFOD_URLS=https://debuginfod.ubuntu.com /usr/bin/cmake --install /home/kelly/ros2_ws/build/my_package
