[0.014s] Invoking command in '/home/kelly/ros2_ws/build/custom_action_interfaces': CMAKE_PREFIX_PATH=${CMAKE_PREFIX_PATH}:/home/kelly/ros2_ws/install/py_pubsub:/opt/ros/jazzy DEBUGINFOD_URLS=https://debuginfod.ubuntu.com /usr/bin/cmake /home/kelly/ros2_ws/src/custom_action_interfaces -DCMAKE_INSTALL_PREFIX=/home/kelly/ros2_ws/install/custom_action_interfaces
[0.192s] -- The C compiler identification is GNU 13.3.0
[0.192s] -- The CXX compiler identification is GNU 13.3.0
[0.192s] -- Detecting C compiler ABI info
[0.192s] -- Detecting C compiler ABI info - done
[0.192s] -- Check for working C compiler: /usr/bin/cc - skipped
[0.192s] -- Detecting C compile features
[0.192s] -- Detecting C compile features - done
[0.192s] -- Detecting CXX compiler ABI info
[0.237s] -- Detecting CXX compiler ABI info - done
[0.243s] -- Check for working CXX compiler: /usr/bin/c++ - skipped
[0.244s] -- Detecting CXX compile features
[0.244s] -- Detecting CXX compile features - done
[0.249s] -- Found ament_cmake: 2.5.4 (/opt/ros/jazzy/share/ament_cmake/cmake)
[0.352s] -- Found Python3: /usr/bin/python3 (found version "3.12.3") found components: Interpreter 
[0.422s] -- Found ament_lint_auto: 0.17.3 (/opt/ros/jazzy/share/ament_lint_auto/cmake)
[0.499s] -- Found rosidl_default_generators: 1.6.0 (/opt/ros/jazzy/share/rosidl_default_generators/cmake)
[0.502s] -- Using all available rosidl_typesupport_c: rosidl_typesupport_fastrtps_c;rosidl_typesupport_introspection_c
[0.528s] -- Using all available rosidl_typesupport_cpp: rosidl_typesupport_fastrtps_cpp;rosidl_typesupport_introspection_cpp
[0.549s] -- Found rosidl_adapter: 4.6.6 (/opt/ros/jazzy/share/rosidl_adapter/cmake)
[0.918s] -- Found ament_cmake_ros: 0.12.0 (/opt/ros/jazzy/share/ament_cmake_ros/cmake)
[1.328s] -- Using all available rosidl_typesupport_c: rosidl_typesupport_fastrtps_c;rosidl_typesupport_introspection_c
[1.842s] -- Using all available rosidl_typesupport_cpp: rosidl_typesupport_fastrtps_cpp;rosidl_typesupport_introspection_cpp
[1.849s] -- Found python_cmake_module: 0.11.1 (/opt/ros/jazzy/share/python_cmake_module/cmake)
[1.956s] -- Found PythonExtra: /usr/bin/python3  
[2.282s] -- Found Python3: /usr/bin/python3 (found version "3.12.3") found components: Interpreter Development NumPy Development.Module Development.Embed 
[2.307s] -- Added test 'lint_cmake' to check CMake code style
[2.308s] -- Added test 'xmllint' to check XML markup files
[2.310s] -- Configuring done (2.3s)
[2.328s] -- Generating done (0.0s)
[2.335s] -- Build files have been written to: /home/kelly/ros2_ws/build/custom_action_interfaces
[2.341s] Invoked command in '/home/kelly/ros2_ws/build/custom_action_interfaces' returned '0': CMAKE_PREFIX_PATH=${CMAKE_PREFIX_PATH}:/home/kelly/ros2_ws/install/py_pubsub:/opt/ros/jazzy DEBUGINFOD_URLS=https://debuginfod.ubuntu.com /usr/bin/cmake /home/kelly/ros2_ws/src/custom_action_interfaces -DCMAKE_INSTALL_PREFIX=/home/kelly/ros2_ws/install/custom_action_interfaces
[2.342s] Invoking command in '/home/kelly/ros2_ws/build/custom_action_interfaces': CMAKE_PREFIX_PATH=${CMAKE_PREFIX_PATH}:/home/kelly/ros2_ws/install/py_pubsub:/opt/ros/jazzy DEBUGINFOD_URLS=https://debuginfod.ubuntu.com /usr/bin/cmake --build /home/kelly/ros2_ws/build/custom_action_interfaces -- -j32 -l32
[2.373s] [  2%] [34m[1mGenerating type hashes for ROS interfaces[0m
[2.376s] [  2%] Built target ament_cmake_python_copy_custom_action_interfaces
[2.479s] running egg_info
[2.479s] creating custom_action_interfaces.egg-info
[2.482s] [  2%] Built target custom_action_interfaces__rosidl_generator_type_description
[2.487s] writing custom_action_interfaces.egg-info/PKG-INFO
[2.487s] writing dependency_links to custom_action_interfaces.egg-info/dependency_links.txt
[2.487s] writing top-level names to custom_action_interfaces.egg-info/top_level.txt
[2.487s] writing manifest file 'custom_action_interfaces.egg-info/SOURCES.txt'
[2.489s] [  5%] [34m[1mGenerating C code for ROS interfaces[0m
[2.495s] [  8%] [34m[1mGenerating C++ code for ROS interfaces[0m
[2.512s] reading manifest file 'custom_action_interfaces.egg-info/SOURCES.txt'
[2.512s] writing manifest file 'custom_action_interfaces.egg-info/SOURCES.txt'
[2.528s] [  8%] Built target ament_cmake_python_build_custom_action_interfaces_egg
[2.694s] [ 11%] [32mBuilding C object CMakeFiles/custom_action_interfaces__rosidl_generator_c.dir/rosidl_generator_c/custom_action_interfaces/action/detail/fibonacci__type_support.c.o[0m
[2.694s] [ 14%] [32mBuilding C object CMakeFiles/custom_action_interfaces__rosidl_generator_c.dir/rosidl_generator_c/custom_action_interfaces/action/detail/fibonacci__description.c.o[0m
[2.695s] [ 17%] [32mBuilding C object CMakeFiles/custom_action_interfaces__rosidl_generator_c.dir/rosidl_generator_c/custom_action_interfaces/action/detail/fibonacci__functions.c.o[0m
[2.703s] [ 17%] Built target custom_action_interfaces__cpp
[2.773s] [ 20%] [32m[1mLinking C shared library libcustom_action_interfaces__rosidl_generator_c.so[0m
[2.815s] [ 20%] Built target custom_action_interfaces__rosidl_generator_c
[2.823s] [ 23%] [34m[1mGenerating C type support for eProsima Fast-RTPS[0m
[2.823s] [ 26%] [34m[1mGenerating C introspection for ROS interfaces[0m
[2.824s] [ 29%] [34m[1mGenerating C++ type support dispatch for ROS interfaces[0m
[2.824s] [ 35%] [34m[1mGenerating C type support dispatch for ROS interfaces[0m
[2.824s] [ 35%] [34m[1mGenerating C++ type support for eProsima Fast-RTPS[0m
[2.825s] [ 38%] [34m[1mGenerating C++ introspection for ROS interfaces[0m
[2.964s] [ 41%] [32mBuilding CXX object CMakeFiles/custom_action_interfaces__rosidl_typesupport_c.dir/rosidl_typesupport_c/custom_action_interfaces/action/fibonacci__type_support.cpp.o[0m
[2.978s] [ 44%] [32mBuilding CXX object CMakeFiles/custom_action_interfaces__rosidl_typesupport_introspection_cpp.dir/rosidl_typesupport_introspection_cpp/custom_action_interfaces/action/detail/fibonacci__type_support.cpp.o[0m
[2.998s] [ 47%] [32m[1mLinking CXX shared library libcustom_action_interfaces__rosidl_typesupport_c.so[0m
[2.999s] [ 50%] [32mBuilding CXX object CMakeFiles/custom_action_interfaces__rosidl_typesupport_cpp.dir/rosidl_typesupport_cpp/custom_action_interfaces/action/fibonacci__type_support.cpp.o[0m
[3.015s] [ 52%] [32mBuilding C object CMakeFiles/custom_action_interfaces__rosidl_typesupport_introspection_c.dir/rosidl_typesupport_introspection_c/custom_action_interfaces/action/detail/fibonacci__type_support.c.o[0m
[3.020s] [ 52%] Built target custom_action_interfaces__rosidl_typesupport_c
[3.028s] [ 55%] [32mBuilding CXX object CMakeFiles/custom_action_interfaces__rosidl_typesupport_fastrtps_cpp.dir/rosidl_typesupport_fastrtps_cpp/custom_action_interfaces/action/detail/dds_fastrtps/fibonacci__type_support.cpp.o[0m
[3.042s] [ 58%] [32mBuilding CXX object CMakeFiles/custom_action_interfaces__rosidl_typesupport_fastrtps_c.dir/rosidl_typesupport_fastrtps_c/custom_action_interfaces/action/detail/fibonacci__type_support_c.cpp.o[0m
[3.050s] [ 61%] [32m[1mLinking C shared library libcustom_action_interfaces__rosidl_typesupport_introspection_c.so[0m
[3.071s] [ 61%] Built target custom_action_interfaces__rosidl_typesupport_introspection_c
[3.298s] [ 64%] [32m[1mLinking CXX shared library libcustom_action_interfaces__rosidl_typesupport_fastrtps_c.so[0m
[3.311s] [ 67%] [32m[1mLinking CXX shared library libcustom_action_interfaces__rosidl_typesupport_cpp.so[0m
[3.333s] [ 67%] Built target custom_action_interfaces__rosidl_typesupport_fastrtps_c
[3.366s] [ 67%] Built target custom_action_interfaces__rosidl_typesupport_cpp
[3.383s] [ 70%] [32m[1mLinking CXX shared library libcustom_action_interfaces__rosidl_typesupport_introspection_cpp.so[0m
[3.429s] [ 70%] Built target custom_action_interfaces__rosidl_typesupport_introspection_cpp
[3.485s] [ 73%] [32m[1mLinking CXX shared library libcustom_action_interfaces__rosidl_typesupport_fastrtps_cpp.so[0m
[3.534s] [ 73%] Built target custom_action_interfaces__rosidl_typesupport_fastrtps_cpp
[3.549s] [ 73%] Built target custom_action_interfaces
[3.563s] [ 76%] [34m[1mGenerating Python code for ROS interfaces[0m
[3.841s] [ 76%] Built target custom_action_interfaces__py
[3.855s] [ 79%] [32mBuilding C object CMakeFiles/custom_action_interfaces__rosidl_generator_py.dir/rosidl_generator_py/custom_action_interfaces/action/_fibonacci_s.c.o[0m
[3.964s] [ 82%] [32m[1mLinking C shared library libcustom_action_interfaces__rosidl_generator_py.so[0m
[4.001s] [ 82%] Built target custom_action_interfaces__rosidl_generator_py
[4.020s] [ 85%] [32mBuilding C object CMakeFiles/custom_action_interfaces_s__rosidl_typesupport_introspection_c.dir/rosidl_generator_py/custom_action_interfaces/_custom_action_interfaces_s.ep.rosidl_typesupport_introspection_c.c.o[0m
[4.021s] [ 88%] [32mBuilding C object CMakeFiles/custom_action_interfaces_s__rosidl_typesupport_c.dir/rosidl_generator_py/custom_action_interfaces/_custom_action_interfaces_s.ep.rosidl_typesupport_c.c.o[0m
[4.021s] [ 91%] [32mBuilding C object CMakeFiles/custom_action_interfaces_s__rosidl_typesupport_fastrtps_c.dir/rosidl_generator_py/custom_action_interfaces/_custom_action_interfaces_s.ep.rosidl_typesupport_fastrtps_c.c.o[0m
[4.090s] [ 94%] [32m[1mLinking C shared module rosidl_generator_py/custom_action_interfaces/custom_action_interfaces_s__rosidl_typesupport_c.so[0m
[4.091s] [ 97%] [32m[1mLinking C shared module rosidl_generator_py/custom_action_interfaces/custom_action_interfaces_s__rosidl_typesupport_introspection_c.so[0m
[4.106s] [100%] [32m[1mLinking C shared module rosidl_generator_py/custom_action_interfaces/custom_action_interfaces_s__rosidl_typesupport_fastrtps_c.so[0m
[4.113s] [100%] Built target custom_action_interfaces_s__rosidl_typesupport_introspection_c
[4.114s] [100%] Built target custom_action_interfaces_s__rosidl_typesupport_c
[4.127s] [100%] Built target custom_action_interfaces_s__rosidl_typesupport_fastrtps_c
[4.136s] Invoked command in '/home/kelly/ros2_ws/build/custom_action_interfaces' returned '0': CMAKE_PREFIX_PATH=${CMAKE_PREFIX_PATH}:/home/kelly/ros2_ws/install/py_pubsub:/opt/ros/jazzy DEBUGINFOD_URLS=https://debuginfod.ubuntu.com /usr/bin/cmake --build /home/kelly/ros2_ws/build/custom_action_interfaces -- -j32 -l32
[4.138s] Invoking command in '/home/kelly/ros2_ws/build/custom_action_interfaces': CMAKE_PREFIX_PATH=${CMAKE_PREFIX_PATH}:/home/kelly/ros2_ws/install/py_pubsub:/opt/ros/jazzy DEBUGINFOD_URLS=https://debuginfod.ubuntu.com /usr/bin/cmake --install /home/kelly/ros2_ws/build/custom_action_interfaces
[4.145s] -- Install configuration: ""
[4.145s] -- Installing: /home/kelly/ros2_ws/install/custom_action_interfaces/share/ament_index/resource_index/rosidl_interfaces/custom_action_interfaces
[4.146s] -- Installing: /home/kelly/ros2_ws/install/custom_action_interfaces/share/custom_action_interfaces/action/Fibonacci.json
[4.146s] -- Installing: /home/kelly/ros2_ws/install/custom_action_interfaces/include/custom_action_interfaces/custom_action_interfaces
[4.146s] -- Installing: /home/kelly/ros2_ws/install/custom_action_interfaces/include/custom_action_interfaces/custom_action_interfaces/action
[4.146s] -- Installing: /home/kelly/ros2_ws/install/custom_action_interfaces/include/custom_action_interfaces/custom_action_interfaces/action/detail
[4.147s] -- Installing: /home/kelly/ros2_ws/install/custom_action_interfaces/include/custom_action_interfaces/custom_action_interfaces/action/detail/fibonacci__struct.h
[4.147s] -- Installing: /home/kelly/ros2_ws/install/custom_action_interfaces/include/custom_action_interfaces/custom_action_interfaces/action/detail/fibonacci__type_support.c
[4.147s] -- Installing: /home/kelly/ros2_ws/install/custom_action_interfaces/include/custom_action_interfaces/custom_action_interfaces/action/detail/fibonacci__type_support.h
[4.147s] -- Installing: /home/kelly/ros2_ws/install/custom_action_interfaces/include/custom_action_interfaces/custom_action_interfaces/action/detail/fibonacci__description.c
[4.147s] -- Installing: /home/kelly/ros2_ws/install/custom_action_interfaces/include/custom_action_interfaces/custom_action_interfaces/action/detail/fibonacci__functions.h
[4.147s] -- Installing: /home/kelly/ros2_ws/install/custom_action_interfaces/include/custom_action_interfaces/custom_action_interfaces/action/detail/fibonacci__functions.c
[4.147s] -- Installing: /home/kelly/ros2_ws/install/custom_action_interfaces/include/custom_action_interfaces/custom_action_interfaces/action/fibonacci.h
[4.148s] -- Installing: /home/kelly/ros2_ws/install/custom_action_interfaces/include/custom_action_interfaces/custom_action_interfaces/msg
[4.148s] -- Installing: /home/kelly/ros2_ws/install/custom_action_interfaces/include/custom_action_interfaces/custom_action_interfaces/msg/rosidl_generator_c__visibility_control.h
[4.148s] -- Installing: /home/kelly/ros2_ws/install/custom_action_interfaces/share/custom_action_interfaces/environment/library_path.sh
[4.148s] -- Installing: /home/kelly/ros2_ws/install/custom_action_interfaces/share/custom_action_interfaces/environment/library_path.dsv
[4.148s] -- Installing: /home/kelly/ros2_ws/install/custom_action_interfaces/lib/libcustom_action_interfaces__rosidl_generator_c.so
[4.148s] -- Set non-toolchain portion of runtime path of "/home/kelly/ros2_ws/install/custom_action_interfaces/lib/libcustom_action_interfaces__rosidl_generator_c.so" to ""
[4.148s] -- Up-to-date: /home/kelly/ros2_ws/install/custom_action_interfaces/include/custom_action_interfaces/custom_action_interfaces
[4.148s] -- Up-to-date: /home/kelly/ros2_ws/install/custom_action_interfaces/include/custom_action_interfaces/custom_action_interfaces/action
[4.149s] -- Up-to-date: /home/kelly/ros2_ws/install/custom_action_interfaces/include/custom_action_interfaces/custom_action_interfaces/action/detail
[4.149s] -- Installing: /home/kelly/ros2_ws/install/custom_action_interfaces/include/custom_action_interfaces/custom_action_interfaces/action/detail/fibonacci__rosidl_typesupport_fastrtps_c.h
[4.149s] -- Up-to-date: /home/kelly/ros2_ws/install/custom_action_interfaces/include/custom_action_interfaces/custom_action_interfaces/msg
[4.149s] -- Installing: /home/kelly/ros2_ws/install/custom_action_interfaces/include/custom_action_interfaces/custom_action_interfaces/msg/rosidl_typesupport_fastrtps_c__visibility_control.h
[4.149s] -- Installing: /home/kelly/ros2_ws/install/custom_action_interfaces/lib/libcustom_action_interfaces__rosidl_typesupport_fastrtps_c.so
[4.149s] -- Set non-toolchain portion of runtime path of "/home/kelly/ros2_ws/install/custom_action_interfaces/lib/libcustom_action_interfaces__rosidl_typesupport_fastrtps_c.so" to ""
[4.149s] -- Up-to-date: /home/kelly/ros2_ws/install/custom_action_interfaces/include/custom_action_interfaces/custom_action_interfaces
[4.149s] -- Up-to-date: /home/kelly/ros2_ws/install/custom_action_interfaces/include/custom_action_interfaces/custom_action_interfaces/action
[4.149s] -- Up-to-date: /home/kelly/ros2_ws/install/custom_action_interfaces/include/custom_action_interfaces/custom_action_interfaces/action/detail
[4.150s] -- Installing: /home/kelly/ros2_ws/install/custom_action_interfaces/include/custom_action_interfaces/custom_action_interfaces/action/detail/fibonacci__type_support.c
[4.150s] -- Installing: /home/kelly/ros2_ws/install/custom_action_interfaces/include/custom_action_interfaces/custom_action_interfaces/action/detail/fibonacci__rosidl_typesupport_introspection_c.h
[4.150s] -- Up-to-date: /home/kelly/ros2_ws/install/custom_action_interfaces/include/custom_action_interfaces/custom_action_interfaces/msg
[4.150s] -- Installing: /home/kelly/ros2_ws/install/custom_action_interfaces/include/custom_action_interfaces/custom_action_interfaces/msg/rosidl_typesupport_introspection_c__visibility_control.h
[4.150s] -- Installing: /home/kelly/ros2_ws/install/custom_action_interfaces/lib/libcustom_action_interfaces__rosidl_typesupport_introspection_c.so
[4.150s] -- Set non-toolchain portion of runtime path of "/home/kelly/ros2_ws/install/custom_action_interfaces/lib/libcustom_action_interfaces__rosidl_typesupport_introspection_c.so" to ""
[4.150s] -- Installing: /home/kelly/ros2_ws/install/custom_action_interfaces/lib/libcustom_action_interfaces__rosidl_typesupport_c.so
[4.150s] -- Set non-toolchain portion of runtime path of "/home/kelly/ros2_ws/install/custom_action_interfaces/lib/libcustom_action_interfaces__rosidl_typesupport_c.so" to ""
[4.150s] -- Up-to-date: /home/kelly/ros2_ws/install/custom_action_interfaces/include/custom_action_interfaces/custom_action_interfaces
[4.150s] -- Up-to-date: /home/kelly/ros2_ws/install/custom_action_interfaces/include/custom_action_interfaces/custom_action_interfaces/action
[4.150s] -- Installing: /home/kelly/ros2_ws/install/custom_action_interfaces/include/custom_action_interfaces/custom_action_interfaces/action/fibonacci.hpp
[4.150s] -- Up-to-date: /home/kelly/ros2_ws/install/custom_action_interfaces/include/custom_action_interfaces/custom_action_interfaces/action/detail
[4.150s] -- Installing: /home/kelly/ros2_ws/install/custom_action_interfaces/include/custom_action_interfaces/custom_action_interfaces/action/detail/fibonacci__builder.hpp
[4.150s] -- Installing: /home/kelly/ros2_ws/install/custom_action_interfaces/include/custom_action_interfaces/custom_action_interfaces/action/detail/fibonacci__struct.hpp
[4.150s] -- Installing: /home/kelly/ros2_ws/install/custom_action_interfaces/include/custom_action_interfaces/custom_action_interfaces/action/detail/fibonacci__traits.hpp
[4.150s] -- Installing: /home/kelly/ros2_ws/install/custom_action_interfaces/include/custom_action_interfaces/custom_action_interfaces/action/detail/fibonacci__type_support.hpp
[4.150s] -- Up-to-date: /home/kelly/ros2_ws/install/custom_action_interfaces/include/custom_action_interfaces/custom_action_interfaces/msg
[4.150s] -- Installing: /home/kelly/ros2_ws/install/custom_action_interfaces/include/custom_action_interfaces/custom_action_interfaces/msg/rosidl_generator_cpp__visibility_control.hpp
[4.150s] -- Up-to-date: /home/kelly/ros2_ws/install/custom_action_interfaces/include/custom_action_interfaces/custom_action_interfaces
[4.150s] -- Up-to-date: /home/kelly/ros2_ws/install/custom_action_interfaces/include/custom_action_interfaces/custom_action_interfaces/action
[4.150s] -- Up-to-date: /home/kelly/ros2_ws/install/custom_action_interfaces/include/custom_action_interfaces/custom_action_interfaces/action/detail
[4.150s] -- Installing: /home/kelly/ros2_ws/install/custom_action_interfaces/include/custom_action_interfaces/custom_action_interfaces/action/detail/fibonacci__rosidl_typesupport_fastrtps_cpp.hpp
[4.150s] -- Installing: /home/kelly/ros2_ws/install/custom_action_interfaces/include/custom_action_interfaces/custom_action_interfaces/action/detail/dds_fastrtps
[4.150s] -- Up-to-date: /home/kelly/ros2_ws/install/custom_action_interfaces/include/custom_action_interfaces/custom_action_interfaces/msg
[4.151s] -- Installing: /home/kelly/ros2_ws/install/custom_action_interfaces/include/custom_action_interfaces/custom_action_interfaces/msg/rosidl_typesupport_fastrtps_cpp__visibility_control.h
[4.151s] -- Installing: /home/kelly/ros2_ws/install/custom_action_interfaces/lib/libcustom_action_interfaces__rosidl_typesupport_fastrtps_cpp.so
[4.151s] -- Set non-toolchain portion of runtime path of "/home/kelly/ros2_ws/install/custom_action_interfaces/lib/libcustom_action_interfaces__rosidl_typesupport_fastrtps_cpp.so" to ""
[4.151s] -- Up-to-date: /home/kelly/ros2_ws/install/custom_action_interfaces/include/custom_action_interfaces/custom_action_interfaces
[4.151s] -- Up-to-date: /home/kelly/ros2_ws/install/custom_action_interfaces/include/custom_action_interfaces/custom_action_interfaces/action
[4.151s] -- Up-to-date: /home/kelly/ros2_ws/install/custom_action_interfaces/include/custom_action_interfaces/custom_action_interfaces/action/detail
[4.151s] -- Installing: /home/kelly/ros2_ws/install/custom_action_interfaces/include/custom_action_interfaces/custom_action_interfaces/action/detail/fibonacci__rosidl_typesupport_introspection_cpp.hpp
[4.151s] -- Installing: /home/kelly/ros2_ws/install/custom_action_interfaces/include/custom_action_interfaces/custom_action_interfaces/action/detail/fibonacci__type_support.cpp
[4.151s] -- Installing: /home/kelly/ros2_ws/install/custom_action_interfaces/lib/libcustom_action_interfaces__rosidl_typesupport_introspection_cpp.so
[4.151s] -- Set non-toolchain portion of runtime path of "/home/kelly/ros2_ws/install/custom_action_interfaces/lib/libcustom_action_interfaces__rosidl_typesupport_introspection_cpp.so" to ""
[4.151s] -- Installing: /home/kelly/ros2_ws/install/custom_action_interfaces/lib/libcustom_action_interfaces__rosidl_typesupport_cpp.so
[4.151s] -- Set non-toolchain portion of runtime path of "/home/kelly/ros2_ws/install/custom_action_interfaces/lib/libcustom_action_interfaces__rosidl_typesupport_cpp.so" to ""
[4.151s] -- Installing: /home/kelly/ros2_ws/install/custom_action_interfaces/share/custom_action_interfaces/environment/pythonpath.sh
[4.151s] -- Installing: /home/kelly/ros2_ws/install/custom_action_interfaces/share/custom_action_interfaces/environment/pythonpath.dsv
[4.151s] -- Installing: /home/kelly/ros2_ws/install/custom_action_interfaces/lib/python3.12/site-packages/custom_action_interfaces-0.0.0-py3.12.egg-info
[4.151s] -- Installing: /home/kelly/ros2_ws/install/custom_action_interfaces/lib/python3.12/site-packages/custom_action_interfaces-0.0.0-py3.12.egg-info/dependency_links.txt
[4.151s] -- Installing: /home/kelly/ros2_ws/install/custom_action_interfaces/lib/python3.12/site-packages/custom_action_interfaces-0.0.0-py3.12.egg-info/top_level.txt
[4.151s] -- Installing: /home/kelly/ros2_ws/install/custom_action_interfaces/lib/python3.12/site-packages/custom_action_interfaces-0.0.0-py3.12.egg-info/SOURCES.txt
[4.151s] -- Installing: /home/kelly/ros2_ws/install/custom_action_interfaces/lib/python3.12/site-packages/custom_action_interfaces-0.0.0-py3.12.egg-info/PKG-INFO
[4.151s] -- Installing: /home/kelly/ros2_ws/install/custom_action_interfaces/lib/python3.12/site-packages/custom_action_interfaces
[4.151s] -- Installing: /home/kelly/ros2_ws/install/custom_action_interfaces/lib/python3.12/site-packages/custom_action_interfaces/_custom_action_interfaces_s.ep.rosidl_typesupport_introspection_c.c
[4.151s] -- Installing: /home/kelly/ros2_ws/install/custom_action_interfaces/lib/python3.12/site-packages/custom_action_interfaces/action
[4.152s] -- Installing: /home/kelly/ros2_ws/install/custom_action_interfaces/lib/python3.12/site-packages/custom_action_interfaces/action/_fibonacci.py
[4.152s] -- Installing: /home/kelly/ros2_ws/install/custom_action_interfaces/lib/python3.12/site-packages/custom_action_interfaces/action/_fibonacci_s.c
[4.152s] -- Installing: /home/kelly/ros2_ws/install/custom_action_interfaces/lib/python3.12/site-packages/custom_action_interfaces/action/__init__.py
[4.152s] -- Installing: /home/kelly/ros2_ws/install/custom_action_interfaces/lib/python3.12/site-packages/custom_action_interfaces/custom_action_interfaces_s__rosidl_typesupport_fastrtps_c.so
[4.152s] -- Installing: /home/kelly/ros2_ws/install/custom_action_interfaces/lib/python3.12/site-packages/custom_action_interfaces/custom_action_interfaces_s__rosidl_typesupport_introspection_c.so
[4.152s] -- Installing: /home/kelly/ros2_ws/install/custom_action_interfaces/lib/python3.12/site-packages/custom_action_interfaces/_custom_action_interfaces_s.ep.rosidl_typesupport_fastrtps_c.c
[4.152s] -- Installing: /home/kelly/ros2_ws/install/custom_action_interfaces/lib/python3.12/site-packages/custom_action_interfaces/custom_action_interfaces_s__rosidl_typesupport_c.so
[4.152s] -- Installing: /home/kelly/ros2_ws/install/custom_action_interfaces/lib/python3.12/site-packages/custom_action_interfaces/__init__.py
[4.152s] -- Installing: /home/kelly/ros2_ws/install/custom_action_interfaces/lib/python3.12/site-packages/custom_action_interfaces/_custom_action_interfaces_s.ep.rosidl_typesupport_c.c
[4.176s] Listing '/home/kelly/ros2_ws/install/custom_action_interfaces/lib/python3.12/site-packages/custom_action_interfaces'...
[4.176s] Compiling '/home/kelly/ros2_ws/install/custom_action_interfaces/lib/python3.12/site-packages/custom_action_interfaces/__init__.py'...
[4.176s] Listing '/home/kelly/ros2_ws/install/custom_action_interfaces/lib/python3.12/site-packages/custom_action_interfaces/action'...
[4.176s] Compiling '/home/kelly/ros2_ws/install/custom_action_interfaces/lib/python3.12/site-packages/custom_action_interfaces/action/__init__.py'...
[4.176s] Compiling '/home/kelly/ros2_ws/install/custom_action_interfaces/lib/python3.12/site-packages/custom_action_interfaces/action/_fibonacci.py'...
[4.179s] -- Installing: /home/kelly/ros2_ws/install/custom_action_interfaces/lib/python3.12/site-packages/custom_action_interfaces/custom_action_interfaces_s__rosidl_typesupport_fastrtps_c.so
[4.179s] -- Set non-toolchain portion of runtime path of "/home/kelly/ros2_ws/install/custom_action_interfaces/lib/python3.12/site-packages/custom_action_interfaces/custom_action_interfaces_s__rosidl_typesupport_fastrtps_c.so" to ""
[4.179s] -- Installing: /home/kelly/ros2_ws/install/custom_action_interfaces/lib/python3.12/site-packages/custom_action_interfaces/custom_action_interfaces_s__rosidl_typesupport_introspection_c.so
[4.179s] -- Set non-toolchain portion of runtime path of "/home/kelly/ros2_ws/install/custom_action_interfaces/lib/python3.12/site-packages/custom_action_interfaces/custom_action_interfaces_s__rosidl_typesupport_introspection_c.so" to ""
[4.179s] -- Installing: /home/kelly/ros2_ws/install/custom_action_interfaces/lib/python3.12/site-packages/custom_action_interfaces/custom_action_interfaces_s__rosidl_typesupport_c.so
[4.179s] -- Set non-toolchain portion of runtime path of "/home/kelly/ros2_ws/install/custom_action_interfaces/lib/python3.12/site-packages/custom_action_interfaces/custom_action_interfaces_s__rosidl_typesupport_c.so" to ""
[4.179s] -- Installing: /home/kelly/ros2_ws/install/custom_action_interfaces/lib/libcustom_action_interfaces__rosidl_generator_py.so
[4.179s] -- Set non-toolchain portion of runtime path of "/home/kelly/ros2_ws/install/custom_action_interfaces/lib/libcustom_action_interfaces__rosidl_generator_py.so" to ""
[4.179s] -- Installing: /home/kelly/ros2_ws/install/custom_action_interfaces/share/custom_action_interfaces/action/Fibonacci.idl
[4.179s] -- Installing: /home/kelly/ros2_ws/install/custom_action_interfaces/share/custom_action_interfaces/action/Fibonacci.action
[4.179s] -- Installing: /home/kelly/ros2_ws/install/custom_action_interfaces/share/ament_index/resource_index/package_run_dependencies/custom_action_interfaces
[4.179s] -- Installing: /home/kelly/ros2_ws/install/custom_action_interfaces/share/ament_index/resource_index/parent_prefix_path/custom_action_interfaces
[4.179s] -- Installing: /home/kelly/ros2_ws/install/custom_action_interfaces/share/custom_action_interfaces/environment/ament_prefix_path.sh
[4.179s] -- Installing: /home/kelly/ros2_ws/install/custom_action_interfaces/share/custom_action_interfaces/environment/ament_prefix_path.dsv
[4.179s] -- Installing: /home/kelly/ros2_ws/install/custom_action_interfaces/share/custom_action_interfaces/environment/path.sh
[4.179s] -- Installing: /home/kelly/ros2_ws/install/custom_action_interfaces/share/custom_action_interfaces/environment/path.dsv
[4.179s] -- Installing: /home/kelly/ros2_ws/install/custom_action_interfaces/share/custom_action_interfaces/local_setup.bash
[4.179s] -- Installing: /home/kelly/ros2_ws/install/custom_action_interfaces/share/custom_action_interfaces/local_setup.sh
[4.179s] -- Installing: /home/kelly/ros2_ws/install/custom_action_interfaces/share/custom_action_interfaces/local_setup.zsh
[4.180s] -- Installing: /home/kelly/ros2_ws/install/custom_action_interfaces/share/custom_action_interfaces/local_setup.dsv
[4.180s] -- Installing: /home/kelly/ros2_ws/install/custom_action_interfaces/share/custom_action_interfaces/package.dsv
[4.180s] -- Installing: /home/kelly/ros2_ws/install/custom_action_interfaces/share/ament_index/resource_index/packages/custom_action_interfaces
[4.180s] -- Installing: /home/kelly/ros2_ws/install/custom_action_interfaces/share/custom_action_interfaces/cmake/export_custom_action_interfaces__rosidl_generator_cExport.cmake
[4.180s] -- Installing: /home/kelly/ros2_ws/install/custom_action_interfaces/share/custom_action_interfaces/cmake/export_custom_action_interfaces__rosidl_generator_cExport-noconfig.cmake
[4.180s] -- Installing: /home/kelly/ros2_ws/install/custom_action_interfaces/share/custom_action_interfaces/cmake/export_custom_action_interfaces__rosidl_typesupport_fastrtps_cExport.cmake
[4.180s] -- Installing: /home/kelly/ros2_ws/install/custom_action_interfaces/share/custom_action_interfaces/cmake/export_custom_action_interfaces__rosidl_typesupport_fastrtps_cExport-noconfig.cmake
[4.180s] -- Installing: /home/kelly/ros2_ws/install/custom_action_interfaces/share/custom_action_interfaces/cmake/custom_action_interfaces__rosidl_typesupport_introspection_cExport.cmake
[4.180s] -- Installing: /home/kelly/ros2_ws/install/custom_action_interfaces/share/custom_action_interfaces/cmake/custom_action_interfaces__rosidl_typesupport_introspection_cExport-noconfig.cmake
[4.180s] -- Installing: /home/kelly/ros2_ws/install/custom_action_interfaces/share/custom_action_interfaces/cmake/custom_action_interfaces__rosidl_typesupport_cExport.cmake
[4.180s] -- Installing: /home/kelly/ros2_ws/install/custom_action_interfaces/share/custom_action_interfaces/cmake/custom_action_interfaces__rosidl_typesupport_cExport-noconfig.cmake
[4.180s] -- Installing: /home/kelly/ros2_ws/install/custom_action_interfaces/share/custom_action_interfaces/cmake/export_custom_action_interfaces__rosidl_generator_cppExport.cmake
[4.180s] -- Installing: /home/kelly/ros2_ws/install/custom_action_interfaces/share/custom_action_interfaces/cmake/export_custom_action_interfaces__rosidl_typesupport_fastrtps_cppExport.cmake
[4.180s] -- Installing: /home/kelly/ros2_ws/install/custom_action_interfaces/share/custom_action_interfaces/cmake/export_custom_action_interfaces__rosidl_typesupport_fastrtps_cppExport-noconfig.cmake
[4.180s] -- Installing: /home/kelly/ros2_ws/install/custom_action_interfaces/share/custom_action_interfaces/cmake/custom_action_interfaces__rosidl_typesupport_introspection_cppExport.cmake
[4.180s] -- Installing: /home/kelly/ros2_ws/install/custom_action_interfaces/share/custom_action_interfaces/cmake/custom_action_interfaces__rosidl_typesupport_introspection_cppExport-noconfig.cmake
[4.180s] -- Installing: /home/kelly/ros2_ws/install/custom_action_interfaces/share/custom_action_interfaces/cmake/custom_action_interfaces__rosidl_typesupport_cppExport.cmake
[4.180s] -- Installing: /home/kelly/ros2_ws/install/custom_action_interfaces/share/custom_action_interfaces/cmake/custom_action_interfaces__rosidl_typesupport_cppExport-noconfig.cmake
[4.180s] -- Installing: /home/kelly/ros2_ws/install/custom_action_interfaces/share/custom_action_interfaces/cmake/export_custom_action_interfaces__rosidl_generator_pyExport.cmake
[4.180s] -- Installing: /home/kelly/ros2_ws/install/custom_action_interfaces/share/custom_action_interfaces/cmake/export_custom_action_interfaces__rosidl_generator_pyExport-noconfig.cmake
[4.180s] -- Installing: /home/kelly/ros2_ws/install/custom_action_interfaces/share/custom_action_interfaces/cmake/rosidl_cmake-extras.cmake
[4.180s] -- Installing: /home/kelly/ros2_ws/install/custom_action_interfaces/share/custom_action_interfaces/cmake/ament_cmake_export_dependencies-extras.cmake
[4.180s] -- Installing: /home/kelly/ros2_ws/install/custom_action_interfaces/share/custom_action_interfaces/cmake/ament_cmake_export_include_directories-extras.cmake
[4.181s] -- Installing: /home/kelly/ros2_ws/install/custom_action_interfaces/share/custom_action_interfaces/cmake/ament_cmake_export_libraries-extras.cmake
[4.181s] -- Installing: /home/kelly/ros2_ws/install/custom_action_interfaces/share/custom_action_interfaces/cmake/ament_cmake_export_targets-extras.cmake
[4.181s] -- Installing: /home/kelly/ros2_ws/install/custom_action_interfaces/share/custom_action_interfaces/cmake/rosidl_cmake_export_typesupport_targets-extras.cmake
[4.181s] -- Installing: /home/kelly/ros2_ws/install/custom_action_interfaces/share/custom_action_interfaces/cmake/rosidl_cmake_export_typesupport_libraries-extras.cmake
[4.181s] -- Installing: /home/kelly/ros2_ws/install/custom_action_interfaces/share/custom_action_interfaces/cmake/custom_action_interfacesConfig.cmake
[4.181s] -- Installing: /home/kelly/ros2_ws/install/custom_action_interfaces/share/custom_action_interfaces/cmake/custom_action_interfacesConfig-version.cmake
[4.181s] -- Installing: /home/kelly/ros2_ws/install/custom_action_interfaces/share/custom_action_interfaces/package.xml
[4.182s] Invoked command in '/home/kelly/ros2_ws/build/custom_action_interfaces' returned '0': CMAKE_PREFIX_PATH=${CMAKE_PREFIX_PATH}:/home/kelly/ros2_ws/install/py_pubsub:/opt/ros/jazzy DEBUGINFOD_URLS=https://debuginfod.ubuntu.com /usr/bin/cmake --install /home/kelly/ros2_ws/build/custom_action_interfaces
