[0.009s] Invoking command in '/home/kelly/project_ws/build/ros_gz_example_bringup': AMENT_PREFIX_PATH=/home/kelly/project_ws/install/ros_gz_example_gazebo:/home/kelly/project_ws/install/ros_gz_example_description:${AMENT_PREFIX_PATH} CMAKE_PREFIX_PATH=/home/kelly/project_ws/install/ros_gz_example_gazebo:/home/kelly/project_ws/install/ros_gz_example_description:/opt/ros/jazzy/opt/gz_sim_vendor:/opt/ros/jazzy/opt/gz_sensors_vendor:/opt/ros/jazzy/opt/gz_physics_vendor:/opt/ros/jazzy/opt/sdformat_vendor:/opt/ros/jazzy/opt/gz_gui_vendor:/opt/ros/jazzy/opt/gz_transport_vendor:/opt/ros/jazzy/opt/gz_rendering_vendor:/opt/ros/jazzy/opt/gz_plugin_vendor:/opt/ros/jazzy/opt/gz_fuel_tools_vendor:/opt/ros/jazzy/opt/gz_msgs_vendor:/opt/ros/jazzy/opt/gz_common_vendor:/opt/ros/jazzy/opt/gz_math_vendor:/opt/ros/jazzy/opt/gz_utils_vendor:/opt/ros/jazzy/opt/gz_tools_vendor:/opt/ros/jazzy/opt/gz_ogre_next_vendor:/opt/ros/jazzy/opt/gz_dartsim_vendor:/opt/ros/jazzy/opt/gz_cmake_vendor:/opt/ros/jazzy DEBUGINFOD_URLS=https://debuginfod.ubuntu.com GZ_SIM_PLUGIN_PATH=/home/kelly/project_ws/install/ros_gz_example_gazebo/lib/ros_gz_example_gazebo GZ_SIM_RESOURCE_PATH=/home/kelly/project_ws/install/ros_gz_example_gazebo/share/ros_gz_example_gazebo/worlds:/home/kelly/project_ws/install/ros_gz_example_description/share/ros_gz_example_description/models:${GZ_SIM_RESOURCE_PATH} /usr/bin/cmake /home/kelly/project_ws/src/ros_gz_project_template/ros_gz_example_bringup -DBUILD_TESTING=ON -DCMAKE_INSTALL_PREFIX=/home/kelly/project_ws/install/ros_gz_example_bringup
[0.083s] -- The C compiler identification is GNU 13.3.0
[0.144s] -- The CXX compiler identification is GNU 13.3.0
[0.180s] -- Detecting C compiler ABI info
[0.314s] -- Detecting C compiler ABI info - done
[0.328s] -- Check for working C compiler: /usr/bin/cc - skipped
[0.328s] -- Detecting C compile features
[0.329s] -- Detecting C compile features - done
[0.342s] -- Detecting CXX compiler ABI info
[0.436s] -- Detecting CXX compiler ABI info - done
[0.445s] -- Check for working CXX compiler: /usr/bin/c++ - skipped
[0.445s] -- Detecting CXX compile features
[0.446s] -- Detecting CXX compile features - done
[0.450s] -- Found ament_cmake: 2.5.4 (/opt/ros/jazzy/share/ament_cmake/cmake)
[0.572s] -- Found Python3: /usr/bin/python3 (found version "3.12.3") found components: Interpreter 
[0.637s] -- Found ros_gz_example_description: 0.0.0 (/home/kelly/project_ws/install/ros_gz_example_description/share/ros_gz_example_description/cmake)
[0.637s] -- Found ros_gz_example_gazebo: 0.0.0 (/home/kelly/project_ws/install/ros_gz_example_gazebo/share/ros_gz_example_gazebo/cmake)
[0.639s] -- Found ament_lint_auto: 0.17.3 (/opt/ros/jazzy/share/ament_lint_auto/cmake)
[0.682s] -- Configuring done (0.7s)
[0.683s] -- Generating done (0.0s)
[0.684s] -- Build files have been written to: /home/kelly/project_ws/build/ros_gz_example_bringup
[0.687s] Invoked command in '/home/kelly/project_ws/build/ros_gz_example_bringup' returned '0': AMENT_PREFIX_PATH=/home/kelly/project_ws/install/ros_gz_example_gazebo:/home/kelly/project_ws/install/ros_gz_example_description:${AMENT_PREFIX_PATH} CMAKE_PREFIX_PATH=/home/kelly/project_ws/install/ros_gz_example_gazebo:/home/kelly/project_ws/install/ros_gz_example_description:/opt/ros/jazzy/opt/gz_sim_vendor:/opt/ros/jazzy/opt/gz_sensors_vendor:/opt/ros/jazzy/opt/gz_physics_vendor:/opt/ros/jazzy/opt/sdformat_vendor:/opt/ros/jazzy/opt/gz_gui_vendor:/opt/ros/jazzy/opt/gz_transport_vendor:/opt/ros/jazzy/opt/gz_rendering_vendor:/opt/ros/jazzy/opt/gz_plugin_vendor:/opt/ros/jazzy/opt/gz_fuel_tools_vendor:/opt/ros/jazzy/opt/gz_msgs_vendor:/opt/ros/jazzy/opt/gz_common_vendor:/opt/ros/jazzy/opt/gz_math_vendor:/opt/ros/jazzy/opt/gz_utils_vendor:/opt/ros/jazzy/opt/gz_tools_vendor:/opt/ros/jazzy/opt/gz_ogre_next_vendor:/opt/ros/jazzy/opt/gz_dartsim_vendor:/opt/ros/jazzy/opt/gz_cmake_vendor:/opt/ros/jazzy DEBUGINFOD_URLS=https://debuginfod.ubuntu.com GZ_SIM_PLUGIN_PATH=/home/kelly/project_ws/install/ros_gz_example_gazebo/lib/ros_gz_example_gazebo GZ_SIM_RESOURCE_PATH=/home/kelly/project_ws/install/ros_gz_example_gazebo/share/ros_gz_example_gazebo/worlds:/home/kelly/project_ws/install/ros_gz_example_description/share/ros_gz_example_description/models:${GZ_SIM_RESOURCE_PATH} /usr/bin/cmake /home/kelly/project_ws/src/ros_gz_project_template/ros_gz_example_bringup -DBUILD_TESTING=ON -DCMAKE_INSTALL_PREFIX=/home/kelly/project_ws/install/ros_gz_example_bringup
[0.687s] Invoking command in '/home/kelly/project_ws/build/ros_gz_example_bringup': AMENT_PREFIX_PATH=/home/kelly/project_ws/install/ros_gz_example_gazebo:/home/kelly/project_ws/install/ros_gz_example_description:${AMENT_PREFIX_PATH} CMAKE_PREFIX_PATH=/home/kelly/project_ws/install/ros_gz_example_gazebo:/home/kelly/project_ws/install/ros_gz_example_description:/opt/ros/jazzy/opt/gz_sim_vendor:/opt/ros/jazzy/opt/gz_sensors_vendor:/opt/ros/jazzy/opt/gz_physics_vendor:/opt/ros/jazzy/opt/sdformat_vendor:/opt/ros/jazzy/opt/gz_gui_vendor:/opt/ros/jazzy/opt/gz_transport_vendor:/opt/ros/jazzy/opt/gz_rendering_vendor:/opt/ros/jazzy/opt/gz_plugin_vendor:/opt/ros/jazzy/opt/gz_fuel_tools_vendor:/opt/ros/jazzy/opt/gz_msgs_vendor:/opt/ros/jazzy/opt/gz_common_vendor:/opt/ros/jazzy/opt/gz_math_vendor:/opt/ros/jazzy/opt/gz_utils_vendor:/opt/ros/jazzy/opt/gz_tools_vendor:/opt/ros/jazzy/opt/gz_ogre_next_vendor:/opt/ros/jazzy/opt/gz_dartsim_vendor:/opt/ros/jazzy/opt/gz_cmake_vendor:/opt/ros/jazzy DEBUGINFOD_URLS=https://debuginfod.ubuntu.com GZ_SIM_PLUGIN_PATH=/home/kelly/project_ws/install/ros_gz_example_gazebo/lib/ros_gz_example_gazebo GZ_SIM_RESOURCE_PATH=/home/kelly/project_ws/install/ros_gz_example_gazebo/share/ros_gz_example_gazebo/worlds:/home/kelly/project_ws/install/ros_gz_example_description/share/ros_gz_example_description/models:${GZ_SIM_RESOURCE_PATH} /usr/bin/cmake --build /home/kelly/project_ws/build/ros_gz_example_bringup -- -j32 -l32
[0.717s] Invoked command in '/home/kelly/project_ws/build/ros_gz_example_bringup' returned '0': AMENT_PREFIX_PATH=/home/kelly/project_ws/install/ros_gz_example_gazebo:/home/kelly/project_ws/install/ros_gz_example_description:${AMENT_PREFIX_PATH} CMAKE_PREFIX_PATH=/home/kelly/project_ws/install/ros_gz_example_gazebo:/home/kelly/project_ws/install/ros_gz_example_description:/opt/ros/jazzy/opt/gz_sim_vendor:/opt/ros/jazzy/opt/gz_sensors_vendor:/opt/ros/jazzy/opt/gz_physics_vendor:/opt/ros/jazzy/opt/sdformat_vendor:/opt/ros/jazzy/opt/gz_gui_vendor:/opt/ros/jazzy/opt/gz_transport_vendor:/opt/ros/jazzy/opt/gz_rendering_vendor:/opt/ros/jazzy/opt/gz_plugin_vendor:/opt/ros/jazzy/opt/gz_fuel_tools_vendor:/opt/ros/jazzy/opt/gz_msgs_vendor:/opt/ros/jazzy/opt/gz_common_vendor:/opt/ros/jazzy/opt/gz_math_vendor:/opt/ros/jazzy/opt/gz_utils_vendor:/opt/ros/jazzy/opt/gz_tools_vendor:/opt/ros/jazzy/opt/gz_ogre_next_vendor:/opt/ros/jazzy/opt/gz_dartsim_vendor:/opt/ros/jazzy/opt/gz_cmake_vendor:/opt/ros/jazzy DEBUGINFOD_URLS=https://debuginfod.ubuntu.com GZ_SIM_PLUGIN_PATH=/home/kelly/project_ws/install/ros_gz_example_gazebo/lib/ros_gz_example_gazebo GZ_SIM_RESOURCE_PATH=/home/kelly/project_ws/install/ros_gz_example_gazebo/share/ros_gz_example_gazebo/worlds:/home/kelly/project_ws/install/ros_gz_example_description/share/ros_gz_example_description/models:${GZ_SIM_RESOURCE_PATH} /usr/bin/cmake --build /home/kelly/project_ws/build/ros_gz_example_bringup -- -j32 -l32
[0.719s] Invoking command in '/home/kelly/project_ws/build/ros_gz_example_bringup': AMENT_PREFIX_PATH=/home/kelly/project_ws/install/ros_gz_example_gazebo:/home/kelly/project_ws/install/ros_gz_example_description:${AMENT_PREFIX_PATH} CMAKE_PREFIX_PATH=/home/kelly/project_ws/install/ros_gz_example_gazebo:/home/kelly/project_ws/install/ros_gz_example_description:/opt/ros/jazzy/opt/gz_sim_vendor:/opt/ros/jazzy/opt/gz_sensors_vendor:/opt/ros/jazzy/opt/gz_physics_vendor:/opt/ros/jazzy/opt/sdformat_vendor:/opt/ros/jazzy/opt/gz_gui_vendor:/opt/ros/jazzy/opt/gz_transport_vendor:/opt/ros/jazzy/opt/gz_rendering_vendor:/opt/ros/jazzy/opt/gz_plugin_vendor:/opt/ros/jazzy/opt/gz_fuel_tools_vendor:/opt/ros/jazzy/opt/gz_msgs_vendor:/opt/ros/jazzy/opt/gz_common_vendor:/opt/ros/jazzy/opt/gz_math_vendor:/opt/ros/jazzy/opt/gz_utils_vendor:/opt/ros/jazzy/opt/gz_tools_vendor:/opt/ros/jazzy/opt/gz_ogre_next_vendor:/opt/ros/jazzy/opt/gz_dartsim_vendor:/opt/ros/jazzy/opt/gz_cmake_vendor:/opt/ros/jazzy DEBUGINFOD_URLS=https://debuginfod.ubuntu.com GZ_SIM_PLUGIN_PATH=/home/kelly/project_ws/install/ros_gz_example_gazebo/lib/ros_gz_example_gazebo GZ_SIM_RESOURCE_PATH=/home/kelly/project_ws/install/ros_gz_example_gazebo/share/ros_gz_example_gazebo/worlds:/home/kelly/project_ws/install/ros_gz_example_description/share/ros_gz_example_description/models:${GZ_SIM_RESOURCE_PATH} /usr/bin/cmake --install /home/kelly/project_ws/build/ros_gz_example_bringup
[0.729s] -- Install configuration: ""
[0.729s] -- Installing: /home/kelly/project_ws/install/ros_gz_example_bringup/share/ros_gz_example_bringup/launch
[0.729s] -- Installing: /home/kelly/project_ws/install/ros_gz_example_bringup/share/ros_gz_example_bringup/launch/rrbot_setup.launch.py
[0.729s] -- Installing: /home/kelly/project_ws/install/ros_gz_example_bringup/share/ros_gz_example_bringup/launch/diff_drive.launch.py
[0.729s] -- Installing: /home/kelly/project_ws/install/ros_gz_example_bringup/share/ros_gz_example_bringup/config
[0.729s] -- Installing: /home/kelly/project_ws/install/ros_gz_example_bringup/share/ros_gz_example_bringup/config/rrbot.rviz
[0.729s] -- Installing: /home/kelly/project_ws/install/ros_gz_example_bringup/share/ros_gz_example_bringup/config/ros_gz_example_bridge.yaml
[0.729s] -- Installing: /home/kelly/project_ws/install/ros_gz_example_bringup/share/ros_gz_example_bringup/config/diff_drive.rviz
[0.729s] -- Installing: /home/kelly/project_ws/install/ros_gz_example_bringup/share/ament_index/resource_index/package_run_dependencies/ros_gz_example_bringup
[0.729s] -- Installing: /home/kelly/project_ws/install/ros_gz_example_bringup/share/ament_index/resource_index/parent_prefix_path/ros_gz_example_bringup
[0.729s] -- Installing: /home/kelly/project_ws/install/ros_gz_example_bringup/share/ros_gz_example_bringup/environment/ament_prefix_path.sh
[0.729s] -- Installing: /home/kelly/project_ws/install/ros_gz_example_bringup/share/ros_gz_example_bringup/environment/ament_prefix_path.dsv
[0.730s] -- Installing: /home/kelly/project_ws/install/ros_gz_example_bringup/share/ros_gz_example_bringup/environment/path.sh
[0.730s] -- Installing: /home/kelly/project_ws/install/ros_gz_example_bringup/share/ros_gz_example_bringup/environment/path.dsv
[0.730s] -- Installing: /home/kelly/project_ws/install/ros_gz_example_bringup/share/ros_gz_example_bringup/local_setup.bash
[0.730s] -- Installing: /home/kelly/project_ws/install/ros_gz_example_bringup/share/ros_gz_example_bringup/local_setup.sh
[0.730s] -- Installing: /home/kelly/project_ws/install/ros_gz_example_bringup/share/ros_gz_example_bringup/local_setup.zsh
[0.731s] -- Installing: /home/kelly/project_ws/install/ros_gz_example_bringup/share/ros_gz_example_bringup/local_setup.dsv
[0.731s] -- Installing: /home/kelly/project_ws/install/ros_gz_example_bringup/share/ros_gz_example_bringup/package.dsv
[0.731s] -- Installing: /home/kelly/project_ws/install/ros_gz_example_bringup/share/ament_index/resource_index/packages/ros_gz_example_bringup
[0.732s] -- Installing: /home/kelly/project_ws/install/ros_gz_example_bringup/share/ros_gz_example_bringup/cmake/ros_gz_example_bringupConfig.cmake
[0.732s] -- Installing: /home/kelly/project_ws/install/ros_gz_example_bringup/share/ros_gz_example_bringup/cmake/ros_gz_example_bringupConfig-version.cmake
[0.732s] -- Installing: /home/kelly/project_ws/install/ros_gz_example_bringup/share/ros_gz_example_bringup/package.xml
[0.733s] Invoked command in '/home/kelly/project_ws/build/ros_gz_example_bringup' returned '0': AMENT_PREFIX_PATH=/home/kelly/project_ws/install/ros_gz_example_gazebo:/home/kelly/project_ws/install/ros_gz_example_description:${AMENT_PREFIX_PATH} CMAKE_PREFIX_PATH=/home/kelly/project_ws/install/ros_gz_example_gazebo:/home/kelly/project_ws/install/ros_gz_example_description:/opt/ros/jazzy/opt/gz_sim_vendor:/opt/ros/jazzy/opt/gz_sensors_vendor:/opt/ros/jazzy/opt/gz_physics_vendor:/opt/ros/jazzy/opt/sdformat_vendor:/opt/ros/jazzy/opt/gz_gui_vendor:/opt/ros/jazzy/opt/gz_transport_vendor:/opt/ros/jazzy/opt/gz_rendering_vendor:/opt/ros/jazzy/opt/gz_plugin_vendor:/opt/ros/jazzy/opt/gz_fuel_tools_vendor:/opt/ros/jazzy/opt/gz_msgs_vendor:/opt/ros/jazzy/opt/gz_common_vendor:/opt/ros/jazzy/opt/gz_math_vendor:/opt/ros/jazzy/opt/gz_utils_vendor:/opt/ros/jazzy/opt/gz_tools_vendor:/opt/ros/jazzy/opt/gz_ogre_next_vendor:/opt/ros/jazzy/opt/gz_dartsim_vendor:/opt/ros/jazzy/opt/gz_cmake_vendor:/opt/ros/jazzy DEBUGINFOD_URLS=https://debuginfod.ubuntu.com GZ_SIM_PLUGIN_PATH=/home/kelly/project_ws/install/ros_gz_example_gazebo/lib/ros_gz_example_gazebo GZ_SIM_RESOURCE_PATH=/home/kelly/project_ws/install/ros_gz_example_gazebo/share/ros_gz_example_gazebo/worlds:/home/kelly/project_ws/install/ros_gz_example_description/share/ros_gz_example_description/models:${GZ_SIM_RESOURCE_PATH} /usr/bin/cmake --install /home/kelly/project_ws/build/ros_gz_example_bringup
