[0.005s] Invoking command in '/home/kelly/ros2_ws/build/cpp_parameters': CMAKE_PREFIX_PATH=${CMAKE_PREFIX_PATH}:/home/kelly/ros2_ws/install/py_pubsub:/opt/ros/jazzy DEBUGINFOD_URLS=https://debuginfod.ubuntu.com /usr/bin/cmake /home/kelly/ros2_ws/src/cpp_parameters -DCMAKE_INSTALL_PREFIX=/home/kelly/ros2_ws/install/cpp_parameters
[0.046s] -- The C compiler identification is GNU 13.3.0
[0.084s] -- The CXX compiler identification is GNU 13.3.0
[0.095s] -- Detecting C compiler ABI info
[0.149s] -- Detecting C compiler ABI info - done
[0.158s] -- Check for working C compiler: /usr/bin/cc - skipped
[0.158s] -- Detecting C compile features
[0.158s] -- Detecting C compile features - done
[0.166s] -- Detecting CXX compiler ABI info
[0.242s] -- Detecting CXX compiler ABI info - done
[0.250s] -- Check for working CXX compiler: /usr/bin/c++ - skipped
[0.250s] -- Detecting CXX compile features
[0.250s] -- Detecting CXX compile features - done
[0.251s] -- Found ament_cmake: 2.5.4 (/opt/ros/jazzy/share/ament_cmake/cmake)
[0.375s] -- Found Python3: /usr/bin/python3 (found version "3.12.3") found components: Interpreter 
[0.436s] -- Found rclcpp: 28.1.11 (/opt/ros/jazzy/share/rclcpp/cmake)
[0.463s] -- Found rosidl_generator_c: 4.6.6 (/opt/ros/jazzy/share/rosidl_generator_c/cmake)
[0.469s] -- Found rosidl_generator_cpp: 4.6.6 (/opt/ros/jazzy/share/rosidl_generator_cpp/cmake)
[0.479s] -- Using all available rosidl_typesupport_c: rosidl_typesupport_fastrtps_c;rosidl_typesupport_introspection_c
[0.487s] -- Using all available rosidl_typesupport_cpp: rosidl_typesupport_fastrtps_cpp;rosidl_typesupport_introspection_cpp
[0.527s] -- Found rmw_implementation_cmake: 7.3.2 (/opt/ros/jazzy/share/rmw_implementation_cmake/cmake)
[0.529s] -- Found rmw_fastrtps_cpp: 8.4.3 (/opt/ros/jazzy/share/rmw_fastrtps_cpp/cmake)
[0.576s] -- Found OpenSSL: /usr/lib/x86_64-linux-gnu/libcrypto.so (found version "3.0.13")  
[0.592s] -- Found FastRTPS: /opt/ros/jazzy/include (Required is at least version "2.13") 
[0.608s] -- Using RMW implementation 'rmw_fastrtps_cpp' as default
[0.650s] -- Found ament_lint_auto: 0.17.3 (/opt/ros/jazzy/share/ament_lint_auto/cmake)
[0.705s] -- Added test 'cppcheck' to perform static code analysis on C / C++ code
[0.705s] -- Configured cppcheck include dirs: 
[0.706s] -- Configured cppcheck exclude dirs and/or files: 
[0.706s] -- Added test 'lint_cmake' to check CMake code style
[0.706s] -- Added test 'uncrustify' to check C / C++ code style
[0.706s] -- Configured uncrustify additional arguments: 
[0.707s] -- Added test 'xmllint' to check XML markup files
[0.708s] -- Configuring done (0.7s)
[0.713s] -- Generating done (0.0s)
[0.715s] -- Build files have been written to: /home/kelly/ros2_ws/build/cpp_parameters
[0.721s] Invoked command in '/home/kelly/ros2_ws/build/cpp_parameters' returned '0': CMAKE_PREFIX_PATH=${CMAKE_PREFIX_PATH}:/home/kelly/ros2_ws/install/py_pubsub:/opt/ros/jazzy DEBUGINFOD_URLS=https://debuginfod.ubuntu.com /usr/bin/cmake /home/kelly/ros2_ws/src/cpp_parameters -DCMAKE_INSTALL_PREFIX=/home/kelly/ros2_ws/install/cpp_parameters
[0.721s] Invoking command in '/home/kelly/ros2_ws/build/cpp_parameters': CMAKE_PREFIX_PATH=${CMAKE_PREFIX_PATH}:/home/kelly/ros2_ws/install/py_pubsub:/opt/ros/jazzy DEBUGINFOD_URLS=https://debuginfod.ubuntu.com /usr/bin/cmake --build /home/kelly/ros2_ws/build/cpp_parameters -- -j32 -l32
[0.754s] [ 50%] [32mBuilding CXX object CMakeFiles/minimal_param_node.dir/src/cpp_parameters_node.cpp.o[0m
[2.201s] [100%] [32m[1mLinking CXX executable minimal_param_node[0m
[2.262s] [100%] Built target minimal_param_node
[2.270s] Invoked command in '/home/kelly/ros2_ws/build/cpp_parameters' returned '0': CMAKE_PREFIX_PATH=${CMAKE_PREFIX_PATH}:/home/kelly/ros2_ws/install/py_pubsub:/opt/ros/jazzy DEBUGINFOD_URLS=https://debuginfod.ubuntu.com /usr/bin/cmake --build /home/kelly/ros2_ws/build/cpp_parameters -- -j32 -l32
[2.277s] Invoking command in '/home/kelly/ros2_ws/build/cpp_parameters': CMAKE_PREFIX_PATH=${CMAKE_PREFIX_PATH}:/home/kelly/ros2_ws/install/py_pubsub:/opt/ros/jazzy DEBUGINFOD_URLS=https://debuginfod.ubuntu.com /usr/bin/cmake --install /home/kelly/ros2_ws/build/cpp_parameters
[2.281s] -- Install configuration: ""
[2.281s] -- Installing: /home/kelly/ros2_ws/install/cpp_parameters/lib/cpp_parameters/minimal_param_node
[2.281s] -- Set non-toolchain portion of runtime path of "/home/kelly/ros2_ws/install/cpp_parameters/lib/cpp_parameters/minimal_param_node" to ""
[2.281s] -- Installing: /home/kelly/ros2_ws/install/cpp_parameters/share/ament_index/resource_index/package_run_dependencies/cpp_parameters
[2.282s] -- Installing: /home/kelly/ros2_ws/install/cpp_parameters/share/ament_index/resource_index/parent_prefix_path/cpp_parameters
[2.282s] -- Installing: /home/kelly/ros2_ws/install/cpp_parameters/share/cpp_parameters/environment/ament_prefix_path.sh
[2.282s] -- Installing: /home/kelly/ros2_ws/install/cpp_parameters/share/cpp_parameters/environment/ament_prefix_path.dsv
[2.282s] -- Installing: /home/kelly/ros2_ws/install/cpp_parameters/share/cpp_parameters/environment/path.sh
[2.282s] -- Installing: /home/kelly/ros2_ws/install/cpp_parameters/share/cpp_parameters/environment/path.dsv
[2.282s] -- Installing: /home/kelly/ros2_ws/install/cpp_parameters/share/cpp_parameters/local_setup.bash
[2.282s] -- Installing: /home/kelly/ros2_ws/install/cpp_parameters/share/cpp_parameters/local_setup.sh
[2.282s] -- Installing: /home/kelly/ros2_ws/install/cpp_parameters/share/cpp_parameters/local_setup.zsh
[2.282s] -- Installing: /home/kelly/ros2_ws/install/cpp_parameters/share/cpp_parameters/local_setup.dsv
[2.282s] -- Installing: /home/kelly/ros2_ws/install/cpp_parameters/share/cpp_parameters/package.dsv
[2.282s] -- Installing: /home/kelly/ros2_ws/install/cpp_parameters/share/ament_index/resource_index/packages/cpp_parameters
[2.282s] -- Installing: /home/kelly/ros2_ws/install/cpp_parameters/share/cpp_parameters/cmake/cpp_parametersConfig.cmake
[2.282s] -- Installing: /home/kelly/ros2_ws/install/cpp_parameters/share/cpp_parameters/cmake/cpp_parametersConfig-version.cmake
[2.282s] -- Installing: /home/kelly/ros2_ws/install/cpp_parameters/share/cpp_parameters/package.xml
[2.283s] Invoked command in '/home/kelly/ros2_ws/build/cpp_parameters' returned '0': CMAKE_PREFIX_PATH=${CMAKE_PREFIX_PATH}:/home/kelly/ros2_ws/install/py_pubsub:/opt/ros/jazzy DEBUGINFOD_URLS=https://debuginfod.ubuntu.com /usr/bin/cmake --install /home/kelly/ros2_ws/build/cpp_parameters
