[0.015s] Invoking command in '/home/kelly/ros2_ws/build/custom_action_interfaces': CMAKE_PREFIX_PATH=${CMAKE_PREFIX_PATH}:/home/kelly/ros2_ws/install/py_pubsub:/opt/ros/jazzy DEBUGINFOD_URLS=https://debuginfod.ubuntu.com /usr/bin/cmake --build /home/kelly/ros2_ws/build/custom_action_interfaces -- -j32 -l32
[0.156s] [  2%] Built target custom_action_interfaces__rosidl_generator_type_description
[0.156s] [  2%] Built target ament_cmake_python_copy_custom_action_interfaces
[0.156s] [ 17%] Built target custom_action_interfaces__rosidl_generator_c
[0.156s] [ 20%] Built target custom_action_interfaces__cpp
[0.156s] [ 29%] Built target custom_action_interfaces__rosidl_typesupport_introspection_cpp
[0.156s] [ 38%] Built target custom_action_interfaces__rosidl_typesupport_c
[0.156s] [ 50%] Built target custom_action_interfaces__rosidl_typesupport_introspection_c
[0.156s] [ 55%] Built target custom_action_interfaces__rosidl_typesupport_fastrtps_c
[0.156s] [ 64%] Built target custom_action_interfaces__rosidl_typesupport_fastrtps_cpp
[0.156s] [ 73%] Built target custom_action_interfaces__rosidl_typesupport_cpp
[0.156s] [ 73%] Built target custom_action_interfaces
[0.156s] [ 76%] Built target custom_action_interfaces__py
[0.156s] [ 82%] Built target custom_action_interfaces__rosidl_generator_py
[0.156s] [ 88%] Built target custom_action_interfaces_s__rosidl_typesupport_introspection_c
[0.156s] [ 94%] Built target custom_action_interfaces_s__rosidl_typesupport_fastrtps_c
[0.156s] [100%] Built target custom_action_interfaces_s__rosidl_typesupport_c
[0.166s] running egg_info
[0.175s] writing custom_action_interfaces.egg-info/PKG-INFO
[0.175s] writing dependency_links to custom_action_interfaces.egg-info/dependency_links.txt
[0.175s] writing top-level names to custom_action_interfaces.egg-info/top_level.txt
[0.205s] reading manifest file 'custom_action_interfaces.egg-info/SOURCES.txt'
[0.206s] writing manifest file 'custom_action_interfaces.egg-info/SOURCES.txt'
[0.230s] [100%] Built target ament_cmake_python_build_custom_action_interfaces_egg
[0.240s] Invoked command in '/home/kelly/ros2_ws/build/custom_action_interfaces' returned '0': CMAKE_PREFIX_PATH=${CMAKE_PREFIX_PATH}:/home/kelly/ros2_ws/install/py_pubsub:/opt/ros/jazzy DEBUGINFOD_URLS=https://debuginfod.ubuntu.com /usr/bin/cmake --build /home/kelly/ros2_ws/build/custom_action_interfaces -- -j32 -l32
[0.241s] Invoking command in '/home/kelly/ros2_ws/build/custom_action_interfaces': CMAKE_PREFIX_PATH=${CMAKE_PREFIX_PATH}:/home/kelly/ros2_ws/install/py_pubsub:/opt/ros/jazzy DEBUGINFOD_URLS=https://debuginfod.ubuntu.com /usr/bin/cmake --install /home/kelly/ros2_ws/build/custom_action_interfaces
[0.255s] -- Install configuration: ""
[0.255s] -- Up-to-date: /home/kelly/ros2_ws/install/custom_action_interfaces/share/ament_index/resource_index/rosidl_interfaces/custom_action_interfaces
[0.255s] -- Up-to-date: /home/kelly/ros2_ws/install/custom_action_interfaces/share/custom_action_interfaces/action/Fibonacci.json
[0.255s] -- Up-to-date: /home/kelly/ros2_ws/install/custom_action_interfaces/include/custom_action_interfaces/custom_action_interfaces
[0.255s] -- Up-to-date: /home/kelly/ros2_ws/install/custom_action_interfaces/include/custom_action_interfaces/custom_action_interfaces/action
[0.255s] -- Up-to-date: /home/kelly/ros2_ws/install/custom_action_interfaces/include/custom_action_interfaces/custom_action_interfaces/action/detail
[0.255s] -- Up-to-date: /home/kelly/ros2_ws/install/custom_action_interfaces/include/custom_action_interfaces/custom_action_interfaces/action/detail/fibonacci__struct.h
[0.255s] -- Up-to-date: /home/kelly/ros2_ws/install/custom_action_interfaces/include/custom_action_interfaces/custom_action_interfaces/action/detail/fibonacci__type_support.c
[0.255s] -- Up-to-date: /home/kelly/ros2_ws/install/custom_action_interfaces/include/custom_action_interfaces/custom_action_interfaces/action/detail/fibonacci__type_support.h
[0.255s] -- Up-to-date: /home/kelly/ros2_ws/install/custom_action_interfaces/include/custom_action_interfaces/custom_action_interfaces/action/detail/fibonacci__description.c
[0.255s] -- Up-to-date: /home/kelly/ros2_ws/install/custom_action_interfaces/include/custom_action_interfaces/custom_action_interfaces/action/detail/fibonacci__functions.h
[0.255s] -- Up-to-date: /home/kelly/ros2_ws/install/custom_action_interfaces/include/custom_action_interfaces/custom_action_interfaces/action/detail/fibonacci__functions.c
[0.255s] -- Up-to-date: /home/kelly/ros2_ws/install/custom_action_interfaces/include/custom_action_interfaces/custom_action_interfaces/action/fibonacci.h
[0.256s] -- Up-to-date: /home/kelly/ros2_ws/install/custom_action_interfaces/include/custom_action_interfaces/custom_action_interfaces/msg
[0.256s] -- Up-to-date: /home/kelly/ros2_ws/install/custom_action_interfaces/include/custom_action_interfaces/custom_action_interfaces/msg/rosidl_generator_c__visibility_control.h
[0.256s] -- Up-to-date: /home/kelly/ros2_ws/install/custom_action_interfaces/share/custom_action_interfaces/environment/library_path.sh
[0.256s] -- Up-to-date: /home/kelly/ros2_ws/install/custom_action_interfaces/share/custom_action_interfaces/environment/library_path.dsv
[0.256s] -- Up-to-date: /home/kelly/ros2_ws/install/custom_action_interfaces/lib/libcustom_action_interfaces__rosidl_generator_c.so
[0.256s] -- Up-to-date: /home/kelly/ros2_ws/install/custom_action_interfaces/include/custom_action_interfaces/custom_action_interfaces
[0.256s] -- Up-to-date: /home/kelly/ros2_ws/install/custom_action_interfaces/include/custom_action_interfaces/custom_action_interfaces/action
[0.256s] -- Up-to-date: /home/kelly/ros2_ws/install/custom_action_interfaces/include/custom_action_interfaces/custom_action_interfaces/action/detail
[0.256s] -- Up-to-date: /home/kelly/ros2_ws/install/custom_action_interfaces/include/custom_action_interfaces/custom_action_interfaces/action/detail/fibonacci__rosidl_typesupport_fastrtps_c.h
[0.256s] -- Up-to-date: /home/kelly/ros2_ws/install/custom_action_interfaces/include/custom_action_interfaces/custom_action_interfaces/msg
[0.256s] -- Up-to-date: /home/kelly/ros2_ws/install/custom_action_interfaces/include/custom_action_interfaces/custom_action_interfaces/msg/rosidl_typesupport_fastrtps_c__visibility_control.h
[0.256s] -- Up-to-date: /home/kelly/ros2_ws/install/custom_action_interfaces/lib/libcustom_action_interfaces__rosidl_typesupport_fastrtps_c.so
[0.256s] -- Up-to-date: /home/kelly/ros2_ws/install/custom_action_interfaces/include/custom_action_interfaces/custom_action_interfaces
[0.256s] -- Up-to-date: /home/kelly/ros2_ws/install/custom_action_interfaces/include/custom_action_interfaces/custom_action_interfaces/action
[0.256s] -- Up-to-date: /home/kelly/ros2_ws/install/custom_action_interfaces/include/custom_action_interfaces/custom_action_interfaces/action/detail
[0.256s] -- Up-to-date: /home/kelly/ros2_ws/install/custom_action_interfaces/include/custom_action_interfaces/custom_action_interfaces/action/detail/fibonacci__type_support.c
[0.256s] -- Up-to-date: /home/kelly/ros2_ws/install/custom_action_interfaces/include/custom_action_interfaces/custom_action_interfaces/action/detail/fibonacci__rosidl_typesupport_introspection_c.h
[0.256s] -- Up-to-date: /home/kelly/ros2_ws/install/custom_action_interfaces/include/custom_action_interfaces/custom_action_interfaces/msg
[0.256s] -- Up-to-date: /home/kelly/ros2_ws/install/custom_action_interfaces/include/custom_action_interfaces/custom_action_interfaces/msg/rosidl_typesupport_introspection_c__visibility_control.h
[0.256s] -- Up-to-date: /home/kelly/ros2_ws/install/custom_action_interfaces/lib/libcustom_action_interfaces__rosidl_typesupport_introspection_c.so
[0.256s] -- Up-to-date: /home/kelly/ros2_ws/install/custom_action_interfaces/lib/libcustom_action_interfaces__rosidl_typesupport_c.so
[0.256s] -- Up-to-date: /home/kelly/ros2_ws/install/custom_action_interfaces/include/custom_action_interfaces/custom_action_interfaces
[0.256s] -- Up-to-date: /home/kelly/ros2_ws/install/custom_action_interfaces/include/custom_action_interfaces/custom_action_interfaces/action
[0.256s] -- Up-to-date: /home/kelly/ros2_ws/install/custom_action_interfaces/include/custom_action_interfaces/custom_action_interfaces/action/fibonacci.hpp
[0.256s] -- Up-to-date: /home/kelly/ros2_ws/install/custom_action_interfaces/include/custom_action_interfaces/custom_action_interfaces/action/detail
[0.256s] -- Up-to-date: /home/kelly/ros2_ws/install/custom_action_interfaces/include/custom_action_interfaces/custom_action_interfaces/action/detail/fibonacci__builder.hpp
[0.256s] -- Up-to-date: /home/kelly/ros2_ws/install/custom_action_interfaces/include/custom_action_interfaces/custom_action_interfaces/action/detail/fibonacci__struct.hpp
[0.256s] -- Up-to-date: /home/kelly/ros2_ws/install/custom_action_interfaces/include/custom_action_interfaces/custom_action_interfaces/action/detail/fibonacci__traits.hpp
[0.256s] -- Up-to-date: /home/kelly/ros2_ws/install/custom_action_interfaces/include/custom_action_interfaces/custom_action_interfaces/action/detail/fibonacci__type_support.hpp
[0.256s] -- Up-to-date: /home/kelly/ros2_ws/install/custom_action_interfaces/include/custom_action_interfaces/custom_action_interfaces/msg
[0.256s] -- Up-to-date: /home/kelly/ros2_ws/install/custom_action_interfaces/include/custom_action_interfaces/custom_action_interfaces/msg/rosidl_generator_cpp__visibility_control.hpp
[0.256s] -- Up-to-date: /home/kelly/ros2_ws/install/custom_action_interfaces/include/custom_action_interfaces/custom_action_interfaces
[0.256s] -- Up-to-date: /home/kelly/ros2_ws/install/custom_action_interfaces/include/custom_action_interfaces/custom_action_interfaces/action
[0.257s] -- Up-to-date: /home/kelly/ros2_ws/install/custom_action_interfaces/include/custom_action_interfaces/custom_action_interfaces/action/detail
[0.257s] -- Up-to-date: /home/kelly/ros2_ws/install/custom_action_interfaces/include/custom_action_interfaces/custom_action_interfaces/action/detail/fibonacci__rosidl_typesupport_fastrtps_cpp.hpp
[0.257s] -- Up-to-date: /home/kelly/ros2_ws/install/custom_action_interfaces/include/custom_action_interfaces/custom_action_interfaces/action/detail/dds_fastrtps
[0.257s] -- Up-to-date: /home/kelly/ros2_ws/install/custom_action_interfaces/include/custom_action_interfaces/custom_action_interfaces/msg
[0.257s] -- Up-to-date: /home/kelly/ros2_ws/install/custom_action_interfaces/include/custom_action_interfaces/custom_action_interfaces/msg/rosidl_typesupport_fastrtps_cpp__visibility_control.h
[0.257s] -- Up-to-date: /home/kelly/ros2_ws/install/custom_action_interfaces/lib/libcustom_action_interfaces__rosidl_typesupport_fastrtps_cpp.so
[0.257s] -- Up-to-date: /home/kelly/ros2_ws/install/custom_action_interfaces/include/custom_action_interfaces/custom_action_interfaces
[0.257s] -- Up-to-date: /home/kelly/ros2_ws/install/custom_action_interfaces/include/custom_action_interfaces/custom_action_interfaces/action
[0.257s] -- Up-to-date: /home/kelly/ros2_ws/install/custom_action_interfaces/include/custom_action_interfaces/custom_action_interfaces/action/detail
[0.257s] -- Up-to-date: /home/kelly/ros2_ws/install/custom_action_interfaces/include/custom_action_interfaces/custom_action_interfaces/action/detail/fibonacci__rosidl_typesupport_introspection_cpp.hpp
[0.257s] -- Up-to-date: /home/kelly/ros2_ws/install/custom_action_interfaces/include/custom_action_interfaces/custom_action_interfaces/action/detail/fibonacci__type_support.cpp
[0.257s] -- Up-to-date: /home/kelly/ros2_ws/install/custom_action_interfaces/lib/libcustom_action_interfaces__rosidl_typesupport_introspection_cpp.so
[0.257s] -- Up-to-date: /home/kelly/ros2_ws/install/custom_action_interfaces/lib/libcustom_action_interfaces__rosidl_typesupport_cpp.so
[0.257s] -- Up-to-date: /home/kelly/ros2_ws/install/custom_action_interfaces/share/custom_action_interfaces/environment/pythonpath.sh
[0.257s] -- Up-to-date: /home/kelly/ros2_ws/install/custom_action_interfaces/share/custom_action_interfaces/environment/pythonpath.dsv
[0.257s] -- Up-to-date: /home/kelly/ros2_ws/install/custom_action_interfaces/lib/python3.12/site-packages/custom_action_interfaces-0.0.0-py3.12.egg-info
[0.257s] -- Installing: /home/kelly/ros2_ws/install/custom_action_interfaces/lib/python3.12/site-packages/custom_action_interfaces-0.0.0-py3.12.egg-info/dependency_links.txt
[0.257s] -- Installing: /home/kelly/ros2_ws/install/custom_action_interfaces/lib/python3.12/site-packages/custom_action_interfaces-0.0.0-py3.12.egg-info/top_level.txt
[0.257s] -- Installing: /home/kelly/ros2_ws/install/custom_action_interfaces/lib/python3.12/site-packages/custom_action_interfaces-0.0.0-py3.12.egg-info/SOURCES.txt
[0.257s] -- Installing: /home/kelly/ros2_ws/install/custom_action_interfaces/lib/python3.12/site-packages/custom_action_interfaces-0.0.0-py3.12.egg-info/PKG-INFO
[0.257s] -- Up-to-date: /home/kelly/ros2_ws/install/custom_action_interfaces/lib/python3.12/site-packages/custom_action_interfaces
[0.257s] -- Up-to-date: /home/kelly/ros2_ws/install/custom_action_interfaces/lib/python3.12/site-packages/custom_action_interfaces/_custom_action_interfaces_s.ep.rosidl_typesupport_introspection_c.c
[0.257s] -- Up-to-date: /home/kelly/ros2_ws/install/custom_action_interfaces/lib/python3.12/site-packages/custom_action_interfaces/action
[0.257s] -- Up-to-date: /home/kelly/ros2_ws/install/custom_action_interfaces/lib/python3.12/site-packages/custom_action_interfaces/action/_fibonacci.py
[0.257s] -- Up-to-date: /home/kelly/ros2_ws/install/custom_action_interfaces/lib/python3.12/site-packages/custom_action_interfaces/action/_fibonacci_s.c
[0.257s] -- Up-to-date: /home/kelly/ros2_ws/install/custom_action_interfaces/lib/python3.12/site-packages/custom_action_interfaces/action/__init__.py
[0.257s] -- Up-to-date: /home/kelly/ros2_ws/install/custom_action_interfaces/lib/python3.12/site-packages/custom_action_interfaces/custom_action_interfaces_s__rosidl_typesupport_fastrtps_c.so
[0.257s] -- Up-to-date: /home/kelly/ros2_ws/install/custom_action_interfaces/lib/python3.12/site-packages/custom_action_interfaces/custom_action_interfaces_s__rosidl_typesupport_introspection_c.so
[0.257s] -- Up-to-date: /home/kelly/ros2_ws/install/custom_action_interfaces/lib/python3.12/site-packages/custom_action_interfaces/_custom_action_interfaces_s.ep.rosidl_typesupport_fastrtps_c.c
[0.257s] -- Up-to-date: /home/kelly/ros2_ws/install/custom_action_interfaces/lib/python3.12/site-packages/custom_action_interfaces/custom_action_interfaces_s__rosidl_typesupport_c.so
[0.257s] -- Up-to-date: /home/kelly/ros2_ws/install/custom_action_interfaces/lib/python3.12/site-packages/custom_action_interfaces/__init__.py
[0.257s] -- Up-to-date: /home/kelly/ros2_ws/install/custom_action_interfaces/lib/python3.12/site-packages/custom_action_interfaces/_custom_action_interfaces_s.ep.rosidl_typesupport_c.c
[0.270s] Listing '/home/kelly/ros2_ws/install/custom_action_interfaces/lib/python3.12/site-packages/custom_action_interfaces'...
[0.270s] Listing '/home/kelly/ros2_ws/install/custom_action_interfaces/lib/python3.12/site-packages/custom_action_interfaces/action'...
[0.272s] -- Up-to-date: /home/kelly/ros2_ws/install/custom_action_interfaces/lib/python3.12/site-packages/custom_action_interfaces/custom_action_interfaces_s__rosidl_typesupport_fastrtps_c.so
[0.272s] -- Up-to-date: /home/kelly/ros2_ws/install/custom_action_interfaces/lib/python3.12/site-packages/custom_action_interfaces/custom_action_interfaces_s__rosidl_typesupport_introspection_c.so
[0.272s] -- Up-to-date: /home/kelly/ros2_ws/install/custom_action_interfaces/lib/python3.12/site-packages/custom_action_interfaces/custom_action_interfaces_s__rosidl_typesupport_c.so
[0.273s] -- Up-to-date: /home/kelly/ros2_ws/install/custom_action_interfaces/lib/libcustom_action_interfaces__rosidl_generator_py.so
[0.273s] -- Up-to-date: /home/kelly/ros2_ws/install/custom_action_interfaces/share/custom_action_interfaces/action/Fibonacci.idl
[0.273s] -- Up-to-date: /home/kelly/ros2_ws/install/custom_action_interfaces/share/custom_action_interfaces/action/Fibonacci.action
[0.273s] -- Up-to-date: /home/kelly/ros2_ws/install/custom_action_interfaces/share/ament_index/resource_index/package_run_dependencies/custom_action_interfaces
[0.273s] -- Up-to-date: /home/kelly/ros2_ws/install/custom_action_interfaces/share/ament_index/resource_index/parent_prefix_path/custom_action_interfaces
[0.273s] -- Up-to-date: /home/kelly/ros2_ws/install/custom_action_interfaces/share/custom_action_interfaces/environment/ament_prefix_path.sh
[0.273s] -- Up-to-date: /home/kelly/ros2_ws/install/custom_action_interfaces/share/custom_action_interfaces/environment/ament_prefix_path.dsv
[0.273s] -- Up-to-date: /home/kelly/ros2_ws/install/custom_action_interfaces/share/custom_action_interfaces/environment/path.sh
[0.273s] -- Up-to-date: /home/kelly/ros2_ws/install/custom_action_interfaces/share/custom_action_interfaces/environment/path.dsv
[0.273s] -- Up-to-date: /home/kelly/ros2_ws/install/custom_action_interfaces/share/custom_action_interfaces/local_setup.bash
[0.274s] -- Up-to-date: /home/kelly/ros2_ws/install/custom_action_interfaces/share/custom_action_interfaces/local_setup.sh
[0.274s] -- Up-to-date: /home/kelly/ros2_ws/install/custom_action_interfaces/share/custom_action_interfaces/local_setup.zsh
[0.274s] -- Up-to-date: /home/kelly/ros2_ws/install/custom_action_interfaces/share/custom_action_interfaces/local_setup.dsv
[0.274s] -- Installing: /home/kelly/ros2_ws/install/custom_action_interfaces/share/custom_action_interfaces/package.dsv
[0.274s] -- Up-to-date: /home/kelly/ros2_ws/install/custom_action_interfaces/share/ament_index/resource_index/packages/custom_action_interfaces
[0.274s] -- Up-to-date: /home/kelly/ros2_ws/install/custom_action_interfaces/share/custom_action_interfaces/cmake/export_custom_action_interfaces__rosidl_generator_cExport.cmake
[0.274s] -- Up-to-date: /home/kelly/ros2_ws/install/custom_action_interfaces/share/custom_action_interfaces/cmake/export_custom_action_interfaces__rosidl_generator_cExport-noconfig.cmake
[0.274s] -- Up-to-date: /home/kelly/ros2_ws/install/custom_action_interfaces/share/custom_action_interfaces/cmake/export_custom_action_interfaces__rosidl_typesupport_fastrtps_cExport.cmake
[0.274s] -- Up-to-date: /home/kelly/ros2_ws/install/custom_action_interfaces/share/custom_action_interfaces/cmake/export_custom_action_interfaces__rosidl_typesupport_fastrtps_cExport-noconfig.cmake
[0.274s] -- Up-to-date: /home/kelly/ros2_ws/install/custom_action_interfaces/share/custom_action_interfaces/cmake/custom_action_interfaces__rosidl_typesupport_introspection_cExport.cmake
[0.274s] -- Up-to-date: /home/kelly/ros2_ws/install/custom_action_interfaces/share/custom_action_interfaces/cmake/custom_action_interfaces__rosidl_typesupport_introspection_cExport-noconfig.cmake
[0.274s] -- Up-to-date: /home/kelly/ros2_ws/install/custom_action_interfaces/share/custom_action_interfaces/cmake/custom_action_interfaces__rosidl_typesupport_cExport.cmake
[0.274s] -- Up-to-date: /home/kelly/ros2_ws/install/custom_action_interfaces/share/custom_action_interfaces/cmake/custom_action_interfaces__rosidl_typesupport_cExport-noconfig.cmake
[0.275s] -- Up-to-date: /home/kelly/ros2_ws/install/custom_action_interfaces/share/custom_action_interfaces/cmake/export_custom_action_interfaces__rosidl_generator_cppExport.cmake
[0.275s] -- Up-to-date: /home/kelly/ros2_ws/install/custom_action_interfaces/share/custom_action_interfaces/cmake/export_custom_action_interfaces__rosidl_typesupport_fastrtps_cppExport.cmake
[0.275s] -- Up-to-date: /home/kelly/ros2_ws/install/custom_action_interfaces/share/custom_action_interfaces/cmake/export_custom_action_interfaces__rosidl_typesupport_fastrtps_cppExport-noconfig.cmake
[0.275s] -- Up-to-date: /home/kelly/ros2_ws/install/custom_action_interfaces/share/custom_action_interfaces/cmake/custom_action_interfaces__rosidl_typesupport_introspection_cppExport.cmake
[0.275s] -- Up-to-date: /home/kelly/ros2_ws/install/custom_action_interfaces/share/custom_action_interfaces/cmake/custom_action_interfaces__rosidl_typesupport_introspection_cppExport-noconfig.cmake
[0.275s] -- Up-to-date: /home/kelly/ros2_ws/install/custom_action_interfaces/share/custom_action_interfaces/cmake/custom_action_interfaces__rosidl_typesupport_cppExport.cmake
[0.275s] -- Up-to-date: /home/kelly/ros2_ws/install/custom_action_interfaces/share/custom_action_interfaces/cmake/custom_action_interfaces__rosidl_typesupport_cppExport-noconfig.cmake
[0.275s] -- Up-to-date: /home/kelly/ros2_ws/install/custom_action_interfaces/share/custom_action_interfaces/cmake/export_custom_action_interfaces__rosidl_generator_pyExport.cmake
[0.275s] -- Up-to-date: /home/kelly/ros2_ws/install/custom_action_interfaces/share/custom_action_interfaces/cmake/export_custom_action_interfaces__rosidl_generator_pyExport-noconfig.cmake
[0.275s] -- Up-to-date: /home/kelly/ros2_ws/install/custom_action_interfaces/share/custom_action_interfaces/cmake/rosidl_cmake-extras.cmake
[0.275s] -- Up-to-date: /home/kelly/ros2_ws/install/custom_action_interfaces/share/custom_action_interfaces/cmake/ament_cmake_export_dependencies-extras.cmake
[0.276s] -- Up-to-date: /home/kelly/ros2_ws/install/custom_action_interfaces/share/custom_action_interfaces/cmake/ament_cmake_export_include_directories-extras.cmake
[0.276s] -- Up-to-date: /home/kelly/ros2_ws/install/custom_action_interfaces/share/custom_action_interfaces/cmake/ament_cmake_export_libraries-extras.cmake
[0.276s] -- Up-to-date: /home/kelly/ros2_ws/install/custom_action_interfaces/share/custom_action_interfaces/cmake/ament_cmake_export_targets-extras.cmake
[0.276s] -- Up-to-date: /home/kelly/ros2_ws/install/custom_action_interfaces/share/custom_action_interfaces/cmake/rosidl_cmake_export_typesupport_targets-extras.cmake
[0.276s] -- Up-to-date: /home/kelly/ros2_ws/install/custom_action_interfaces/share/custom_action_interfaces/cmake/rosidl_cmake_export_typesupport_libraries-extras.cmake
[0.276s] -- Up-to-date: /home/kelly/ros2_ws/install/custom_action_interfaces/share/custom_action_interfaces/cmake/custom_action_interfacesConfig.cmake
[0.276s] -- Up-to-date: /home/kelly/ros2_ws/install/custom_action_interfaces/share/custom_action_interfaces/cmake/custom_action_interfacesConfig-version.cmake
[0.276s] -- Up-to-date: /home/kelly/ros2_ws/install/custom_action_interfaces/share/custom_action_interfaces/package.xml
[0.283s] Invoked command in '/home/kelly/ros2_ws/build/custom_action_interfaces' returned '0': CMAKE_PREFIX_PATH=${CMAKE_PREFIX_PATH}:/home/kelly/ros2_ws/install/py_pubsub:/opt/ros/jazzy DEBUGINFOD_URLS=https://debuginfod.ubuntu.com /usr/bin/cmake --install /home/kelly/ros2_ws/build/custom_action_interfaces
