[0.007s] Invoking command in '/home/kelly/ros2_ws/build/cpp_pubsub': AMENT_PREFIX_PATH=/home/kelly/ros2_ws/install/tutorial_interfaces:${AMENT_PREFIX_PATH} CMAKE_PREFIX_PATH=/home/kelly/ros2_ws/install/tutorial_interfaces:/opt/ros/jazzy/opt/sdformat_vendor:/opt/ros/jazzy/opt/gz_math_vendor:/opt/ros/jazzy/opt/gz_utils_vendor:/opt/ros/jazzy/opt/gz_tools_vendor:/opt/ros/jazzy/opt/gz_cmake_vendor:/opt/ros/jazzy DEBUGINFOD_URLS=https://debuginfod.ubuntu.com LD_LIBRARY_PATH=/home/kelly/ros2_ws/install/tutorial_interfaces/lib:${LD_LIBRARY_PATH} PYTHONPATH=/home/kelly/ros2_ws/install/tutorial_interfaces/lib/python3.12/site-packages:${PYTHONPATH} /usr/bin/cmake --build /home/kelly/ros2_ws/build/cpp_pubsub -- -j32 -l32
[0.055s] [ 33%] Built target listener_with_topic_statistics
[0.055s] [ 66%] Built target talker
[0.056s] [100%] Built target listener
[0.063s] Invoked command in '/home/kelly/ros2_ws/build/cpp_pubsub' returned '0': AMENT_PREFIX_PATH=/home/kelly/ros2_ws/install/tutorial_interfaces:${AMENT_PREFIX_PATH} CMAKE_PREFIX_PATH=/home/kelly/ros2_ws/install/tutorial_interfaces:/opt/ros/jazzy/opt/sdformat_vendor:/opt/ros/jazzy/opt/gz_math_vendor:/opt/ros/jazzy/opt/gz_utils_vendor:/opt/ros/jazzy/opt/gz_tools_vendor:/opt/ros/jazzy/opt/gz_cmake_vendor:/opt/ros/jazzy DEBUGINFOD_URLS=https://debuginfod.ubuntu.com LD_LIBRARY_PATH=/home/kelly/ros2_ws/install/tutorial_interfaces/lib:${LD_LIBRARY_PATH} PYTHONPATH=/home/kelly/ros2_ws/install/tutorial_interfaces/lib/python3.12/site-packages:${PYTHONPATH} /usr/bin/cmake --build /home/kelly/ros2_ws/build/cpp_pubsub -- -j32 -l32
[0.072s] Invoking command in '/home/kelly/ros2_ws/build/cpp_pubsub': AMENT_PREFIX_PATH=/home/kelly/ros2_ws/install/tutorial_interfaces:${AMENT_PREFIX_PATH} CMAKE_PREFIX_PATH=/home/kelly/ros2_ws/install/tutorial_interfaces:/opt/ros/jazzy/opt/sdformat_vendor:/opt/ros/jazzy/opt/gz_math_vendor:/opt/ros/jazzy/opt/gz_utils_vendor:/opt/ros/jazzy/opt/gz_tools_vendor:/opt/ros/jazzy/opt/gz_cmake_vendor:/opt/ros/jazzy DEBUGINFOD_URLS=https://debuginfod.ubuntu.com LD_LIBRARY_PATH=/home/kelly/ros2_ws/install/tutorial_interfaces/lib:${LD_LIBRARY_PATH} PYTHONPATH=/home/kelly/ros2_ws/install/tutorial_interfaces/lib/python3.12/site-packages:${PYTHONPATH} /usr/bin/cmake --install /home/kelly/ros2_ws/build/cpp_pubsub
[0.083s] -- Install configuration: ""
[0.084s] -- Up-to-date: /home/kelly/ros2_ws/install/cpp_pubsub/lib/cpp_pubsub/talker
[0.084s] -- Up-to-date: /home/kelly/ros2_ws/install/cpp_pubsub/lib/cpp_pubsub/listener
[0.084s] -- Up-to-date: /home/kelly/ros2_ws/install/cpp_pubsub/lib/cpp_pubsub/listener_with_topic_statistics
[0.084s] -- Up-to-date: /home/kelly/ros2_ws/install/cpp_pubsub/share/ament_index/resource_index/package_run_dependencies/cpp_pubsub
[0.084s] -- Up-to-date: /home/kelly/ros2_ws/install/cpp_pubsub/share/ament_index/resource_index/parent_prefix_path/cpp_pubsub
[0.084s] -- Up-to-date: /home/kelly/ros2_ws/install/cpp_pubsub/share/cpp_pubsub/environment/ament_prefix_path.sh
[0.084s] -- Up-to-date: /home/kelly/ros2_ws/install/cpp_pubsub/share/cpp_pubsub/environment/ament_prefix_path.dsv
[0.084s] -- Up-to-date: /home/kelly/ros2_ws/install/cpp_pubsub/share/cpp_pubsub/environment/path.sh
[0.084s] -- Up-to-date: /home/kelly/ros2_ws/install/cpp_pubsub/share/cpp_pubsub/environment/path.dsv
[0.084s] -- Up-to-date: /home/kelly/ros2_ws/install/cpp_pubsub/share/cpp_pubsub/local_setup.bash
[0.084s] -- Up-to-date: /home/kelly/ros2_ws/install/cpp_pubsub/share/cpp_pubsub/local_setup.sh
[0.084s] -- Up-to-date: /home/kelly/ros2_ws/install/cpp_pubsub/share/cpp_pubsub/local_setup.zsh
[0.084s] -- Up-to-date: /home/kelly/ros2_ws/install/cpp_pubsub/share/cpp_pubsub/local_setup.dsv
[0.084s] -- Installing: /home/kelly/ros2_ws/install/cpp_pubsub/share/cpp_pubsub/package.dsv
[0.084s] -- Up-to-date: /home/kelly/ros2_ws/install/cpp_pubsub/share/ament_index/resource_index/packages/cpp_pubsub
[0.084s] -- Up-to-date: /home/kelly/ros2_ws/install/cpp_pubsub/share/cpp_pubsub/cmake/cpp_pubsubConfig.cmake
[0.084s] -- Up-to-date: /home/kelly/ros2_ws/install/cpp_pubsub/share/cpp_pubsub/cmake/cpp_pubsubConfig-version.cmake
[0.084s] -- Up-to-date: /home/kelly/ros2_ws/install/cpp_pubsub/share/cpp_pubsub/package.xml
[0.085s] Invoked command in '/home/kelly/ros2_ws/build/cpp_pubsub' returned '0': AMENT_PREFIX_PATH=/home/kelly/ros2_ws/install/tutorial_interfaces:${AMENT_PREFIX_PATH} CMAKE_PREFIX_PATH=/home/kelly/ros2_ws/install/tutorial_interfaces:/opt/ros/jazzy/opt/sdformat_vendor:/opt/ros/jazzy/opt/gz_math_vendor:/opt/ros/jazzy/opt/gz_utils_vendor:/opt/ros/jazzy/opt/gz_tools_vendor:/opt/ros/jazzy/opt/gz_cmake_vendor:/opt/ros/jazzy DEBUGINFOD_URLS=https://debuginfod.ubuntu.com LD_LIBRARY_PATH=/home/kelly/ros2_ws/install/tutorial_interfaces/lib:${LD_LIBRARY_PATH} PYTHONPATH=/home/kelly/ros2_ws/install/tutorial_interfaces/lib/python3.12/site-packages:${PYTHONPATH} /usr/bin/cmake --install /home/kelly/ros2_ws/build/cpp_pubsub
