[0.006s] Invoking command in '/home/kelly/launch_ws/build/cpp_launch_example': CMAKE_PREFIX_PATH=${CMAKE_PREFIX_PATH}:/opt/ros/jazzy DEBUGINFOD_URLS=https://debuginfod.ubuntu.com /usr/bin/cmake --build /home/kelly/launch_ws/build/cpp_launch_example -- -j32 -l32
[0.029s] Invoked command in '/home/kelly/launch_ws/build/cpp_launch_example' returned '0': CMAKE_PREFIX_PATH=${CMAKE_PREFIX_PATH}:/opt/ros/jazzy DEBUGINFOD_URLS=https://debuginfod.ubuntu.com /usr/bin/cmake --build /home/kelly/launch_ws/build/cpp_launch_example -- -j32 -l32
[0.036s] Invoking command in '/home/kelly/launch_ws/build/cpp_launch_example': CMAKE_PREFIX_PATH=${CMAKE_PREFIX_PATH}:/opt/ros/jazzy DEBUGINFOD_URLS=https://debuginfod.ubuntu.com /usr/bin/cmake --install /home/kelly/launch_ws/build/cpp_launch_example
[0.043s] -- Install configuration: ""
[0.043s] -- Up-to-date: /home/kelly/launch_ws/install/cpp_launch_example/share/cpp_launch_example//launch
[0.043s] -- Up-to-date: /home/kelly/launch_ws/install/cpp_launch_example/share/cpp_launch_example//launch/my_script_launch.yaml
[0.043s] -- Up-to-date: /home/kelly/launch_ws/install/cpp_launch_example/share/ament_index/resource_index/package_run_dependencies/cpp_launch_example
[0.043s] -- Up-to-date: /home/kelly/launch_ws/install/cpp_launch_example/share/ament_index/resource_index/parent_prefix_path/cpp_launch_example
[0.043s] -- Up-to-date: /home/kelly/launch_ws/install/cpp_launch_example/share/cpp_launch_example/environment/ament_prefix_path.sh
[0.043s] -- Up-to-date: /home/kelly/launch_ws/install/cpp_launch_example/share/cpp_launch_example/environment/ament_prefix_path.dsv
[0.043s] -- Up-to-date: /home/kelly/launch_ws/install/cpp_launch_example/share/cpp_launch_example/environment/path.sh
[0.043s] -- Up-to-date: /home/kelly/launch_ws/install/cpp_launch_example/share/cpp_launch_example/environment/path.dsv
[0.044s] -- Up-to-date: /home/kelly/launch_ws/install/cpp_launch_example/share/cpp_launch_example/local_setup.bash
[0.044s] -- Up-to-date: /home/kelly/launch_ws/install/cpp_launch_example/share/cpp_launch_example/local_setup.sh
[0.044s] -- Up-to-date: /home/kelly/launch_ws/install/cpp_launch_example/share/cpp_launch_example/local_setup.zsh
[0.044s] -- Up-to-date: /home/kelly/launch_ws/install/cpp_launch_example/share/cpp_launch_example/local_setup.dsv
[0.044s] -- Installing: /home/kelly/launch_ws/install/cpp_launch_example/share/cpp_launch_example/package.dsv
[0.044s] -- Up-to-date: /home/kelly/launch_ws/install/cpp_launch_example/share/ament_index/resource_index/packages/cpp_launch_example
[0.044s] -- Up-to-date: /home/kelly/launch_ws/install/cpp_launch_example/share/cpp_launch_example/cmake/cpp_launch_exampleConfig.cmake
[0.044s] -- Up-to-date: /home/kelly/launch_ws/install/cpp_launch_example/share/cpp_launch_example/cmake/cpp_launch_exampleConfig-version.cmake
[0.044s] -- Up-to-date: /home/kelly/launch_ws/install/cpp_launch_example/share/cpp_launch_example/package.xml
[0.051s] Invoked command in '/home/kelly/launch_ws/build/cpp_launch_example' returned '0': CMAKE_PREFIX_PATH=${CMAKE_PREFIX_PATH}:/opt/ros/jazzy DEBUGINFOD_URLS=https://debuginfod.ubuntu.com /usr/bin/cmake --install /home/kelly/launch_ws/build/cpp_launch_example
