/home/kelly/launch_ws/install/launch_tutorial/lib/python3.12/site-packages/launch_tutorial/__init__.py
/home/kelly/launch_ws/install/launch_tutorial/lib/python3.12/site-packages/launch_tutorial/__pycache__/__init__.cpython-312.pyc
/home/kelly/launch_ws/install/launch_tutorial/share/ament_index/resource_index/packages/launch_tutorial
/home/kelly/launch_ws/install/launch_tutorial/share/launch_tutorial/package.xml
/home/kelly/launch_ws/install/launch_tutorial/share/launch_tutorial/launch/broadcaster_listener_launch.py
/home/kelly/launch_ws/install/launch_tutorial/share/launch_tutorial/launch/turtlesim_world_3_launch.py
/home/kelly/launch_ws/install/launch_tutorial/share/launch_tutorial/launch/example_substitutions_launch.yaml
/home/kelly/launch_ws/install/launch_tutorial/share/launch_tutorial/launch/launch_turtlesim_launch.py
/home/kelly/launch_ws/install/launch_tutorial/share/launch_tutorial/launch/example_event_handlers_launch.py
/home/kelly/launch_ws/install/launch_tutorial/share/launch_tutorial/launch/example_main_launch.yaml
/home/kelly/launch_ws/install/launch_tutorial/share/launch_tutorial/launch/turtlesim_world_1_launch.py
/home/kelly/launch_ws/install/launch_tutorial/share/launch_tutorial/launch/turtlesim_rviz_launch.py
/home/kelly/launch_ws/install/launch_tutorial/share/launch_tutorial/launch/mimic_launch.py
/home/kelly/launch_ws/install/launch_tutorial/share/launch_tutorial/launch/turtlesim_world_2_launch.py
/home/kelly/launch_ws/install/launch_tutorial/share/launch_tutorial/launch/fixed_broadcaster_launch.py
/home/kelly/launch_ws/install/launch_tutorial/share/launch_tutorial/config/turtlesim.yaml
/home/kelly/launch_ws/install/launch_tutorial/share/launch_tutorial/rviz
/home/kelly/launch_ws/install/launch_tutorial/lib/python3.12/site-packages/launch_tutorial-0.0.0-py3.12.egg-info/zip-safe
/home/kelly/launch_ws/install/launch_tutorial/lib/python3.12/site-packages/launch_tutorial-0.0.0-py3.12.egg-info/dependency_links.txt
/home/kelly/launch_ws/install/launch_tutorial/lib/python3.12/site-packages/launch_tutorial-0.0.0-py3.12.egg-info/top_level.txt
/home/kelly/launch_ws/install/launch_tutorial/lib/python3.12/site-packages/launch_tutorial-0.0.0-py3.12.egg-info/SOURCES.txt
/home/kelly/launch_ws/install/launch_tutorial/lib/python3.12/site-packages/launch_tutorial-0.0.0-py3.12.egg-info/PKG-INFO
/home/kelly/launch_ws/install/launch_tutorial/lib/python3.12/site-packages/launch_tutorial-0.0.0-py3.12.egg-info/requires.txt
