[0.042s] DEBUG:colcon:Command line arguments: ['/usr/bin/colcon', 'build']
[0.042s] DEBUG:colcon:Parsed command line arguments: Namespace(log_base=None, log_level=None, verb_name='build', build_base='build', install_base='install', merge_install=False, symlink_install=False, test_result_base=None, continue_on_error=False, executor='parallel', parallel_workers=32, event_handlers=None, ignore_user_meta=False, metas=['./colcon.meta'], base_paths=['.'], packages_ignore=None, packages_ignore_regex=None, paths=None, packages_up_to=None, packages_up_to_regex=None, packages_above=None, packages_above_and_dependencies=None, packages_above_depth=None, packages_select_by_dep=None, packages_skip_by_dep=None, packages_skip_up_to=None, packages_select_build_failed=False, packages_skip_build_finished=False, packages_select_test_failures=False, packages_skip_test_passed=False, packages_select=None, packages_skip=None, packages_select_regex=None, packages_skip_regex=None, packages_start=None, packages_end=None, allow_overriding=[], cmake_args=None, cmake_target=None, cmake_target_skip_unavailable=False, cmake_clean_cache=False, cmake_clean_first=False, cmake_force_configure=False, ament_cmake_args=None, catkin_cmake_args=None, catkin_skip_building_tests=False, mixin_files=None, mixin=None, verb_parser=<colcon_mixin.mixin.mixin_argument.MixinArgumentDecorator object at 0x788e57f905c0>, verb_extension=<colcon_core.verb.build.BuildVerb object at 0x788e57f15970>, main=<bound method BuildVerb.main of <colcon_core.verb.build.BuildVerb object at 0x788e57f15970>>, mixin_verb=('build',))
[0.058s] Level 1:colcon.colcon_core.package_discovery:discover_packages(colcon_meta) check parameters
[0.058s] Level 1:colcon.colcon_core.package_discovery:discover_packages(recursive) check parameters
[0.058s] Level 1:colcon.colcon_core.package_discovery:discover_packages(ignore) check parameters
[0.058s] Level 1:colcon.colcon_core.package_discovery:discover_packages(path) check parameters
[0.058s] Level 1:colcon.colcon_core.package_discovery:discover_packages(colcon_meta) discover
[0.058s] Level 1:colcon.colcon_core.package_discovery:discover_packages(recursive) discover
[0.058s] INFO:colcon.colcon_core.package_discovery:Crawling recursively for packages in '/home/kelly/launch_ws'
[0.058s] Level 1:colcon.colcon_core.package_identification:_identify(.) by extensions ['ignore', 'ignore_ament_install']
[0.058s] Level 1:colcon.colcon_core.package_identification:_identify(.) by extension 'ignore'
[0.058s] Level 1:colcon.colcon_core.package_identification:_identify(.) by extension 'ignore_ament_install'
[0.058s] Level 1:colcon.colcon_core.package_identification:_identify(.) by extensions ['colcon_pkg']
[0.058s] Level 1:colcon.colcon_core.package_identification:_identify(.) by extension 'colcon_pkg'
[0.058s] Level 1:colcon.colcon_core.package_identification:_identify(.) by extensions ['colcon_meta']
[0.058s] Level 1:colcon.colcon_core.package_identification:_identify(.) by extension 'colcon_meta'
[0.058s] Level 1:colcon.colcon_core.package_identification:_identify(.) by extensions ['ros']
[0.058s] Level 1:colcon.colcon_core.package_identification:_identify(.) by extension 'ros'
[0.069s] Level 1:colcon.colcon_core.package_identification:_identify(.) by extensions ['cmake', 'python']
[0.069s] Level 1:colcon.colcon_core.package_identification:_identify(.) by extension 'cmake'
[0.069s] Level 1:colcon.colcon_core.package_identification:_identify(.) by extension 'python'
[0.069s] Level 1:colcon.colcon_core.package_identification:_identify(.) by extensions ['python_setup_py']
[0.069s] Level 1:colcon.colcon_core.package_identification:_identify(.) by extension 'python_setup_py'
[0.069s] Level 1:colcon.colcon_core.package_identification:_identify(build) by extensions ['ignore', 'ignore_ament_install']
[0.069s] Level 1:colcon.colcon_core.package_identification:_identify(build) by extension 'ignore'
[0.069s] Level 1:colcon.colcon_core.package_identification:_identify(build) ignored
[0.069s] Level 1:colcon.colcon_core.package_identification:_identify(install) by extensions ['ignore', 'ignore_ament_install']
[0.069s] Level 1:colcon.colcon_core.package_identification:_identify(install) by extension 'ignore'
[0.070s] Level 1:colcon.colcon_core.package_identification:_identify(install) ignored
[0.070s] Level 1:colcon.colcon_core.package_identification:_identify(log) by extensions ['ignore', 'ignore_ament_install']
[0.070s] Level 1:colcon.colcon_core.package_identification:_identify(log) by extension 'ignore'
[0.070s] Level 1:colcon.colcon_core.package_identification:_identify(log) ignored
[0.070s] Level 1:colcon.colcon_core.package_identification:_identify(src) by extensions ['ignore', 'ignore_ament_install']
[0.070s] Level 1:colcon.colcon_core.package_identification:_identify(src) by extension 'ignore'
[0.070s] Level 1:colcon.colcon_core.package_identification:_identify(src) by extension 'ignore_ament_install'
[0.070s] Level 1:colcon.colcon_core.package_identification:_identify(src) by extensions ['colcon_pkg']
[0.070s] Level 1:colcon.colcon_core.package_identification:_identify(src) by extension 'colcon_pkg'
[0.070s] Level 1:colcon.colcon_core.package_identification:_identify(src) by extensions ['colcon_meta']
[0.070s] Level 1:colcon.colcon_core.package_identification:_identify(src) by extension 'colcon_meta'
[0.070s] Level 1:colcon.colcon_core.package_identification:_identify(src) by extensions ['ros']
[0.070s] Level 1:colcon.colcon_core.package_identification:_identify(src) by extension 'ros'
[0.070s] Level 1:colcon.colcon_core.package_identification:_identify(src) by extensions ['cmake', 'python']
[0.070s] Level 1:colcon.colcon_core.package_identification:_identify(src) by extension 'cmake'
[0.070s] Level 1:colcon.colcon_core.package_identification:_identify(src) by extension 'python'
[0.070s] Level 1:colcon.colcon_core.package_identification:_identify(src) by extensions ['python_setup_py']
[0.070s] Level 1:colcon.colcon_core.package_identification:_identify(src) by extension 'python_setup_py'
[0.070s] Level 1:colcon.colcon_core.package_identification:_identify(src/cpp_launch_example) by extensions ['ignore', 'ignore_ament_install']
[0.070s] Level 1:colcon.colcon_core.package_identification:_identify(src/cpp_launch_example) by extension 'ignore'
[0.070s] Level 1:colcon.colcon_core.package_identification:_identify(src/cpp_launch_example) by extension 'ignore_ament_install'
[0.070s] Level 1:colcon.colcon_core.package_identification:_identify(src/cpp_launch_example) by extensions ['colcon_pkg']
[0.070s] Level 1:colcon.colcon_core.package_identification:_identify(src/cpp_launch_example) by extension 'colcon_pkg'
[0.070s] Level 1:colcon.colcon_core.package_identification:_identify(src/cpp_launch_example) by extensions ['colcon_meta']
[0.070s] Level 1:colcon.colcon_core.package_identification:_identify(src/cpp_launch_example) by extension 'colcon_meta'
[0.070s] Level 1:colcon.colcon_core.package_identification:_identify(src/cpp_launch_example) by extensions ['ros']
[0.070s] Level 1:colcon.colcon_core.package_identification:_identify(src/cpp_launch_example) by extension 'ros'
[0.071s] DEBUG:colcon.colcon_core.package_identification:Package 'src/cpp_launch_example' with type 'ros.ament_cmake' and name 'cpp_launch_example'
[0.071s] Level 1:colcon.colcon_core.package_identification:_identify(src/launch_tutorial) by extensions ['ignore', 'ignore_ament_install']
[0.071s] Level 1:colcon.colcon_core.package_identification:_identify(src/launch_tutorial) by extension 'ignore'
[0.071s] Level 1:colcon.colcon_core.package_identification:_identify(src/launch_tutorial) by extension 'ignore_ament_install'
[0.071s] Level 1:colcon.colcon_core.package_identification:_identify(src/launch_tutorial) by extensions ['colcon_pkg']
[0.071s] Level 1:colcon.colcon_core.package_identification:_identify(src/launch_tutorial) by extension 'colcon_pkg'
[0.071s] Level 1:colcon.colcon_core.package_identification:_identify(src/launch_tutorial) by extensions ['colcon_meta']
[0.071s] Level 1:colcon.colcon_core.package_identification:_identify(src/launch_tutorial) by extension 'colcon_meta'
[0.071s] Level 1:colcon.colcon_core.package_identification:_identify(src/launch_tutorial) by extensions ['ros']
[0.071s] Level 1:colcon.colcon_core.package_identification:_identify(src/launch_tutorial) by extension 'ros'
[0.071s] DEBUG:colcon.colcon_core.package_identification:Package 'src/launch_tutorial' with type 'ros.ament_cmake' and name 'launch_tutorial'
[0.071s] Level 1:colcon.colcon_core.package_discovery:discover_packages(recursive) using defaults
[0.071s] Level 1:colcon.colcon_core.package_discovery:discover_packages(ignore) discover
[0.071s] Level 1:colcon.colcon_core.package_discovery:discover_packages(ignore) using defaults
[0.071s] Level 1:colcon.colcon_core.package_discovery:discover_packages(path) discover
[0.071s] Level 1:colcon.colcon_core.package_discovery:discover_packages(path) using defaults
[0.079s] Level 1:colcon.colcon_core.package_discovery:discover_packages(prefix_path) check parameters
[0.079s] Level 1:colcon.colcon_core.package_discovery:discover_packages(prefix_path) discover
[0.080s] DEBUG:colcon.colcon_installed_package_information.package_discovery:Found 318 installed packages in /opt/ros/jazzy
[0.080s] Level 1:colcon.colcon_core.package_discovery:discover_packages(prefix_path) using defaults
[0.096s] Level 5:colcon.colcon_core.verb:set package 'cpp_launch_example' build argument 'cmake_args' from command line to 'None'
[0.096s] Level 5:colcon.colcon_core.verb:set package 'cpp_launch_example' build argument 'cmake_target' from command line to 'None'
[0.096s] Level 5:colcon.colcon_core.verb:set package 'cpp_launch_example' build argument 'cmake_target_skip_unavailable' from command line to 'False'
[0.096s] Level 5:colcon.colcon_core.verb:set package 'cpp_launch_example' build argument 'cmake_clean_cache' from command line to 'False'
[0.096s] Level 5:colcon.colcon_core.verb:set package 'cpp_launch_example' build argument 'cmake_clean_first' from command line to 'False'
[0.096s] Level 5:colcon.colcon_core.verb:set package 'cpp_launch_example' build argument 'cmake_force_configure' from command line to 'False'
[0.096s] Level 5:colcon.colcon_core.verb:set package 'cpp_launch_example' build argument 'ament_cmake_args' from command line to 'None'
[0.096s] Level 5:colcon.colcon_core.verb:set package 'cpp_launch_example' build argument 'catkin_cmake_args' from command line to 'None'
[0.096s] Level 5:colcon.colcon_core.verb:set package 'cpp_launch_example' build argument 'catkin_skip_building_tests' from command line to 'False'
[0.096s] DEBUG:colcon.colcon_core.verb:Building package 'cpp_launch_example' with the following arguments: {'ament_cmake_args': None, 'build_base': '/home/kelly/launch_ws/build/cpp_launch_example', 'catkin_cmake_args': None, 'catkin_skip_building_tests': False, 'cmake_args': None, 'cmake_clean_cache': False, 'cmake_clean_first': False, 'cmake_force_configure': False, 'cmake_target': None, 'cmake_target_skip_unavailable': False, 'install_base': '/home/kelly/launch_ws/install/cpp_launch_example', 'merge_install': False, 'path': '/home/kelly/launch_ws/src/cpp_launch_example', 'symlink_install': False, 'test_result_base': None}
[0.097s] Level 5:colcon.colcon_core.verb:set package 'launch_tutorial' build argument 'cmake_args' from command line to 'None'
[0.097s] Level 5:colcon.colcon_core.verb:set package 'launch_tutorial' build argument 'cmake_target' from command line to 'None'
[0.097s] Level 5:colcon.colcon_core.verb:set package 'launch_tutorial' build argument 'cmake_target_skip_unavailable' from command line to 'False'
[0.097s] Level 5:colcon.colcon_core.verb:set package 'launch_tutorial' build argument 'cmake_clean_cache' from command line to 'False'
[0.097s] Level 5:colcon.colcon_core.verb:set package 'launch_tutorial' build argument 'cmake_clean_first' from command line to 'False'
[0.097s] Level 5:colcon.colcon_core.verb:set package 'launch_tutorial' build argument 'cmake_force_configure' from command line to 'False'
[0.097s] Level 5:colcon.colcon_core.verb:set package 'launch_tutorial' build argument 'ament_cmake_args' from command line to 'None'
[0.097s] Level 5:colcon.colcon_core.verb:set package 'launch_tutorial' build argument 'catkin_cmake_args' from command line to 'None'
[0.097s] Level 5:colcon.colcon_core.verb:set package 'launch_tutorial' build argument 'catkin_skip_building_tests' from command line to 'False'
[0.097s] DEBUG:colcon.colcon_core.verb:Building package 'launch_tutorial' with the following arguments: {'ament_cmake_args': None, 'build_base': '/home/kelly/launch_ws/build/launch_tutorial', 'catkin_cmake_args': None, 'catkin_skip_building_tests': False, 'cmake_args': None, 'cmake_clean_cache': False, 'cmake_clean_first': False, 'cmake_force_configure': False, 'cmake_target': None, 'cmake_target_skip_unavailable': False, 'install_base': '/home/kelly/launch_ws/install/launch_tutorial', 'merge_install': False, 'path': '/home/kelly/launch_ws/src/launch_tutorial', 'symlink_install': False, 'test_result_base': None}
[0.097s] INFO:colcon.colcon_core.executor:Executing jobs using 'parallel' executor
[0.097s] DEBUG:colcon.colcon_parallel_executor.executor.parallel:run_until_complete
[0.097s] INFO:colcon.colcon_ros.task.ament_cmake.build:Building ROS package in '/home/kelly/launch_ws/src/cpp_launch_example' with build type 'ament_cmake'
[0.097s] INFO:colcon.colcon_cmake.task.cmake.build:Building CMake package in '/home/kelly/launch_ws/src/cpp_launch_example'
[0.098s] INFO:colcon.colcon_core.plugin_system:Skipping extension 'colcon_core.shell.bat': Not used on non-Windows systems
[0.098s] INFO:colcon.colcon_core.shell:Skip shell extension 'powershell' for command environment: Not usable outside of PowerShell
[0.098s] DEBUG:colcon.colcon_core.shell:Skip shell extension 'dsv' for command environment
[0.100s] INFO:colcon.colcon_ros.task.ament_cmake.build:Building ROS package in '/home/kelly/launch_ws/src/launch_tutorial' with build type 'ament_cmake'
[0.100s] INFO:colcon.colcon_cmake.task.cmake.build:Building CMake package in '/home/kelly/launch_ws/src/launch_tutorial'
[0.100s] INFO:colcon.colcon_core.shell:Skip shell extension 'powershell' for command environment: Not usable outside of PowerShell
[0.100s] DEBUG:colcon.colcon_core.shell:Skip shell extension 'dsv' for command environment
[0.103s] DEBUG:colcon.colcon_core.event_handler.log_command:Invoking command in '/home/kelly/launch_ws/build/cpp_launch_example': CMAKE_PREFIX_PATH=${CMAKE_PREFIX_PATH}:/opt/ros/jazzy DEBUGINFOD_URLS=https://debuginfod.ubuntu.com /usr/bin/cmake --build /home/kelly/launch_ws/build/cpp_launch_example -- -j32 -l32
[0.104s] DEBUG:colcon.colcon_core.event_handler.log_command:Invoking command in '/home/kelly/launch_ws/build/launch_tutorial': CMAKE_PREFIX_PATH=${CMAKE_PREFIX_PATH}:/opt/ros/jazzy DEBUGINFOD_URLS=https://debuginfod.ubuntu.com /usr/bin/cmake /home/kelly/launch_ws/src/launch_tutorial -DCMAKE_INSTALL_PREFIX=/home/kelly/launch_ws/install/launch_tutorial
[0.125s] DEBUG:colcon.colcon_core.event_handler.log_command:Invoked command in '/home/kelly/launch_ws/build/cpp_launch_example' returned '0': CMAKE_PREFIX_PATH=${CMAKE_PREFIX_PATH}:/opt/ros/jazzy DEBUGINFOD_URLS=https://debuginfod.ubuntu.com /usr/bin/cmake --build /home/kelly/launch_ws/build/cpp_launch_example -- -j32 -l32
[0.131s] DEBUG:colcon.colcon_core.event_handler.log_command:Invoking command in '/home/kelly/launch_ws/build/cpp_launch_example': CMAKE_PREFIX_PATH=${CMAKE_PREFIX_PATH}:/opt/ros/jazzy DEBUGINFOD_URLS=https://debuginfod.ubuntu.com /usr/bin/cmake --install /home/kelly/launch_ws/build/cpp_launch_example
[0.135s] Level 1:colcon.colcon_core.environment:create_environment_scripts_only(cpp_launch_example)
[0.135s] DEBUG:colcon.colcon_core.event_handler.log_command:Invoked command in '/home/kelly/launch_ws/build/cpp_launch_example' returned '0': CMAKE_PREFIX_PATH=${CMAKE_PREFIX_PATH}:/opt/ros/jazzy DEBUGINFOD_URLS=https://debuginfod.ubuntu.com /usr/bin/cmake --install /home/kelly/launch_ws/build/cpp_launch_example
[0.136s] Level 1:colcon.colcon_core.environment:checking '/home/kelly/launch_ws/install/cpp_launch_example' for CMake module files
[0.136s] Level 1:colcon.colcon_core.environment:checking '/home/kelly/launch_ws/install/cpp_launch_example' for CMake config files
[0.136s] Level 1:colcon.colcon_core.shell:create_environment_hook('cpp_launch_example', 'cmake_prefix_path')
[0.137s] INFO:colcon.colcon_core.shell:Creating environment hook '/home/kelly/launch_ws/install/cpp_launch_example/share/cpp_launch_example/hook/cmake_prefix_path.ps1'
[0.137s] INFO:colcon.colcon_core.shell:Creating environment descriptor '/home/kelly/launch_ws/install/cpp_launch_example/share/cpp_launch_example/hook/cmake_prefix_path.dsv'
[0.137s] INFO:colcon.colcon_core.shell:Creating environment hook '/home/kelly/launch_ws/install/cpp_launch_example/share/cpp_launch_example/hook/cmake_prefix_path.sh'
[0.137s] Level 1:colcon.colcon_core.environment:checking '/home/kelly/launch_ws/install/cpp_launch_example/bin'
[0.137s] Level 1:colcon.colcon_core.environment:checking '/home/kelly/launch_ws/install/cpp_launch_example/lib/pkgconfig/cpp_launch_example.pc'
[0.138s] Level 1:colcon.colcon_core.environment:checking '/home/kelly/launch_ws/install/cpp_launch_example/lib/python3.12/site-packages'
[0.138s] Level 1:colcon.colcon_core.environment:checking '/home/kelly/launch_ws/install/cpp_launch_example/bin'
[0.138s] INFO:colcon.colcon_core.shell:Creating package script '/home/kelly/launch_ws/install/cpp_launch_example/share/cpp_launch_example/package.ps1'
[0.138s] INFO:colcon.colcon_core.shell:Creating package descriptor '/home/kelly/launch_ws/install/cpp_launch_example/share/cpp_launch_example/package.dsv'
[0.138s] INFO:colcon.colcon_core.shell:Creating package script '/home/kelly/launch_ws/install/cpp_launch_example/share/cpp_launch_example/package.sh'
[0.139s] INFO:colcon.colcon_core.shell:Creating package script '/home/kelly/launch_ws/install/cpp_launch_example/share/cpp_launch_example/package.bash'
[0.139s] INFO:colcon.colcon_core.shell:Creating package script '/home/kelly/launch_ws/install/cpp_launch_example/share/cpp_launch_example/package.zsh'
[0.139s] Level 1:colcon.colcon_core.environment:create_file_with_runtime_dependencies(/home/kelly/launch_ws/install/cpp_launch_example/share/colcon-core/packages/cpp_launch_example)
[0.139s] Level 1:colcon.colcon_core.environment:create_environment_scripts_only(cpp_launch_example)
[0.140s] Level 1:colcon.colcon_core.environment:checking '/home/kelly/launch_ws/install/cpp_launch_example' for CMake module files
[0.140s] Level 1:colcon.colcon_core.environment:checking '/home/kelly/launch_ws/install/cpp_launch_example' for CMake config files
[0.140s] Level 1:colcon.colcon_core.shell:create_environment_hook('cpp_launch_example', 'cmake_prefix_path')
[0.140s] INFO:colcon.colcon_core.shell:Creating environment hook '/home/kelly/launch_ws/install/cpp_launch_example/share/cpp_launch_example/hook/cmake_prefix_path.ps1'
[0.140s] INFO:colcon.colcon_core.shell:Creating environment descriptor '/home/kelly/launch_ws/install/cpp_launch_example/share/cpp_launch_example/hook/cmake_prefix_path.dsv'
[0.140s] INFO:colcon.colcon_core.shell:Creating environment hook '/home/kelly/launch_ws/install/cpp_launch_example/share/cpp_launch_example/hook/cmake_prefix_path.sh'
[0.141s] Level 1:colcon.colcon_core.environment:checking '/home/kelly/launch_ws/install/cpp_launch_example/bin'
[0.141s] Level 1:colcon.colcon_core.environment:checking '/home/kelly/launch_ws/install/cpp_launch_example/lib/pkgconfig/cpp_launch_example.pc'
[0.141s] Level 1:colcon.colcon_core.environment:checking '/home/kelly/launch_ws/install/cpp_launch_example/lib/python3.12/site-packages'
[0.141s] Level 1:colcon.colcon_core.environment:checking '/home/kelly/launch_ws/install/cpp_launch_example/bin'
[0.141s] INFO:colcon.colcon_core.shell:Creating package script '/home/kelly/launch_ws/install/cpp_launch_example/share/cpp_launch_example/package.ps1'
[0.141s] INFO:colcon.colcon_core.shell:Creating package descriptor '/home/kelly/launch_ws/install/cpp_launch_example/share/cpp_launch_example/package.dsv'
[0.142s] INFO:colcon.colcon_core.shell:Creating package script '/home/kelly/launch_ws/install/cpp_launch_example/share/cpp_launch_example/package.sh'
[0.142s] INFO:colcon.colcon_core.shell:Creating package script '/home/kelly/launch_ws/install/cpp_launch_example/share/cpp_launch_example/package.bash'
[0.142s] INFO:colcon.colcon_core.shell:Creating package script '/home/kelly/launch_ws/install/cpp_launch_example/share/cpp_launch_example/package.zsh'
[0.142s] Level 1:colcon.colcon_core.environment:create_file_with_runtime_dependencies(/home/kelly/launch_ws/install/cpp_launch_example/share/colcon-core/packages/cpp_launch_example)
[0.689s] DEBUG:colcon.colcon_core.event_handler.log_command:Invoked command in '/home/kelly/launch_ws/build/launch_tutorial' returned '0': CMAKE_PREFIX_PATH=${CMAKE_PREFIX_PATH}:/opt/ros/jazzy DEBUGINFOD_URLS=https://debuginfod.ubuntu.com /usr/bin/cmake /home/kelly/launch_ws/src/launch_tutorial -DCMAKE_INSTALL_PREFIX=/home/kelly/launch_ws/install/launch_tutorial
[0.690s] DEBUG:colcon.colcon_core.event_handler.log_command:Invoking command in '/home/kelly/launch_ws/build/launch_tutorial': CMAKE_PREFIX_PATH=${CMAKE_PREFIX_PATH}:/opt/ros/jazzy DEBUGINFOD_URLS=https://debuginfod.ubuntu.com /usr/bin/cmake --build /home/kelly/launch_ws/build/launch_tutorial -- -j32 -l32
[0.755s] DEBUG:colcon.colcon_core.event_handler.log_command:Invoked command in '/home/kelly/launch_ws/build/launch_tutorial' returned '0': CMAKE_PREFIX_PATH=${CMAKE_PREFIX_PATH}:/opt/ros/jazzy DEBUGINFOD_URLS=https://debuginfod.ubuntu.com /usr/bin/cmake --build /home/kelly/launch_ws/build/launch_tutorial -- -j32 -l32
[0.757s] DEBUG:colcon.colcon_core.event_handler.log_command:Invoking command in '/home/kelly/launch_ws/build/launch_tutorial': CMAKE_PREFIX_PATH=${CMAKE_PREFIX_PATH}:/opt/ros/jazzy DEBUGINFOD_URLS=https://debuginfod.ubuntu.com /usr/bin/cmake --install /home/kelly/launch_ws/build/launch_tutorial
[0.775s] Level 1:colcon.colcon_core.environment:create_environment_scripts_only(launch_tutorial)
[0.775s] DEBUG:colcon.colcon_core.event_handler.log_command:Invoked command in '/home/kelly/launch_ws/build/launch_tutorial' returned '0': CMAKE_PREFIX_PATH=${CMAKE_PREFIX_PATH}:/opt/ros/jazzy DEBUGINFOD_URLS=https://debuginfod.ubuntu.com /usr/bin/cmake --install /home/kelly/launch_ws/build/launch_tutorial
[0.775s] Level 1:colcon.colcon_core.environment:checking '/home/kelly/launch_ws/install/launch_tutorial' for CMake module files
[0.775s] Level 1:colcon.colcon_core.environment:checking '/home/kelly/launch_ws/install/launch_tutorial' for CMake config files
[0.776s] Level 1:colcon.colcon_core.shell:create_environment_hook('launch_tutorial', 'cmake_prefix_path')
[0.776s] INFO:colcon.colcon_core.shell:Creating environment hook '/home/kelly/launch_ws/install/launch_tutorial/share/launch_tutorial/hook/cmake_prefix_path.ps1'
[0.776s] INFO:colcon.colcon_core.shell:Creating environment descriptor '/home/kelly/launch_ws/install/launch_tutorial/share/launch_tutorial/hook/cmake_prefix_path.dsv'
[0.776s] INFO:colcon.colcon_core.shell:Creating environment hook '/home/kelly/launch_ws/install/launch_tutorial/share/launch_tutorial/hook/cmake_prefix_path.sh'
[0.777s] Level 1:colcon.colcon_core.environment:checking '/home/kelly/launch_ws/install/launch_tutorial/bin'
[0.777s] Level 1:colcon.colcon_core.environment:checking '/home/kelly/launch_ws/install/launch_tutorial/lib/pkgconfig/launch_tutorial.pc'
[0.777s] Level 1:colcon.colcon_core.environment:checking '/home/kelly/launch_ws/install/launch_tutorial/lib/python3.12/site-packages'
[0.777s] Level 1:colcon.colcon_core.environment:checking '/home/kelly/launch_ws/install/launch_tutorial/bin'
[0.777s] INFO:colcon.colcon_core.shell:Creating package script '/home/kelly/launch_ws/install/launch_tutorial/share/launch_tutorial/package.ps1'
[0.778s] INFO:colcon.colcon_core.shell:Creating package descriptor '/home/kelly/launch_ws/install/launch_tutorial/share/launch_tutorial/package.dsv'
[0.778s] INFO:colcon.colcon_core.shell:Creating package script '/home/kelly/launch_ws/install/launch_tutorial/share/launch_tutorial/package.sh'
[0.778s] INFO:colcon.colcon_core.shell:Creating package script '/home/kelly/launch_ws/install/launch_tutorial/share/launch_tutorial/package.bash'
[0.778s] INFO:colcon.colcon_core.shell:Creating package script '/home/kelly/launch_ws/install/launch_tutorial/share/launch_tutorial/package.zsh'
[0.778s] Level 1:colcon.colcon_core.environment:create_file_with_runtime_dependencies(/home/kelly/launch_ws/install/launch_tutorial/share/colcon-core/packages/launch_tutorial)
[0.779s] Level 1:colcon.colcon_core.environment:create_environment_scripts_only(launch_tutorial)
[0.779s] Level 1:colcon.colcon_core.environment:checking '/home/kelly/launch_ws/install/launch_tutorial' for CMake module files
[0.779s] Level 1:colcon.colcon_core.environment:checking '/home/kelly/launch_ws/install/launch_tutorial' for CMake config files
[0.779s] Level 1:colcon.colcon_core.shell:create_environment_hook('launch_tutorial', 'cmake_prefix_path')
[0.779s] INFO:colcon.colcon_core.shell:Creating environment hook '/home/kelly/launch_ws/install/launch_tutorial/share/launch_tutorial/hook/cmake_prefix_path.ps1'
[0.779s] INFO:colcon.colcon_core.shell:Creating environment descriptor '/home/kelly/launch_ws/install/launch_tutorial/share/launch_tutorial/hook/cmake_prefix_path.dsv'
[0.780s] INFO:colcon.colcon_core.shell:Creating environment hook '/home/kelly/launch_ws/install/launch_tutorial/share/launch_tutorial/hook/cmake_prefix_path.sh'
[0.780s] Level 1:colcon.colcon_core.environment:checking '/home/kelly/launch_ws/install/launch_tutorial/bin'
[0.780s] Level 1:colcon.colcon_core.environment:checking '/home/kelly/launch_ws/install/launch_tutorial/lib/pkgconfig/launch_tutorial.pc'
[0.780s] Level 1:colcon.colcon_core.environment:checking '/home/kelly/launch_ws/install/launch_tutorial/lib/python3.12/site-packages'
[0.780s] Level 1:colcon.colcon_core.environment:checking '/home/kelly/launch_ws/install/launch_tutorial/bin'
[0.780s] INFO:colcon.colcon_core.shell:Creating package script '/home/kelly/launch_ws/install/launch_tutorial/share/launch_tutorial/package.ps1'
[0.780s] INFO:colcon.colcon_core.shell:Creating package descriptor '/home/kelly/launch_ws/install/launch_tutorial/share/launch_tutorial/package.dsv'
[0.788s] INFO:colcon.colcon_core.shell:Creating package script '/home/kelly/launch_ws/install/launch_tutorial/share/launch_tutorial/package.sh'
[0.789s] INFO:colcon.colcon_core.shell:Creating package script '/home/kelly/launch_ws/install/launch_tutorial/share/launch_tutorial/package.bash'
[0.789s] INFO:colcon.colcon_core.shell:Creating package script '/home/kelly/launch_ws/install/launch_tutorial/share/launch_tutorial/package.zsh'
[0.789s] Level 1:colcon.colcon_core.environment:create_file_with_runtime_dependencies(/home/kelly/launch_ws/install/launch_tutorial/share/colcon-core/packages/launch_tutorial)
[0.789s] DEBUG:colcon.colcon_parallel_executor.executor.parallel:closing loop
[0.790s] DEBUG:colcon.colcon_parallel_executor.executor.parallel:loop closed
[0.790s] DEBUG:colcon.colcon_parallel_executor.executor.parallel:run_until_complete finished with '0'
[0.790s] DEBUG:colcon.colcon_core.event_reactor:joining thread
[0.794s] INFO:colcon.colcon_core.plugin_system:Skipping extension 'colcon_notification.desktop_notification.terminal_notifier': Not used on non-Darwin systems
[0.794s] INFO:colcon.colcon_core.plugin_system:Skipping extension 'colcon_notification.desktop_notification.win32': Not used on non-Windows systems
[0.794s] INFO:colcon.colcon_notification.desktop_notification:Sending desktop notification using 'notify2'
[0.808s] DEBUG:colcon.colcon_core.event_reactor:joined thread
[0.808s] INFO:colcon.colcon_core.shell:Creating prefix script '/home/kelly/launch_ws/install/local_setup.ps1'
[0.808s] INFO:colcon.colcon_core.shell:Creating prefix util module '/home/kelly/launch_ws/install/_local_setup_util_ps1.py'
[0.809s] INFO:colcon.colcon_core.shell:Creating prefix chain script '/home/kelly/launch_ws/install/setup.ps1'
[0.809s] INFO:colcon.colcon_core.shell:Creating prefix script '/home/kelly/launch_ws/install/local_setup.sh'
[0.810s] INFO:colcon.colcon_core.shell:Creating prefix util module '/home/kelly/launch_ws/install/_local_setup_util_sh.py'
[0.810s] INFO:colcon.colcon_core.shell:Creating prefix chain script '/home/kelly/launch_ws/install/setup.sh'
[0.811s] INFO:colcon.colcon_core.shell:Creating prefix script '/home/kelly/launch_ws/install/local_setup.bash'
[0.811s] INFO:colcon.colcon_core.shell:Creating prefix chain script '/home/kelly/launch_ws/install/setup.bash'
[0.812s] INFO:colcon.colcon_core.shell:Creating prefix script '/home/kelly/launch_ws/install/local_setup.zsh'
[0.812s] INFO:colcon.colcon_core.shell:Creating prefix chain script '/home/kelly/launch_ws/install/setup.zsh'
