[0.438s] Invoking command in '/home/kelly/ros2_ws/src/py_pubsub': DEBUGINFOD_URLS=https://debuginfod.ubuntu.com PYTHONPATH=/home/kelly/ros2_ws/build/py_pubsub/prefix_override:/usr/lib/python3/dist-packages/colcon_core/task/python/colcon_distutils_commands:/home/kelly/ros2_ws/install/py_pubsub/lib/python3.12/site-packages:${PYTHONPATH} /usr/bin/python3 -W ignore:setup.py install is deprecated -W ignore:easy_install command is deprecated setup.py egg_info --egg-base ../../build/py_pubsub build --build-base /home/kelly/ros2_ws/build/py_pubsub/build install --record /home/kelly/ros2_ws/build/py_pubsub/install.log --single-version-externally-managed install_data
[0.573s] running egg_info
[0.573s] creating ../../build/py_pubsub/py_pubsub.egg-info
[0.584s] writing ../../build/py_pubsub/py_pubsub.egg-info/PKG-INFO
[0.584s] writing dependency_links to ../../build/py_pubsub/py_pubsub.egg-info/dependency_links.txt
[0.584s] writing entry points to ../../build/py_pubsub/py_pubsub.egg-info/entry_points.txt
[0.584s] writing requirements to ../../build/py_pubsub/py_pubsub.egg-info/requires.txt
[0.584s] writing top-level names to ../../build/py_pubsub/py_pubsub.egg-info/top_level.txt
[0.584s] writing manifest file '../../build/py_pubsub/py_pubsub.egg-info/SOURCES.txt'
[0.600s] reading manifest file '../../build/py_pubsub/py_pubsub.egg-info/SOURCES.txt'
[0.600s] adding license file 'LICENSE'
[0.600s] writing manifest file '../../build/py_pubsub/py_pubsub.egg-info/SOURCES.txt'
[0.600s] running build
[0.600s] running build_py
[0.600s] creating /home/kelly/ros2_ws/build/py_pubsub/build
[0.601s] creating /home/kelly/ros2_ws/build/py_pubsub/build/lib
[0.601s] creating /home/kelly/ros2_ws/build/py_pubsub/build/lib/py_pubsub
[0.601s] copying py_pubsub/subscriber_member_function.py -> /home/kelly/ros2_ws/build/py_pubsub/build/lib/py_pubsub
[0.601s] copying py_pubsub/__init__.py -> /home/kelly/ros2_ws/build/py_pubsub/build/lib/py_pubsub
[0.601s] copying py_pubsub/publisher_member_function.py -> /home/kelly/ros2_ws/build/py_pubsub/build/lib/py_pubsub
[0.601s] running install
[0.604s] running install_lib
[0.612s] creating /home/kelly/ros2_ws/install/py_pubsub/lib/python3.12/site-packages/py_pubsub
[0.612s] copying /home/kelly/ros2_ws/build/py_pubsub/build/lib/py_pubsub/subscriber_member_function.py -> /home/kelly/ros2_ws/install/py_pubsub/lib/python3.12/site-packages/py_pubsub
[0.612s] copying /home/kelly/ros2_ws/build/py_pubsub/build/lib/py_pubsub/__init__.py -> /home/kelly/ros2_ws/install/py_pubsub/lib/python3.12/site-packages/py_pubsub
[0.612s] copying /home/kelly/ros2_ws/build/py_pubsub/build/lib/py_pubsub/publisher_member_function.py -> /home/kelly/ros2_ws/install/py_pubsub/lib/python3.12/site-packages/py_pubsub
[0.612s] byte-compiling /home/kelly/ros2_ws/install/py_pubsub/lib/python3.12/site-packages/py_pubsub/subscriber_member_function.py to subscriber_member_function.cpython-312.pyc
[0.613s] byte-compiling /home/kelly/ros2_ws/install/py_pubsub/lib/python3.12/site-packages/py_pubsub/__init__.py to __init__.cpython-312.pyc
[0.613s] byte-compiling /home/kelly/ros2_ws/install/py_pubsub/lib/python3.12/site-packages/py_pubsub/publisher_member_function.py to publisher_member_function.cpython-312.pyc
[0.613s] running install_data
[0.613s] creating /home/kelly/ros2_ws/install/py_pubsub/share/ament_index
[0.613s] creating /home/kelly/ros2_ws/install/py_pubsub/share/ament_index/resource_index
[0.613s] creating /home/kelly/ros2_ws/install/py_pubsub/share/ament_index/resource_index/packages
[0.613s] copying resource/py_pubsub -> /home/kelly/ros2_ws/install/py_pubsub/share/ament_index/resource_index/packages
[0.613s] copying package.xml -> /home/kelly/ros2_ws/install/py_pubsub/share/py_pubsub
[0.613s] running install_egg_info
[0.622s] Copying ../../build/py_pubsub/py_pubsub.egg-info to /home/kelly/ros2_ws/install/py_pubsub/lib/python3.12/site-packages/py_pubsub-0.0.0-py3.12.egg-info
[0.622s] running install_scripts
[0.694s] Installing listener script to /home/kelly/ros2_ws/install/py_pubsub/lib/py_pubsub
[0.694s] Installing talker script to /home/kelly/ros2_ws/install/py_pubsub/lib/py_pubsub
[0.694s] writing list of installed files to '/home/kelly/ros2_ws/build/py_pubsub/install.log'
[0.711s] Invoked command in '/home/kelly/ros2_ws/src/py_pubsub' returned '0': DEBUGINFOD_URLS=https://debuginfod.ubuntu.com PYTHONPATH=/home/kelly/ros2_ws/build/py_pubsub/prefix_override:/usr/lib/python3/dist-packages/colcon_core/task/python/colcon_distutils_commands:/home/kelly/ros2_ws/install/py_pubsub/lib/python3.12/site-packages:${PYTHONPATH} /usr/bin/python3 -W ignore:setup.py install is deprecated -W ignore:easy_install command is deprecated setup.py egg_info --egg-base ../../build/py_pubsub build --build-base /home/kelly/ros2_ws/build/py_pubsub/build install --record /home/kelly/ros2_ws/build/py_pubsub/install.log --single-version-externally-managed install_data
