[0.014s] Invoking command in '/home/kelly/ros2_ws/build/polygon_base': CMAKE_PREFIX_PATH=${CMAKE_PREFIX_PATH}:/home/kelly/ros2_ws/install/py_pubsub:/opt/ros/jazzy DEBUGINFOD_URLS=https://debuginfod.ubuntu.com /usr/bin/cmake --build /home/kelly/ros2_ws/build/polygon_base -- -j32 -l32
[0.155s] [100%] Built target area_node
[0.157s] Invoked command in '/home/kelly/ros2_ws/build/polygon_base' returned '0': CMAKE_PREFIX_PATH=${CMAKE_PREFIX_PATH}:/home/kelly/ros2_ws/install/py_pubsub:/opt/ros/jazzy DEBUGINFOD_URLS=https://debuginfod.ubuntu.com /usr/bin/cmake --build /home/kelly/ros2_ws/build/polygon_base -- -j32 -l32
[0.165s] Invoking command in '/home/kelly/ros2_ws/build/polygon_base': CMAKE_PREFIX_PATH=${CMAKE_PREFIX_PATH}:/home/kelly/ros2_ws/install/py_pubsub:/opt/ros/jazzy DEBUGINFOD_URLS=https://debuginfod.ubuntu.com /usr/bin/cmake --install /home/kelly/ros2_ws/build/polygon_base
[0.171s] -- Install configuration: ""
[0.171s] -- Up-to-date: /home/kelly/ros2_ws/install/polygon_base/lib/polygon_base/area_node
[0.171s] -- Up-to-date: /home/kelly/ros2_ws/install/polygon_base/include
[0.171s] -- Up-to-date: /home/kelly/ros2_ws/install/polygon_base/include/polygon_base
[0.171s] -- Up-to-date: /home/kelly/ros2_ws/install/polygon_base/include/polygon_base/regular_polygon.hpp
[0.171s] -- Up-to-date: /home/kelly/ros2_ws/install/polygon_base/share/ament_index/resource_index/package_run_dependencies/polygon_base
[0.172s] -- Up-to-date: /home/kelly/ros2_ws/install/polygon_base/share/ament_index/resource_index/parent_prefix_path/polygon_base
[0.172s] -- Up-to-date: /home/kelly/ros2_ws/install/polygon_base/share/polygon_base/environment/ament_prefix_path.sh
[0.172s] -- Up-to-date: /home/kelly/ros2_ws/install/polygon_base/share/polygon_base/environment/ament_prefix_path.dsv
[0.172s] -- Up-to-date: /home/kelly/ros2_ws/install/polygon_base/share/polygon_base/environment/path.sh
[0.173s] -- Up-to-date: /home/kelly/ros2_ws/install/polygon_base/share/polygon_base/environment/path.dsv
[0.173s] -- Up-to-date: /home/kelly/ros2_ws/install/polygon_base/share/polygon_base/local_setup.bash
[0.173s] -- Up-to-date: /home/kelly/ros2_ws/install/polygon_base/share/polygon_base/local_setup.sh
[0.173s] -- Up-to-date: /home/kelly/ros2_ws/install/polygon_base/share/polygon_base/local_setup.zsh
[0.173s] -- Up-to-date: /home/kelly/ros2_ws/install/polygon_base/share/polygon_base/local_setup.dsv
[0.173s] -- Installing: /home/kelly/ros2_ws/install/polygon_base/share/polygon_base/package.dsv
[0.173s] -- Up-to-date: /home/kelly/ros2_ws/install/polygon_base/share/ament_index/resource_index/packages/polygon_base
[0.173s] -- Up-to-date: /home/kelly/ros2_ws/install/polygon_base/share/polygon_base/cmake/ament_cmake_export_include_directories-extras.cmake
[0.173s] -- Up-to-date: /home/kelly/ros2_ws/install/polygon_base/share/polygon_base/cmake/polygon_baseConfig.cmake
[0.173s] -- Up-to-date: /home/kelly/ros2_ws/install/polygon_base/share/polygon_base/cmake/polygon_baseConfig-version.cmake
[0.174s] -- Up-to-date: /home/kelly/ros2_ws/install/polygon_base/share/polygon_base/package.xml
[0.175s] Invoked command in '/home/kelly/ros2_ws/build/polygon_base' returned '0': CMAKE_PREFIX_PATH=${CMAKE_PREFIX_PATH}:/home/kelly/ros2_ws/install/py_pubsub:/opt/ros/jazzy DEBUGINFOD_URLS=https://debuginfod.ubuntu.com /usr/bin/cmake --install /home/kelly/ros2_ws/build/polygon_base
