[0.004s] Invoking command in '/home/kelly/launch_ws/build/launch_tutorial': CMAKE_PREFIX_PATH=${CMAKE_PREFIX_PATH}:/opt/ros/jazzy DEBUGINFOD_URLS=https://debuginfod.ubuntu.com /usr/bin/cmake /home/kelly/launch_ws/src/launch_tutorial -DCMAKE_INSTALL_PREFIX=/home/kelly/launch_ws/install/launch_tutorial
[0.035s] -- The C compiler identification is GNU 13.3.0
[0.074s] -- The CXX compiler identification is GNU 13.3.0
[0.105s] -- Detecting C compiler ABI info
[0.223s] -- Detecting C compiler ABI info - done
[0.230s] -- Check for working C compiler: /usr/bin/cc - skipped
[0.230s] -- Detecting C compile features
[0.230s] -- Detecting C compile features - done
[0.247s] -- Detecting CXX compiler ABI info
[0.363s] -- Detecting CXX compiler ABI info - done
[0.371s] -- Check for working CXX compiler: /usr/bin/c++ - skipped
[0.371s] -- Detecting CXX compile features
[0.371s] -- Detecting CXX compile features - done
[0.372s] -- Found ament_cmake: 2.5.4 (/opt/ros/jazzy/share/ament_cmake/cmake)
[0.473s] -- Found Python3: /usr/bin/python3 (found version "3.12.3") found components: Interpreter 
[0.531s] -- Found ament_lint_auto: 0.17.3 (/opt/ros/jazzy/share/ament_lint_auto/cmake)
[0.584s] -- Added test 'lint_cmake' to check CMake code style
[0.585s] -- Added test 'xmllint' to check XML markup files
[0.585s] -- Configuring done (0.6s)
[0.586s] -- Generating done (0.0s)
[0.587s] -- Build files have been written to: /home/kelly/launch_ws/build/launch_tutorial
[0.590s] Invoked command in '/home/kelly/launch_ws/build/launch_tutorial' returned '0': CMAKE_PREFIX_PATH=${CMAKE_PREFIX_PATH}:/opt/ros/jazzy DEBUGINFOD_URLS=https://debuginfod.ubuntu.com /usr/bin/cmake /home/kelly/launch_ws/src/launch_tutorial -DCMAKE_INSTALL_PREFIX=/home/kelly/launch_ws/install/launch_tutorial
[0.590s] Invoking command in '/home/kelly/launch_ws/build/launch_tutorial': CMAKE_PREFIX_PATH=${CMAKE_PREFIX_PATH}:/opt/ros/jazzy DEBUGINFOD_URLS=https://debuginfod.ubuntu.com /usr/bin/cmake --build /home/kelly/launch_ws/build/launch_tutorial -- -j32 -l32
[0.655s] Invoked command in '/home/kelly/launch_ws/build/launch_tutorial' returned '0': CMAKE_PREFIX_PATH=${CMAKE_PREFIX_PATH}:/opt/ros/jazzy DEBUGINFOD_URLS=https://debuginfod.ubuntu.com /usr/bin/cmake --build /home/kelly/launch_ws/build/launch_tutorial -- -j32 -l32
[0.657s] Invoking command in '/home/kelly/launch_ws/build/launch_tutorial': CMAKE_PREFIX_PATH=${CMAKE_PREFIX_PATH}:/opt/ros/jazzy DEBUGINFOD_URLS=https://debuginfod.ubuntu.com /usr/bin/cmake --install /home/kelly/launch_ws/build/launch_tutorial
[0.671s] -- Install configuration: ""
[0.672s] -- Installing: /home/kelly/launch_ws/install/launch_tutorial/share/launch_tutorial//launch
[0.672s] -- Installing: /home/kelly/launch_ws/install/launch_tutorial/share/launch_tutorial//launch/example_main_launch.yaml
[0.672s] -- Installing: /home/kelly/launch_ws/install/launch_tutorial/share/launch_tutorial//launch/example_substituitions_launch.yaml
[0.672s] -- Installing: /home/kelly/launch_ws/install/launch_tutorial/share/ament_index/resource_index/package_run_dependencies/launch_tutorial
[0.672s] -- Installing: /home/kelly/launch_ws/install/launch_tutorial/share/ament_index/resource_index/parent_prefix_path/launch_tutorial
[0.672s] -- Installing: /home/kelly/launch_ws/install/launch_tutorial/share/launch_tutorial/environment/ament_prefix_path.sh
[0.672s] -- Installing: /home/kelly/launch_ws/install/launch_tutorial/share/launch_tutorial/environment/ament_prefix_path.dsv
[0.672s] -- Installing: /home/kelly/launch_ws/install/launch_tutorial/share/launch_tutorial/environment/path.sh
[0.673s] -- Installing: /home/kelly/launch_ws/install/launch_tutorial/share/launch_tutorial/environment/path.dsv
[0.673s] -- Installing: /home/kelly/launch_ws/install/launch_tutorial/share/launch_tutorial/local_setup.bash
[0.673s] -- Installing: /home/kelly/launch_ws/install/launch_tutorial/share/launch_tutorial/local_setup.sh
[0.673s] -- Installing: /home/kelly/launch_ws/install/launch_tutorial/share/launch_tutorial/local_setup.zsh
[0.673s] -- Installing: /home/kelly/launch_ws/install/launch_tutorial/share/launch_tutorial/local_setup.dsv
[0.673s] -- Installing: /home/kelly/launch_ws/install/launch_tutorial/share/launch_tutorial/package.dsv
[0.673s] -- Installing: /home/kelly/launch_ws/install/launch_tutorial/share/ament_index/resource_index/packages/launch_tutorial
[0.673s] -- Installing: /home/kelly/launch_ws/install/launch_tutorial/share/launch_tutorial/cmake/launch_tutorialConfig.cmake
[0.673s] -- Installing: /home/kelly/launch_ws/install/launch_tutorial/share/launch_tutorial/cmake/launch_tutorialConfig-version.cmake
[0.674s] -- Installing: /home/kelly/launch_ws/install/launch_tutorial/share/launch_tutorial/package.xml
[0.675s] Invoked command in '/home/kelly/launch_ws/build/launch_tutorial' returned '0': CMAKE_PREFIX_PATH=${CMAKE_PREFIX_PATH}:/opt/ros/jazzy DEBUGINFOD_URLS=https://debuginfod.ubuntu.com /usr/bin/cmake --install /home/kelly/launch_ws/build/launch_tutorial
