[0.017s] Invoking command in '/home/kelly/ros2_ws/build/custom_action_cpp': CMAKE_PREFIX_PATH=/home/kelly/ros2_ws/install/custom_action_interfaces:/home/kelly/ros2_ws/install/polygon_plugins:/home/kelly/ros2_ws/install/polygon_base:/home/kelly/ros2_ws/install/cpp_parameters:/home/kelly/ros2_ws/install/more_interfaces:/home/kelly/ros2_ws/install/tutorial_interfaces:/home/kelly/ros2_ws/install/cpp_srvcli:/home/kelly/ros2_ws/install/turtlesim:/home/kelly/ros2_ws/install/my_package:/home/kelly/ros2_ws/install/cpp_pubsub:/opt/ros/jazzy/opt/sdformat_vendor:/opt/ros/jazzy/opt/gz_math_vendor:/opt/ros/jazzy/opt/gz_utils_vendor:/opt/ros/jazzy/opt/gz_tools_vendor:/opt/ros/jazzy/opt/gz_cmake_vendor:/home/kelly/ros2_ws/install/py_pubsub:/opt/ros/jazzy DEBUGINFOD_URLS=https://debuginfod.ubuntu.com LD_LIBRARY_PATH=/home/kelly/ros2_ws/install/custom_action_interfaces/lib:/home/kelly/ros2_ws/install/polygon_plugins/lib:/home/kelly/ros2_ws/install/more_interfaces/lib:/home/kelly/ros2_ws/install/tutorial_interfaces/lib:/home/kelly/ros2_ws/install/turtlesim/lib:/opt/ros/jazzy/opt/sdformat_vendor/lib:/opt/ros/jazzy/opt/rviz_ogre_vendor/lib:/opt/ros/jazzy/lib/x86_64-linux-gnu:/opt/ros/jazzy/opt/gz_math_vendor/lib:/opt/ros/jazzy/opt/gz_utils_vendor/lib:/opt/ros/jazzy/opt/gz_tools_vendor/lib:/opt/ros/jazzy/opt/gz_cmake_vendor/lib:/opt/ros/jazzy/lib /usr/bin/cmake --build /home/kelly/ros2_ws/build/custom_action_cpp -- -j32 -l32
[0.036s] -- Found ament_cmake: 2.5.4 (/opt/ros/jazzy/share/ament_cmake/cmake)
[0.169s] -- Found custom_action_interfaces: 0.0.0 (/home/kelly/ros2_ws/install/custom_action_interfaces/share/custom_action_interfaces/cmake)
[0.182s] -- Found rosidl_generator_c: 4.6.6 (/opt/ros/jazzy/share/rosidl_generator_c/cmake)
[0.189s] -- Found rosidl_generator_cpp: 4.6.6 (/opt/ros/jazzy/share/rosidl_generator_cpp/cmake)
[0.195s] -- Using all available rosidl_typesupport_c: rosidl_typesupport_fastrtps_c;rosidl_typesupport_introspection_c
[0.201s] -- Using all available rosidl_typesupport_cpp: rosidl_typesupport_fastrtps_cpp;rosidl_typesupport_introspection_cpp
[0.243s] -- Found rclcpp: 28.1.11 (/opt/ros/jazzy/share/rclcpp/cmake)
[0.260s] -- Found rmw_implementation_cmake: 7.3.2 (/opt/ros/jazzy/share/rmw_implementation_cmake/cmake)
[0.261s] -- Found rmw_fastrtps_cpp: 8.4.3 (/opt/ros/jazzy/share/rmw_fastrtps_cpp/cmake)
[0.304s] -- Using RMW implementation 'rmw_fastrtps_cpp' as default
[0.336s] -- Found rclcpp_action: 28.1.11 (/opt/ros/jazzy/share/rclcpp_action/cmake)
[0.340s] -- Found rclcpp_components: 28.1.11 (/opt/ros/jazzy/share/rclcpp_components/cmake)
[0.356s] -- Found ament_lint_auto: 0.17.3 (/opt/ros/jazzy/share/ament_lint_auto/cmake)
[0.406s] -- Added test 'cppcheck' to perform static code analysis on C / C++ code
[0.406s] -- Configured cppcheck include dirs: $<BUILD_INTERFACE:/home/kelly/ros2_ws/src/custom_action_cpp/include>
[0.406s] -- Configured cppcheck exclude dirs and/or files: 
[0.406s] -- Added test 'lint_cmake' to check CMake code style
[0.407s] -- Added test 'uncrustify' to check C / C++ code style
[0.407s] -- Configured uncrustify additional arguments: 
[0.407s] -- Added test 'xmllint' to check XML markup files
[0.407s] -- Configuring done (0.4s)
[0.417s] -- Generating done (0.0s)
[0.421s] -- Build files have been written to: /home/kelly/ros2_ws/build/custom_action_cpp
[0.446s] [ 25%] [32mBuilding CXX object CMakeFiles/fibonacci_action_client.dir/rclcpp_components/node_main_fibonacci_action_client.cpp.o[0m
[0.446s] [ 25%] [32mBuilding CXX object CMakeFiles/action_client.dir/src/fibonacci_action_client.cpp.o[0m
[0.447s] [ 50%] Built target action_server
[0.449s] [ 75%] Built target fibonacci_action_server
[1.865s] [ 87%] [32m[1mLinking CXX executable fibonacci_action_client[0m
[1.927s] [ 87%] Built target fibonacci_action_client
[2.465s] [100%] [32m[1mLinking CXX shared library libaction_client.so[0m
[2.550s] [100%] Built target action_client
[2.558s] Invoked command in '/home/kelly/ros2_ws/build/custom_action_cpp' returned '0': CMAKE_PREFIX_PATH=/home/kelly/ros2_ws/install/custom_action_interfaces:/home/kelly/ros2_ws/install/polygon_plugins:/home/kelly/ros2_ws/install/polygon_base:/home/kelly/ros2_ws/install/cpp_parameters:/home/kelly/ros2_ws/install/more_interfaces:/home/kelly/ros2_ws/install/tutorial_interfaces:/home/kelly/ros2_ws/install/cpp_srvcli:/home/kelly/ros2_ws/install/turtlesim:/home/kelly/ros2_ws/install/my_package:/home/kelly/ros2_ws/install/cpp_pubsub:/opt/ros/jazzy/opt/sdformat_vendor:/opt/ros/jazzy/opt/gz_math_vendor:/opt/ros/jazzy/opt/gz_utils_vendor:/opt/ros/jazzy/opt/gz_tools_vendor:/opt/ros/jazzy/opt/gz_cmake_vendor:/home/kelly/ros2_ws/install/py_pubsub:/opt/ros/jazzy DEBUGINFOD_URLS=https://debuginfod.ubuntu.com LD_LIBRARY_PATH=/home/kelly/ros2_ws/install/custom_action_interfaces/lib:/home/kelly/ros2_ws/install/polygon_plugins/lib:/home/kelly/ros2_ws/install/more_interfaces/lib:/home/kelly/ros2_ws/install/tutorial_interfaces/lib:/home/kelly/ros2_ws/install/turtlesim/lib:/opt/ros/jazzy/opt/sdformat_vendor/lib:/opt/ros/jazzy/opt/rviz_ogre_vendor/lib:/opt/ros/jazzy/lib/x86_64-linux-gnu:/opt/ros/jazzy/opt/gz_math_vendor/lib:/opt/ros/jazzy/opt/gz_utils_vendor/lib:/opt/ros/jazzy/opt/gz_tools_vendor/lib:/opt/ros/jazzy/opt/gz_cmake_vendor/lib:/opt/ros/jazzy/lib /usr/bin/cmake --build /home/kelly/ros2_ws/build/custom_action_cpp -- -j32 -l32
[2.559s] Invoking command in '/home/kelly/ros2_ws/build/custom_action_cpp': CMAKE_PREFIX_PATH=/home/kelly/ros2_ws/install/custom_action_interfaces:/home/kelly/ros2_ws/install/polygon_plugins:/home/kelly/ros2_ws/install/polygon_base:/home/kelly/ros2_ws/install/cpp_parameters:/home/kelly/ros2_ws/install/more_interfaces:/home/kelly/ros2_ws/install/tutorial_interfaces:/home/kelly/ros2_ws/install/cpp_srvcli:/home/kelly/ros2_ws/install/turtlesim:/home/kelly/ros2_ws/install/my_package:/home/kelly/ros2_ws/install/cpp_pubsub:/opt/ros/jazzy/opt/sdformat_vendor:/opt/ros/jazzy/opt/gz_math_vendor:/opt/ros/jazzy/opt/gz_utils_vendor:/opt/ros/jazzy/opt/gz_tools_vendor:/opt/ros/jazzy/opt/gz_cmake_vendor:/home/kelly/ros2_ws/install/py_pubsub:/opt/ros/jazzy DEBUGINFOD_URLS=https://debuginfod.ubuntu.com LD_LIBRARY_PATH=/home/kelly/ros2_ws/install/custom_action_interfaces/lib:/home/kelly/ros2_ws/install/polygon_plugins/lib:/home/kelly/ros2_ws/install/more_interfaces/lib:/home/kelly/ros2_ws/install/tutorial_interfaces/lib:/home/kelly/ros2_ws/install/turtlesim/lib:/opt/ros/jazzy/opt/sdformat_vendor/lib:/opt/ros/jazzy/opt/rviz_ogre_vendor/lib:/opt/ros/jazzy/lib/x86_64-linux-gnu:/opt/ros/jazzy/opt/gz_math_vendor/lib:/opt/ros/jazzy/opt/gz_utils_vendor/lib:/opt/ros/jazzy/opt/gz_tools_vendor/lib:/opt/ros/jazzy/opt/gz_cmake_vendor/lib:/opt/ros/jazzy/lib /usr/bin/cmake --install /home/kelly/ros2_ws/build/custom_action_cpp
[2.564s] -- Install configuration: ""
[2.564s] -- Up-to-date: /home/kelly/ros2_ws/install/custom_action_cpp/lib/custom_action_cpp/fibonacci_action_server
[2.564s] -- Up-to-date: /home/kelly/ros2_ws/install/custom_action_cpp/lib/libaction_server.so
[2.564s] -- Installing: /home/kelly/ros2_ws/install/custom_action_cpp/lib/custom_action_cpp/fibonacci_action_client
[2.564s] -- Set non-toolchain portion of runtime path of "/home/kelly/ros2_ws/install/custom_action_cpp/lib/custom_action_cpp/fibonacci_action_client" to ""
[2.564s] -- Installing: /home/kelly/ros2_ws/install/custom_action_cpp/lib/libaction_client.so
[2.565s] -- Set non-toolchain portion of runtime path of "/home/kelly/ros2_ws/install/custom_action_cpp/lib/libaction_client.so" to ""
[2.565s] -- Up-to-date: /home/kelly/ros2_ws/install/custom_action_cpp/share/ament_index/resource_index/package_run_dependencies/custom_action_cpp
[2.565s] -- Up-to-date: /home/kelly/ros2_ws/install/custom_action_cpp/share/ament_index/resource_index/parent_prefix_path/custom_action_cpp
[2.565s] -- Up-to-date: /home/kelly/ros2_ws/install/custom_action_cpp/share/custom_action_cpp/environment/ament_prefix_path.sh
[2.565s] -- Up-to-date: /home/kelly/ros2_ws/install/custom_action_cpp/share/custom_action_cpp/environment/ament_prefix_path.dsv
[2.565s] -- Up-to-date: /home/kelly/ros2_ws/install/custom_action_cpp/share/custom_action_cpp/environment/path.sh
[2.565s] -- Up-to-date: /home/kelly/ros2_ws/install/custom_action_cpp/share/custom_action_cpp/environment/path.dsv
[2.565s] -- Up-to-date: /home/kelly/ros2_ws/install/custom_action_cpp/share/custom_action_cpp/local_setup.bash
[2.565s] -- Up-to-date: /home/kelly/ros2_ws/install/custom_action_cpp/share/custom_action_cpp/local_setup.sh
[2.565s] -- Up-to-date: /home/kelly/ros2_ws/install/custom_action_cpp/share/custom_action_cpp/local_setup.zsh
[2.565s] -- Up-to-date: /home/kelly/ros2_ws/install/custom_action_cpp/share/custom_action_cpp/local_setup.dsv
[2.565s] -- Installing: /home/kelly/ros2_ws/install/custom_action_cpp/share/custom_action_cpp/package.dsv
[2.565s] -- Up-to-date: /home/kelly/ros2_ws/install/custom_action_cpp/share/ament_index/resource_index/packages/custom_action_cpp
[2.565s] -- Installing: /home/kelly/ros2_ws/install/custom_action_cpp/share/ament_index/resource_index/rclcpp_components/custom_action_cpp
[2.566s] -- Up-to-date: /home/kelly/ros2_ws/install/custom_action_cpp/share/custom_action_cpp/cmake/custom_action_cppConfig.cmake
[2.566s] -- Up-to-date: /home/kelly/ros2_ws/install/custom_action_cpp/share/custom_action_cpp/cmake/custom_action_cppConfig-version.cmake
[2.566s] -- Up-to-date: /home/kelly/ros2_ws/install/custom_action_cpp/share/custom_action_cpp/package.xml
[2.566s] Invoked command in '/home/kelly/ros2_ws/build/custom_action_cpp' returned '0': CMAKE_PREFIX_PATH=/home/kelly/ros2_ws/install/custom_action_interfaces:/home/kelly/ros2_ws/install/polygon_plugins:/home/kelly/ros2_ws/install/polygon_base:/home/kelly/ros2_ws/install/cpp_parameters:/home/kelly/ros2_ws/install/more_interfaces:/home/kelly/ros2_ws/install/tutorial_interfaces:/home/kelly/ros2_ws/install/cpp_srvcli:/home/kelly/ros2_ws/install/turtlesim:/home/kelly/ros2_ws/install/my_package:/home/kelly/ros2_ws/install/cpp_pubsub:/opt/ros/jazzy/opt/sdformat_vendor:/opt/ros/jazzy/opt/gz_math_vendor:/opt/ros/jazzy/opt/gz_utils_vendor:/opt/ros/jazzy/opt/gz_tools_vendor:/opt/ros/jazzy/opt/gz_cmake_vendor:/home/kelly/ros2_ws/install/py_pubsub:/opt/ros/jazzy DEBUGINFOD_URLS=https://debuginfod.ubuntu.com LD_LIBRARY_PATH=/home/kelly/ros2_ws/install/custom_action_interfaces/lib:/home/kelly/ros2_ws/install/polygon_plugins/lib:/home/kelly/ros2_ws/install/more_interfaces/lib:/home/kelly/ros2_ws/install/tutorial_interfaces/lib:/home/kelly/ros2_ws/install/turtlesim/lib:/opt/ros/jazzy/opt/sdformat_vendor/lib:/opt/ros/jazzy/opt/rviz_ogre_vendor/lib:/opt/ros/jazzy/lib/x86_64-linux-gnu:/opt/ros/jazzy/opt/gz_math_vendor/lib:/opt/ros/jazzy/opt/gz_utils_vendor/lib:/opt/ros/jazzy/opt/gz_tools_vendor/lib:/opt/ros/jazzy/opt/gz_cmake_vendor/lib:/opt/ros/jazzy/lib /usr/bin/cmake --install /home/kelly/ros2_ws/build/custom_action_cpp
