-- The C compiler identification is GNU 13.3.0
-- The CXX compiler identification is GNU 13.3.0
-- Detecting C compiler ABI info
-- Detecting C compiler ABI info - done
-- Check for working C compiler: /usr/bin/cc - skipped
-- Detecting C compile features
-- Detecting C compile features - done
-- Detecting CXX compiler ABI info
-- Detecting CXX compiler ABI info - done
-- Check for working CXX compiler: /usr/bin/c++ - skipped
-- Detecting CXX compile features
-- Detecting CXX compile features - done
-- Found ament_cmake: 2.5.4 (/opt/ros/jazzy/share/ament_cmake/cmake)
-- Found Python3: /usr/bin/python3 (found version "3.12.3") found components: Interpreter 
-- Found pluginlib: 5.4.2 (/opt/ros/jazzy/share/pluginlib/cmake)
-- Found TinyXML2 via Config file: /usr/lib/x86_64-linux-gnu/cmake/tinyxml2
-- Found ament_lint_auto: 0.17.3 (/opt/ros/jazzy/share/ament_lint_auto/cmake)
-- Added test 'cppcheck' to perform static code analysis on C / C++ code
-- Configured cppcheck include dirs: $<BUILD_INTERFACE:/home/kelly/ros2_ws/src/polygon_base/include>
-- Configured cppcheck exclude dirs and/or files: 
-- Added test 'lint_cmake' to check CMake code style
-- Added test 'uncrustify' to check C / C++ code style
-- Configured uncrustify additional arguments: 
-- Added test 'xmllint' to check XML markup files
-- Configuring done (0.5s)
-- Generating done (0.0s)
-- Build files have been written to: /home/kelly/ros2_ws/build/polygon_base
[ 50%] [32mBuilding CXX object CMakeFiles/area_node.dir/src/area_node.cpp.o[0m
[100%] [32m[1mLinking CXX executable area_node[0m
[100%] Built target area_node
-- Install configuration: ""
-- Installing: /home/kelly/ros2_ws/install/polygon_base/lib/polygon_base/area_node
-- Set non-toolchain portion of runtime path of "/home/kelly/ros2_ws/install/polygon_base/lib/polygon_base/area_node" to ""
-- Installing: /home/kelly/ros2_ws/install/polygon_base/include
-- Installing: /home/kelly/ros2_ws/install/polygon_base/include/polygon_base
-- Installing: /home/kelly/ros2_ws/install/polygon_base/include/polygon_base/regular_polygon.hpp
-- Installing: /home/kelly/ros2_ws/install/polygon_base/share/ament_index/resource_index/package_run_dependencies/polygon_base
-- Installing: /home/kelly/ros2_ws/install/polygon_base/share/ament_index/resource_index/parent_prefix_path/polygon_base
-- Installing: /home/kelly/ros2_ws/install/polygon_base/share/polygon_base/environment/ament_prefix_path.sh
-- Installing: /home/kelly/ros2_ws/install/polygon_base/share/polygon_base/environment/ament_prefix_path.dsv
-- Installing: /home/kelly/ros2_ws/install/polygon_base/share/polygon_base/environment/path.sh
-- Installing: /home/kelly/ros2_ws/install/polygon_base/share/polygon_base/environment/path.dsv
-- Installing: /home/kelly/ros2_ws/install/polygon_base/share/polygon_base/local_setup.bash
-- Installing: /home/kelly/ros2_ws/install/polygon_base/share/polygon_base/local_setup.sh
-- Installing: /home/kelly/ros2_ws/install/polygon_base/share/polygon_base/local_setup.zsh
-- Installing: /home/kelly/ros2_ws/install/polygon_base/share/polygon_base/local_setup.dsv
-- Installing: /home/kelly/ros2_ws/install/polygon_base/share/polygon_base/package.dsv
-- Installing: /home/kelly/ros2_ws/install/polygon_base/share/ament_index/resource_index/packages/polygon_base
-- Installing: /home/kelly/ros2_ws/install/polygon_base/share/polygon_base/cmake/ament_cmake_export_include_directories-extras.cmake
-- Installing: /home/kelly/ros2_ws/install/polygon_base/share/polygon_base/cmake/polygon_baseConfig.cmake
-- Installing: /home/kelly/ros2_ws/install/polygon_base/share/polygon_base/cmake/polygon_baseConfig-version.cmake
-- Installing: /home/kelly/ros2_ws/install/polygon_base/share/polygon_base/package.xml
