[0.005s] Invoking command in '/home/kelly/ros2_ws/build/polygon_base': CMAKE_PREFIX_PATH=${CMAKE_PREFIX_PATH}:/home/kelly/ros2_ws/install/py_pubsub:/opt/ros/jazzy DEBUGINFOD_URLS=https://debuginfod.ubuntu.com /usr/bin/cmake /home/kelly/ros2_ws/src/polygon_base -DCMAKE_INSTALL_PREFIX=/home/kelly/ros2_ws/install/polygon_base
[0.051s] -- The C compiler identification is GNU 13.3.0
[0.105s] -- The CXX compiler identification is GNU 13.3.0
[0.115s] -- Detecting C compiler ABI info
[0.182s] -- Detecting C compiler ABI info - done
[0.188s] -- Check for working C compiler: /usr/bin/cc - skipped
[0.188s] -- Detecting C compile features
[0.188s] -- Detecting C compile features - done
[0.195s] -- Detecting CXX compiler ABI info
[0.275s] -- Detecting CXX compiler ABI info - done
[0.282s] -- Check for working CXX compiler: /usr/bin/c++ - skipped
[0.282s] -- Detecting CXX compile features
[0.282s] -- Detecting CXX compile features - done
[0.284s] -- Found ament_cmake: 2.5.4 (/opt/ros/jazzy/share/ament_cmake/cmake)
[0.373s] -- Found Python3: /usr/bin/python3 (found version "3.12.3") found components: Interpreter 
[0.439s] -- Found pluginlib: 5.4.2 (/opt/ros/jazzy/share/pluginlib/cmake)
[0.467s] -- Found TinyXML2 via Config file: /usr/lib/x86_64-linux-gnu/cmake/tinyxml2
[0.469s] -- Found ament_lint_auto: 0.17.3 (/opt/ros/jazzy/share/ament_lint_auto/cmake)
[0.532s] -- Added test 'cppcheck' to perform static code analysis on C / C++ code
[0.533s] -- Configured cppcheck include dirs: $<BUILD_INTERFACE:/home/kelly/ros2_ws/src/polygon_base/include>
[0.533s] -- Configured cppcheck exclude dirs and/or files: 
[0.533s] -- Added test 'lint_cmake' to check CMake code style
[0.533s] -- Added test 'uncrustify' to check C / C++ code style
[0.533s] -- Configured uncrustify additional arguments: 
[0.534s] -- Added test 'xmllint' to check XML markup files
[0.534s] -- Configuring done (0.5s)
[0.536s] -- Generating done (0.0s)
[0.537s] -- Build files have been written to: /home/kelly/ros2_ws/build/polygon_base
[0.541s] Invoked command in '/home/kelly/ros2_ws/build/polygon_base' returned '0': CMAKE_PREFIX_PATH=${CMAKE_PREFIX_PATH}:/home/kelly/ros2_ws/install/py_pubsub:/opt/ros/jazzy DEBUGINFOD_URLS=https://debuginfod.ubuntu.com /usr/bin/cmake /home/kelly/ros2_ws/src/polygon_base -DCMAKE_INSTALL_PREFIX=/home/kelly/ros2_ws/install/polygon_base
[0.542s] Invoking command in '/home/kelly/ros2_ws/build/polygon_base': CMAKE_PREFIX_PATH=${CMAKE_PREFIX_PATH}:/home/kelly/ros2_ws/install/py_pubsub:/opt/ros/jazzy DEBUGINFOD_URLS=https://debuginfod.ubuntu.com /usr/bin/cmake --build /home/kelly/ros2_ws/build/polygon_base -- -j32 -l32
[0.582s] [ 50%] [32mBuilding CXX object CMakeFiles/area_node.dir/src/area_node.cpp.o[0m
[1.958s] [100%] [32m[1mLinking CXX executable area_node[0m
[2.019s] [100%] Built target area_node
[2.027s] Invoked command in '/home/kelly/ros2_ws/build/polygon_base' returned '0': CMAKE_PREFIX_PATH=${CMAKE_PREFIX_PATH}:/home/kelly/ros2_ws/install/py_pubsub:/opt/ros/jazzy DEBUGINFOD_URLS=https://debuginfod.ubuntu.com /usr/bin/cmake --build /home/kelly/ros2_ws/build/polygon_base -- -j32 -l32
[2.032s] Invoking command in '/home/kelly/ros2_ws/build/polygon_base': CMAKE_PREFIX_PATH=${CMAKE_PREFIX_PATH}:/home/kelly/ros2_ws/install/py_pubsub:/opt/ros/jazzy DEBUGINFOD_URLS=https://debuginfod.ubuntu.com /usr/bin/cmake --install /home/kelly/ros2_ws/build/polygon_base
[2.038s] -- Install configuration: ""
[2.038s] -- Installing: /home/kelly/ros2_ws/install/polygon_base/lib/polygon_base/area_node
[2.039s] -- Set non-toolchain portion of runtime path of "/home/kelly/ros2_ws/install/polygon_base/lib/polygon_base/area_node" to ""
[2.039s] -- Installing: /home/kelly/ros2_ws/install/polygon_base/include
[2.039s] -- Installing: /home/kelly/ros2_ws/install/polygon_base/include/polygon_base
[2.039s] -- Installing: /home/kelly/ros2_ws/install/polygon_base/include/polygon_base/regular_polygon.hpp
[2.039s] -- Installing: /home/kelly/ros2_ws/install/polygon_base/share/ament_index/resource_index/package_run_dependencies/polygon_base
[2.039s] -- Installing: /home/kelly/ros2_ws/install/polygon_base/share/ament_index/resource_index/parent_prefix_path/polygon_base
[2.040s] -- Installing: /home/kelly/ros2_ws/install/polygon_base/share/polygon_base/environment/ament_prefix_path.sh
[2.040s] -- Installing: /home/kelly/ros2_ws/install/polygon_base/share/polygon_base/environment/ament_prefix_path.dsv
[2.040s] -- Installing: /home/kelly/ros2_ws/install/polygon_base/share/polygon_base/environment/path.sh
[2.040s] -- Installing: /home/kelly/ros2_ws/install/polygon_base/share/polygon_base/environment/path.dsv
[2.040s] -- Installing: /home/kelly/ros2_ws/install/polygon_base/share/polygon_base/local_setup.bash
[2.040s] -- Installing: /home/kelly/ros2_ws/install/polygon_base/share/polygon_base/local_setup.sh
[2.040s] -- Installing: /home/kelly/ros2_ws/install/polygon_base/share/polygon_base/local_setup.zsh
[2.040s] -- Installing: /home/kelly/ros2_ws/install/polygon_base/share/polygon_base/local_setup.dsv
[2.040s] -- Installing: /home/kelly/ros2_ws/install/polygon_base/share/polygon_base/package.dsv
[2.040s] -- Installing: /home/kelly/ros2_ws/install/polygon_base/share/ament_index/resource_index/packages/polygon_base
[2.040s] -- Installing: /home/kelly/ros2_ws/install/polygon_base/share/polygon_base/cmake/ament_cmake_export_include_directories-extras.cmake
[2.040s] -- Installing: /home/kelly/ros2_ws/install/polygon_base/share/polygon_base/cmake/polygon_baseConfig.cmake
[2.041s] -- Installing: /home/kelly/ros2_ws/install/polygon_base/share/polygon_base/cmake/polygon_baseConfig-version.cmake
[2.041s] -- Installing: /home/kelly/ros2_ws/install/polygon_base/share/polygon_base/package.xml
[2.042s] Invoked command in '/home/kelly/ros2_ws/build/polygon_base' returned '0': CMAKE_PREFIX_PATH=${CMAKE_PREFIX_PATH}:/home/kelly/ros2_ws/install/py_pubsub:/opt/ros/jazzy DEBUGINFOD_URLS=https://debuginfod.ubuntu.com /usr/bin/cmake --install /home/kelly/ros2_ws/build/polygon_base
