[0.156s] Invoking command in '/home/kelly/ros2_ws/build/urdf_tutorial_cpp': CMAKE_PREFIX_PATH=${CMAKE_PREFIX_PATH}:/opt/ros/jazzy DEBUGINFOD_URLS=https://debuginfod.ubuntu.com /usr/bin/cmake /home/kelly/ros2_ws/src/urdf_tutorial_cpp -DCMAKE_INSTALL_PREFIX=/home/kelly/ros2_ws/install/urdf_tutorial_cpp
[0.166s] -- Found ament_cmake: 2.5.4 (/opt/ros/jazzy/share/ament_cmake/cmake)
[0.288s] -- Override CMake install command with custom implementation using symlinks instead of copying resources
[0.298s] -- Found geometry_msgs: 5.3.6 (/opt/ros/jazzy/share/geometry_msgs/cmake)
[0.316s] -- Found rosidl_generator_c: 4.6.6 (/opt/ros/jazzy/share/rosidl_generator_c/cmake)
[0.322s] -- Found rosidl_generator_cpp: 4.6.6 (/opt/ros/jazzy/share/rosidl_generator_cpp/cmake)
[0.331s] -- Using all available rosidl_typesupport_c: rosidl_typesupport_fastrtps_c;rosidl_typesupport_introspection_c
[0.343s] -- Using all available rosidl_typesupport_cpp: rosidl_typesupport_fastrtps_cpp;rosidl_typesupport_introspection_cpp
[0.372s] -- Found sensor_msgs: 5.3.6 (/opt/ros/jazzy/share/sensor_msgs/cmake)
[0.394s] -- Found tf2_ros: 0.36.14 (/opt/ros/jazzy/share/tf2_ros/cmake)
[0.438s] -- Found rmw_implementation_cmake: 7.3.2 (/opt/ros/jazzy/share/rmw_implementation_cmake/cmake)
[0.439s] -- Found rmw_fastrtps_cpp: 8.4.3 (/opt/ros/jazzy/share/rmw_fastrtps_cpp/cmake)
[0.481s] -- Using RMW implementation 'rmw_fastrtps_cpp' as default
[0.570s] -- Found tf2_geometry_msgs: 0.36.14 (/opt/ros/jazzy/share/tf2_geometry_msgs/cmake)
[0.573s] -- Found eigen3_cmake_module: 0.3.0 (/opt/ros/jazzy/share/eigen3_cmake_module/cmake)
[0.574s] -- Ensuring Eigen3 include directory is part of orocos-kdl CMake target
[0.575s] -- Found ament_cmake_ros: 0.12.0 (/opt/ros/jazzy/share/ament_cmake_ros/cmake)
[0.579s] -- Found pluginlib: 5.4.2 (/opt/ros/jazzy/share/pluginlib/cmake)
[0.581s] -- Found rviz_common: 14.1.13 (/opt/ros/jazzy/share/rviz_common/cmake)
[0.594s] -- Setting OGRE_DIR to: '/opt/ros/jazzy/share/rviz_ogre_vendor/cmake/../../../opt/rviz_ogre_vendor/lib/OGRE/cmake'
[0.595s] -- Found OGRE
[0.595s] --   static     : OFF
[0.595s] --   components : MeshLodGenerator;Overlay;Paging;Property;RTShaderSystem;Terrain;Volume
[0.595s] --   plugins    : Plugin_BSPSceneManager;Plugin_OctreeSceneManager;Plugin_PCZSceneManager;Plugin_ParticleFX;RenderSystem_GL;RenderSystem_GL3Plus;Codec_STBI
[0.595s] --   media      : /opt/ros/jazzy/opt/rviz_ogre_vendor/share/OGRE/Media
[0.595s] -- OGRE_LIBRARIES: OgreMeshLodGenerator;OgreOverlay;OgrePaging;OgreProperty;OgreRTShaderSystem;OgreTerrain;OgreVolume;OgreMain
[0.595s] -- OGRE_LIBRARY_DIRS: /opt/ros/jazzy/opt/rviz_ogre_vendor/lib
[0.595s] -- OGRE_PLUGINS: Plugin_BSPSceneManager;Plugin_OctreeSceneManager;Plugin_PCZSceneManager;Plugin_ParticleFX;RenderSystem_GL;RenderSystem_GL3Plus;Codec_STBI
[0.595s] -- OGRE_PLUGIN_DIR: /opt/ros/jazzy/opt/rviz_ogre_vendor/lib/OGRE
[0.595s] -- rviz_ogre_vendor::OgreOverlay for IMPORTED_LOCATION_RELEASE: /opt/ros/jazzy/opt/rviz_ogre_vendor/lib/libOgreOverlay.so
[0.595s] -- rviz_ogre_vendor::OgreOverlay for IMPORTED_LOCATION_DEBUG: /opt/ros/jazzy/opt/rviz_ogre_vendor/lib/libOgreOverlay.so
[0.595s] -- rviz_ogre_vendor::OgreMain for IMPORTED_LOCATION_RELEASE: /opt/ros/jazzy/opt/rviz_ogre_vendor/lib/libOgreMain.so
[0.595s] -- rviz_ogre_vendor::OgreMain for IMPORTED_LOCATION_DEBUG: /opt/ros/jazzy/opt/rviz_ogre_vendor/lib/libOgreMain.so
[0.667s] -- Setting yaml-cpp_DIR to: '/opt/ros/jazzy/share/yaml_cpp_vendor/cmake/../../../opt/yaml_cpp_vendor/share/cmake/yaml-cpp'
[0.676s] [31mCMake Error at CMakeLists.txt:19 (find_package):
[0.676s]   By not providing "Findrviz_plugin_tutorial_msgs.cmake" in CMAKE_MODULE_PATH
[0.676s]   this project has asked CMake to find a package configuration file provided
[0.676s]   by "rviz_plugin_tutorial_msgs", but CMake did not find one.
[0.676s] 
[0.676s]   Could not find a package configuration file provided by
[0.676s]   "rviz_plugin_tutorial_msgs" with any of the following names:
[0.677s] 
[0.677s]     rviz_plugin_tutorial_msgsConfig.cmake
[0.677s]     rviz_plugin_tutorial_msgs-config.cmake
[0.677s] 
[0.677s]   Add the installation prefix of "rviz_plugin_tutorial_msgs" to
[0.677s]   CMAKE_PREFIX_PATH or set "rviz_plugin_tutorial_msgs_DIR" to a directory
[0.677s]   containing one of the above files.  If "rviz_plugin_tutorial_msgs" provides
[0.677s]   a separate development package or SDK, be sure it has been installed.
[0.677s] 
[0.677s] [0m
[0.677s] -- Configuring incomplete, errors occurred!
[0.682s] Invoked command in '/home/kelly/ros2_ws/build/urdf_tutorial_cpp' returned '1': CMAKE_PREFIX_PATH=${CMAKE_PREFIX_PATH}:/opt/ros/jazzy DEBUGINFOD_URLS=https://debuginfod.ubuntu.com /usr/bin/cmake /home/kelly/ros2_ws/src/urdf_tutorial_cpp -DCMAKE_INSTALL_PREFIX=/home/kelly/ros2_ws/install/urdf_tutorial_cpp
