[0.005s] Invoking command in '/home/kelly/ros2_ws/build/polygon_plugins': AMENT_PREFIX_PATH=/home/kelly/ros2_ws/install/polygon_base:${AMENT_PREFIX_PATH} CMAKE_PREFIX_PATH=/home/kelly/ros2_ws/install/polygon_base:/home/kelly/ros2_ws/install/tutorial_interfaces:/home/kelly/ros2_ws/install/more_interfaces:/home/kelly/ros2_ws/install/cpp_parameters:/home/kelly/ros2_ws/install/cpp_srvcli:/home/kelly/ros2_ws/install/turtlesim:/home/kelly/ros2_ws/install/my_package:/home/kelly/ros2_ws/install/cpp_pubsub:/opt/ros/jazzy/opt/sdformat_vendor:/opt/ros/jazzy/opt/gz_math_vendor:/opt/ros/jazzy/opt/gz_utils_vendor:/opt/ros/jazzy/opt/gz_tools_vendor:/opt/ros/jazzy/opt/gz_cmake_vendor:/home/kelly/ros2_ws/install/py_pubsub:/opt/ros/jazzy DEBUGINFOD_URLS=https://debuginfod.ubuntu.com /usr/bin/cmake --build /home/kelly/ros2_ws/build/polygon_plugins -- -j32 -l32
[0.040s] [ 50%] [32mBuilding CXX object CMakeFiles/polygon_plugins.dir/src/polygon_plugins.cpp.o[0m
[0.410s] [100%] [32m[1mLinking CXX shared library libpolygon_plugins.so[0m
[0.454s] [100%] Built target polygon_plugins
[0.462s] Invoked command in '/home/kelly/ros2_ws/build/polygon_plugins' returned '0': AMENT_PREFIX_PATH=/home/kelly/ros2_ws/install/polygon_base:${AMENT_PREFIX_PATH} CMAKE_PREFIX_PATH=/home/kelly/ros2_ws/install/polygon_base:/home/kelly/ros2_ws/install/tutorial_interfaces:/home/kelly/ros2_ws/install/more_interfaces:/home/kelly/ros2_ws/install/cpp_parameters:/home/kelly/ros2_ws/install/cpp_srvcli:/home/kelly/ros2_ws/install/turtlesim:/home/kelly/ros2_ws/install/my_package:/home/kelly/ros2_ws/install/cpp_pubsub:/opt/ros/jazzy/opt/sdformat_vendor:/opt/ros/jazzy/opt/gz_math_vendor:/opt/ros/jazzy/opt/gz_utils_vendor:/opt/ros/jazzy/opt/gz_tools_vendor:/opt/ros/jazzy/opt/gz_cmake_vendor:/home/kelly/ros2_ws/install/py_pubsub:/opt/ros/jazzy DEBUGINFOD_URLS=https://debuginfod.ubuntu.com /usr/bin/cmake --build /home/kelly/ros2_ws/build/polygon_plugins -- -j32 -l32
[0.463s] Invoking command in '/home/kelly/ros2_ws/build/polygon_plugins': AMENT_PREFIX_PATH=/home/kelly/ros2_ws/install/polygon_base:${AMENT_PREFIX_PATH} CMAKE_PREFIX_PATH=/home/kelly/ros2_ws/install/polygon_base:/home/kelly/ros2_ws/install/tutorial_interfaces:/home/kelly/ros2_ws/install/more_interfaces:/home/kelly/ros2_ws/install/cpp_parameters:/home/kelly/ros2_ws/install/cpp_srvcli:/home/kelly/ros2_ws/install/turtlesim:/home/kelly/ros2_ws/install/my_package:/home/kelly/ros2_ws/install/cpp_pubsub:/opt/ros/jazzy/opt/sdformat_vendor:/opt/ros/jazzy/opt/gz_math_vendor:/opt/ros/jazzy/opt/gz_utils_vendor:/opt/ros/jazzy/opt/gz_tools_vendor:/opt/ros/jazzy/opt/gz_cmake_vendor:/home/kelly/ros2_ws/install/py_pubsub:/opt/ros/jazzy DEBUGINFOD_URLS=https://debuginfod.ubuntu.com /usr/bin/cmake --install /home/kelly/ros2_ws/build/polygon_plugins
[0.468s] -- Install configuration: ""
[0.468s] -- Installing: /home/kelly/ros2_ws/install/polygon_plugins/share/polygon_plugins/plugins.xml
[0.468s] -- Installing: /home/kelly/ros2_ws/install/polygon_plugins/include/polygon_plugins
[0.468s] -- Installing: /home/kelly/ros2_ws/install/polygon_plugins/include/polygon_plugins/polygon_plugins
[0.468s] -- Installing: /home/kelly/ros2_ws/install/polygon_plugins/include/polygon_plugins/polygon_plugins/polygon_plugins.hpp
[0.468s] -- Installing: /home/kelly/ros2_ws/install/polygon_plugins/include/polygon_plugins/polygon_plugins/visibility_control.h
[0.468s] -- Installing: /home/kelly/ros2_ws/install/polygon_plugins/lib/libpolygon_plugins.so
[0.468s] -- Set non-toolchain portion of runtime path of "/home/kelly/ros2_ws/install/polygon_plugins/lib/libpolygon_plugins.so" to ""
[0.468s] -- Installing: /home/kelly/ros2_ws/install/polygon_plugins/share/polygon_plugins/environment/library_path.sh
[0.468s] -- Installing: /home/kelly/ros2_ws/install/polygon_plugins/share/polygon_plugins/environment/library_path.dsv
[0.468s] -- Installing: /home/kelly/ros2_ws/install/polygon_plugins/share/ament_index/resource_index/package_run_dependencies/polygon_plugins
[0.468s] -- Installing: /home/kelly/ros2_ws/install/polygon_plugins/share/ament_index/resource_index/parent_prefix_path/polygon_plugins
[0.468s] -- Installing: /home/kelly/ros2_ws/install/polygon_plugins/share/polygon_plugins/environment/ament_prefix_path.sh
[0.468s] -- Installing: /home/kelly/ros2_ws/install/polygon_plugins/share/polygon_plugins/environment/ament_prefix_path.dsv
[0.468s] -- Installing: /home/kelly/ros2_ws/install/polygon_plugins/share/polygon_plugins/environment/path.sh
[0.468s] -- Installing: /home/kelly/ros2_ws/install/polygon_plugins/share/polygon_plugins/environment/path.dsv
[0.468s] -- Installing: /home/kelly/ros2_ws/install/polygon_plugins/share/polygon_plugins/local_setup.bash
[0.468s] -- Installing: /home/kelly/ros2_ws/install/polygon_plugins/share/polygon_plugins/local_setup.sh
[0.468s] -- Installing: /home/kelly/ros2_ws/install/polygon_plugins/share/polygon_plugins/local_setup.zsh
[0.468s] -- Installing: /home/kelly/ros2_ws/install/polygon_plugins/share/polygon_plugins/local_setup.dsv
[0.468s] -- Up-to-date: /home/kelly/ros2_ws/install/polygon_plugins/share/polygon_plugins/package.dsv
[0.468s] -- Installing: /home/kelly/ros2_ws/install/polygon_plugins/share/ament_index/resource_index/packages/polygon_plugins
[0.469s] -- Installing: /home/kelly/ros2_ws/install/polygon_plugins/share/ament_index/resource_index/polygon_base__pluginlib__plugin/polygon_plugins
[0.469s] -- Installing: /home/kelly/ros2_ws/install/polygon_plugins/share/polygon_plugins/cmake/export_polygon_pluginsExport.cmake
[0.469s] -- Installing: /home/kelly/ros2_ws/install/polygon_plugins/share/polygon_plugins/cmake/export_polygon_pluginsExport-noconfig.cmake
[0.469s] -- Installing: /home/kelly/ros2_ws/install/polygon_plugins/share/polygon_plugins/cmake/ament_cmake_export_include_directories-extras.cmake
[0.469s] -- Installing: /home/kelly/ros2_ws/install/polygon_plugins/share/polygon_plugins/cmake/ament_cmake_export_libraries-extras.cmake
[0.469s] -- Installing: /home/kelly/ros2_ws/install/polygon_plugins/share/polygon_plugins/cmake/ament_cmake_export_targets-extras.cmake
[0.469s] -- Installing: /home/kelly/ros2_ws/install/polygon_plugins/share/polygon_plugins/cmake/polygon_pluginsConfig.cmake
[0.469s] -- Installing: /home/kelly/ros2_ws/install/polygon_plugins/share/polygon_plugins/cmake/polygon_pluginsConfig-version.cmake
[0.469s] -- Installing: /home/kelly/ros2_ws/install/polygon_plugins/share/polygon_plugins/package.xml
[0.470s] Invoked command in '/home/kelly/ros2_ws/build/polygon_plugins' returned '0': AMENT_PREFIX_PATH=/home/kelly/ros2_ws/install/polygon_base:${AMENT_PREFIX_PATH} CMAKE_PREFIX_PATH=/home/kelly/ros2_ws/install/polygon_base:/home/kelly/ros2_ws/install/tutorial_interfaces:/home/kelly/ros2_ws/install/more_interfaces:/home/kelly/ros2_ws/install/cpp_parameters:/home/kelly/ros2_ws/install/cpp_srvcli:/home/kelly/ros2_ws/install/turtlesim:/home/kelly/ros2_ws/install/my_package:/home/kelly/ros2_ws/install/cpp_pubsub:/opt/ros/jazzy/opt/sdformat_vendor:/opt/ros/jazzy/opt/gz_math_vendor:/opt/ros/jazzy/opt/gz_utils_vendor:/opt/ros/jazzy/opt/gz_tools_vendor:/opt/ros/jazzy/opt/gz_cmake_vendor:/home/kelly/ros2_ws/install/py_pubsub:/opt/ros/jazzy DEBUGINFOD_URLS=https://debuginfod.ubuntu.com /usr/bin/cmake --install /home/kelly/ros2_ws/build/polygon_plugins
