[0.006s] Invoking command in '/home/kelly/ros2_ws/build/cpp_srvcli': AMENT_PREFIX_PATH=/home/kelly/ros2_ws/install/tutorial_interfaces:${AMENT_PREFIX_PATH} CMAKE_PREFIX_PATH=/home/kelly/ros2_ws/install/tutorial_interfaces:/opt/ros/jazzy/opt/sdformat_vendor:/opt/ros/jazzy/opt/gz_math_vendor:/opt/ros/jazzy/opt/gz_utils_vendor:/opt/ros/jazzy/opt/gz_tools_vendor:/opt/ros/jazzy/opt/gz_cmake_vendor:/opt/ros/jazzy DEBUGINFOD_URLS=https://debuginfod.ubuntu.com LD_LIBRARY_PATH=/home/kelly/ros2_ws/install/tutorial_interfaces/lib:${LD_LIBRARY_PATH} PYTHONPATH=/home/kelly/ros2_ws/install/tutorial_interfaces/lib/python3.12/site-packages:${PYTHONPATH} /usr/bin/cmake --build /home/kelly/ros2_ws/build/cpp_srvcli -- -j32 -l32
[0.040s] [ 50%] Built target server
[0.042s] [100%] Built target client
[0.048s] Invoked command in '/home/kelly/ros2_ws/build/cpp_srvcli' returned '0': AMENT_PREFIX_PATH=/home/kelly/ros2_ws/install/tutorial_interfaces:${AMENT_PREFIX_PATH} CMAKE_PREFIX_PATH=/home/kelly/ros2_ws/install/tutorial_interfaces:/opt/ros/jazzy/opt/sdformat_vendor:/opt/ros/jazzy/opt/gz_math_vendor:/opt/ros/jazzy/opt/gz_utils_vendor:/opt/ros/jazzy/opt/gz_tools_vendor:/opt/ros/jazzy/opt/gz_cmake_vendor:/opt/ros/jazzy DEBUGINFOD_URLS=https://debuginfod.ubuntu.com LD_LIBRARY_PATH=/home/kelly/ros2_ws/install/tutorial_interfaces/lib:${LD_LIBRARY_PATH} PYTHONPATH=/home/kelly/ros2_ws/install/tutorial_interfaces/lib/python3.12/site-packages:${PYTHONPATH} /usr/bin/cmake --build /home/kelly/ros2_ws/build/cpp_srvcli -- -j32 -l32
[0.049s] Invoking command in '/home/kelly/ros2_ws/build/cpp_srvcli': AMENT_PREFIX_PATH=/home/kelly/ros2_ws/install/tutorial_interfaces:${AMENT_PREFIX_PATH} CMAKE_PREFIX_PATH=/home/kelly/ros2_ws/install/tutorial_interfaces:/opt/ros/jazzy/opt/sdformat_vendor:/opt/ros/jazzy/opt/gz_math_vendor:/opt/ros/jazzy/opt/gz_utils_vendor:/opt/ros/jazzy/opt/gz_tools_vendor:/opt/ros/jazzy/opt/gz_cmake_vendor:/opt/ros/jazzy DEBUGINFOD_URLS=https://debuginfod.ubuntu.com LD_LIBRARY_PATH=/home/kelly/ros2_ws/install/tutorial_interfaces/lib:${LD_LIBRARY_PATH} PYTHONPATH=/home/kelly/ros2_ws/install/tutorial_interfaces/lib/python3.12/site-packages:${PYTHONPATH} /usr/bin/cmake --install /home/kelly/ros2_ws/build/cpp_srvcli
[0.053s] -- Install configuration: ""
[0.054s] -- Up-to-date: /home/kelly/ros2_ws/install/cpp_srvcli/lib/cpp_srvcli/server
[0.054s] -- Up-to-date: /home/kelly/ros2_ws/install/cpp_srvcli/lib/cpp_srvcli/client
[0.055s] -- Up-to-date: /home/kelly/ros2_ws/install/cpp_srvcli/share/ament_index/resource_index/package_run_dependencies/cpp_srvcli
[0.055s] -- Up-to-date: /home/kelly/ros2_ws/install/cpp_srvcli/share/ament_index/resource_index/parent_prefix_path/cpp_srvcli
[0.055s] -- Up-to-date: /home/kelly/ros2_ws/install/cpp_srvcli/share/cpp_srvcli/environment/ament_prefix_path.sh
[0.055s] -- Up-to-date: /home/kelly/ros2_ws/install/cpp_srvcli/share/cpp_srvcli/environment/ament_prefix_path.dsv
[0.055s] -- Up-to-date: /home/kelly/ros2_ws/install/cpp_srvcli/share/cpp_srvcli/environment/path.sh
[0.055s] -- Up-to-date: /home/kelly/ros2_ws/install/cpp_srvcli/share/cpp_srvcli/environment/path.dsv
[0.055s] -- Up-to-date: /home/kelly/ros2_ws/install/cpp_srvcli/share/cpp_srvcli/local_setup.bash
[0.055s] -- Up-to-date: /home/kelly/ros2_ws/install/cpp_srvcli/share/cpp_srvcli/local_setup.sh
[0.055s] -- Up-to-date: /home/kelly/ros2_ws/install/cpp_srvcli/share/cpp_srvcli/local_setup.zsh
[0.055s] -- Up-to-date: /home/kelly/ros2_ws/install/cpp_srvcli/share/cpp_srvcli/local_setup.dsv
[0.055s] -- Installing: /home/kelly/ros2_ws/install/cpp_srvcli/share/cpp_srvcli/package.dsv
[0.055s] -- Up-to-date: /home/kelly/ros2_ws/install/cpp_srvcli/share/ament_index/resource_index/packages/cpp_srvcli
[0.055s] -- Up-to-date: /home/kelly/ros2_ws/install/cpp_srvcli/share/cpp_srvcli/cmake/cpp_srvcliConfig.cmake
[0.055s] -- Up-to-date: /home/kelly/ros2_ws/install/cpp_srvcli/share/cpp_srvcli/cmake/cpp_srvcliConfig-version.cmake
[0.055s] -- Up-to-date: /home/kelly/ros2_ws/install/cpp_srvcli/share/cpp_srvcli/package.xml
[0.056s] Invoked command in '/home/kelly/ros2_ws/build/cpp_srvcli' returned '0': AMENT_PREFIX_PATH=/home/kelly/ros2_ws/install/tutorial_interfaces:${AMENT_PREFIX_PATH} CMAKE_PREFIX_PATH=/home/kelly/ros2_ws/install/tutorial_interfaces:/opt/ros/jazzy/opt/sdformat_vendor:/opt/ros/jazzy/opt/gz_math_vendor:/opt/ros/jazzy/opt/gz_utils_vendor:/opt/ros/jazzy/opt/gz_tools_vendor:/opt/ros/jazzy/opt/gz_cmake_vendor:/opt/ros/jazzy DEBUGINFOD_URLS=https://debuginfod.ubuntu.com LD_LIBRARY_PATH=/home/kelly/ros2_ws/install/tutorial_interfaces/lib:${LD_LIBRARY_PATH} PYTHONPATH=/home/kelly/ros2_ws/install/tutorial_interfaces/lib/python3.12/site-packages:${PYTHONPATH} /usr/bin/cmake --install /home/kelly/ros2_ws/build/cpp_srvcli
