[0.005s] Invoking command in '/home/kelly/launch_ws/build/launch_tutorial': CMAKE_PREFIX_PATH=${CMAKE_PREFIX_PATH}:/opt/ros/jazzy DEBUGINFOD_URLS=https://debuginfod.ubuntu.com /usr/bin/cmake --build /home/kelly/launch_ws/build/launch_tutorial -- -j32 -l32
[0.034s] Invoked command in '/home/kelly/launch_ws/build/launch_tutorial' returned '0': CMAKE_PREFIX_PATH=${CMAKE_PREFIX_PATH}:/opt/ros/jazzy DEBUGINFOD_URLS=https://debuginfod.ubuntu.com /usr/bin/cmake --build /home/kelly/launch_ws/build/launch_tutorial -- -j32 -l32
[0.035s] Invoking command in '/home/kelly/launch_ws/build/launch_tutorial': CMAKE_PREFIX_PATH=${CMAKE_PREFIX_PATH}:/opt/ros/jazzy DEBUGINFOD_URLS=https://debuginfod.ubuntu.com /usr/bin/cmake --install /home/kelly/launch_ws/build/launch_tutorial
[0.039s] -- Install configuration: ""
[0.039s] -- Up-to-date: /home/kelly/launch_ws/install/launch_tutorial/share/launch_tutorial//launch
[0.039s] -- Installing: /home/kelly/launch_ws/install/launch_tutorial/share/launch_tutorial//launch/example_substitutions_launch.yaml
[0.039s] -- Up-to-date: /home/kelly/launch_ws/install/launch_tutorial/share/launch_tutorial//launch/example_main_launch.yaml
[0.039s] -- Up-to-date: /home/kelly/launch_ws/install/launch_tutorial/share/ament_index/resource_index/package_run_dependencies/launch_tutorial
[0.039s] -- Up-to-date: /home/kelly/launch_ws/install/launch_tutorial/share/ament_index/resource_index/parent_prefix_path/launch_tutorial
[0.039s] -- Up-to-date: /home/kelly/launch_ws/install/launch_tutorial/share/launch_tutorial/environment/ament_prefix_path.sh
[0.039s] -- Up-to-date: /home/kelly/launch_ws/install/launch_tutorial/share/launch_tutorial/environment/ament_prefix_path.dsv
[0.039s] -- Up-to-date: /home/kelly/launch_ws/install/launch_tutorial/share/launch_tutorial/environment/path.sh
[0.039s] -- Up-to-date: /home/kelly/launch_ws/install/launch_tutorial/share/launch_tutorial/environment/path.dsv
[0.039s] -- Up-to-date: /home/kelly/launch_ws/install/launch_tutorial/share/launch_tutorial/local_setup.bash
[0.039s] -- Up-to-date: /home/kelly/launch_ws/install/launch_tutorial/share/launch_tutorial/local_setup.sh
[0.040s] -- Up-to-date: /home/kelly/launch_ws/install/launch_tutorial/share/launch_tutorial/local_setup.zsh
[0.040s] -- Up-to-date: /home/kelly/launch_ws/install/launch_tutorial/share/launch_tutorial/local_setup.dsv
[0.040s] -- Up-to-date: /home/kelly/launch_ws/install/launch_tutorial/share/launch_tutorial/package.dsv
[0.040s] -- Up-to-date: /home/kelly/launch_ws/install/launch_tutorial/share/ament_index/resource_index/packages/launch_tutorial
[0.040s] -- Up-to-date: /home/kelly/launch_ws/install/launch_tutorial/share/launch_tutorial/cmake/launch_tutorialConfig.cmake
[0.040s] -- Up-to-date: /home/kelly/launch_ws/install/launch_tutorial/share/launch_tutorial/cmake/launch_tutorialConfig-version.cmake
[0.040s] -- Up-to-date: /home/kelly/launch_ws/install/launch_tutorial/share/launch_tutorial/package.xml
[0.041s] Invoked command in '/home/kelly/launch_ws/build/launch_tutorial' returned '0': CMAKE_PREFIX_PATH=${CMAKE_PREFIX_PATH}:/opt/ros/jazzy DEBUGINFOD_URLS=https://debuginfod.ubuntu.com /usr/bin/cmake --install /home/kelly/launch_ws/build/launch_tutorial
