-- The C compiler identification is GNU 13.3.0
-- The CXX compiler identification is GNU 13.3.0
-- Detecting C compiler ABI info
-- Detecting C compiler ABI info - done
-- Check for working C compiler: /usr/bin/cc - skipped
-- Detecting C compile features
-- Detecting C compile features - done
-- Detecting CXX compiler ABI info
-- Detecting CXX compiler ABI info - done
-- Check for working CXX compiler: /usr/bin/c++ - skipped
-- Detecting CXX compile features
-- Detecting CXX compile features - done
-- Found ament_cmake: 2.5.4 (/opt/ros/jazzy/share/ament_cmake/cmake)
-- Found Python3: /usr/bin/python3 (found version "3.12.3") found components: Interpreter 
-- Found custom_action_interfaces: 0.0.0 (/home/kelly/ros2_ws/install/custom_action_interfaces/share/custom_action_interfaces/cmake)
-- Found rosidl_generator_c: 4.6.6 (/opt/ros/jazzy/share/rosidl_generator_c/cmake)
-- Found rosidl_generator_cpp: 4.6.6 (/opt/ros/jazzy/share/rosidl_generator_cpp/cmake)
-- Using all available rosidl_typesupport_c: rosidl_typesupport_fastrtps_c;rosidl_typesupport_introspection_c
-- Using all available rosidl_typesupport_cpp: rosidl_typesupport_fastrtps_cpp;rosidl_typesupport_introspection_cpp
-- Found rclcpp: 28.1.11 (/opt/ros/jazzy/share/rclcpp/cmake)
-- Found rmw_implementation_cmake: 7.3.2 (/opt/ros/jazzy/share/rmw_implementation_cmake/cmake)
-- Found rmw_fastrtps_cpp: 8.4.3 (/opt/ros/jazzy/share/rmw_fastrtps_cpp/cmake)
-- Found OpenSSL: /usr/lib/x86_64-linux-gnu/libcrypto.so (found version "3.0.13")  
-- Found FastRTPS: /opt/ros/jazzy/include (Required is at least version "2.13") 
-- Using RMW implementation 'rmw_fastrtps_cpp' as default
-- Found rclcpp_action: 28.1.11 (/opt/ros/jazzy/share/rclcpp_action/cmake)
-- Found rclcpp_components: 28.1.11 (/opt/ros/jazzy/share/rclcpp_components/cmake)
-- Found ament_lint_auto: 0.17.3 (/opt/ros/jazzy/share/ament_lint_auto/cmake)
-- Added test 'cppcheck' to perform static code analysis on C / C++ code
-- Configured cppcheck include dirs: $<BUILD_INTERFACE:/home/kelly/ros2_ws/src/custom_action_cpp/include>
-- Configured cppcheck exclude dirs and/or files: 
-- Added test 'lint_cmake' to check CMake code style
-- Added test 'uncrustify' to check C / C++ code style
-- Configured uncrustify additional arguments: 
-- Added test 'xmllint' to check XML markup files
-- Configuring done (0.7s)
-- Generating done (0.0s)
-- Build files have been written to: /home/kelly/ros2_ws/build/custom_action_cpp
[ 25%] [32mBuilding CXX object CMakeFiles/action_server.dir/src/fibonacci_action_server.cpp.o[0m
[ 50%] [32mBuilding CXX object CMakeFiles/fibonacci_action_server.dir/rclcpp_components/node_main_fibonacci_action_server.cpp.o[0m
[ 75%] [32m[1mLinking CXX executable fibonacci_action_server[0m
[ 75%] Built target fibonacci_action_server
[100%] [32m[1mLinking CXX shared library libaction_server.so[0m
[100%] Built target action_server
-- Install configuration: ""
-- Installing: /home/kelly/ros2_ws/install/custom_action_cpp/lib/custom_action_cpp/fibonacci_action_server
-- Set non-toolchain portion of runtime path of "/home/kelly/ros2_ws/install/custom_action_cpp/lib/custom_action_cpp/fibonacci_action_server" to ""
-- Installing: /home/kelly/ros2_ws/install/custom_action_cpp/lib/libaction_server.so
-- Set non-toolchain portion of runtime path of "/home/kelly/ros2_ws/install/custom_action_cpp/lib/libaction_server.so" to ""
-- Installing: /home/kelly/ros2_ws/install/custom_action_cpp/share/ament_index/resource_index/package_run_dependencies/custom_action_cpp
-- Installing: /home/kelly/ros2_ws/install/custom_action_cpp/share/ament_index/resource_index/parent_prefix_path/custom_action_cpp
-- Installing: /home/kelly/ros2_ws/install/custom_action_cpp/share/custom_action_cpp/environment/ament_prefix_path.sh
-- Installing: /home/kelly/ros2_ws/install/custom_action_cpp/share/custom_action_cpp/environment/ament_prefix_path.dsv
-- Installing: /home/kelly/ros2_ws/install/custom_action_cpp/share/custom_action_cpp/environment/path.sh
-- Installing: /home/kelly/ros2_ws/install/custom_action_cpp/share/custom_action_cpp/environment/path.dsv
-- Installing: /home/kelly/ros2_ws/install/custom_action_cpp/share/custom_action_cpp/local_setup.bash
-- Installing: /home/kelly/ros2_ws/install/custom_action_cpp/share/custom_action_cpp/local_setup.sh
-- Installing: /home/kelly/ros2_ws/install/custom_action_cpp/share/custom_action_cpp/local_setup.zsh
-- Installing: /home/kelly/ros2_ws/install/custom_action_cpp/share/custom_action_cpp/local_setup.dsv
-- Installing: /home/kelly/ros2_ws/install/custom_action_cpp/share/custom_action_cpp/package.dsv
-- Installing: /home/kelly/ros2_ws/install/custom_action_cpp/share/ament_index/resource_index/packages/custom_action_cpp
-- Installing: /home/kelly/ros2_ws/install/custom_action_cpp/share/ament_index/resource_index/rclcpp_components/custom_action_cpp
-- Installing: /home/kelly/ros2_ws/install/custom_action_cpp/share/custom_action_cpp/cmake/custom_action_cppConfig.cmake
-- Installing: /home/kelly/ros2_ws/install/custom_action_cpp/share/custom_action_cpp/cmake/custom_action_cppConfig-version.cmake
-- Installing: /home/kelly/ros2_ws/install/custom_action_cpp/share/custom_action_cpp/package.xml
